Connect MD5 differential paths
Copyright (C) 2009 Marc Stevens
http://homepages.cwi.nl/~stevens/

delta_m[11] = [!-16!]
Loading workdir2/paths16_0of1.bin.gz...done: 500000.
Loading workdir2/paths11_0of1.bin.gz...done: 500000.
t=12: 0%   10   20   30   40   50   60   70   80   90   100%
      |----|----|----|----|----|----|----|----|----|----|
      *Q-3:	|11000100 01110100 11001101 01110010|
Q-2:	|1+-0--00 +0000111 +-1100+- -1101110|
Q-1:	|00+-+-00 +000000+ --100011 +1100110|
Q0:	|10+1+-10 +00-+1+0 010100+- -+-10111| ok p=1
Q1:	|-.-0.+.. -.+-+.+1 +1...10+ 0-0.-.-.| ok p=0.370117
Q2:	|010.01.. -.+....- -1...-0- 1+0.+.-.| ok p=1
Q3:	|-00^.-.. +.-00.1- 00...-.+ -00.-...| ok p=1
Q4:	|-11-^+.. 0.-...0. 1.^..1.+ 11+.-.1.| ok p=1
Q5:	|1..0^0.. +.+...-1 ..+..-.. 100.+.0.| ok p=1
Q6:	|00.1+1.. 0.+...+. ..0.!+.0 1-0.1.0.| ok p=1
Q7:	|100.1-.. 0.-1..+. ..1..-.. +0..0.-.| ok p=1
Q8:	|.+1.0+.. ..00..1. ..+..-0. +1....-.| ok p=1
Q9:	|^--11+.. ..+..0-. ..+.0.1. -0......| ok p=1
Q10:	|1-010+1. 1.+.00+1 111011-. 10..1.10| ok p=1
Q11:	|0110-10^ 10+00-+0 001100-0 01000111| ok p=1
Q12:	|-+++0+++ +1+1+-.- -----1-1 0-11+00-| ok p=1
Q13:	|1+-0--+0 ++---+1+ 0--+---- +-++---0| ok p=1
Q14:	|0.1-00.0 +10001.1 1.00+0.0 1.00+11+| ok p=1
Q15:	|1110-10+ 100-00.+ +1-1+001 01+011-1| ok p=0.924805
Q16:	|..0+..0. +..-...1 ..0.-.0. ..1.1.-0| ok p=0.870117
Q17:	|..1.^.1^ ...1...0 ^.+.+.1. ..-...0.| ok p=0.856445
Q18:	|..-^..-. ^..+...1 ....-.+. ..-...1+| ok p=0.775391
Q19:	|........ ...+.0.- ..^.-... .0+....+| ok p=1
Q20:	|.0^...^. ...001.. .0..1.^. .1+..0.1| ok p=1
Q21:	|.1....0. ...11+.^ .1..1... .+0..1.0| ok p=0.629883
Q22:	|.+....1. ....-... .-...... ..0..-..| ok p=0.75
Q23:	|......-. 0....^.. ....0... .^......| ok p=0.970703
Q24:	|.^.0.... 1...^... .^..1... 0....^..| ok p=0.992188
Q25:	|......^. +....... ....+... 1.......| ok p=0.711914
Q26:	|..0-.... .......0 ........ +.......| ok p=0.981445
Q27:	|..1-.... ^......1 ....^... ........| ok p=0.941406
Q28:	|..-+.... .......- ........ ^.......| ok p=0.94043
Q29:	|...0.... .......0 ........ ........| ok p=1
Q30:	|..^1.... .......+ ........ ........| ok p=1
Q31:	|........ .......+ ........ ........| ok p=0.930664
Q32:	|........ ........ ........ ........| ok p=1
Q33:	|........ .......! ........ ........| ok p=1
Q34:	|........ ........ ........ ........| ok p=1
Q35:	|........ ........ ........ ........| ok p=1
Q36:	|........ ........ ........ ........| ok p=1
Q37:	|........ ........ ........ ........| ok p=1
Q38:	|........ ........ ........ ........| ok p=1
Q39:	|........ ........ ........ ........| ok p=1
Q40:	|........ ........ ........ ........| ok p=1
Q41:	|........ ........ ........ ........| ok p=1
Q42:	|........ ........ ........ ........| ok p=1
Q43:	|........ ........ ........ ........| ok p=1
Q44:	|........ ........ ........ ........| ok p=1
Q45:	|........ ........ ........ ........| ok p=1
Q46:	|........ ........ ........ ........| ok p=1
Q47:	|........ ........ ........ ........| ok p=1
Q48:	|........ ........ ........ ........| ok p=1
Q49:	|........ ........ ........ ........| ok p=1
Q50:	|........ ........ ........ ........| ok p=1
Q51:	|........ ........ ........ ........| ok p=1
Q52:	|........ ........ ........ ........| ok p=1
Q53:	|........ ........ ........ ........| ok p=1
Q54:	|........ ........ ........ ........| ok p=1
Q55:	|........ ........ ........ ........| ok p=1
Q56:	|........ ........ ........ ........| ok p=1
Q57:	|........ ........ ........ ........| ok p=1
Q58:	|........ ........ ........ ........| ok p=1
Q59:	|........ ........ ........ ........| ok p=1
Q60:	|.....0.. ........ ........ ........| ok p=1
Q61:	|.....1.. ........ ........ ........| ok p=0.977539
Q62:	|.....-.. ........ ........ ........| ok p=1
Q63:	|.....-.. ........ ........ ........| ok p=1
Q64:	|.....-.. ........ ........ ........|
Best path: totcompl=-28 tottunnel=31, totcond=571, p=0.060705
Q-3:	|11000100 01110100 11001101 01110010|
Q-2:	|1+-0--00 +0000111 +-1100+- -1101110|
Q-1:	|00+-+-00 +000000+ --100011 +1100110|
Q0:	|10+1+-10 +00-+1+0 010100+- -+-10111| ok p=1
Q1:	|-.-0.+.. -.+-+.+1 +1...10+ 0-0.-.-.| ok p=0.390625
Q2:	|010.01.. -.+....- -1...-0- 1+0.+.-.| ok p=1
Q3:	|-00^.-.. +.-00.1- 00...-.+ -00.-...| ok p=1
Q4:	|-.1-.+.. 0.-...0. 1.^..1.+ 11+.-.1.| ok p=1
Q5:	|1^.0^0.. +.+...-1 ..+..-.. 100.+.0.| ok p=1
Q6:	|00.1+1.. 0.+...+. ..0.!+.0 1-0.1.0.| ok p=1
Q7:	|100.1-.. 0.-1..+. ..1..-.. +0..0.-.| ok p=1
Q8:	|.+1.0+.. ..00..1. ..+..-0. +1....-.| ok p=1
Q9:	|^--11+.. ..+..0-. ..+.0.1. -..!....| ok p=1
Q10:	|1-010+1. 1.+.00+1 110111-. 10..1.10| ok p=1
Q11:	|0110-10^ 10+00-+0 001000-0 01000111| ok p=1
Q12:	|-+++0+++ +1+1+-.- -----1-1 0-11+00-| ok p=1
Q13:	|1+-0--+0 ++---+1+ 0-0----- +-++---0| ok p=1
Q14:	|001-00.0 +10001.1 100.+0.0 1.00+11+| ok p=1
Q15:	|.110-10+ 100-00.+ +1-1+001 01+011-1| ok p=0.935547
Q16:	|..0+..0. +..-...1 ..0.-.0. ..1.1.-0| ok p=0.891602
Q17:	|..1.^.1^ ...1...0 ^.+.+.1. ..-...0.| ok p=0.881836
Q18:	|..-^..-. ^..+...1 ....-.+. ..-...1+| ok p=0.77832
Q19:	|........ ...+.0.- ..^.-... .0+....+| ok p=1
Q20:	|.0^...^. ...001.. .0..1.^. .1+..0.1| ok p=1
Q21:	|.1....0. ...11+.^ .1..1... .+0..1.0| ok p=0.615234
Q22:	|.+....1. ....-... .-...... ..0..-..| ok p=0.756836
Q23:	|......-. 0....^.. ....0... .^......| ok p=0.989258
Q24:	|.^.0.... 1...^... .^..1... 0....^..| ok p=0.994141
Q25:	|......^. +....... ....+... 1.......| ok p=0.696289
Q26:	|..0-.... .......0 ........ +.......| ok p=0.985352
Q27:	|..1-.... ^......1 ....^... ........| ok p=0.946289
Q28:	|..-+.... .......- ........ ^.......| ok p=0.93457
Q29:	|...0.... .......0 ........ ........| ok p=1
Q30:	|..^1.... .......+ ........ ........| ok p=1
Q31:	|........ .......+ ........ ........| ok p=0.926758
Q32:	|........ ........ ........ ........| ok p=1
Q33:	|........ .......! ........ ........| ok p=1
Q34:	|........ ........ ........ ........| ok p=1
Q35:	|........ ........ ........ ........| ok p=1
Q36:	|........ ........ ........ ........| ok p=1
Q37:	|........ ........ ........ ........| ok p=1
Q38:	|........ ........ ........ ........| ok p=1
Q39:	|........ ........ ........ ........| ok p=1
Q40:	|........ ........ ........ ........| ok p=1
Q41:	|........ ........ ........ ........| ok p=1
Q42:	|........ ........ ........ ........| ok p=1
Q43:	|........ ........ ........ ........| ok p=1
Q44:	|........ ........ ........ ........| ok p=1
Q45:	|........ ........ ........ ........| ok p=1
Q46:	|........ ........ ........ ........| ok p=1
Q47:	|........ ........ ........ ........| ok p=1
Q48:	|........ ........ ........ ........| ok p=1
Q49:	|........ ........ ........ ........| ok p=1
Q50:	|........ ........ ........ ........| ok p=1
Q51:	|........ ........ ........ ........| ok p=1
Q52:	|........ ........ ........ ........| ok p=1
Q53:	|........ ........ ........ ........| ok p=1
Q54:	|........ ........ ........ ........| ok p=1
Q55:	|........ ........ ........ ........| ok p=1
Q56:	|........ ........ ........ ........| ok p=1
Q57:	|........ ........ ........ ........| ok p=1
Q58:	|........ ........ ........ ........| ok p=1
Q59:	|........ ........ ........ ........| ok p=1
Q60:	|.....0.. ........ ........ ........| ok p=1
Q61:	|.....1.. ........ ........ ........| ok p=0.987305
Q62:	|.....-.. ........ ........ ........| ok p=1
Q63:	|.....-.. ........ ........ ........| ok p=1
Q64:	|.....-.. ........ ........ ........|
Best path: totcompl=-28 tottunnel=31, totcond=570, p=0.0539172
Q-3:	|11000100 01110100 11001101 01110010|
Q-2:	|1+-0--00 +0000111 +-1100+- -1101110|
Q-1:	|00+-+-00 +000000+ --100011 +1100110|
Q0:	|10+1+-10 +00-+1+0 010100+- -+-10111| ok p=1
Q1:	|-.-0.+.. -.+-+.+1 +1...10+ 0-0.-.-.| ok p=0.392578
Q2:	|010.01.. -.+....- -1...-0- 1+0.+.-.| ok p=1
Q3:	|-00^.-.. +.-00.1- 00...-.+ -00.-...| ok p=1
Q4:	|-11-.+.. 0.-...0. 1.^..1.+ 11+.-.1.| ok p=1
Q5:	|1..0^0.. +.+...-1 ..+..-.. 100.+.0.| ok p=1
Q6:	|0011+1.. 0.+...+. ..0.!+.0 1-0.1.0.| ok p=1
Q7:	|.00.1-.. 0.-1..+. ..1..-.. +0..0.-.| ok p=1
Q8:	|0+1.0+.. ..00..1. ..+..-0. +1....-.| ok p=1
Q9:	|0--.1+.. ..+..0-. ..+.0.1. -.!.....| ok p=1
Q10:	|1-010+1. 1.+.00+1 111011-. 10..1.10| ok p=1
Q11:	|0110-10^ 1^+10-+0 001100-0 01000111| ok p=1
Q12:	|-+++0+++ ++-0+-.- -----1-1 0-11+00-| ok p=1
Q13:	|1+-0--+0 +1+--+1+ 0--+---- +-++---0| ok p=1
Q14:	|001-00.0 +01001.1 1.00+0.0 1.00+11+| ok p=1
Q15:	|.110-10+ 1.0-00.+ +1-1+001 01+011-1| ok p=0.927734
Q16:	|..0+..0. +..-...1 ..0.-.0. ..1.1.-0| ok p=0.874023
Q17:	|..1.^.1^ ...1...0 ^.+.+.1. ..-...0.| ok p=0.884766
Q18:	|..-^..-. ^..+...1 ....-.+. ..-...1+| ok p=0.772461
Q19:	|........ ...+.0.- ..^.-... .0+....+| ok p=1
Q20:	|.0^...^. ...001.. .0..1.^. .1+..0.1| ok p=1
Q21:	|.1....0. ...11+.^ .1..1... .+0..1.0| ok p=0.643555
Q22:	|.+....1. ....-... .-...... ..0..-..| ok p=0.75293
Q23:	|......-. 0....^.. ....0... .^......| ok p=0.982422
Q24:	|.^.0.... 1...^... .^..1... 0....^..| ok p=0.994141
Q25:	|......^. +....... ....+... 1.......| ok p=0.701172
Q26:	|..0-.... .......0 ........ +.......| ok p=0.986328
Q27:	|..1-.... ^......1 ....^... ........| ok p=0.938477
Q28:	|..-+.... .......- ........ ^.......| ok p=0.935547
Q29:	|...0.... .......0 ........ ........| ok p=1
Q30:	|..^1.... .......+ ........ ........| ok p=1
Q31:	|........ .......+ ........ ........| ok p=0.9375
Q32:	|........ ........ ........ ........| ok p=1
Q33:	|........ .......! ........ ........| ok p=1
Q34:	|........ ........ ........ ........| ok p=1
Q35:	|........ ........ ........ ........| ok p=1
Q36:	|........ ........ ........ ........| ok p=1
Q37:	|........ ........ ........ ........| ok p=1
Q38:	|........ ........ ........ ........| ok p=1
Q39:	|........ ........ ........ ........| ok p=1
Q40:	|........ ........ ........ ........| ok p=1
Q41:	|........ ........ ........ ........| ok p=1
Q42:	|........ ........ ........ ........| ok p=1
Q43:	|........ ........ ........ ........| ok p=1
Q44:	|........ ........ ........ ........| ok p=1
Q45:	|........ ........ ........ ........| ok p=1
Q46:	|........ ........ ........ ........| ok p=1
Q47:	|........ ........ ........ ........| ok p=1
Q48:	|........ ........ ........ ........| ok p=1
Q49:	|........ ........ ........ ........| ok p=1
Q50:	|........ ........ ........ ........| ok p=1
Q51:	|........ ........ ........ ........| ok p=1
Q52:	|........ ........ ........ ........| ok p=1
Q53:	|........ ........ ........ ........| ok p=1
Q54:	|........ ........ ........ ........| ok p=1
Q55:	|........ ........ ........ ........| ok p=1
Q56:	|........ ........ ........ ........| ok p=1
Q57:	|........ ........ ........ ........| ok p=1
Q58:	|........ ........ ........ ........| ok p=1
Q59:	|........ ........ ........ ........| ok p=1
Q60:	|.....0.. ........ ........ ........| ok p=1
Q61:	|.....1.. ........ ........ ........| ok p=0.986328
Q62:	|.....-.. ........ ........ ........| ok p=1
Q63:	|.....-.. ........ ........ ........| ok p=1
Q64:	|.....-.. ........ ........ ........|
Best path: totcompl=-28 tottunnel=31, totcond=569, p=0.0584307
Q-3:	|11000100 01110100 11001101 01110010|
Q-2:	|1+-0--00 +0000111 +-1100+- -1101110|
Q-1:	|00+-+-00 +000000+ --100011 +1100110|
Q0:	|10+1+-10 +00-+1+0 010100+- -+-10111| ok p=1
Q1:	|-.-0.+.. -.+-+.+1 +1...10+ 0-0.-.-.| ok p=0.393555
Q2:	|010.01.. -.+....- -1...-0- 1+0.+.-.| ok p=1
Q3:	|-.0^0-.. +.-00.1- 00...-.+ -00.-...| ok p=1
Q4:	|-11-.+.. 0.-...0. 1.^..1.+ 11+.-.1.| ok p=1
Q5:	|1..0^0.. +.+...-1 ..+..-.. 100.+.0.| ok p=1
Q6:	|00.1+1.. 0.+...+. ..0.!+.0 1-0.1.0.| ok p=1
Q7:	|.0001-.. 0.-1..+. ..1..-.. +0..0.-.| ok p=1
Q8:	|.+1.0+.. ..00..1. ..+..-0. +1....-.| ok p=1
Q9:	|^--11+.. ..+..0-. ..+..01. -..!....| ok p=1
Q10:	|1-010+1. 1.+110+1 111011-. 10..1.10| ok p=1
Q11:	|0110-10^ 1^+11-+0 001100-0 01000111| ok p=1
Q12:	|-+++0+++ ++-+--.- -----1-1 0-11+00-| ok p=1
Q13:	|1+-0--+0 +1+--+1+ 0--+---- +-++---0| ok p=1
Q14:	|001-00.0 +010.1.1 1.00+0.0 1.00+11+| ok p=1
Q15:	|.110-10+ 1.0-00.+ +1-1+001 01+011-1| ok p=0.939453
Q16:	|..0+..0. +..-...1 ..0.-.0. ..1.1.-0| ok p=0.867188
Q17:	|..1.^.1^ ...1...0 ^.+.+.1. ..-...0.| ok p=0.883789
Q18:	|..-^..-. ^..+...1 ....-.+. ..-...1+| ok p=0.760742
Q19:	|........ ...+.0.- ..^.-... .0+....+| ok p=1
Q20:	|.0^...^. ...001.. .0..1.^. .1+..0.1| ok p=1
Q21:	|.1....0. ...11+.^ .1..1... .+0..1.0| ok p=0.610352
Q22:	|.+....1. ....-... .-...... ..0..-..| ok p=0.740234
Q23:	|......-. 0....^.. ....0... .^......| ok p=0.985352
Q24:	|.^.0.... 1...^... .^..1... 0....^..| ok p=0.999023
Q25:	|......^. +....... ....+... 1.......| ok p=0.691406
Q26:	|..0-.... .......0 ........ +.......| ok p=0.980469
Q27:	|..1-.... ^......1 ....^... ........| ok p=0.931641
Q28:	|..-+.... .......- ........ ^.......| ok p=0.9375
Q29:	|...0.... .......0 ........ ........| ok p=1
Q30:	|..^1.... .......+ ........ ........| ok p=1
Q31:	|........ .......+ ........ ........| ok p=0.941406
Q32:	|........ ........ ........ ........| ok p=1
Q33:	|........ .......! ........ ........| ok p=1
Q34:	|........ ........ ........ ........| ok p=1
Q35:	|........ ........ ........ ........| ok p=1
Q36:	|........ ........ ........ ........| ok p=1
Q37:	|........ ........ ........ ........| ok p=1
Q38:	|........ ........ ........ ........| ok p=1
Q39:	|........ ........ ........ ........| ok p=1
Q40:	|........ ........ ........ ........| ok p=1
Q41:	|........ ........ ........ ........| ok p=1
Q42:	|........ ........ ........ ........| ok p=1
Q43:	|........ ........ ........ ........| ok p=1
Q44:	|........ ........ ........ ........| ok p=1
Q45:	|........ ........ ........ ........| ok p=1
Q46:	|........ ........ ........ ........| ok p=1
Q47:	|........ ........ ........ ........| ok p=1
Q48:	|........ ........ ........ ........| ok p=1
Q49:	|........ ........ ........ ........| ok p=1
Q50:	|........ ........ ........ ........| ok p=1
Q51:	|........ ........ ........ ........| ok p=1
Q52:	|........ ........ ........ ........| ok p=1
Q53:	|........ ........ ........ ........| ok p=1
Q54:	|........ ........ ........ ........| ok p=1
Q55:	|........ ........ ........ ........| ok p=1
Q56:	|........ ........ ........ ........| ok p=1
Q57:	|........ ........ ........ ........| ok p=1
Q58:	|........ ........ ........ ........| ok p=1
Q59:	|........ ........ ........ ........| ok p=1
Q60:	|.....0.. ........ ........ ........| ok p=1
Q61:	|.....1.. ........ ........ ........| ok p=0.983398
Q62:	|.....-.. ........ ........ ........| ok p=1
Q63:	|.....-.. ........ ........ ........| ok p=1
Q64:	|.....-.. ........ ........ ........|
Best path: totcompl=-26 tottunnel=33, totcond=569, p=0.0546873
Q-3:	|11000100 01110100 11001101 01110010|
Q-2:	|1+-0--00 +0000111 +-1100+- -1101110|
Q-1:	|00+-+-00 +000000+ --100011 +1100110|
Q0:	|10+1+-10 +00-+1+0 010100+- -+-10111| ok p=1
Q1:	|-.-0.+.. -.+-+.+1 +1...10+ 0-0.-.-.| ok p=0.40918
Q2:	|010.01.. -.+....- -1...-0- 1+0.+.-.| ok p=1
Q3:	|-.0^0-.. +.-00.1- 00...-.+ -00.-...| ok p=1
Q4:	|-.1-.+.. 0.-...0. 1.^..1.+ 11+.-.1.| ok p=1
Q5:	|1^.0^0.. +.+...-1 ..+..-.. 100.+.0.| ok p=1
Q6:	|00.1+1.. 0.+...+. ..0.!+.0 1-0.1.0.| ok p=1
Q7:	|.0001-.. 0.-1..+. ..1..-.. +0..0.-.| ok p=1
Q8:	|.+1.0+.. ..00..1. ..+..-0. +1....-.| ok p=1
Q9:	|^--11+.. ..+..0-. ..+.0.1. -..!....| ok p=1
Q10:	|1-010+1. 1.+1.0+1 111011-. 10..1.10| ok p=1
Q11:	|0110-10^ 1^+1^-+0 001100-0 01000111| ok p=1
Q12:	|-+++0+++ ++-+--.- -----1-1 0-11+00-| ok p=1
Q13:	|1+-0--+0 +1+-0-1+ 0--+---- +-++---0| ok p=1
Q14:	|0.1-00.0 +0101..1 1.00+0.0 1.00+11+| ok p=1
Q15:	|1110-10+ 1.0-.0.+ +1-1+001 01+011-1| ok p=0.94043
Q16:	|..0+..0. +..-...1 ..0.-.0. ..1.1.-0| ok p=0.875977
Q17:	|..1.^.1^ ...1...0 ^.+.+.1. ..-...0.| ok p=0.875
Q18:	|..-^..-. ^..+...1 ....-.+. ..-...1+| ok p=0.75293
Q19:	|........ ...+.0.- ..^.-... .0+....+| ok p=1
Q20:	|.0^...^. ...001.. .0..1.^. .1+..0.1| ok p=1
Q21:	|.1....0. ...11+.^ .1..1... .+0..1.0| ok p=0.657227
Q22:	|.+....1. ....-... .-...... ..0..-..| ok p=0.741211
Q23:	|......-. 0....^.. ....0... .^......| ok p=0.987305
Q24:	|.^.0.... 1...^... .^..1... 0....^..| ok p=0.99707
Q25:	|......^. +....... ....+... 1.......| ok p=0.683594
Q26:	|..0-.... .......0 ........ +.......| ok p=0.977539
Q27:	|..1-.... ^......1 ....^... ........| ok p=0.928711
Q28:	|..-+.... .......- ........ ^.......| ok p=0.943359
Q29:	|...0.... .......0 ........ ........| ok p=1
Q30:	|..^1.... .......+ ........ ........| ok p=1
Q31:	|........ .......+ ........ ........| ok p=0.9375
Q32:	|........ ........ ........ ........| ok p=1
Q33:	|........ .......! ........ ........| ok p=1
Q34:	|........ ........ ........ ........| ok p=1
Q35:	|........ ........ ........ ........| ok p=1
Q36:	|........ ........ ........ ........| ok p=1
Q37:	|........ ........ ........ ........| ok p=1
Q38:	|........ ........ ........ ........| ok p=1
Q39:	|........ ........ ........ ........| ok p=1
Q40:	|........ ........ ........ ........| ok p=1
Q41:	|........ ........ ........ ........| ok p=1
Q42:	|........ ........ ........ ........| ok p=1
Q43:	|........ ........ ........ ........| ok p=1
Q44:	|........ ........ ........ ........| ok p=1
Q45:	|........ ........ ........ ........| ok p=1
Q46:	|........ ........ ........ ........| ok p=1
Q47:	|........ ........ ........ ........| ok p=1
Q48:	|........ ........ ........ ........| ok p=1
Q49:	|........ ........ ........ ........| ok p=1
Q50:	|........ ........ ........ ........| ok p=1
Q51:	|........ ........ ........ ........| ok p=1
Q52:	|........ ........ ........ ........| ok p=1
Q53:	|........ ........ ........ ........| ok p=1
Q54:	|........ ........ ........ ........| ok p=1
Q55:	|........ ........ ........ ........| ok p=1
Q56:	|........ ........ ........ ........| ok p=1
Q57:	|........ ........ ........ ........| ok p=1
Q58:	|........ ........ ........ ........| ok p=1
Q59:	|........ ........ ........ ........| ok p=1
Q60:	|.....0.. ........ ........ ........| ok p=1
Q61:	|.....1.. ........ ........ ........| ok p=0.983398
Q62:	|.....-.. ........ ........ ........| ok p=1
Q63:	|.....-.. ........ ........ ........| ok p=1
Q64:	|.....-.. ........ ........ ........|
Best path: totcompl=-26 tottunnel=33, totcond=567, p=0.0532875
Best paths: 2
Q-3:	|11000100 01110100 11001101 01110010|
Q-2:	|1+-0--00 +0000111 +-1100+- -1101110|
Q-1:	|00+-+-00 +000000+ --100011 +1100110|
Q0:	|10+1+-10 +00-+1+0 010100+- -+-10111| ok p=1
Q1:	|-.-0.+.. -.+-+.+1 +1...10+ 0-0.-.-.| ok p=0.414062
Q2:	|010.01.. -.+....- -1...-0- 1+0.+.-.| ok p=1
Q3:	|-.0^0-.. +.-00.1- 00...-.+ -00.-...| ok p=1
Q4:	|-11-.+.. 0.-...0. 1.^..1.+ 11+.-.1.| ok p=1
Q5:	|1..0^0.. +.+...-1 ..+..-.. 100.+.0.| ok p=1
Q6:	|00.1+1.. 0.+...+. ..0.!+.0 1-0.1.0.| ok p=1
Q7:	|.0001-.. 0.-1..+. ..1..-.. +0..0.-.| ok p=1
Q8:	|.+1.0+.. ..00..1. ..+..-0. +1....-.| ok p=1
Q9:	|^--11+1. ..+...-. ..+..01. -..!....| ok p=1
Q10:	|.-010+1. 1.+.11+1 110111-. 00..1.10| ok p=1
Q11:	|1110-0+^ 10+001-0 001000-0 01.10111| ok p=1
Q12:	|0-++++-- +1+1+-0- -----1-1 1-.0+00-| ok p=1
Q13:	|---0-1-0 ++---+1+ 0-0----- +11+---0| ok p=1
Q14:	|0.1-01.0 +10001.1 100.+0.0 1010+11+| ok p=1
Q15:	|1110-.1+ 100-00.+ +1-1+001 0.+011-1| ok p=0.932617
Q16:	|..0+..0. +..-...1 ..0.-.0. ..1.1.-0| ok p=0.882812
Q17:	|..1.^.1^ ...1...0 ^.+.+.1. ..-...0.| ok p=0.868164
Q18:	|..-^..-. ^..+...1 ....-.+. ..-...1+| ok p=0.761719
Q19:	|........ ...+.0.- ..^.-... .0+....+| ok p=0.999023
Q20:	|.0^...^. ...001.. .0..1.^. .1+..0.1| ok p=1
Q21:	|.1....0. ...11+.^ .1..1... .+0..1.0| ok p=0.615234
Q22:	|.+....1. ....-... .-...... ..0..-..| ok p=0.762695
Q23:	|......-. 0....^.. ....0... .^......| ok p=0.992188
Q24:	|.^.0.... 1...^... .^..1... 0....^..| ok p=0.996094
Q25:	|......^. +....... ....+... 1.......| ok p=0.703125
Q26:	|..0-.... .......0 ........ +.......| ok p=0.989258
Q27:	|..1-.... ^......1 ....^... ........| ok p=0.942383
Q28:	|..-+.... .......- ........ ^.......| ok p=0.94043
Q29:	|...0.... .......0 ........ ........| ok p=1
Q30:	|..^1.... .......+ ........ ........| ok p=1
Q31:	|........ .......+ ........ ........| ok p=0.949219
Q32:	|........ ........ ........ ........| ok p=1
Q33:	|........ .......! ........ ........| ok p=1
Q34:	|........ ........ ........ ........| ok p=1
Q35:	|........ ........ ........ ........| ok p=1
Q36:	|........ ........ ........ ........| ok p=1
Q37:	|........ ........ ........ ........| ok p=1
Q38:	|........ ........ ........ ........| ok p=1
Q39:	|........ ........ ........ ........| ok p=1
Q40:	|........ ........ ........ ........| ok p=1
Q41:	|........ ........ ........ ........| ok p=1
Q42:	|........ ........ ........ ........| ok p=1
Q43:	|........ ........ ........ ........| ok p=1
Q44:	|........ ........ ........ ........| ok p=1
Q45:	|........ ........ ........ ........| ok p=1
Q46:	|........ ........ ........ ........| ok p=1
Q47:	|........ ........ ........ ........| ok p=1
Q48:	|........ ........ ........ ........| ok p=1
Q49:	|........ ........ ........ ........| ok p=1
Q50:	|........ ........ ........ ........| ok p=1
Q51:	|........ ........ ........ ........| ok p=1
Q52:	|........ ........ ........ ........| ok p=1
Q53:	|........ ........ ........ ........| ok p=1
Q54:	|........ ........ ........ ........| ok p=1
Q55:	|........ ........ ........ ........| ok p=1
Q56:	|........ ........ ........ ........| ok p=1
Q57:	|........ ........ ........ ........| ok p=1
Q58:	|........ ........ ........ ........| ok p=1
Q59:	|........ ........ ........ ........| ok p=1
Q60:	|.....0.. ........ ........ ........| ok p=1
Q61:	|.....1.. ........ ........ ........| ok p=0.986328
Q62:	|.....-.. ........ ........ ........| ok p=1
Q63:	|.....-.. ........ ........ ........| ok p=1
Q64:	|.....-.. ........ ........ ........|
Best path: totcompl=-25 tottunnel=34, totcond=567, p=0.064685
Best paths: 2
Q-3:	|11000100 01110100 11001101 01110010|
Q-2:	|1+-0--00 +0000111 +-1100+- -1101110|
Q-1:	|00+-+-00 +000000+ --100011 +1100110|
Q0:	|10+1+-10 +00-+1+0 010100+- -+-10111| ok p=1
Q1:	|-.-0.+.. -.+-+.+1 +1...10+ 0-0.-.-.| ok p=0.433594
Q2:	|010.01.. -.+....- -1...-0- 1+0.+.-.| ok p=1
Q3:	|-.0^0-.. +.-00.1- 00...-.+ -00.-...| ok p=1
Q4:	|-11-.+.. 0.-...0. 1.^..1.+ 11+.-.1.| ok p=1
Q5:	|1..0^0.. +.+...-1 ..+..-.. 100.+.0.| ok p=1
Q6:	|00.1+1.. 0.+...+. ..0.!+.0 1-0.1.0.| ok p=1
Q7:	|.0001-.. 0.-1..+. ..1..-.. +0..0.-.| ok p=1
Q8:	|.+1.0+.. ..00..1. ..+..-0. +1....-.| ok p=1
Q9:	|^--.1+1. ..+...-. ..+...1. -.!.....| ok p=1
Q10:	|!-010+1. 1.+110+1 110111-^ 00..1.10| ok p=1
Q11:	|1110-0+^ 1^+111-0 001000-0 01.10111| ok p=1
Q12:	|0-++++-- ++-+--1- -----1-1 1-.0+00-| ok p=1
Q13:	|---0-1-0 +1+--+1+ 0-0----- +11+---0| ok p=1
Q14:	|0.1-01.0 +010.1.1 100.+0.0 1010+11+| ok p=1
Q15:	|1110-.1+ 1.0-00.+ +1-1+001 0.+011-1| ok p=0.942383
Q16:	|..0+..0. +..-...1 ..0.-.0. ..1.1.-0| ok p=0.869141
Q17:	|..1.^.1^ ...1...0 ^.+.+.1. ..-...0.| ok p=0.864258
Q18:	|..-^..-. ^..+...1 ....-.+. ..-...1+| ok p=0.765625
Q19:	|........ ...+.0.- ..^.-... .0+....+| ok p=0.999023
Q20:	|.0^...^. ...001.. .0..1.^. .1+..0.1| ok p=1
Q21:	|.1....0. ...11+.^ .1..1... .+0..1.0| ok p=0.612305
Q22:	|.+....1. ....-... .-...... ..0..-..| ok p=0.746094
Q23:	|......-. 0....^.. ....0... .^......| ok p=0.988281
Q24:	|.^.0.... 1...^... .^..1... 0....^..| ok p=0.998047
Q25:	|......^. +....... ....+... 1.......| ok p=0.680664
Q26:	|..0-.... .......0 ........ +.......| ok p=0.985352
Q27:	|..1-.... ^......1 ....^... ........| ok p=0.94043
Q28:	|..-+.... .......- ........ ^.......| ok p=0.925781
Q29:	|...0.... .......0 ........ ........| ok p=1
Q30:	|..^1.... .......+ ........ ........| ok p=1
Q31:	|........ .......+ ........ ........| ok p=0.94043
Q32:	|........ ........ ........ ........| ok p=1
Q33:	|........ .......! ........ ........| ok p=1
Q34:	|........ ........ ........ ........| ok p=1
Q35:	|........ ........ ........ ........| ok p=1
Q36:	|........ ........ ........ ........| ok p=1
Q37:	|........ ........ ........ ........| ok p=1
Q38:	|........ ........ ........ ........| ok p=1
Q39:	|........ ........ ........ ........| ok p=1
Q40:	|........ ........ ........ ........| ok p=1
Q41:	|........ ........ ........ ........| ok p=1
Q42:	|........ ........ ........ ........| ok p=1
Q43:	|........ ........ ........ ........| ok p=1
Q44:	|........ ........ ........ ........| ok p=1
Q45:	|........ ........ ........ ........| ok p=1
Q46:	|........ ........ ........ ........| ok p=1
Q47:	|........ ........ ........ ........| ok p=1
Q48:	|........ ........ ........ ........| ok p=1
Q49:	|........ ........ ........ ........| ok p=1
Q50:	|........ ........ ........ ........| ok p=1
Q51:	|........ ........ ........ ........| ok p=1
Q52:	|........ ........ ........ ........| ok p=1
Q53:	|........ ........ ........ ........| ok p=1
Q54:	|........ ........ ........ ........| ok p=1
Q55:	|........ ........ ........ ........| ok p=1
Q56:	|........ ........ ........ ........| ok p=1
Q57:	|........ ........ ........ ........| ok p=1
Q58:	|........ ........ ........ ........| ok p=1
Q59:	|........ ........ ........ ........| ok p=1
Q60:	|.....0.. ........ ........ ........| ok p=1
Q61:	|.....1.. ........ ........ ........| ok p=0.983398
Q62:	|.....-.. ........ ........ ........| ok p=1
Q63:	|.....-.. ........ ........ ........| ok p=1
Q64:	|.....-.. ........ ........ ........|
Best path: totcompl=-25 tottunnel=34, totcond=566, p=0.0597826
Q-3:	|11000100 01110100 11001101 01110010|
Q-2:	|1+-0--00 +0000111 +-1100+- -1101110|
Q-1:	|00+-+-00 +000000+ --100011 +1100110|
Q0:	|10+1+-10 +00-+1+0 010100+- -+-10111| ok p=1
Q1:	|-.-0.+.. -.+-+.+1 +1...10+ 0-0.-.-.| ok p=0.40625
Q2:	|010.01.. -.+....- -1...-0- 1+0.+.-.| ok p=1
Q3:	|-.0^0-.. +.-00.1- 00...-.+ -00.-...| ok p=1
Q4:	|-11-.+.. 0.-...0. 1.^..1.+ 11+.-.1.| ok p=1
Q5:	|1..0^0.. +.+...-1 ..+..-.. 100.+.0.| ok p=1
Q6:	|0011+1.. 0.+...+. ..0.!+.0 1-0.1.0.| ok p=1
Q7:	|.00.1-.. 0.-1..+. ..1..-.. +0..0.-.| ok p=1
Q8:	|.+1.0+.. ..00..1. ..+..-0. +1....-.| ok p=1
Q9:	|^--11+1. ..+...-. ..+...11 -.!.....| ok p=1
Q10:	|.-010+1. 0.+101+1 110111-. 00..1.10| ok p=1
Q11:	|1110-0+. 0^+111-0 001000-0 01.10111| ok p=1
Q12:	|0-++++-. -+-+--0- -----1-1 1-.0+00-| ok p=1
Q13:	|---0-1-0 +1+--+1+ 0-0----- +11+---0| ok p=1
Q14:	|0.1-01.0 +100.1.1 100.+0.0 1010+11+| ok p=1
Q15:	|1110-.1+ 1.0-00.+ +1-1+001 0.+011-1| ok p=0.938477
Q16:	|..0+..0. +..-...1 ..0.-.0. ..1.1.-0| ok p=0.876953
Q17:	|..1.^.1^ ...1...0 ^.+.+.1. ..-...0.| ok p=0.883789
Q18:	|..-^..-. ^..+...1 ....-.+. ..-...1+| ok p=0.755859
Q19:	|........ ...+.0.- ..^.-... .0+....+| ok p=0.999023
Q20:	|.0^...^. ...001.. .0..1.^. .1+..0.1| ok p=1
Q21:	|.1....0. ...11+.^ .1..1... .+0..1.0| ok p=0.608398
Q22:	|.+....1. ....-... .-...... ..0..-..| ok p=0.71875
Q23:	|......-. 0....^.. ....0... .^......| ok p=0.985352
Q24:	|.^.0.... 1...^... .^..1... 0....^..| ok p=0.99707
Q25:	|......^. +....... ....+... 1.......| ok p=0.688477
Q26:	|..0-.... .......0 ........ +.......| ok p=0.987305
Q27:	|..1-.... ^......1 ....^... ........| ok p=0.944336
Q28:	|..-+.... .......- ........ ^.......| ok p=0.947266
Q29:	|...0.... .......0 ........ ........| ok p=1
Q30:	|..^1.... .......+ ........ ........| ok p=1
Q31:	|........ .......+ ........ ........| ok p=0.931641
Q32:	|........ ........ ........ ........| ok p=1
Q33:	|........ .......! ........ ........| ok p=1
Q34:	|........ ........ ........ ........| ok p=1
Q35:	|........ ........ ........ ........| ok p=1
Q36:	|........ ........ ........ ........| ok p=1
Q37:	|........ ........ ........ ........| ok p=1
Q38:	|........ ........ ........ ........| ok p=1
Q39:	|........ ........ ........ ........| ok p=1
Q40:	|........ ........ ........ ........| ok p=1
Q41:	|........ ........ ........ ........| ok p=1
Q42:	|........ ........ ........ ........| ok p=1
Q43:	|........ ........ ........ ........| ok p=1
Q44:	|........ ........ ........ ........| ok p=1
Q45:	|........ ........ ........ ........| ok p=1
Q46:	|........ ........ ........ ........| ok p=1
Q47:	|........ ........ ........ ........| ok p=1
Q48:	|........ ........ ........ ........| ok p=1
Q49:	|........ ........ ........ ........| ok p=1
Q50:	|........ ........ ........ ........| ok p=1
Q51:	|........ ........ ........ ........| ok p=1
Q52:	|........ ........ ........ ........| ok p=1
Q53:	|........ ........ ........ ........| ok p=1
Q54:	|........ ........ ........ ........| ok p=1
Q55:	|........ ........ ........ ........| ok p=1
Q56:	|........ ........ ........ ........| ok p=1
Q57:	|........ ........ ........ ........| ok p=1
Q58:	|........ ........ ........ ........| ok p=1
Q59:	|........ ........ ........ ........| ok p=1
Q60:	|.....0.. ........ ........ ........| ok p=1
Q61:	|.....1.. ........ ........ ........| ok p=0.986328
Q62:	|.....-.. ........ ........ ........| ok p=1
Q63:	|.....-.. ........ ........ ........| ok p=1
Q64:	|.....-.. ........ ........ ........|
Best path: totcompl=-25 tottunnel=34, totcond=564, p=0.05592
Q-3:	|11000100 01110100 11001101 01110010|
Q-2:	|1+-0--00 +0000111 +-1100+- -1101110|
Q-1:	|00+-+-00 +000000+ --100011 +1100110|
Q0:	|10+1+-10 +00-+1+0 010100+- -+-10111| ok p=1
Q1:	|-.-0.+.. -.+-+.+1 +1...10+ 0-0.-.-.| ok p=0.503906
Q2:	|010101.. -.+....- -0...-0- 1+0.+.-.| ok p=1
Q3:	|-00.0-.. +.-00.1- 11...-.+ -0.^-.0.| ok p=1
Q4:	|-1..--.. 0.-....0 0....1.+ 0-.++.1.| ok p=1
Q5:	|10.^0... +.-....- -....-.. 1-!1+.+.| ok p=1
Q6:	|0.^-11.. 0.-.1..0 0..0!+.1 -..0..+.| ok p=1
Q7:	|.!-11... -.111..1 1..0.-.0 01..0...| ok p=1
Q8:	|!.0++... 1.+.-..+ ...+.-.1 1.....1.| ok p=1
Q9:	|.111+... 1.-.-.1- ...-...+ ...0....| ok p=1
Q10:	|10.++1.. ..-0.00- .01+.00+ 00.10..0| ok p=1
Q11:	|0001+001 10-110-+ ^111^001 11.-1011| ok p=1
Q12:	|--00+-10 011-1--1 ++++++++ --.-+10-| ok p=1
Q13:	|----+1-+ +----+.0 0--111+- +10.++--| ok p=1
Q14:	|..100100 1101110- 1000+0.1 0011+10+| ok p=1
Q15:	|1001-.01 +10-1+.+ +1-.+.01 1.+.11-1| ok p=0.699219
Q16:	|..0+..0. +..-...0 ..0.-.0. ..1.0.-1| ok p=0.875977
Q17:	|..1.^.1. 0..1.^.0 ^.+.+.1. ..-...01| ok p=0.84375
Q18:	|..-^..-. 1..+...1 ....-.+. ..-...10| ok p=0.749023
Q19:	|........ ...+.0.- ..^.-... .0+....+| ok p=0.998047
Q20:	|.0^...^. ...001.. .0..1.^. .1+..0..| ok p=1
Q21:	|.1....0. ...11+.^ .1..1... .+0..1.^| ok p=0.610352
Q22:	|.+....1. ....-... .-...... ..0..-..| ok p=0.754883
Q23:	|......-. 0....^.. ....0... .^......| ok p=0.982422
Q24:	|.^.0.... 1...^... .^..1... 0....^..| ok p=0.99707
Q25:	|......^. +....... ....+... 1.......| ok p=0.699219
Q26:	|..0-.... .......0 ........ +.......| ok p=0.980469
Q27:	|..1-.... ^......1 ....^... ........| ok p=0.932617
Q28:	|..-+.... .......- ........ ^.......| ok p=0.922852
Q29:	|...0.... .......0 ........ ........| ok p=1
Q30:	|..^1.... .......+ ........ ........| ok p=1
Q31:	|........ .......+ ........ ........| ok p=0.938477
Q32:	|........ ........ ........ ........| ok p=1
Q33:	|........ .......! ........ ........| ok p=1
Q34:	|........ ........ ........ ........| ok p=1
Q35:	|........ ........ ........ ........| ok p=1
Q36:	|........ ........ ........ ........| ok p=1
Q37:	|........ ........ ........ ........| ok p=1
Q38:	|........ ........ ........ ........| ok p=1
Q39:	|........ ........ ........ ........| ok p=1
Q40:	|........ ........ ........ ........| ok p=1
Q41:	|........ ........ ........ ........| ok p=1
Q42:	|........ ........ ........ ........| ok p=1
Q43:	|........ ........ ........ ........| ok p=1
Q44:	|........ ........ ........ ........| ok p=1
Q45:	|........ ........ ........ ........| ok p=1
Q46:	|........ ........ ........ ........| ok p=1
Q47:	|........ ........ ........ ........| ok p=1
Q48:	|........ ........ ........ ........| ok p=1
Q49:	|........ ........ ........ ........| ok p=1
Q50:	|........ ........ ........ ........| ok p=1
Q51:	|........ ........ ........ ........| ok p=1
Q52:	|........ ........ ........ ........| ok p=1
Q53:	|........ ........ ........ ........| ok p=1
Q54:	|........ ........ ........ ........| ok p=1
Q55:	|........ ........ ........ ........| ok p=1
Q56:	|........ ........ ........ ........| ok p=1
Q57:	|........ ........ ........ ........| ok p=1
Q58:	|........ ........ ........ ........| ok p=1
Q59:	|........ ........ ........ ........| ok p=1
Q60:	|.....0.. ........ ........ ........| ok p=1
Q61:	|.....1.. ........ ........ ........| ok p=0.986328
Q62:	|.....-.. ........ ........ ........| ok p=1
Q63:	|.....-.. ........ ........ ........| ok p=1
Q64:	|.....-.. ........ ........ ........|
Best path: totcompl=-25 tottunnel=34, totcond=561, p=0.0542967
Q-3:	|11000100 01110100 11001101 01110010|
Q-2:	|1+-0--00 +0000111 +-1100+- -1101110|
Q-1:	|00+-+-00 +000000+ --100011 +1100110|
Q0:	|10+1+-10 +00-+1+0 010100+- -+-10111| ok p=1
Q1:	|-.-0.+.. -.+-+.+1 +1...10+ 0-0.-.-.| ok p=0.495117
Q2:	|010101.. -.+....- -0...-0- 1+0.+.-.| ok p=1
Q3:	|-.0.0-.. +.-00.1- 11...-.+ -0.^-.0.| ok p=1
Q4:	|-1.!--.. 0.-....0 0....1.+ 0-.++.1.| ok p=1
Q5:	|10.^0... +.-....- -....-.. 1-!1+.+.| ok p=1
Q6:	|0.^-11.. 0.-.1..0 0..0!+.1 -..0..+.| ok p=1
Q7:	|1.-11... -.111..1 1..0.-.0 01..0...| ok p=1
Q8:	|0.0++... 1.+.-..+ ...+.-.1 1.....1.| ok p=1
Q9:	|..11+... 1.-.-.1- ...-...+ ...0....| ok p=1
Q10:	|000++1.. ..-0.00- .01+.00+ 00.10..0| ok p=1
Q11:	|10.1+001 10-110-+ ^111^001 11.-1011| ok p=1
Q12:	|--^0+-10 011-1--1 ++++++++ --.-+10-| ok p=1
Q13:	|+---+1-+ +----+.0 0--111+- +10.++--| ok p=1
Q14:	|1.100100 1101110- 1000+0.1 0011+10+| ok p=1
Q15:	|1001-.01 +10-1+.+ +1-.+.01 1.+.11-1| ok p=0.699219
Q16:	|..0+..0. +..-...0 ..0.-.0. ..1.0.-1| ok p=0.873047
Q17:	|..1.^.1. 0..1.^.0 ^.+.+.1. ..-...01| ok p=0.866211
Q18:	|..-^..-. 1..+...1 ....-.+. ..-...10| ok p=0.782227
Q19:	|........ ...+.0.- ..^.-... .0+....+| ok p=0.99707
Q20:	|.0^...^. ...001.. .0..1.^. .1+..0..| ok p=1
Q21:	|.1....0. ...11+.^ .1..1... .+0..1.^| ok p=0.635742
Q22:	|.+....1. ....-... .-...... ..0..-..| ok p=0.74707
Q23:	|......-. 0....^.. ....0... .^......| ok p=0.978516
Q24:	|.^.0.... 1...^... .^..1... 0....^..| ok p=0.995117
Q25:	|......^. +....... ....+... 1.......| ok p=0.688477
Q26:	|..0-.... .......0 ........ +.......| ok p=0.987305
Q27:	|..1-.... ^......1 ....^... ........| ok p=0.936523
Q28:	|..-+.... .......- ........ ^.......| ok p=0.933594
Q29:	|...0.... .......0 ........ ........| ok p=1
Q30:	|..^1.... .......+ ........ ........| ok p=1
Q31:	|........ .......+ ........ ........| ok p=0.933594
Q32:	|........ ........ ........ ........| ok p=1
Q33:	|........ .......! ........ ........| ok p=1
Q34:	|........ ........ ........ ........| ok p=1
Q35:	|........ ........ ........ ........| ok p=1
Q36:	|........ ........ ........ ........| ok p=1
Q37:	|........ ........ ........ ........| ok p=1
Q38:	|........ ........ ........ ........| ok p=1
Q39:	|........ ........ ........ ........| ok p=1
Q40:	|........ ........ ........ ........| ok p=1
Q41:	|........ ........ ........ ........| ok p=1
Q42:	|........ ........ ........ ........| ok p=1
Q43:	|........ ........ ........ ........| ok p=1
Q44:	|........ ........ ........ ........| ok p=1
Q45:	|........ ........ ........ ........| ok p=1
Q46:	|........ ........ ........ ........| ok p=1
Q47:	|........ ........ ........ ........| ok p=1
Q48:	|........ ........ ........ ........| ok p=1
Q49:	|........ ........ ........ ........| ok p=1
Q50:	|........ ........ ........ ........| ok p=1
Q51:	|........ ........ ........ ........| ok p=1
Q52:	|........ ........ ........ ........| ok p=1
Q53:	|........ ........ ........ ........| ok p=1
Q54:	|........ ........ ........ ........| ok p=1
Q55:	|........ ........ ........ ........| ok p=1
Q56:	|........ ........ ........ ........| ok p=1
Q57:	|........ ........ ........ ........| ok p=1
Q58:	|........ ........ ........ ........| ok p=1
Q59:	|........ ........ ........ ........| ok p=1
Q60:	|.....0.. ........ ........ ........| ok p=1
Q61:	|.....1.. ........ ........ ........| ok p=0.986328
Q62:	|.....-.. ........ ........ ........| ok p=1
Q63:	|.....-.. ........ ........ ........| ok p=1
Q64:	|.....-.. ........ ........ ........|
Best path: totcompl=-24 tottunnel=35, totcond=561, p=0.0503239
Best paths: 2
Q-3:	|11000100 01110100 11001101 01110010|
Q-2:	|1+-0--00 +0000111 +-1100+- -1101110|
Q-1:	|00+-+-00 +000000+ --100011 +1100110|
Q0:	|10+1+-10 +00-+1+0 010100+- -+-10111| ok p=1
Q1:	|-.-0.+.. -.+-+.+1 +1...10+ 0-0.-.-.| ok p=0.495117
Q2:	|010101.. -.+....- -0...-0- 1+0.+.-.| ok p=1
Q3:	|-00.0-.. +.-00.1- 11...-.+ -0.^-.0.| ok p=1
Q4:	|-1..--.. 0.-....0 0....1.+ 0-.++.1.| ok p=1
Q5:	|1.^^0... +.-....- -....-.. 1-!1+.+.| ok p=1
Q6:	|0.^-11.. 0.-.1..0 0..0!+.1 -..0..+.| ok p=1
Q7:	|1.-11... -.111..1 1..0.-.0 01..0...| ok p=1
Q8:	|0.0++... 1.+.-..+ ...+.-.1 1.....1.| ok p=1
Q9:	|1.11+... 1.-.-.1- ...-...+ ...0....| ok p=1
Q10:	|00.++1.. ..-0.00- .01+.00+ 00.10..0| ok p=1
Q11:	|10.1+0.. .0-110-+ ^111^001 11.-1011| ok p=1
Q12:	|--^+--^^ .11-1--1 ++++++++ --.-+10-| ok p=1
Q13:	|+---+0-+ 0+---+.0 0--111+- +10.++--| ok p=1
Q14:	|1.100100 1101110- 1000+0.1 0011+10+| ok p=1
Q15:	|1001-.01 +10-1+.+ +1-.+.01 1.+.11-1| ok p=0.710938
Q16:	|..0+..0. +..-...0 ..0.-.0. ..1.0.-1| ok p=0.876953
Q17:	|..1.^.1. 0..1.^.0 ^.+.+.1. ..-...01| ok p=0.859375
Q18:	|..-^..-. 1..+...1 ....-.+. ..-...10| ok p=0.757812
Q19:	|........ ...+.0.- ..^.-... .0+....+| ok p=0.998047
Q20:	|.0^...^. ...001.. .0..1.^. .1+..0..| ok p=1
Q21:	|.1....0. ...11+.^ .1..1... .+0..1.^| ok p=0.631836
Q22:	|.+....1. ....-... .-...... ..0..-..| ok p=0.732422
Q23:	|......-. 0....^.. ....0... .^......| ok p=0.986328
Q24:	|.^.0.... 1...^... .^..1... 0....^..| ok p=0.99707
Q25:	|......^. +....... ....+... 1.......| ok p=0.708984
Q26:	|..0-.... .......0 ........ +.......| ok p=0.981445
Q27:	|..1-.... ^......1 ....^... ........| ok p=0.941406
Q28:	|..-+.... .......- ........ ^.......| ok p=0.930664
Q29:	|...0.... .......0 ........ ........| ok p=1
Q30:	|..^1.... .......+ ........ ........| ok p=1
Q31:	|........ .......+ ........ ........| ok p=0.936523
Q32:	|........ ........ ........ ........| ok p=1
Q33:	|........ .......! ........ ........| ok p=1
Q34:	|........ ........ ........ ........| ok p=1
Q35:	|........ ........ ........ ........| ok p=1
Q36:	|........ ........ ........ ........| ok p=1
Q37:	|........ ........ ........ ........| ok p=1
Q38:	|........ ........ ........ ........| ok p=1
Q39:	|........ ........ ........ ........| ok p=1
Q40:	|........ ........ ........ ........| ok p=1
Q41:	|........ ........ ........ ........| ok p=1
Q42:	|........ ........ ........ ........| ok p=1
Q43:	|........ ........ ........ ........| ok p=1
Q44:	|........ ........ ........ ........| ok p=1
Q45:	|........ ........ ........ ........| ok p=1
Q46:	|........ ........ ........ ........| ok p=1
Q47:	|........ ........ ........ ........| ok p=1
Q48:	|........ ........ ........ ........| ok p=1
Q49:	|........ ........ ........ ........| ok p=1
Q50:	|........ ........ ........ ........| ok p=1
Q51:	|........ ........ ........ ........| ok p=1
Q52:	|........ ........ ........ ........| ok p=1
Q53:	|........ ........ ........ ........| ok p=1
Q54:	|........ ........ ........ ........| ok p=1
Q55:	|........ ........ ........ ........| ok p=1
Q56:	|........ ........ ........ ........| ok p=1
Q57:	|........ ........ ........ ........| ok p=1
Q58:	|........ ........ ........ ........| ok p=1
Q59:	|........ ........ ........ ........| ok p=1
Q60:	|.....0.. ........ ........ ........| ok p=1
Q61:	|.....1.. ........ ........ ........| ok p=0.988281
Q62:	|.....-.. ........ ........ ........| ok p=1
Q63:	|.....-.. ........ ........ ........| ok p=1
Q64:	|.....-.. ........ ........ ........|
Best path: totcompl=-24 tottunnel=35, totcond=557, p=0.0524847
Q-3:	|11000100 01110100 11001101 01110010|
Q-2:	|1+-0--00 +0000111 +-1100+- -1101110|
Q-1:	|00+-+-00 +000000+ --100011 +1100110|
Q0:	|10+1+-10 +00-+1+0 010100+- -+-10111| ok p=1
Q1:	|-.-0.+.. -.+-+.+1 +1...10+ 0-0.-.-.| ok p=0.488281
Q2:	|010101.. -.+....- -0...-0- 1+0.+.-.| ok p=1
Q3:	|-.0.0-.. +.-00.1- 11...-.+ -0.^-.0.| ok p=1
Q4:	|-11.--.. 0.-....0 0....1.+ 0-.++.1.| ok p=1
Q5:	|1..^0... +.-....- -....-.. 1-!1+.+.| ok p=1
Q6:	|0.^-11.. 0.-.1..0 0..0!+.1 -..0..+.| ok p=1
Q7:	|1.-11... -.111..1 1..0.-.0 01..0...| ok p=1
Q8:	|.!0++... 1.+.-..+ ...+.-.1 1.....1.| ok p=1
Q9:	|1.11+... 1.-.-.1- ...-...+ ...0....| ok p=1
Q10:	|00.++1.. ..-0.00- .01+.00+ 0.011..0| ok p=1
Q11:	|10.1+0.. .0-110-+ ^111^001 1^1-0111| ok p=1
Q12:	|--^+--.^ .11-1--1 ++++++++ ---++00-| ok p=1
Q13:	|+---+0.- 1+---+.0 0--111+- +100++--| ok p=1
Q14:	|1.1001.0 0101110- 1000+0.1 0011+10+| ok p=1
Q15:	|1001-..0 +10-1+.+ +1-.+.01 1.+.11-1| ok p=0.681641
Q16:	|..0+..0. +..-...0 ..0.-.0. ..1.0.-1| ok p=0.884766
Q17:	|..1.^.1. 0..1.^.0 ^.+.+.1. ..-...01| ok p=0.862305
Q18:	|..-^..-. 1..+...1 ....-.+. ..-...10| ok p=0.785156
Q19:	|........ ...+.0.- ..^.-... .0+....+| ok p=0.998047
Q20:	|.0^...^. ...001.. .0..1.^. .1+..0..| ok p=1
Q21:	|.1....0. ...11+.^ .1..1... .+0..1.^| ok p=0.633789
Q22:	|.+....1. ....-... .-...... ..0..-..| ok p=0.751953
Q23:	|......-. 0....^.. ....0... .^......| ok p=0.982422
Q24:	|.^.0.... 1...^... .^..1... 0....^..| ok p=0.995117
Q25:	|......^. +....... ....+... 1.......| ok p=0.727539
Q26:	|..0-.... .......0 ........ +.......| ok p=0.988281
Q27:	|..1-.... ^......1 ....^... ........| ok p=0.923828
Q28:	|..-+.... .......- ........ ^.......| ok p=0.936523
Q29:	|...0.... .......0 ........ ........| ok p=1
Q30:	|..^1.... .......+ ........ ........| ok p=1
Q31:	|........ .......+ ........ ........| ok p=0.941406
Q32:	|........ ........ ........ ........| ok p=1
Q33:	|........ .......! ........ ........| ok p=1
Q34:	|........ ........ ........ ........| ok p=1
Q35:	|........ ........ ........ ........| ok p=1
Q36:	|........ ........ ........ ........| ok p=1
Q37:	|........ ........ ........ ........| ok p=1
Q38:	|........ ........ ........ ........| ok p=1
Q39:	|........ ........ ........ ........| ok p=1
Q40:	|........ ........ ........ ........| ok p=1
Q41:	|........ ........ ........ ........| ok p=1
Q42:	|........ ........ ........ ........| ok p=1
Q43:	|........ ........ ........ ........| ok p=1
Q44:	|........ ........ ........ ........| ok p=1
Q45:	|........ ........ ........ ........| ok p=1
Q46:	|........ ........ ........ ........| ok p=1
Q47:	|........ ........ ........ ........| ok p=1
Q48:	|........ ........ ........ ........| ok p=1
Q49:	|........ ........ ........ ........| ok p=1
Q50:	|........ ........ ........ ........| ok p=1
Q51:	|........ ........ ........ ........| ok p=1
Q52:	|........ ........ ........ ........| ok p=1
Q53:	|........ ........ ........ ........| ok p=1
Q54:	|........ ........ ........ ........| ok p=1
Q55:	|........ ........ ........ ........| ok p=1
Q56:	|........ ........ ........ ........| ok p=1
Q57:	|........ ........ ........ ........| ok p=1
Q58:	|........ ........ ........ ........| ok p=1
Q59:	|........ ........ ........ ........| ok p=1
Q60:	|.....0.. ........ ........ ........| ok p=1
Q61:	|.....1.. ........ ........ ........| ok p=0.982422
Q62:	|.....-.. ........ ........ ........| ok p=1
Q63:	|.....-.. ........ ........ ........| ok p=1
Q64:	|.....-.. ........ ........ ........|
Best path: totcompl=-24 tottunnel=35, totcond=555, p=0.0503867
Q-3:	|11000100 01110100 11001101 01110010|
Q-2:	|1+-0--00 +0000111 +-1100+- -1101110|
Q-1:	|00+-+-00 +000000+ --100011 +1100110|
Q0:	|10+1+-10 +00-+1+0 010100+- -+-10111| ok p=1
Q1:	|-.-0.+.. -.+-+.+1 +1...10+ 0-0.-.-.| ok p=0.402344
Q2:	|010.01.. -.+....- -0...-0- 1+0.+.-.| ok p=1
Q3:	|-00.0-.. +.-00.1- 11...-.+ -0.^-.0.| ok p=1
Q4:	|-1..--.. 0.-....0 0....1.+ 0-.++.1.| ok p=1
Q5:	|1.^^0... +.-....- -....-.. 1-!1+.+.| ok p=1
Q6:	|0.^-11.. 0.-.1..0 0..0!+.1 -..0..+.| ok p=1
Q7:	|1.-11... -.111..1 1..0.-.0 01..0...| ok p=1
Q8:	|0.0++... 1.+.-..+ ...+.-.1 1..10.1.| ok p=1
Q9:	|.111+... 0.-.-..- ...-...+ ...00...| ok p=1
Q10:	|.0.++1.. ..-11.1- ...+.01+ 0.0-+100| ok p=1
Q11:	|.1.1+000 ..101.1- 1.!0^011 011--011| ok p=1
Q12:	|^+^0+-11 .^0+-.++ 0..-+++1 -0+01+++| ok p=1
Q13:	|+---+1-+ .+---0++ +.111+-- +-+-+00+| ok p=1
Q14:	|00100100 ^111.1.- 1.10+001 0101+10+| ok p=1
Q15:	|1001-.01 +01-1+1+ +.-.+010 10+00.-.| ok p=0.683594
Q16:	|..0+..0. +..-...0 ..0.-.0. ..1.1.-^| ok p=0.873047
Q17:	|..1.^.1. 0..1.^.0 ^.+.+.1. ..-...01| ok p=0.870117
Q18:	|..-^..-. 1..+...1 ....-.+. ..-...10| ok p=0.746094
Q19:	|........ ...+.0.- ..^.-... .0+....+| ok p=0.999023
Q20:	|.0^...^. ...001.. .0..1.^. .1+..0..| ok p=1
Q21:	|.1....0. ...11+.^ .1..1... .+0..1.^| ok p=0.618164
Q22:	|.+....1. ....-... .-...... ..0..-..| ok p=0.758789
Q23:	|......-. 0....^.. ....0... .^......| ok p=0.979492
Q24:	|.^.0.... 1...^... .^..1... 0....^..| ok p=0.99707
Q25:	|......^. +....... ....+... 1.......| ok p=0.699219
Q26:	|..0-.... .......0 ........ +.......| ok p=0.973633
Q27:	|..1-.... ^......1 ....^... ........| ok p=0.93457
Q28:	|..-+.... .......- ........ ^.......| ok p=0.941406
Q29:	|...0.... .......0 ........ ........| ok p=1
Q30:	|..^1.... .......+ ........ ........| ok p=1
Q31:	|........ .......+ ........ ........| ok p=0.931641
Q32:	|........ ........ ........ ........| ok p=1
Q33:	|........ .......! ........ ........| ok p=1
Q34:	|........ ........ ........ ........| ok p=1
Q35:	|........ ........ ........ ........| ok p=1
Q36:	|........ ........ ........ ........| ok p=1
Q37:	|........ ........ ........ ........| ok p=1
Q38:	|........ ........ ........ ........| ok p=1
Q39:	|........ ........ ........ ........| ok p=1
Q40:	|........ ........ ........ ........| ok p=1
Q41:	|........ ........ ........ ........| ok p=1
Q42:	|........ ........ ........ ........| ok p=1
Q43:	|........ ........ ........ ........| ok p=1
Q44:	|........ ........ ........ ........| ok p=1
Q45:	|........ ........ ........ ........| ok p=1
Q46:	|........ ........ ........ ........| ok p=1
Q47:	|........ ........ ........ ........| ok p=1
Q48:	|........ ........ ........ ........| ok p=1
Q49:	|........ ........ ........ ........| ok p=1
Q50:	|........ ........ ........ ........| ok p=1
Q51:	|........ ........ ........ ........| ok p=1
Q52:	|........ ........ ........ ........| ok p=1
Q53:	|........ ........ ........ ........| ok p=1
Q54:	|........ ........ ........ ........| ok p=1
Q55:	|........ ........ ........ ........| ok p=1
Q56:	|........ ........ ........ ........| ok p=1
Q57:	|........ ........ ........ ........| ok p=1
Q58:	|........ ........ ........ ........| ok p=1
Q59:	|........ ........ ........ ........| ok p=1
Q60:	|.....0.. ........ ........ ........| ok p=1
Q61:	|.....1.. ........ ........ ........| ok p=0.980469
Q62:	|.....-.. ........ ........ ........| ok p=1
Q63:	|.....-.. ........ ........ ........| ok p=1
Q64:	|.....-.. ........ ........ ........|
Best path: totcompl=-23 tottunnel=36, totcond=554, p=0.0388907
Best paths: 2
Q-3:	|11000100 01110100 11001101 01110010|
Q-2:	|1+-0--00 +0000111 +-1100+- -1101110|
Q-1:	|00+-+-00 +000000+ --100011 +1100110|
Q0:	|10+1+-10 +00-+1+0 010100+- -+-10111| ok p=1
Q1:	|-.-0.+.. -.+-+.+1 +1...10+ 0-0.-.-.| ok p=0.503906
Q2:	|010101.. -.+....- -0...-0- 1+0.+.-.| ok p=1
Q3:	|-.0.0-.. +.-00.1- 11...-.+ -0.^-.0.| ok p=1
Q4:	|-!..--.. 0.-....0 0....1.+ 0-.++.1.| ok p=1
Q5:	|1^^^0... +.-....- -....-.. 1-!1+.+.| ok p=1
Q6:	|0.^-11.. 0.-.1..0 0..0!+.1 -..0..+.| ok p=1
Q7:	|.!-11... -.1.1..1 1..0.-.0 01..0...| ok p=1
Q8:	|!.0++... 1.+^-..+ ...+.-.1 1..10.1.| ok p=1
Q9:	|.111+... 0.-.-..- ...-...+ ...00...| ok p=1
Q10:	|.0.++1.. ..-11.1- 0..+.00+ 1.0-+100| ok p=1
Q11:	|.1.1+000 ..101.1- 1..0.000 101--011| ok p=1
Q12:	|^+^0+-11 .^0+-.++ 0..01-+1 -1+01+++| ok p=1
Q13:	|+---+1-+ .+---0++ +.1.1+-- +-+-+00+| ok p=1
Q14:	|00100100 ^111.1.- 1.1.+001 0101+10+| ok p=1
Q15:	|1001-.01 +01-1+1+ +.-.+010 10+00.-.| ok p=0.695312
Q16:	|..0+..0. +..-...0 ..0.-.0. ..1.1.-^| ok p=0.898438
Q17:	|..1.^.1. 0..1.^.0 ^.+.+.1. ..-...01| ok p=0.84668
Q18:	|..-^..-. 1..+...1 ....-.+. ..-...10| ok p=0.762695
Q19:	|........ ...+.0.- ..^.-... .0+....+| ok p=0.998047
Q20:	|.0^...^. ...001.. .0..1.^. .1+..0..| ok p=1
Q21:	|.1....0. ...11+.^ .1..1... .+0..1.^| ok p=0.615234
Q22:	|.+....1. ....-... .-...... ..0..-..| ok p=0.741211
Q23:	|......-. 0....^.. ....0... .^......| ok p=0.987305
Q24:	|.^.0.... 1...^... .^..1... 0....^..| ok p=0.995117
Q25:	|......^. +....... ....+... 1.......| ok p=0.676758
Q26:	|..0-.... .......0 ........ +.......| ok p=0.988281
Q27:	|..1-.... ^......1 ....^... ........| ok p=0.938477
Q28:	|..-+.... .......- ........ ^.......| ok p=0.947266
Q29:	|...0.... .......0 ........ ........| ok p=1
Q30:	|..^1.... .......+ ........ ........| ok p=1
Q31:	|........ .......+ ........ ........| ok p=0.936523
Q32:	|........ ........ ........ ........| ok p=1
Q33:	|........ .......! ........ ........| ok p=1
Q34:	|........ ........ ........ ........| ok p=1
Q35:	|........ ........ ........ ........| ok p=1
Q36:	|........ ........ ........ ........| ok p=1
Q37:	|........ ........ ........ ........| ok p=1
Q38:	|........ ........ ........ ........| ok p=1
Q39:	|........ ........ ........ ........| ok p=1
Q40:	|........ ........ ........ ........| ok p=1
Q41:	|........ ........ ........ ........| ok p=1
Q42:	|........ ........ ........ ........| ok p=1
Q43:	|........ ........ ........ ........| ok p=1
Q44:	|........ ........ ........ ........| ok p=1
Q45:	|........ ........ ........ ........| ok p=1
Q46:	|........ ........ ........ ........| ok p=1
Q47:	|........ ........ ........ ........| ok p=1
Q48:	|........ ........ ........ ........| ok p=1
Q49:	|........ ........ ........ ........| ok p=1
Q50:	|........ ........ ........ ........| ok p=1
Q51:	|........ ........ ........ ........| ok p=1
Q52:	|........ ........ ........ ........| ok p=1
Q53:	|........ ........ ........ ........| ok p=1
Q54:	|........ ........ ........ ........| ok p=1
Q55:	|........ ........ ........ ........| ok p=1
Q56:	|........ ........ ........ ........| ok p=1
Q57:	|........ ........ ........ ........| ok p=1
Q58:	|........ ........ ........ ........| ok p=1
Q59:	|........ ........ ........ ........| ok p=1
Q60:	|.....0.. ........ ........ ........| ok p=1
Q61:	|.....1.. ........ ........ ........| ok p=0.984375
Q62:	|.....-.. ........ ........ ........| ok p=1
Q63:	|.....-.. ........ ........ ........| ok p=1
Q64:	|.....-.. ........ ........ ........|
Best path: totcompl=-23 tottunnel=36, totcond=552, p=0.0515146
Q-3:	|11000100 01110100 11001101 01110010|
Q-2:	|1+-0--00 +0000111 +-1100+- -1101110|
Q-1:	|00+-+-00 +000000+ --100011 +1100110|
Q0:	|10+1+-10 +00-+1+0 010100+- -+-10111| ok p=1
Q1:	|-.-0.+.. -.+-+.+1 +1...10+ 0-0.-.-.| ok p=0.521484
Q2:	|010101.. -.+....- -0...-0- 1+0.+.-.| ok p=1
Q3:	|-.0.0-.. +.-00.1- 11...-.+ -0.^-.0.| ok p=1
Q4:	|-1.!--.. 0.-....0 0....1.+ 0-.++.1.| ok p=1
Q5:	|1.^^0... +.-....- -....-.. 1-!1+.+.| ok p=1
Q6:	|0.^-11.. 0.-.1..0 0..0!+.1 -..0..+.| ok p=1
Q7:	|.!-11... -.111..1 1..0.-.0 01..0...| ok p=1
Q8:	|.!0++... 1.+.-..+ ...+.-.1 1..10.1.| ok p=1
Q9:	|.111+... 0.-.-..- ...-...+ ...00...| ok p=1
Q10:	|.0.++1.. ..-11.1- 0..+.00+ 1.0-+.10| ok p=1
Q11:	|.1.1+000 ..101.1- 1..0.000 101--^01| ok p=1
Q12:	|^+^0+-11 .^0+-.++ 0..01-+1 -1+01+++| ok p=1
Q13:	|+---+1-+ .+---0++ +.1.1+-- +-+-+00+| ok p=1
Q14:	|00100100 ^111.1.- 1.1.+001 0101+10+| ok p=1
Q15:	|1001-.01 +01-1+1+ +.-.+010 10+00.-.| ok p=0.712891
Q16:	|..0+..0. +..-...0 ..0.-.0. ..1.1.-^| ok p=0.884766
Q17:	|..1.^.1. 0..1.^.0 ^.+.+.1. ..-...01| ok p=0.833008
Q18:	|..-^..-. 1..+...1 ....-.+. ..-...10| ok p=0.797852
Q19:	|........ ...+.0.- ..^.-... .0+....+| ok p=1
Q20:	|.0^...^. ...001.. .0..1.^. .1+..0..| ok p=1
Q21:	|.1....0. ...11+.^ .1..1... .+0..1.^| ok p=0.608398
Q22:	|.+....1. ....-... .-...... ..0..-..| ok p=0.754883
Q23:	|......-. 0....^.. ....0... .^......| ok p=0.983398
Q24:	|.^.0.... 1...^... .^..1... 0....^..| ok p=0.99707
Q25:	|......^. +....... ....+... 1.......| ok p=0.717773
Q26:	|..0-.... .......0 ........ +.......| ok p=0.984375
Q27:	|..1-.... ^......1 ....^... ........| ok p=0.931641
Q28:	|..-+.... .......- ........ ^.......| ok p=0.935547
Q29:	|...0.... .......0 ........ ........| ok p=1
Q30:	|..^1.... .......+ ........ ........| ok p=1
Q31:	|........ .......+ ........ ........| ok p=0.922852
Q32:	|........ ........ ........ ........| ok p=1
Q33:	|........ .......! ........ ........| ok p=1
Q34:	|........ ........ ........ ........| ok p=1
Q35:	|........ ........ ........ ........| ok p=1
Q36:	|........ ........ ........ ........| ok p=1
Q37:	|........ ........ ........ ........| ok p=1
Q38:	|........ ........ ........ ........| ok p=1
Q39:	|........ ........ ........ ........| ok p=1
Q40:	|........ ........ ........ ........| ok p=1
Q41:	|........ ........ ........ ........| ok p=1
Q42:	|........ ........ ........ ........| ok p=1
Q43:	|........ ........ ........ ........| ok p=1
Q44:	|........ ........ ........ ........| ok p=1
Q45:	|........ ........ ........ ........| ok p=1
Q46:	|........ ........ ........ ........| ok p=1
Q47:	|........ ........ ........ ........| ok p=1
Q48:	|........ ........ ........ ........| ok p=1
Q49:	|........ ........ ........ ........| ok p=1
Q50:	|........ ........ ........ ........| ok p=1
Q51:	|........ ........ ........ ........| ok p=1
Q52:	|........ ........ ........ ........| ok p=1
Q53:	|........ ........ ........ ........| ok p=1
Q54:	|........ ........ ........ ........| ok p=1
Q55:	|........ ........ ........ ........| ok p=1
Q56:	|........ ........ ........ ........| ok p=1
Q57:	|........ ........ ........ ........| ok p=1
Q58:	|........ ........ ........ ........| ok p=1
Q59:	|........ ........ ........ ........| ok p=1
Q60:	|.....0.. ........ ........ ........| ok p=1
Q61:	|.....1.. ........ ........ ........| ok p=0.986328
Q62:	|.....-.. ........ ........ ........| ok p=1
Q63:	|.....-.. ........ ........ ........| ok p=1
Q64:	|.....-.. ........ ........ ........|
Best path: totcompl=-22 tottunnel=37, totcond=551, p=0.0556242
Q-3:	|11000100 01110100 11001101 01110010|
Q-2:	|1+-0--00 +0000111 +-1100+- -1101110|
Q-1:	|00+-+-00 +000000+ --100011 +1100110|
Q0:	|10+1+-10 +00-+1+0 010100+- -+-10111| ok p=1
Q1:	|-.-0.+.. -.+-+.+1 +1...10+ 0-0.-.-.| ok p=0.491211
Q2:	|010101.. -.+....- -0...-0- 1+0.+.-.| ok p=1
Q3:	|-00.0-.. +.-00.1- 11...-.+ -0.^-.0.| ok p=1
Q4:	|-1..--.. 0.-....0 0....1.+ 0-.++.1.| ok p=1
Q5:	|1.^^0... +.-....- -....-.. 1-!1+.+.| ok p=1
Q6:	|0.^-11.. 0.-.1..0 0..0!+.1 -..0..+.| ok p=1
Q7:	|1.-11... -.111..1 1..0.-.0 01..0...| ok p=1
Q8:	|0.0++... 1.+.-..+ ...+.-.1 1..10.1.| ok p=1
Q9:	|..11+... 0.-.-..- ...-...+ ...00...| ok p=1
Q10:	|!0.++1.. ..-11.1- ...+.01+ 1.0-+100| ok p=1
Q11:	|.1.1+000 ..101.1- 1.!0..10 101--011| ok p=1
Q12:	|^+^0+-11 .^0+-.++ 0..01^-1 -1+01+++| ok p=1
Q13:	|+---+1-+ .+---0++ +.1.1+-- +-+-+00+| ok p=1
Q14:	|00100100 ^111.1.- 1.1.+0.1 0101+10+| ok p=1
Q15:	|1001-.01 +01-1+1+ +.-.+010 10+00.-.| ok p=0.688477
Q16:	|..0+..0. +..-...0 ..0.-.0. ..1.1.-^| ok p=0.879883
Q17:	|..1.^.1. 0..1.^.0 ^.+.+.1. ..-...01| ok p=0.860352
Q18:	|..-^..-. 1..+...1 ....-.+. ..-...10| ok p=0.773438
Q19:	|........ ...+.0.- ..^.-... .0+....+| ok p=0.999023
Q20:	|.0^...^. ...001.. .0..1.^. .1+..0..| ok p=1
Q21:	|.1....0. ...11+.^ .1..1... .+0..1.^| ok p=0.620117
Q22:	|.+....1. ....-... .-...... ..0..-..| ok p=0.732422
Q23:	|......-. 0....^.. ....0... .^......| ok p=0.986328
Q24:	|.^.0.... 1...^... .^..1... 0....^..| ok p=0.996094
Q25:	|......^. +....... ....+... 1.......| ok p=0.707031
Q26:	|..0-.... .......0 ........ +.......| ok p=0.985352
Q27:	|..1-.... ^......1 ....^... ........| ok p=0.930664
Q28:	|..-+.... .......- ........ ^.......| ok p=0.928711
Q29:	|...0.... .......0 ........ ........| ok p=1
Q30:	|..^1.... .......+ ........ ........| ok p=1
Q31:	|........ .......+ ........ ........| ok p=0.939453
Q32:	|........ ........ ........ ........| ok p=1
Q33:	|........ .......! ........ ........| ok p=1
Q34:	|........ ........ ........ ........| ok p=1
Q35:	|........ ........ ........ ........| ok p=1
Q36:	|........ ........ ........ ........| ok p=1
Q37:	|........ ........ ........ ........| ok p=1
Q38:	|........ ........ ........ ........| ok p=1
Q39:	|........ ........ ........ ........| ok p=1
Q40:	|........ ........ ........ ........| ok p=1
Q41:	|........ ........ ........ ........| ok p=1
Q42:	|........ ........ ........ ........| ok p=1
Q43:	|........ ........ ........ ........| ok p=1
Q44:	|........ ........ ........ ........| ok p=1
Q45:	|........ ........ ........ ........| ok p=1
Q46:	|........ ........ ........ ........| ok p=1
Q47:	|........ ........ ........ ........| ok p=1
Q48:	|........ ........ ........ ........| ok p=1
Q49:	|........ ........ ........ ........| ok p=1
Q50:	|........ ........ ........ ........| ok p=1
Q51:	|........ ........ ........ ........| ok p=1
Q52:	|........ ........ ........ ........| ok p=1
Q53:	|........ ........ ........ ........| ok p=1
Q54:	|........ ........ ........ ........| ok p=1
Q55:	|........ ........ ........ ........| ok p=1
Q56:	|........ ........ ........ ........| ok p=1
Q57:	|........ ........ ........ ........| ok p=1
Q58:	|........ ........ ........ ........| ok p=1
Q59:	|........ ........ ........ ........| ok p=1
Q60:	|.....0.. ........ ........ ........| ok p=1
Q61:	|.....1.. ........ ........ ........| ok p=0.977539
Q62:	|.....-.. ........ ........ ........| ok p=1
Q63:	|.....-.. ........ ........ ........| ok p=1
Q64:	|.....-.. ........ ........ ........|
Best path: totcompl=-21 tottunnel=38, totcond=550, p=0.050968
Q-3:	|11000100 01110100 11001101 01110010|
Q-2:	|1+-0--00 +0000111 +-1100+- -1101110|
Q-1:	|00+-+-00 +000000+ --100011 +1100110|
Q0:	|10+1+-10 +00-+1+0 010100+- -+-10111| ok p=1
Q1:	|-.-0.+.. -.+-+.+1 +1...10+ 0-0.-.-.| ok p=0.492188
Q2:	|010101.. -.+....- -0...-0- 1+0.+.-.| ok p=1
Q3:	|-00.0-.. +.-00.1- 11...-.+ -0.^-.0.| ok p=1
Q4:	|-10.--.. 0.-....0 0....1.+ 0-.++.1.| ok p=1
Q5:	|1.0^0... +.-....- -....-.. 1-!1+.+.| ok p=1
Q6:	|0.0-11.. 0.-.1..0 0..0!+.1 -..0..+.| ok p=1
Q7:	|..-11... -.111..1 1..0.-.0 01..0...| ok p=1
Q8:	|.!0++... 1.+.-..+ ...+.-.1 1..10.1.| ok p=1
Q9:	|..11+... 0.-.-..- ...-...+ ...00...| ok p=1
Q10:	|.00++1.. ..-11.1- 0..+.01+ 1.0-+.10| ok p=1
Q11:	|.1.1+000 ..101.1- 1..0..10 101--^01| ok p=1
Q12:	|^+^0+-11 .^0+-.++ 0..01^-1 -1+01+++| ok p=1
Q13:	|+---+1-+ .+---0++ +.1.1+-- +-+-+00+| ok p=1
Q14:	|00100100 ^111.1.- 1.1.+0.1 0101+10+| ok p=1
Q15:	|1001-.01 +01-1+1+ +.-.+010 10+00.-.| ok p=0.706055
Q16:	|..0+..0. +..-...0 ..0.-.0. ..1.1.-^| ok p=0.868164
Q17:	|..1.^.1. 0..1.^.0 ^.+.+.1. ..-...01| ok p=0.837891
Q18:	|..-^..-. 1..+...1 ....-.+. ..-...10| ok p=0.767578
Q19:	|........ ...+.0.- ..^.-... .0+....+| ok p=0.999023
Q20:	|.0^...^. ...001.. .0..1.^. .1+..0..| ok p=1
Q21:	|.1....0. ...11+.^ .1..1... .+0..1.^| ok p=0.614258
Q22:	|.+....1. ....-... .-...... ..0..-..| ok p=0.730469
Q23:	|......-. 0....^.. ....0... .^......| ok p=0.984375
Q24:	|.^.0.... 1...^... .^..1... 0....^..| ok p=0.996094
Q25:	|......^. +....... ....+... 1.......| ok p=0.700195
Q26:	|..0-.... .......0 ........ +.......| ok p=0.983398
Q27:	|..1-.... ^......1 ....^... ........| ok p=0.921875
Q28:	|..-+.... .......- ........ ^.......| ok p=0.951172
Q29:	|...0.... .......0 ........ ........| ok p=1
Q30:	|..^1.... .......+ ........ ........| ok p=1
Q31:	|........ .......+ ........ ........| ok p=0.938477
Q32:	|........ ........ ........ ........| ok p=1
Q33:	|........ .......! ........ ........| ok p=1
Q34:	|........ ........ ........ ........| ok p=1
Q35:	|........ ........ ........ ........| ok p=1
Q36:	|........ ........ ........ ........| ok p=1
Q37:	|........ ........ ........ ........| ok p=1
Q38:	|........ ........ ........ ........| ok p=1
Q39:	|........ ........ ........ ........| ok p=1
Q40:	|........ ........ ........ ........| ok p=1
Q41:	|........ ........ ........ ........| ok p=1
Q42:	|........ ........ ........ ........| ok p=1
Q43:	|........ ........ ........ ........| ok p=1
Q44:	|........ ........ ........ ........| ok p=1
Q45:	|........ ........ ........ ........| ok p=1
Q46:	|........ ........ ........ ........| ok p=1
Q47:	|........ ........ ........ ........| ok p=1
Q48:	|........ ........ ........ ........| ok p=1
Q49:	|........ ........ ........ ........| ok p=1
Q50:	|........ ........ ........ ........| ok p=1
Q51:	|........ ........ ........ ........| ok p=1
Q52:	|........ ........ ........ ........| ok p=1
Q53:	|........ ........ ........ ........| ok p=1
Q54:	|........ ........ ........ ........| ok p=1
Q55:	|........ ........ ........ ........| ok p=1
Q56:	|........ ........ ........ ........| ok p=1
Q57:	|........ ........ ........ ........| ok p=1
Q58:	|........ ........ ........ ........| ok p=1
Q59:	|........ ........ ........ ........| ok p=1
Q60:	|.....0.. ........ ........ ........| ok p=1
Q61:	|.....1.. ........ ........ ........| ok p=0.985352
Q62:	|.....-.. ........ ........ ........| ok p=1
Q63:	|.....-.. ........ ........ ........| ok p=1
Q64:	|.....-.. ........ ........ ........|
Best path: totcompl=-20 tottunnel=39, totcond=549, p=0.0517583
Q-3:	|11000100 01110100 11001101 01110010|
Q-2:	|1+-0--00 +0000111 +-1100+- -1101110|
Q-1:	|00+-+-00 +000000+ --100011 +1100110|
Q0:	|10+1+-10 +00-+1+0 010100+- -+-10111| ok p=1
Q1:	|-.-0.+.. -.+-+.+1 +1...10+ 0-0.-.-.| ok p=0.492188
Q2:	|010101.. -.+....- -0...-0- 1+0.+.-.| ok p=1
Q3:	|-00.0-.. +.-00.1- 11...-.+ -0.^-.0.| ok p=1
Q4:	|-10.--.. 0.-....0 0....1.+ 0-.++.1.| ok p=1
Q5:	|1.0^0... +.-....- -....-.. 1-!1+.+.| ok p=1
Q6:	|0.0-11.. 0.-.1..0 0..0!+.1 -..0..+.| ok p=1
Q7:	|..-11... -.1.1..1 1..0.-.0 01..0...| ok p=1
Q8:	|.!0++... 1.+^-..+ ...+.-.1 1..10.1.| ok p=1
Q9:	|..11+... 0.-.-..- ...-...+ ...00...| ok p=1
Q10:	|.00++1.. ..-11.1- 0..+.01+ 1.0-+.10| ok p=1
Q11:	|.1.1+0.1 ..101.1- 1..0..10 101--^01| ok p=1
Q12:	|^+^0+-^0 .^0+-.++ 0..01^-1 -1+01+++| ok p=1
Q13:	|+---+1-+ .+---0++ +.1.1+-- +-+-+00+| ok p=1
Q14:	|00100100 ^111.1.- 1.1.+0.1 0101+10+| ok p=1
Q15:	|1001-.01 +01-1+1+ +.-.+010 10+00.-.| ok p=0.669922
Q16:	|..0+..0. +..-...0 ..0.-.0. ..1.1.-^| ok p=0.881836
Q17:	|..1.^.1. 0..1.^.0 ^.+.+.1. ..-...01| ok p=0.848633
Q18:	|..-^..-. 1..+...1 ....-.+. ..-...10| ok p=0.756836
Q19:	|........ ...+.0.- ..^.-... .0+....+| ok p=0.998047
Q20:	|.0^...^. ...001.. .0..1.^. .1+..0..| ok p=1
Q21:	|.1....0. ...11+.^ .1..1... .+0..1.^| ok p=0.632812
Q22:	|.+....1. ....-... .-...... ..0..-..| ok p=0.754883
Q23:	|......-. 0....^.. ....0... .^......| ok p=0.980469
Q24:	|.^.0.... 1...^... .^..1... 0....^..| ok p=0.996094
Q25:	|......^. +....... ....+... 1.......| ok p=0.696289
Q26:	|..0-.... .......0 ........ +.......| ok p=0.990234
Q27:	|..1-.... ^......1 ....^... ........| ok p=0.936523
Q28:	|..-+.... .......- ........ ^.......| ok p=0.939453
Q29:	|...0.... .......0 ........ ........| ok p=1
Q30:	|..^1.... .......+ ........ ........| ok p=1
Q31:	|........ .......+ ........ ........| ok p=0.939453
Q32:	|........ ........ ........ ........| ok p=1
Q33:	|........ .......! ........ ........| ok p=1
Q34:	|........ ........ ........ ........| ok p=1
Q35:	|........ ........ ........ ........| ok p=1
Q36:	|........ ........ ........ ........| ok p=1
Q37:	|........ ........ ........ ........| ok p=1
Q38:	|........ ........ ........ ........| ok p=1
Q39:	|........ ........ ........ ........| ok p=1
Q40:	|........ ........ ........ ........| ok p=1
Q41:	|........ ........ ........ ........| ok p=1
Q42:	|........ ........ ........ ........| ok p=1
Q43:	|........ ........ ........ ........| ok p=1
Q44:	|........ ........ ........ ........| ok p=1
Q45:	|........ ........ ........ ........| ok p=1
Q46:	|........ ........ ........ ........| ok p=1
Q47:	|........ ........ ........ ........| ok p=1
Q48:	|........ ........ ........ ........| ok p=1
Q49:	|........ ........ ........ ........| ok p=1
Q50:	|........ ........ ........ ........| ok p=1
Q51:	|........ ........ ........ ........| ok p=1
Q52:	|........ ........ ........ ........| ok p=1
Q53:	|........ ........ ........ ........| ok p=1
Q54:	|........ ........ ........ ........| ok p=1
Q55:	|........ ........ ........ ........| ok p=1
Q56:	|........ ........ ........ ........| ok p=1
Q57:	|........ ........ ........ ........| ok p=1
Q58:	|........ ........ ........ ........| ok p=1
Q59:	|........ ........ ........ ........| ok p=1
Q60:	|.....0.. ........ ........ ........| ok p=1
Q61:	|.....1.. ........ ........ ........| ok p=0.983398
Q62:	|.....-.. ........ ........ ........| ok p=1
Q63:	|.....-.. ........ ........ ........| ok p=1
Q64:	|.....-.. ........ ........ ........|
Best path: totcompl=-20 tottunnel=39, totcond=548, p=0.0512804
Best paths: 2
Q-3:	|11000100 01110100 11001101 01110010|
Q-2:	|1+-0--00 +0000111 +-1100+- -1101110|
Q-1:	|00+-+-00 +000000+ --100011 +1100110|
Q0:	|10+1+-10 +00-+1+0 010100+- -+-10111| ok p=1
Q1:	|-.-0.+.. -.+-+.+1 +1...10+ 0-0.-.-.| ok p=0.483398
Q2:	|010101.. -.+....- -0...-0- 1+0.+.-.| ok p=1
Q3:	|-.0.0-.. +.-00.1- 11...-.+ -0.^-.0.| ok p=1
Q4:	|-11.--.. 0.-....0 0....1.+ 0-.++.1.| ok p=1
Q5:	|1.0^0... +.-....- -....-.. 1-!1+.+.| ok p=1
Q6:	|0.0-11.. 0.-.1..0 0..0!+.1 -..0..+.| ok p=1
Q7:	|..-11... -.1.1..1 1..0.-.0 01..0...| ok p=1
Q8:	|!.0++... 1.+^-..+ ...+.-.1 1..10.1.| ok p=1
Q9:	|..11+... 0.-.-..- ...-...+ ...00...| ok p=1
Q10:	|!0.++1.. ..-11.1- 0..+.01+ 1.0-+.10| ok p=1
Q11:	|.1.1+0.1 ..101.1- 1..0..10 101--^01| ok p=1
Q12:	|^+^0+-^0 .^0+-.++ 0..01^-1 -1+01+++| ok p=1
Q13:	|----+1-+ .+---0++ +.1.1+-- +-+-+00+| ok p=1
Q14:	|11100100 ^111.1.- 1.1.+0.1 0101+10+| ok p=1
Q15:	|1001-.01 +01-1+1+ +.-.+010 10+00.-.| ok p=0.681641
Q16:	|..0+..0. +..-...0 ..0.-.0. ..1.1.-^| ok p=0.880859
Q17:	|..1.^.1. 0..1.^.0 ^.+.+.1. ..-...01| ok p=0.851562
Q18:	|..-^..-. 1..+...1 ....-.+. ..-...10| ok p=0.793945
Q19:	|........ ...+.0.- ..^.-... .0+....+| ok p=1
Q20:	|.0^...^. ...001.. .0..1.^. .1+..0..| ok p=1
Q21:	|.1....0. ...11+.^ .1..1... .+0..1.^| ok p=0.634766
Q22:	|.+....1. ....-... .-...... ..0..-..| ok p=0.744141
Q23:	|......-. 0....^.. ....0... .^......| ok p=0.986328
Q24:	|.^.0.... 1...^... .^..1... 0....^..| ok p=0.99707
Q25:	|......^. +....... ....+... 1.......| ok p=0.701172
Q26:	|..0-.... .......0 ........ +.......| ok p=0.981445
Q27:	|..1-.... ^......1 ....^... ........| ok p=0.945312
Q28:	|..-+.... .......- ........ ^.......| ok p=0.944336
Q29:	|...0.... .......0 ........ ........| ok p=1
Q30:	|..^1.... .......+ ........ ........| ok p=1
Q31:	|........ .......+ ........ ........| ok p=0.933594
Q32:	|........ ........ ........ ........| ok p=1
Q33:	|........ .......! ........ ........| ok p=1
Q34:	|........ ........ ........ ........| ok p=1
Q35:	|........ ........ ........ ........| ok p=1
Q36:	|........ ........ ........ ........| ok p=1
Q37:	|........ ........ ........ ........| ok p=1
Q38:	|........ ........ ........ ........| ok p=1
Q39:	|........ ........ ........ ........| ok p=1
Q40:	|........ ........ ........ ........| ok p=1
Q41:	|........ ........ ........ ........| ok p=1
Q42:	|........ ........ ........ ........| ok p=1
Q43:	|........ ........ ........ ........| ok p=1
Q44:	|........ ........ ........ ........| ok p=1
Q45:	|........ ........ ........ ........| ok p=1
Q46:	|........ ........ ........ ........| ok p=1
Q47:	|........ ........ ........ ........| ok p=1
Q48:	|........ ........ ........ ........| ok p=1
Q49:	|........ ........ ........ ........| ok p=1
Q50:	|........ ........ ........ ........| ok p=1
Q51:	|........ ........ ........ ........| ok p=1
Q52:	|........ ........ ........ ........| ok p=1
Q53:	|........ ........ ........ ........| ok p=1
Q54:	|........ ........ ........ ........| ok p=1
Q55:	|........ ........ ........ ........| ok p=1
Q56:	|........ ........ ........ ........| ok p=1
Q57:	|........ ........ ........ ........| ok p=1
Q58:	|........ ........ ........ ........| ok p=1
Q59:	|........ ........ ........ ........| ok p=1
Q60:	|.....0.. ........ ........ ........| ok p=1
Q61:	|.....1.. ........ ........ ........| ok p=0.987305
Q62:	|.....-.. ........ ........ ........| ok p=1
Q63:	|.....-.. ........ ........ ........| ok p=1
Q64:	|.....-.. ........ ........ ........|
Best path: totcompl=-20 tottunnel=39, totcond=547, p=0.050615
**Best paths: 2
Q-3:	|11000100 01110100 11001101 01110010|
Q-2:	|1+-0--00 +0000111 +-1100+- -1101110|
Q-1:	|00+-+-00 +000000+ --100011 +1100110|
Q0:	|10+1+-10 +00-+1+0 010100+- -+-10111| ok p=1
Q1:	|-.-0.+.. -.+-+.+1 +1...10+ 0-0.-.-.| ok p=0.387695
Q2:	|010.01.. -.+....- -1...-0- 1+0.+.-.| ok p=1
Q3:	|-00^.-.. +.-00.1- 00...-.+ -00.-...| ok p=1
Q4:	|-.1-.+.. 0.-...0. 1.^..1.+ 11+.-.1.| ok p=1
Q5:	|1^.0^0.. +.+...-1 ..+..-.. 100.+.0.| ok p=1
Q6:	|01.1+1.. 0.+...+. ..0.!+.0 1-0.1.0.| ok p=1
Q7:	|01!11-.. 0.-1..+. ..1..-.. +0..0.-.| ok p=1
Q8:	|0+^.0+.. ..00..1. ..+..-.. +1....-.| ok p=1
Q9:	|-0+..+.. ..+...-0 1.+..... -0......| ok p=1
Q10:	|0-0..+.. ..+0..+0 1..00101 11.1.111| ok p=1
Q11:	|101.1-.. 1^+1.00- -0010011 00.0.011| ok p=1
Q12:	|00010-.. 0-1-.100 +10+--++ 0+1+1-++| ok p=1
Q13:	|---0--.0 -1+-.-.- 0+0----- +111010+| ok p=1
Q14:	|010-10.1 0101.1.0 10-0+.01 1111+11+| ok p=1
Q15:	|11101-.- 0.0-.1.+ .++1+000 1.+.1.-0| ok p=0.954102
Q16:	|..0+..1. +..-...1 ..0.-.0. ..1.1.-0| ok p=0.888672
Q17:	|..1..^1^ ...1...0 .^+.+.1. ..-...0.| ok p=0.881836
Q18:	|..-^..-. ^..+...1 ....-.+. ..-...1+| ok p=0.771484
Q19:	|........ ...+.0.- ..^.-... .0+....+| ok p=1
Q20:	|.0^...^. ...001.. .0..1.^. .1+..0.1| ok p=1
Q21:	|.1....0. ...11+.^ .1..1... .+0..1.0| ok p=0.621094
Q22:	|.+....1. ....-... .-...... ..0..-..| ok p=0.722656
Q23:	|......-. 0....^.. ....0... .^......| ok p=0.986328
Q24:	|.^.0.... 1...^... .^..1... 0....^..| ok p=0.993164
Q25:	|......^. +....... ....+... 1.......| ok p=0.699219
Q26:	|..0-.... .......0 ........ +.......| ok p=0.977539
Q27:	|..1-.... ^......1 ....^... ........| ok p=0.938477
Q28:	|..-+.... .......- ........ ^.......| ok p=0.9375
Q29:	|...0.... .......0 ........ ........| ok p=1
Q30:	|..^1.... .......+ ........ ........| ok p=1
Q31:	|........ .......+ ........ ........| ok p=0.923828
Q32:	|........ ........ ........ ........| ok p=1
Q33:	|........ .......! ........ ........| ok p=1
Q34:	|........ ........ ........ ........| ok p=1
Q35:	|........ ........ ........ ........| ok p=1
Q36:	|........ ........ ........ ........| ok p=1
Q37:	|........ ........ ........ ........| ok p=1
Q38:	|........ ........ ........ ........| ok p=1
Q39:	|........ ........ ........ ........| ok p=1
Q40:	|........ ........ ........ ........| ok p=1
Q41:	|........ ........ ........ ........| ok p=1
Q42:	|........ ........ ........ ........| ok p=1
Q43:	|........ ........ ........ ........| ok p=1
Q44:	|........ ........ ........ ........| ok p=1
Q45:	|........ ........ ........ ........| ok p=1
Q46:	|........ ........ ........ ........| ok p=1
Q47:	|........ ........ ........ ........| ok p=1
Q48:	|........ ........ ........ ........| ok p=1
Q49:	|........ ........ ........ ........| ok p=1
Q50:	|........ ........ ........ ........| ok p=1
Q51:	|........ ........ ........ ........| ok p=1
Q52:	|........ ........ ........ ........| ok p=1
Q53:	|........ ........ ........ ........| ok p=1
Q54:	|........ ........ ........ ........| ok p=1
Q55:	|........ ........ ........ ........| ok p=1
Q56:	|........ ........ ........ ........| ok p=1
Q57:	|........ ........ ........ ........| ok p=1
Q58:	|........ ........ ........ ........| ok p=1
Q59:	|........ ........ ........ ........| ok p=1
Q60:	|.....0.. ........ ........ ........| ok p=1
Q61:	|.....1.. ........ ........ ........| ok p=0.983398
Q62:	|.....-.. ........ ........ ........| ok p=1
Q63:	|.....-.. ........ ........ ........| ok p=1
Q64:	|.....-.. ........ ........ ........|
Best path: totcompl=-18 tottunnel=41, totcond=547, p=0.0631622
Q-3:	|11000100 01110100 11001101 01110010|
Q-2:	|1+-0--00 +0000111 +-1100+- -1101110|
Q-1:	|00+-+-00 +000000+ --100011 +1100110|
Q0:	|10+1+-10 +00-+1+0 010100+- -+-10111| ok p=1
Q1:	|-.-0.+.. -.+-+.+1 +1...10+ 0-0.-.-.| ok p=0.428711
Q2:	|010.01.. -.+....- -1...-0- 1+0.+.-.| ok p=1
Q3:	|-00^.-.. +.-00.1- 00...-.+ -00.-...| ok p=1
Q4:	|-1.-.+.. 0.-...0. 1.^..1.+ 11+.-.1.| ok p=1
Q5:	|10.0^0.. +.+...-1 ..+..-.. 100.+.0.| ok p=1
Q6:	|01.1+1.. 0.+...+. ..0.!+.0 1-0.1.0.| ok p=1
Q7:	|01!.1-.. 0.-1..+. ..1..-.. +0..0.-.| ok p=1
Q8:	|0+^^0+.. ..00..1. ..+..-.. +1....-.| ok p=1
Q9:	|-0+..+.. ..+...-0 1.+..... -0......| ok p=1
Q10:	|0-0..+.. ..+0..+0 1..00101 11.1.111| ok p=1
Q11:	|101.1-.. 1^+1.00- -0010011 00.0.011| ok p=1
Q12:	|00010-.. 0-1-.100 +10+--++ +-.+1-++| ok p=1
Q13:	|---0--.0 -1+-.-.- 0+0----- +111010+| ok p=1
Q14:	|010-10.1 0101.1.0 10-0+.01 .111+11+| ok p=1
Q15:	|11101-.- 0.0-.1.+ .++1+000 1.+.1.-0| ok p=0.942383
Q16:	|..0+..1. +..-...1 ..0.-.0. ..1.1.-0| ok p=0.868164
Q17:	|..1..^1^ ...1...0 .^+.+.1. ..-...0.| ok p=0.878906
Q18:	|..-^..-. ^..+...1 ....-.+. ..-...1+| ok p=0.758789
Q19:	|........ ...+.0.- ..^.-... .0+....+| ok p=0.99707
Q20:	|.0^...^. ...001.. .0..1.^. .1+..0.1| ok p=1
Q21:	|.1....0. ...11+.^ .1..1... .+0..1.0| ok p=0.631836
Q22:	|.+....1. ....-... .-...... ..0..-..| ok p=0.75
Q23:	|......-. 0....^.. ....0... .^......| ok p=0.980469
Q24:	|.^.0.... 1...^... .^..1... 0....^..| ok p=0.996094
Q25:	|......^. +....... ....+... 1.......| ok p=0.713867
Q26:	|..0-.... .......0 ........ +.......| ok p=0.989258
Q27:	|..1-.... ^......1 ....^... ........| ok p=0.929688
Q28:	|..-+.... .......- ........ ^.......| ok p=0.932617
Q29:	|...0.... .......0 ........ ........| ok p=1
Q30:	|..^1.... .......+ ........ ........| ok p=1
Q31:	|........ .......+ ........ ........| ok p=0.918945
Q32:	|........ ........ ........ ........| ok p=1
Q33:	|........ .......! ........ ........| ok p=1
Q34:	|........ ........ ........ ........| ok p=1
Q35:	|........ ........ ........ ........| ok p=1
Q36:	|........ ........ ........ ........| ok p=1
Q37:	|........ ........ ........ ........| ok p=1
Q38:	|........ ........ ........ ........| ok p=1
Q39:	|........ ........ ........ ........| ok p=1
Q40:	|........ ........ ........ ........| ok p=1
Q41:	|........ ........ ........ ........| ok p=1
Q42:	|........ ........ ........ ........| ok p=1
Q43:	|........ ........ ........ ........| ok p=1
Q44:	|........ ........ ........ ........| ok p=1
Q45:	|........ ........ ........ ........| ok p=1
Q46:	|........ ........ ........ ........| ok p=1
Q47:	|........ ........ ........ ........| ok p=1
Q48:	|........ ........ ........ ........| ok p=1
Q49:	|........ ........ ........ ........| ok p=1
Q50:	|........ ........ ........ ........| ok p=1
Q51:	|........ ........ ........ ........| ok p=1
Q52:	|........ ........ ........ ........| ok p=1
Q53:	|........ ........ ........ ........| ok p=1
Q54:	|........ ........ ........ ........| ok p=1
Q55:	|........ ........ ........ ........| ok p=1
Q56:	|........ ........ ........ ........| ok p=1
Q57:	|........ ........ ........ ........| ok p=1
Q58:	|........ ........ ........ ........| ok p=1
Q59:	|........ ........ ........ ........| ok p=1
Q60:	|.....0.. ........ ........ ........| ok p=1
Q61:	|.....1.. ........ ........ ........| ok p=0.987305
Q62:	|.....-.. ........ ........ ........| ok p=1
Q63:	|.....-.. ........ ........ ........| ok p=1
Q64:	|.....-.. ........ ........ ........|
Best path: totcompl=-17 tottunnel=42, totcond=545, p=0.0617764
Q-3:	|11000100 01110100 11001101 01110010|
Q-2:	|1+-0--00 +0000111 +-1100+- -1101110|
Q-1:	|00+-+-00 +000000+ --100011 +1100110|
Q0:	|10+1+-10 +00-+1+0 010100+- -+-10111| ok p=1
Q1:	|-.-0.+.. -.+-+.+1 +1...10+ 0-0.-.-.| ok p=0.379883
Q2:	|010.01.. -.+....- -1...-0- 1+0.+.-.| ok p=1
Q3:	|-00^.-.. +.-00.1- 00...-.+ -00.-...| ok p=1
Q4:	|-11-.+.. 0.-...0. 1.^..1.+ 11+.-.1.| ok p=1
Q5:	|1..0^0.. +.+...-1 ..+..-.. 100.+.0.| ok p=1
Q6:	|01.1+1.. 0.+...+. ..0.!+.0 1-0.1.0.| ok p=1
Q7:	|11.11-.. 0.-1..+. ..1..-.. +0..0.-.| ok p=1
Q8:	|1+^.0+.. ..00..1. ..+..-.. +1....-.| ok p=1
Q9:	|+0+..+.. ..+...-0 1.+..... -0......| ok p=1
Q10:	|0-0..+.. ..+0..+0 1..00101 11.1.111| ok p=1
Q11:	|101.1-.. 1^+1.00- -0010011 00.0.011| ok p=1
Q12:	|00010-.. 0-1-.100 +11+--++ +-.+1-++| ok p=1
Q13:	|---0--.0 -1+-.-.- 0+0----- +111010+| ok p=1
Q14:	|010-10.1 0101.1.0 10-1+.01 .111+11+| ok p=1
Q15:	|11101-.- 0.0-.1.+ .++1+000 1.+.1.-0| ok p=0.96582
Q16:	|..0+..1. +..-...1 ..0.-.0. ..1.1.-0| ok p=0.870117
Q17:	|..1..^1^ ...1...0 .^+.+.1. ..-...0.| ok p=0.881836
Q18:	|..-^..-. ^..+...1 ....-.+. ..-...1+| ok p=0.768555
Q19:	|........ ...+.0.- ..^.-... .0+....+| ok p=0.998047
Q20:	|.0^...^. ...001.. .0..1.^. .1+..0.1| ok p=1
Q21:	|.1....0. ...11+.^ .1..1... .+0..1.0| ok p=0.612305
Q22:	|.+....1. ....-... .-...... ..0..-..| ok p=0.701172
Q23:	|......-. 0....^.. ....0... .^......| ok p=0.987305
Q24:	|.^.0.... 1...^... .^..1... 0....^..| ok p=0.996094
Q25:	|......^. +....... ....+... 1.......| ok p=0.697266
Q26:	|..0-.... .......0 ........ +.......| ok p=0.980469
Q27:	|..1-.... ^......1 ....^... ........| ok p=0.933594
Q28:	|..-+.... .......- ........ ^.......| ok p=0.9375
Q29:	|...0.... .......0 ........ ........| ok p=1
Q30:	|..^1.... .......+ ........ ........| ok p=1
Q31:	|........ .......+ ........ ........| ok p=0.943359
Q32:	|........ ........ ........ ........| ok p=1
Q33:	|........ .......! ........ ........| ok p=1
Q34:	|........ ........ ........ ........| ok p=1
Q35:	|........ ........ ........ ........| ok p=1
Q36:	|........ ........ ........ ........| ok p=1
Q37:	|........ ........ ........ ........| ok p=1
Q38:	|........ ........ ........ ........| ok p=1
Q39:	|........ ........ ........ ........| ok p=1
Q40:	|........ ........ ........ ........| ok p=1
Q41:	|........ ........ ........ ........| ok p=1
Q42:	|........ ........ ........ ........| ok p=1
Q43:	|........ ........ ........ ........| ok p=1
Q44:	|........ ........ ........ ........| ok p=1
Q45:	|........ ........ ........ ........| ok p=1
Q46:	|........ ........ ........ ........| ok p=1
Q47:	|........ ........ ........ ........| ok p=1
Q48:	|........ ........ ........ ........| ok p=1
Q49:	|........ ........ ........ ........| ok p=1
Q50:	|........ ........ ........ ........| ok p=1
Q51:	|........ ........ ........ ........| ok p=1
Q52:	|........ ........ ........ ........| ok p=1
Q53:	|........ ........ ........ ........| ok p=1
Q54:	|........ ........ ........ ........| ok p=1
Q55:	|........ ........ ........ ........| ok p=1
Q56:	|........ ........ ........ ........| ok p=1
Q57:	|........ ........ ........ ........| ok p=1
Q58:	|........ ........ ........ ........| ok p=1
Q59:	|........ ........ ........ ........| ok p=1
Q60:	|.....0.. ........ ........ ........| ok p=1
Q61:	|.....1.. ........ ........ ........| ok p=0.987305
Q62:	|.....-.. ........ ........ ........| ok p=1
Q63:	|.....-.. ........ ........ ........| ok p=1
Q64:	|.....-.. ........ ........ ........|
Best path: totcompl=-17 tottunnel=42, totcond=544, p=0.0560192
******