Extend MD5 differential paths forward
Copyright (C) 2009 Marc Stevens
http://homepages.cwi.nl/~stevens/

delta_m[11] = [!-16!]
Loading workdir2/lowerpath.bin.gz...done: 1.
Estimating maxcond for upper bound 8000000 (=2000000 * 4)...
t=1:  0%   10   20   30   40   50   60   70   80   90   100%
      |----|----|----|----|----|----|----|----|----|----|
e     ***************************************************
Found maxcond = 2176
t=1:  0%   10   20   30   40   50   60   70   80   90   100%
      |----|----|----|----|----|----|----|----|----|----|
      ***************************************************
Q-3:	|11000100 01110100 11001101 01110010|
Q-2:	|1+-0--00 +0000111 +-1100+- -1101110|
Q-1:	|00+-+-00 +000000+ --100011 +1100110|
Q0:	|10+1+-10 +00-+1+0 010100+- -+-10111| ok p=0.761719
Q1:	|.++1.+.. -..++.+1 +1....00 ++0.-.-.| ok p=0.447266
Q2:	|........ -.+...+. +....+.. .+..+..-|
Saving 79872 paths...done.
Autobalance parameters: maxcond=2176
Verified: 0 bad out of 79872
Estimating maxcond for upper bound 8000000 (=2000000 * 4)...
t=2:  0%   10   20   30   40   50   60   70   80   90   100%
      |----|----|----|----|----|----|----|----|----|----|
e     ***************************************************
Found maxcond = 165
t=2:  0%   10   20   30   40   50   60   70   80   90   100%
      |----|----|----|----|----|----|----|----|----|----|
      ***************************************************
Q-3:	|11000100 01110100 11001101 01110010|
Q-2:	|1+-0--00 +0000111 +-1100+- -1101110|
Q-1:	|00+-+-00 +000000+ --100011 +1100110|
Q0:	|10+1+-10 +00-+1+0 010100+- -+-10111| ok p=0.210938
Q1:	|.++0.+.. -.+-+.+1 +1....00 ++1.-.-.| ok p=0.517578
Q2:	|.0..11.. -.+..... +.....++ 1+1.+.-.| ok p=0.399414
Q3:	|+....... ..+....+ ...-.+.. +....-..|
Saving 2000000 paths...done.
Autobalance parameters: maxcond=164
Verified: 75641 bad out of 2482438
Estimating maxcond for upper bound 8000000 (=2000000 * 4)...
t=3:  0%   10   20   30   40   50   60   70   80   90   100%
      |----|----|----|----|----|----|----|----|----|----|
e     ***************************************************
Found maxcond = 179
t=3:  0%   10   20   30   40   50   60   70   80   90   100%
      |----|----|----|----|----|----|----|----|----|----|
      ***************************************************
Q-3:	|11000100 01110100 11001101 01110010|
Q-2:	|1+-0--00 +0000111 +-1100+- -1101110|
Q-1:	|00+-+-00 +000000+ --100011 +1100110|
Q0:	|10+1+-10 +00-+1+0 010100+- -+-10111| ok p=0.246094
Q1:	|+.-1.+.. .---+.+1 +1...000 ++1.-V-.| ok p=0.297852
Q2:	|1.0.01.. 1--..... +....-10 1+1.+.-.| ok p=0.581055
Q3:	|+.1..1.. ..+11.1. .....-.. +...1-..| ok p=0.381836
Q4:	|..-.-.+. -...+..+ .....+.- ..+..-.-|
Saving 2000000 paths...done.
Autobalance parameters: maxcond=178
Verified: 96613 bad out of 2914802
Estimating maxcond for upper bound 8000000 (=2000000 * 4)...
t=4:  0%   10   20   30   40   50   60   70   80   90   100%
      |----|----|----|----|----|----|----|----|----|----|
e     ***************************************************
Found maxcond = 194
t=4:  0%   10   20   30   40   50   60   70   80   90   100%
      |----|----|----|----|----|----|----|----|----|----|
      ***************************************************
Q-3:	|11000100 01110100 11001101 01110010|
Q-2:	|1+-0--00 +0000111 +-1100+- -1101110|
Q-1:	|00+-+-00 +000000+ --100011 +1100110|
Q0:	|10+1+-10 +00-+1+0 010100+- -+-10111| ok p=0.523438
Q1:	|+.-0.+.. -.+-+.+1 +1...10+ 0-0.-.-.| ok p=0.214844
Q2:	|0.1.01.V -.+....- -....-0- +-1.+.-.| ok p=0.736328
Q3:	|-.0.0-.. -.+00.1- -....-.0 +...-...| ok p=0.171875
Q4:	|0...--.- ........ -......+ .1..-.1.| ok p=0.398438
Q5:	|+..+.... -.....-. -.+..-.. ..+.+.+.|
Saving 2000000 paths...done.
Autobalance parameters: maxcond=193
Verified: 63969 bad out of 2614458
Estimating maxcond for upper bound 8000000 (=2000000 * 4)...
t=5:  0%   10   20   30   40   50   60   70   80   90   100%
      |----|----|----|----|----|----|----|----|----|----|
e     ***************************************************
Found maxcond = 208
t=5:  0%   10   20   30   40   50   60   70   80   90   100%
      |----|----|----|----|----|----|----|----|----|----|
      ***************************************************
Q-3:	|11000100 01110100 11001101 01110010|
Q-2:	|1+-0--00 +0000111 +-1100+- -1101110|
Q-1:	|00+-+-00 +000000+ --100011 +1100110|
Q0:	|10+1+-10 +00-+1+0 010100+- -+-10111| ok p=0.493164
Q1:	|V++0.+.. -.+-+.+1 +0....0+ 0-0.-.-.| ok p=0.49707
Q2:	|.1.10-.V -.+....- -.....++ +-1.+.-.| ok p=0.262695
Q3:	|-000.-.. -.+11.10 -.....-- -...-...| ok p=0.495117
Q4:	|1-.+.+.- .......1 +.....++ 10..-.0.| ok p=0.258789
Q5:	|+0.-.1.0 1.1..... +.....-- 1.......| ok p=0.802734
Q6:	|+.-.-... .+.-.+.. +.-..-.+ ....-.+.|
Saving 2000000 paths...done.
Autobalance parameters: maxcond=207
Verified: 93390 bad out of 3489940
Estimating maxcond for upper bound 8000000 (=2000000 * 4)...
t=6:  0%   10   20   30   40   50   60   70   80   90   100%
      |----|----|----|----|----|----|----|----|----|----|
e     ***************************************************
Found maxcond = 223
t=6:  0%   10   20   30   40   50   60   70   80   90   100%
      |----|----|----|----|----|----|----|----|----|----|
      ***************************************************
Q-3:	|11000100 01110100 11001101 01110010|
Q-2:	|1+-0--00 +0000111 +-1100+- -1101110|
Q-1:	|00+-+-00 +000000+ --100011 +1100110|
Q0:	|10+1+-10 +00-+1+0 010100+- -+-10111| ok p=1
Q1:	|-.-0.+.. -.+-+.+1 +1...10+ 0-0.-.-.| ok p=0.28125
Q2:	|0.0V01.. -.+....- -....-0- 1+0V+.-.| ok p=0.268555
Q3:	|-.0..-.. +.-00.1- 1....-.+ -0..-...| ok p=0.917969
Q4:	|-..-.+.. 0.-....0 0.V..1.+ 0-.++.1.| ok p=0.392578
Q5:	|...0.0.. +.-....- -....-.. 1-.1+...| ok p=0.481445
Q6:	|1..-.1.. 0.-....0 0.-..+.1 -..1....| ok p=0.739258
Q7:	|..-..... -.-....+ ..-..-.. ......-.|
Saving 2000000 paths...done.
Autobalance parameters: maxcond=222
Verified: 8792 bad out of 3077704
Estimating maxcond for upper bound 8000000 (=2000000 * 4)...
t=7:  0%   10   20   30   40   50   60   70   80   90   100%
      |----|----|----|----|----|----|----|----|----|----|
e     ***************************************************
Found maxcond = 236
t=7:  0%   10   20   30   40   50   60   70   80   90   100%
      |----|----|----|----|----|----|----|----|----|----|
      ***************************************************
Q-3:	|11000100 01110100 11001101 01110010|
Q-2:	|1+-0--00 +0000111 +-1100+- -1101110|
Q-1:	|00+-+-00 +000000+ --100011 +1100110|
Q0:	|10+1+-10 +00-+1+0 010100+- -+-10111| ok p=0.488281
Q1:	|+.-0.+.. -.+-+.+1 +1...10+ 0-0.-.-.| ok p=0.216797
Q2:	|0.1001.V -.+....- -....-0- +-0.+.-.| ok p=0.231445
Q3:	|+.01.-.. -.-10.1- -....-.1 +.V.-...| ok p=0.921875
Q4:	|+..-.+.- 1.-...0. -.V..+.+ 10..-.0.| ok p=0.451172
Q5:	|...1.0.1 -.-...-1 ..1..1.- 1.-..V..| ok p=0.619141
Q6:	|0..1.0.1 -.-...+. 0.-..+.+ +.1.0...| ok p=0.987305
Q7:	|........ ......+. ..-..+.1 0.1..-..| ok p=0.298828
Q8:	|+.....-. ..+...-. +..-.+.. ..-..-.+|
Saving 2000000 paths...done.
Autobalance parameters: maxcond=235
Verified: 171618 bad out of 3452152
Estimating maxcond for upper bound 8000000 (=2000000 * 4)...
t=8:  0%   10   20   30   40   50   60   70   80   90   100%
      |----|----|----|----|----|----|----|----|----|----|
e     ***************************************************
Found maxcond = 248
t=8:  0%   10   20   30   40   50   60   70   80   90   100%
      |----|----|----|----|----|----|----|----|----|----|
      ***************************************************
Q-3:	|11000100 01110100 11001101 01110010|
Q-2:	|1+-0--00 +0000111 +-1100+- -1101110|
Q-1:	|00+-+-00 +000000+ --100011 +1100110|
Q0:	|10+1+-10 +00-+1+0 010100+- -+-10111| ok p=1
Q1:	|-.-0.+.. -.+-+.+1 +1...10+ 0-0.-.-.| ok p=0.280273
Q2:	|0.0.01.. -.+....- -....-0- 1+0V+.-.| ok p=0.3125
Q3:	|-.0.0-.. +.-00.1- 1....-.+ -0..-.0.| ok p=0.891602
Q4:	|-.V.--.. 0.-....0 1....1.+ 0-.++.1.| ok p=0.444336
Q5:	|..1.1... +.+....- -....-.1 1-.1+.+.| ok p=0.481445
Q6:	|0.-.+1.. 0V+....0 0....+.- .1.1..+.| ok p=0.871094
Q7:	|..-.-... +.+....1 1....-.0 .-..1...| ok p=0.432617
Q8:	|....0... --.....- .....-.1 .-....1.| ok p=0.510742
Q9:	|+.-...-. .....-.+ ..-....+ .-.-.+..|
Saving 2000000 paths...done.
Autobalance parameters: maxcond=247
Verified: 4734 bad out of 2350189
Estimating maxcond for upper bound 8000000 (=2000000 * 4)...
t=9:  0%   10   20   30   40   50   60   70   80   90   100%
      |----|----|----|----|----|----|----|----|----|----|
e     ***************************************************
Found maxcond = 260
t=9:  0%   10   20   30   40   50   60   70   80   90   100%
      |----|----|----|----|----|----|----|----|----|----|
      ***************************************************
Q-3:	|11000100 01110100 11001101 01110010|
Q-2:	|1+-0--00 +0000111 +-1100+- -1101110|
Q-1:	|00+-+-00 +000000+ --100011 +1100110|
Q0:	|10+1+-10 +00-+1+0 010100+- -+-10111| ok p=1
Q1:	|-.-0.+.. -.+-+.+1 +1...10+ 0-0.-.-.| ok p=0.280273
Q2:	|0.0V01.. -.+....- -....-0- 1+0.+.-.| ok p=0.251953
Q3:	|-.0..-.. +.-00.1- 0.V..-.+ -00.-...| ok p=0.931641
Q4:	|-..-V+.. 0.-...0. 0....0.+ 11+.-.1.| ok p=0.516602
Q5:	|...0.0.. +.-...-1 ..+..-.. 100.+.V.| ok p=0.501953
Q6:	|0V.1+1.. 0.+...+. ..0..+.0 .-1.0.1.| ok p=0.974609
Q7:	|.1..1+.. -.1...+. ..1..-.. .+..0.-.| ok p=0.370117
Q8:	|.+..++.. -.-...+. ..+..-.. .+....-.| ok p=0.831055
Q9:	|.+..0-.. -.0..... ..+..... .+....+.| ok p=0.703125
Q10:	|+....-.. -....... .......+ .....-..|
Saving 2000000 paths...done.
Autobalance parameters: maxcond=259
Verified: 56979 bad out of 2191584
Estimating maxcond for upper bound 8000000 (=2000000 * 4)...
t=10: 0%   10   20   30   40   50   60   70   80   90   100%
      |----|----|----|----|----|----|----|----|----|----|
e     ***************************************************
Found maxcond = 271
t=10: 0%   10   20   30   40   50   60   70   80   90   100%
      |----|----|----|----|----|----|----|----|----|----|
      ***************************************************
Q-3:	|11000100 01110100 11001101 01110010|
Q-2:	|1+-0--00 +0000111 +-1100+- -1101110|
Q-1:	|00+-+-00 +000000+ --100011 +1100110|
Q0:	|10+1+-10 +00-+1+0 010100+- -+-10111| ok p=1
Q1:	|-.-0.+.. -.+-+.+1 +1...10+ 0-0.-.-.| ok p=0.291016
Q2:	|0.0V01.. -.+....- -....-0- 1+0.+.-.| ok p=0.240234
Q3:	|-.0..-.. +.-00.1- 0.V..-.+ -00.-...| ok p=0.93457
Q4:	|-..-V+.. 0.-...0. 1....1.+ 11+.-.1.| ok p=0.500977
Q5:	|...0.0.. +.+...-1 ..+..-.. 100.+.V.| ok p=0.466797
Q6:	|0V.1+1.. 0.+...+. ..0..+.0 1-0.1.0.| ok p=0.896484
Q7:	|V...1-.. 0.-...+. ..1..-.. +0..0.-.| ok p=0.237305
Q8:	|.+..0+.. ..1...0. ..+..-.. +1....-.| ok p=0.775391
Q9:	|+0...+.. ..+...-. ..+..... -.....1.| ok p=0.975586
Q10:	|0-...+.. ..+...+. .....1.. 0.....+.| ok p=0.558594
Q11:	|......-. ..+...-. +....... .-..+.-.|
Saving 2000000 paths...done.
Autobalance parameters: maxcond=270
Verified: 26255 bad out of 3190349
Runtime: 177.707
Extend MD5 differential paths forward
Copyright (C) 2009 Marc Stevens
http://homepages.cwi.nl/~stevens/

delta_m[11] = [!-16!]
Loading workdir2/paths10_0of1...done: 2000000 (work:2000000).
Estimating maxcond for upper bound 2000000 (=500000 * 4)...
t=11: 0%   10   20   30   40   50   60   70   80   90   100%
      |----|----|----|----|----|----|----|----|----|----|
e     ***************************************************
Found maxcond = 280
t=11: 0%   10   20   30   40   50   60   70   80   90   100%
      |----|----|----|----|----|----|----|----|----|----|
      ***************************************************
Q-3:	|11000100 01110100 11001101 01110010|
Q-2:	|1+-0--00 +0000111 +-1100+- -1101110|
Q-1:	|00+-+-00 +000000+ --100011 +1100110|
Q0:	|10+1+-10 +00-+1+0 010100+- -+-10111| ok p=1
Q1:	|-.-0.+.. -.+-+.+1 +1...10+ 0-0.-.-.| ok p=0.268555
Q2:	|0.0V01.. -.+....- -....-0- 1+0.+.-.| ok p=0.237305
Q3:	|-.0..-.. +.-00.1- 0.V..-.+ -00.-...| ok p=0.933594
Q4:	|-..-V+.. 0.-...0. 1....1.+ 11+.-.1.| ok p=0.501953
Q5:	|...0.0.. +.+...-1 ..+..-.. 100.+.V.| ok p=0.513672
Q6:	|0V.1+1.. 0.+...+. ..0..+.0 1-0.1.0.| ok p=0.865234
Q7:	|.0V.1-.. 0.-...+. ..1..-.. +0..0.-.| ok p=0.298828
Q8:	|.+..0+.. ..0...1. ..+..-.. +1....-.| ok p=0.511719
Q9:	|.--..+.. ..+...-. ..+..... -.......| ok p=0.734375
Q10:	|.-0..+.. ..+...+. .....1.. 1.....1.| ok p=0.743164
Q11:	|..1..-.. ..+...-. ..1..... 1.......| ok p=0.818359
Q12:	|..+..-.. -.+..... ....+... .-..+..-|
Saving 500000 paths...done.
Autobalance parameters: maxcond=278
Verified: 20636 bad out of 885413
Runtime: 15.8473
