MD5 differential path toolbox
Copyright (C) 2009 Marc Stevens
http://homepages.cwi.nl/~stevens/

IHV1   = {3295989106,2517914039,335602534,2886169070}
IHV1   = 72cd74c4b751149666e30014ee7107ac

IHV2   = {3295989106,3129889367,679551974,3230118510}
IHV2   = 72cd74c457528ebae62381286eb287c0

dIHV   = {0,611975328,343949440,343949440}
NC0: delta c = delta d = [!-7!]
NC0: delta b           = [!-7,-28!]
NC1: delta c = delta d = [!-14!]
NC1: delta b           = [!-5,-14!]
NC2: delta c = delta d = [!-23!]
NC2: delta b           = [!14,-23!]
NC3: delta c = delta d = [!-26!]
NC3: delta b           = [!-26!]
NC4: delta c = delta d = [!-28!]
NC4: delta b           = [!-17,19,-28!]
NC0: prob=-6.1064
NC1: prob=-7.94209
NC2: prob=-7.65158
NC3: prob=-3.51361
NC4: prob=-6.48256
delta m_11 = [!-16!]
Q-3:	|11000100 01110100 11001101 01110010|
Q-2:	|1+-0--00 +0000111 +-1100+- -1101110|
Q-1:	|00+-+-00 +000000+ --100011 +1100110|
Q0:	|10+1+-10 +00-+1+0 010100+- -+-10111| ok p=0.499023
Q1:	|+.-..+.. -.+.-.+. +......+ .-..-.-.|
Saved lower diff. path to 'workdir2/lowerpath.bin.gz'.

Q32:	|........ ........ ........ ........|
Q33:	|........ ........ ........ ........|
Q34:	|........ ........ ........ ........|
Q35:	|........ ........ ........ ........| ok p=1
Q36:	|........ ........ ........ ........| ok p=1
Q37:	|........ ........ ........ ........| ok p=1
Q38:	|........ ........ ........ ........| ok p=1
Q39:	|........ ........ ........ ........| ok p=1
Q40:	|........ ........ ........ ........| ok p=1
Q41:	|........ ........ ........ ........| ok p=1
Q42:	|........ ........ ........ ........| ok p=1
Q43:	|........ ........ ........ ........| ok p=1
Q44:	|........ ........ ........ ........| ok p=1
Q45:	|........ ........ ........ ........| ok p=1
Q46:	|........ ........ ........ ........| ok p=1
Q47:	|........ ........ ........ ........| ok p=1
Q48:	|........ ........ ........ ........| ok p=1
Q49:	|........ ........ ........ ........| ok p=1
Q50:	|........ ........ ........ ........| ok p=1
Q51:	|........ ........ ........ ........| ok p=1
Q52:	|........ ........ ........ ........| ok p=1
Q53:	|........ ........ ........ ........| ok p=1
Q54:	|........ ........ ........ ........| ok p=1
Q55:	|........ ........ ........ ........| ok p=1
Q56:	|........ ........ ........ ........| ok p=1
Q57:	|........ ........ ........ ........| ok p=1
Q58:	|........ ........ ........ ........| ok p=1
Q59:	|........ ........ ........ ........| ok p=1
Q60:	|.....0.. ........ ........ ........| ok p=1
Q61:	|.....1.. ........ ........ ........| ok p=0.990234
Q62:	|.....-.. ........ ........ ........| ok p=1
Q63:	|.....-.. ........ ........ ........| ok p=1
Q64:	|.....-.. ........ ........ ........|
Saved upper diff. path to 'workdir2/upperpath.bin.gz'.
Saved 'md5diffpathforward.cfg'.
Saved 'md5diffpathbackward.cfg'.
Saved 'md5diffpathconnect.cfg'.
Saved 'md5diffpathhelper.cfg'.
