MD5 differential path toolbox
Copyright (C) 2009 Marc Stevens
http://homepages.cwi.nl/~stevens/

delta_m[11] = [!-1!]
Q-3:	|00101110 01100110 11001101 11111010|
Q-2:	|01+0--0+ -1101000 +1---0+- -001-+00|
Q-1:	|111+1+00 +1100101 0++--100 +1100-10|
Q0:	|+--+-1-- -11-++-1 011+-001 ++--++01| ok p=1
Q1:	|+0+.1+1- 1.-010-+ .0+0.-.0 .++00+.-| ok p=0.485352
Q2:	|.100++00 1.+1++.+ 1.--1-.1 00++0+.-| ok p=1
Q3:	|1.1.-..- -.+.-+00 0.--...- .0.0.1.0| ok p=1
Q4:	|.!..-00- -1-.+1.1 ..0-.0.0 .+11.-.+| ok p=1
Q5:	|.!0.-.0. .0-.-+.. ..+....+ .11+^1.1| ok p=1
Q6:	|.^1...+1 1--.--.. ..+0...+ .+.0^-.-| ok p=1
Q7:	|!-0.0.+. .11.++.! .......- .-.1-+.-| ok p=1
Q8:	|!1+...0. .+0.+1.. ^.0....- .-..10.-| ok p=1
Q9:	|!10...1. .++.+01. +.0.1..0 ..^^++..| ok p=1
Q10:	|..0!10+1 .++.+01. 0.+.1..1 .1+.+-.1| ok p=1
Q11:	|....0101 0-+.11-. 11-.+^0+ 111^++..| ok p=1
Q12:	|!1^0-+-- 11+^0++^ 00+.--1+ 001+0-.^| ok p=1
Q13:	|.0+10+-+ --++1-1- ---010-+ +--1--0-| ok p=1
Q14:	|.00+0..0 10-0-1+0 10-0011- 00001001| ok p=1
Q15:	|.-0+.111 1011-011 110-..00 01-.0+++| ok p=0.759766
Q16:	|.0.-.0.. ..0.1.-. .0+..0.+ ..-..+1.| ok p=0.823242
Q17:	|.+.1.1.. ....1.0. .1.^.1.. ..1..00^| ok p=0.606445
Q18:	|...-.+.. .0....0. .-^..-.^ ..+..11.| ok p=0.874023
Q19:	|.^.-.... 00....+. ........ ..+.0.-.| ok p=0.806641
Q20:	|0..0.^.. 0+..0... 0^...^.. ..001...| ok p=1
Q21:	|1..0.... +1..1.^. 1....0.. ..11+.^.| ok p=0.560547
Q22:	|-....... .0..-... +....1.. ...-....| ok p=0.466797
Q23:	|...0.... ^....... .....-.0 ....^...| ok p=0.999023
Q24:	|^..1...0 ....^... ^.0....1 ...^....| ok p=0.923828
Q25:	|...+...1 ........ .....^.+ ........| ok p=0.46582
Q26:	|.......+ ........ .0-..... ......0.| ok p=0.995117
Q27:	|...^.... ........ .1-....^ ......1.| ok p=1
Q28:	|.......^ ........ .-+..... ......-.| ok p=0.912109
Q29:	|........ ........ ..0..... ......0.| ok p=0.998047
Q30:	|........ ........ .^1..... ......+.| ok p=1
Q31:	|........ ........ ........ ......+.| ok p=1
Q32:	|........ ........ ........ ........| ok p=1
Q33:	|........ ........ ........ ......!.| ok p=1
Q34:	|........ ........ ........ ........| ok p=1
Q35:	|........ ........ ........ ........| ok p=1
Q36:	|........ ........ ........ ........| ok p=1
Q37:	|........ ........ ........ ........| ok p=1
Q38:	|........ ........ ........ ........| ok p=1
Q39:	|........ ........ ........ ........| ok p=1
Q40:	|........ ........ ........ ........| ok p=1
Q41:	|........ ........ ........ ........| ok p=1
Q42:	|........ ........ ........ ........| ok p=1
Q43:	|........ ........ ........ ........| ok p=1
Q44:	|........ ........ ........ ........| ok p=1
Q45:	|........ ........ ........ ........| ok p=1
Q46:	|........ ........ ........ ........| ok p=1
Q47:	|........ ........ ........ ........| ok p=1
Q48:	|........ ........ ........ ........| ok p=1
Q49:	|........ ........ ........ ........| ok p=1
Q50:	|........ ........ ........ ........| ok p=1
Q51:	|........ ........ ........ ........| ok p=1
Q52:	|........ ........ ........ ........| ok p=1
Q53:	|........ ........ ........ ........| ok p=1
Q54:	|........ ........ ........ ........| ok p=1
Q55:	|........ ........ ........ ........| ok p=1
Q56:	|........ ........ ........ ........| ok p=1
Q57:	|........ ........ ........ ........| ok p=1
Q58:	|........ ........ ........ ........| ok p=1
Q59:	|........ ........ ........ ........| ok p=1
Q60:	|........ ........ ....0... ........| ok p=1
Q61:	|........ ........ ....1... ........| ok p=1
Q62:	|........ ........ ....-... ........| ok p=1
Q63:	|........ ........ ....-... ........| ok p=1
Q64:	|........ ........ ....-... ........|
Starting...
20: Q5m5tunnel      = 4
20: Q4m5tunnel      = 0
20: Q14m6Q3m5tunnel = 1
21: Q10m10tunnel    = 4
21: Q9m10tunnel     = 4
22: Q8Q12m15tunnel  = 1
23: Q4m4tunnel      = 11
24: Q9m9tunnel      = 7
25: Q14Q3m14tunnel  = 0
.20: Q5m5tunnel      = 4
20: Q4m5tunnel      = 0
20: Q14m6Q3m5tunnel = 1
21: Q10m10tunnel    = 4
21: Q9m10tunnel     = 4
22: Q8Q12m15tunnel  = 1
23: Q4m4tunnel      = 11
24: Q9m9tunnel      = 7
25: Q14Q3m14tunnel  = 0
.20: Q5m5tunnel      = 4
20: Q4m5tunnel      = 0
20: Q14m6Q3m5tunnel = 1
21: Q10m10tunnel    = 4
21: Q9m10tunnel     = 4
22: Q8Q12m15tunnel  = 1
23: Q4m4tunnel      = 11
24: Q9m9tunnel      = 7
25: Q14Q3m14tunnel  = 0
.20: Q5m5tunnel      = 4
20: Q4m5tunnel      = 0
20: Q14m6Q3m5tunnel = 1
21: Q10m10tunnel    = 4
21: Q9m10tunnel     = 4
22: Q8Q12m15tunnel  = 1
23: Q4m4tunnel      = 11
24: Q9m9tunnel      = 7
25: Q14Q3m14tunnel  = 0
.20: Q5m5tunnel      = 4
20: Q4m5tunnel      = 0
20: Q14m6Q3m5tunnel = 1
21: Q10m10tunnel    = 4
21: Q9m10tunnel     = 4
22: Q8Q12m15tunnel  = 1
23: Q4m4tunnel      = 11
24: Q9m9tunnel      = 7
25: Q14Q3m14tunnel  = 0
.20: Q5m5tunnel      = 4
20: Q4m5tunnel      = 0
20: Q14m6Q3m5tunnel = 1
21: Q10m10tunnel    = 4
21: Q9m10tunnel     = 4
22: Q8Q12m15tunnel  = 1
23: Q4m4tunnel      = 11
24: Q9m9tunnel      = 7
25: Q14Q3m14tunnel  = 0
.20: Q5m5tunnel      = 4
20: Q4m5tunnel      = 0
20: Q14m6Q3m5tunnel = 1
21: Q10m10tunnel    = 4
21: Q9m10tunnel     = 4
22: Q8Q12m15tunnel  = 1
23: Q4m4tunnel      = 11
24: Q9m9tunnel      = 7
25: Q14Q3m14tunnel  = 0
.20: Q5m5tunnel      = 4
20: Q4m5tunnel      = 0
20: Q14m6Q3m5tunnel = 1
21: Q10m10tunnel    = 4
21: Q9m10tunnel     = 4
22: Q8Q12m15tunnel  = 1
23: Q4m4tunnel      = 11
24: Q9m9tunnel      = 7
25: Q14Q3m14tunnel  = 0
.1 0
2 0
4 0
8 0
16 0
32 0
64 0
128 0
256 0
512 0
1024 0
2048 0
4096 0
8192 0
9783 1
16384 1
32768 1
65536 1
131072 1
187635 2
211996 4
262144 7
287210 8
524288 10
20: Q5m5tunnel      = 4
20: Q4m5tunnel      = 0
20: Q14m6Q3m5tunnel = 1
21: Q10m10tunnel    = 4
21: Q9m10tunnel     = 4
22: Q8Q12m15tunnel  = 1
23: Q4m4tunnel      = 11
24: Q9m9tunnel      = 7
25: Q14Q3m14tunnel  = 0
.20: Q5m5tunnel      = 4
20: Q4m5tunnel      = 0
20: Q14m6Q3m5tunnel = 1
21: Q10m10tunnel    = 4
21: Q9m10tunnel     = 4
22: Q8Q12m15tunnel  = 1
23: Q4m4tunnel      = 11
24: Q9m9tunnel      = 7
25: Q14Q3m14tunnel  = 0
.20: Q5m5tunnel      = 4
20: Q4m5tunnel      = 0
20: Q14m6Q3m5tunnel = 1
21: Q10m10tunnel    = 4
21: Q9m10tunnel     = 4
22: Q8Q12m15tunnel  = 1
23: Q4m4tunnel      = 11
24: Q9m9tunnel      = 7
25: Q14Q3m14tunnel  = 0
.20: Q5m5tunnel      = 4
20: Q4m5tunnel      = 0
20: Q14m6Q3m5tunnel = 1
21: Q10m10tunnel    = 4
21: Q9m10tunnel     = 4
22: Q8Q12m15tunnel  = 1
23: Q4m4tunnel      = 11
24: Q9m9tunnel      = 7
25: Q14Q3m14tunnel  = 0
.20: Q5m5tunnel      = 4
20: Q4m5tunnel      = 0
20: Q14m6Q3m5tunnel = 1
21: Q10m10tunnel    = 4
21: Q9m10tunnel     = 4
22: Q8Q12m15tunnel  = 1
23: Q4m4tunnel      = 11
24: Q9m9tunnel      = 7
25: Q14Q3m14tunnel  = 0
.20: Q5m5tunnel      = 4
20: Q4m5tunnel      = 0
20: Q14m6Q3m5tunnel = 1
21: Q10m10tunnel    = 4
21: Q9m10tunnel     = 4
22: Q8Q12m15tunnel  = 1
23: Q4m4tunnel      = 11
24: Q9m9tunnel      = 7
25: Q14Q3m14tunnel  = 0
.771609 16
20: Q5m5tunnel      = 4
20: Q4m5tunnel      = 0
20: Q14m6Q3m5tunnel = 1
21: Q10m10tunnel    = 4
21: Q9m10tunnel     = 4
22: Q8Q12m15tunnel  = 1
23: Q4m4tunnel      = 11
24: Q9m9tunnel      = 7
25: Q14Q3m14tunnel  = 0
.1048576 22
20: Q5m5tunnel      = 4
20: Q4m5tunnel      = 0
20: Q14m6Q3m5tunnel = 1
21: Q10m10tunnel    = 4
21: Q9m10tunnel     = 4
22: Q8Q12m15tunnel  = 1
23: Q4m4tunnel      = 11
24: Q9m9tunnel      = 7
25: Q14Q3m14tunnel  = 0
.20: Q5m5tunnel      = 4
20: Q4m5tunnel      = 0
20: Q14m6Q3m5tunnel = 1
21: Q10m10tunnel    = 4
21: Q9m10tunnel     = 4
22: Q8Q12m15tunnel  = 1
23: Q4m4tunnel      = 11
24: Q9m9tunnel      = 7
25: Q14Q3m14tunnel  = 0
.20: Q5m5tunnel      = 4
20: Q4m5tunnel      = 0
20: Q14m6Q3m5tunnel = 1
21: Q10m10tunnel    = 4
21: Q9m10tunnel     = 4
22: Q8Q12m15tunnel  = 1
23: Q4m4tunnel      = 11
24: Q9m9tunnel      = 7
25: Q14Q3m14tunnel  = 0
.20: Q5m5tunnel      = 4
20: Q4m5tunnel      = 0
20: Q14m6Q3m5tunnel = 1
21: Q10m10tunnel    = 4
21: Q9m10tunnel     = 4
22: Q8Q12m15tunnel  = 1
23: Q4m4tunnel      = 11
24: Q9m9tunnel      = 7
25: Q14Q3m14tunnel  = 0
.20: Q5m5tunnel      = 4
20: Q4m5tunnel      = 0
20: Q14m6Q3m5tunnel = 1
21: Q10m10tunnel    = 4
21: Q9m10tunnel     = 4
22: Q8Q12m15tunnel  = 1
23: Q4m4tunnel      = 11
24: Q9m9tunnel      = 7
25: Q14Q3m14tunnel  = 0
.1676627 32
20: Q5m5tunnel      = 4
20: Q4m5tunnel      = 0
20: Q14m6Q3m5tunnel = 1
21: Q10m10tunnel    = 4
21: Q9m10tunnel     = 4
22: Q8Q12m15tunnel  = 1
23: Q4m4tunnel      = 11
24: Q9m9tunnel      = 7
25: Q14Q3m14tunnel  = 0
.20: Q5m5tunnel      = 4
20: Q4m5tunnel      = 0
20: Q14m6Q3m5tunnel = 1
21: Q10m10tunnel    = 4
21: Q9m10tunnel     = 4
22: Q8Q12m15tunnel  = 1
23: Q4m4tunnel      = 11
24: Q9m9tunnel      = 7
25: Q14Q3m14tunnel  = 0
.Block 1: workdir0/coll1_3893721128
2c 63 fd 32 12 01 8c e6 31 9d a7 7d 90 2d 3a 3e 
a0 d4 e6 37 12 d9 21 2c 05 7e 43 9d 56 c6 1d 0e 
32 81 77 05 49 e2 11 c4 51 6c 87 60 5f cc 20 23 
24 cc 98 e8 bc 7d d3 f9 d9 ae f4 10 68 a1 35 62 
Block 2: workdir0/coll2_3893721128
2c 63 fd 32 12 01 8c e6 31 9d a7 7d 90 2d 3a 3e 
a0 d4 e6 37 12 d9 21 2c 05 7e 43 9d 56 c6 1d 0e 
32 81 77 05 49 e2 11 c4 51 6c 87 60 5d cc 20 23 
24 cc 98 e8 bc 7d d3 f9 d9 ae f4 10 68 a1 35 62 
Found collision!
