MD5 differential path toolbox
Copyright (C) 2009 Marc Stevens
http://homepages.cwi.nl/~stevens/

delta_m[2] = [!8!]
Q-3:	|11101011 01001110 00111010 01111000|
Q-2:	|10001011 11001011 10001000 00100110|
Q-1:	|11001000 00000001 01000100 10010001|
Q0:	|11111011 10110010 00000111 10011010| ok p=1
Q1:	|00110110 01110111 11101111 10011010| ok p=1
Q2:	|00111101 10000000 00110111 00101010| ok p=1
Q3:	|0011+--1 11001100 00111100 00010001| ok p=1
Q4:	|000110+0 1110+--0 +1100010 00011101| ok p=1
Q5:	|0000+-01 0011+-1- -1011001 0110+-01| ok p=1
Q6:	|00-11+11 11110+-0 ++100101 1+++--00| ok p=1
Q7:	|..-.0+.. ++.-10+1 ++.+.+.. 0++0+0.0| ok p=1
Q8:	|1!-.0+.. 0-.-0-+. -..0.+.. -1.01+.+| ok p=1
Q9:	|0.0.+... --.+.-+. 00.1.00. -00.-1.+| ok p=1
Q10:	|1.+^01.1 -10+11+0 +10+.-01 001.0001| ok p=1
Q11:	|000-1..1 -01-0-00 000+.+00 00-.111+| ok p=1
Q12:	|-1+0+.^+ 0-+1+1-- 1-+-^0++ -+0^1+-0| ok p=1
Q13:	|1+1-0.++ +---0-0- ---1---- -----0+0| ok p=1
Q14:	|10011.0- 0.110+-. 0.010011 .010-10.| ok p=1
Q15:	|00-0..11 0001.001 010.0110 0011-.-.| ok p=0.675781
Q16:	|..+....- .....0-. ........ ....1.0.| ok p=0.62793
Q17:	|-.1..... ......1. ...0.... ....0.+.| ok p=0.999023
Q18:	|-.0....^ ......1. ...1.... .0......| ok p=0.746094
Q19:	|+....... ......-. ...+.... .1....^.| ok p=0.873047
Q20:	|+....... ........ ........ .-......| ok p=1
Q21:	|+....0.. ......^. ...^.... ........| ok p=1
Q22:	|+....1.. ........ ........ .^......| ok p=0.507812
Q23:	|1....+.. ........ ........ ........| ok p=1
Q24:	|0....... ........ .......0 ........| ok p=1
Q25:	|.....^.. ........ .......1 ........| ok p=0.495117
Q26:	|........ ........ .......- ........| ok p=0.990234
Q27:	|........ ........ ........ ........| ok p=1
Q28:	|........ ........ .......^ ........| ok p=1
Q29:	|........ ........ ........ ........| ok p=1
Q30:	|........ ........ ........ ........| ok p=1
Q31:	|........ ........ ........ ........| ok p=1
Q32:	|........ ........ ........ ........| ok p=1
Q33:	|........ ........ ........ ........| ok p=1
Q34:	|........ ........ ........ ........| ok p=1
Q35:	|........ ........ ........ ........| ok p=1
Q36:	|........ ........ ........ ........| ok p=1
Q37:	|........ ........ ........ ........| ok p=1
Q38:	|........ ........ ........ ........| ok p=1
Q39:	|........ ........ ........ ........| ok p=1
Q40:	|........ ........ ........ ........| ok p=1
Q41:	|........ ........ ........ ........| ok p=1
Q42:	|........ ........ ........ ........| ok p=1
Q43:	|........ ........ ........ ........| ok p=1
Q44:	|........ ........ ........ ........| ok p=1
Q45:	|........ ........ ........ ........| ok p=1
Q46:	|0....... ........ ........ ........| ok p=1
Q47:	|1....... ........ ........ ........| ok p=0.501953
Q48:	|-....... ........ ........ ........| ok p=1
Q49:	|-....... ........ ........ ........| ok p=1
Q50:	|+....... ........ ........ ........| ok p=1
Q51:	|-....... ........ ........ ........| ok p=1
Q52:	|+....... ........ ........ ........| ok p=1
Q53:	|-....... ........ ........ ........| ok p=1
Q54:	|+....... ........ ........ ........| ok p=1
Q55:	|-....... ........ ........ ........| ok p=1
Q56:	|+....... ........ ........ ........| ok p=1
Q57:	|-....... ........ ........ ........| ok p=1
Q58:	|+....... ........ ........ ........| ok p=1
Q59:	|-....... ........ ........ ........| ok p=1
Q60:	|+....... ........ ........ ........| ok p=1
Q61:	|-....... 0....... ........ ........| ok p=1
Q62:	|+....... ........ ........ ........| ok p=1
Q63:	|-....... +....... ........ ........| ok p=1
Q64:	|+....... +....... ........ ........|
Starting...
20: Q5m5tunnel      = 0
20: Q4m5tunnel      = 0
20: Q14m6Q3m5tunnel = 0
21: Q10m10tunnel    = 1
21: Q9m10tunnel     = 2
22: Q8Q12m15tunnel  = 0
23: Q4m4tunnel      = 0
24: Q9m9tunnel      = 5
25: Q14Q3m14tunnel  = 0
.1 0
2 0
4 0
8 0
16 0
32 0
64 0
128 0
20: Q5m5tunnel      = 0
20: Q4m5tunnel      = 0
20: Q14m6Q3m5tunnel = 0
21: Q10m10tunnel    = 1
21: Q9m10tunnel     = 2
22: Q8Q12m15tunnel  = 0
23: Q4m4tunnel      = 0
24: Q9m9tunnel      = 5
25: Q14Q3m14tunnel  = 0
.256 0
20: Q5m5tunnel      = 0
20: Q4m5tunnel      = 0
20: Q14m6Q3m5tunnel = 0
21: Q10m10tunnel    = 1
21: Q9m10tunnel     = 2
22: Q8Q12m15tunnel  = 0
23: Q4m4tunnel      = 0
24: Q9m9tunnel      = 5
25: Q14Q3m14tunnel  = 0
.512 0
20: Q5m5tunnel      = 0
20: Q4m5tunnel      = 0
20: Q14m6Q3m5tunnel = 0
21: Q10m10tunnel    = 1
21: Q9m10tunnel     = 2
22: Q8Q12m15tunnel  = 0
23: Q4m4tunnel      = 0
24: Q9m9tunnel      = 5
25: Q14Q3m14tunnel  = 0
.1024 0
2048 0
20: Q5m5tunnel      = 0
20: Q4m5tunnel      = 0
20: Q14m6Q3m5tunnel = 0
21: Q10m10tunnel    = 1
21: Q9m10tunnel     = 2
22: Q8Q12m15tunnel  = 0
23: Q4m4tunnel      = 0
24: Q9m9tunnel      = 5
25: Q14Q3m14tunnel  = 0
.20: Q5m5tunnel      = 0
20: Q4m5tunnel      = 0
20: Q14m6Q3m5tunnel = 0
21: Q10m10tunnel    = 1
21: Q9m10tunnel     = 2
22: Q8Q12m15tunnel  = 0
23: Q4m4tunnel      = 0
24: Q9m9tunnel      = 5
25: Q14Q3m14tunnel  = 0
.4096 0
20: Q5m5tunnel      = 020: Q5m5tunnel      = 
020: Q4m5tunnel      = 0
20: Q14m6Q3m5tunnel = 0
21: Q10m10tunnel    = 1
21: Q9m10tunnel     = 2
22: Q8Q12m15tunnel  = 0
23: Q4m4tunnel      = 0
24: Q9m9tunnel      = 5
25: Q14Q3m14tunnel  = 0

20: Q4m5tunnel      = 0
20: Q14m6Q3m5tunnel = 0
21: Q10m10tunnel    = 1
21: Q9m10tunnel     = 2
22: Q8Q12m15tunnel  = 0
23: Q4m4tunnel      = 0
24: Q9m9tunnel      = 5
25: Q14Q3m14tunnel  = 0
..8192 0
14276 1
16384 1
29911 2
32768 2
65536 3
71622 4
117477 8
131072 9
262144 15
267760 16
Block 1: ./data/coll1_2402323570
2c 20 73 75 6d 29 3b 0a 20 20 20 20 72 65 74 75 
72 6e 20 30 3b 0a 7d 0a 6a b5 87 9c 3d 32 c7 23 
1a 57 00 02 40 a9 8b 50 6a 9c 71 37 64 95 c3 0e 
53 04 e4 23 5f b4 23 18 6d 1f a4 fc c3 db 44 03 
Block 2: ./data/coll2_2402323570
2c 20 73 75 6d 29 3b 0a 20 21 20 20 72 65 74 75 
72 6e 20 30 3b 0a 7d 0a 6a b5 87 9c 3d 32 c7 23 
1a 57 00 02 40 a9 8b 50 6a 9c 71 37 64 95 c3 0e 
53 04 e4 23 5f b4 23 18 6d 1f a4 fc c3 db 44 03 
Found collision!
