Connect MD5 differential paths
Copyright (C) 2009 Marc Stevens
http://homepages.cwi.nl/~stevens/

delta_m[2] = [!8!]
Loading upper_1_640000/paths16_0of1.bin.gz...done: 640000.
Loading data/paths11_0of1.bin.gz...done: 320000.
t=12: 0%   10   20   30   40   50   60   70   80   90   100%
      |----|----|----|----|----|----|----|----|----|----|
      ***Q-3:	|+1100111 10001111 11111100 10010101|
Q-2:	|+0110001 01010010 10100101 10101101|
Q-1:	|-1010000 -1001100 11001111 00011110|
Q0:	|+1101011 -0000000 01111011 11100101| ok p=0.34082
Q1:	|0+.....0 -....1.. ........ +-..0...| ok p=1
Q2:	|0+.....- +...0+.. ........ 0+..-...| ok p=1
Q3:	|1+....0+ 1...1+.. .0...... 1+..0...| ok p=1
Q4:	|+-00..0+ 1.!.--.. .0...... .+..1...| ok p=1
Q5:	|10010.-+ ...1--.. .+...... .+..0...| ok p=1
Q6:	|1+011.-+ ...0.-.. .-....!. .+..+...| ok p=0.999023
Q7:	|0+1..... ...-1-.. .-...... .+..-...| ok p=1
Q8:	|-1-1^.10 ..!+0-.. .-...... .+..-...| ok p=1
Q9:	|-0-1-... ...1++.. .1..1... ..^^+...| ok p=1
Q10:	|--1+01.^ 0.0+1+.0 11.100.. 0000-...| ok p=1
Q11:	|-+1+000+ 1^011+.1 0-1011^^ 1011101.| ok p=1
Q12:	|.1-1-+10 +++++0^+ ++0+--++ ++++010.| ok p=1
Q13:	|00++-++- 110+-++- ---10111 01000+-.| ok p=1
Q14:	|1.11..10 000.0110 01101111 1111100.| ok p=1
Q15:	|0.-01010 ...00110 000..... ....+0-.| ok p=0.925781
Q16:	|..-....- .....-.. ........ ......0.| ok p=0.59082
Q17:	|-.0..... ......0. ...0.... ....^.+.| ok p=0.994141
Q18:	|-.1....^ .....^1. ...1.... .0......| ok p=0.717773
Q19:	|+....... ......+. ...+.... .1....^.| ok p=0.855469
Q20:	|+....... ........ ........ .-......| ok p=1
Q21:	|+....0.. ......^. ...^.... ........| ok p=1
Q22:	|+....1.. ........ ........ .^......| ok p=0.475586
Q23:	|1....+.. ........ ........ ........| ok p=1
Q24:	|0....... ........ .......0 ........| ok p=1
Q25:	|.....^.. ........ .......1 ........| ok p=0.489258
Q26:	|........ ........ .......- ........| ok p=0.982422
Q27:	|........ ........ ........ ........| ok p=1
Q28:	|........ ........ .......^ ........| ok p=1
Q29:	|........ ........ ........ ........| ok p=1
Q30:	|........ ........ ........ ........| ok p=1
Q31:	|........ ........ ........ ........| ok p=1
Q32:	|........ ........ ........ ........| ok p=1
Q33:	|........ ........ ........ ........| ok p=1
Q34:	|........ ........ ........ ........| ok p=1
Q35:	|........ ........ ........ ........| ok p=1
Q36:	|........ ........ ........ ........| ok p=1
Q37:	|........ ........ ........ ........| ok p=1
Q38:	|........ ........ ........ ........| ok p=1
Q39:	|........ ........ ........ ........| ok p=1
Q40:	|........ ........ ........ ........| ok p=1
Q41:	|........ ........ ........ ........| ok p=1
Q42:	|........ ........ ........ ........| ok p=1
Q43:	|........ ........ ........ ........| ok p=1
Q44:	|........ ........ ........ ........| ok p=1
Q45:	|........ ........ ........ ........| ok p=1
Q46:	|0....... ........ ........ ........| ok p=1
Q47:	|1....... ........ ........ ........| ok p=0.492188
Q48:	|-....... ........ ........ ........| ok p=1
Q49:	|-....... ........ ........ ........| ok p=1
Q50:	|+....... ........ ........ ........| ok p=1
Q51:	|-....... ........ ........ ........| ok p=1
Q52:	|+....... ........ ........ ........| ok p=1
Q53:	|-....... ........ ........ ........| ok p=1
Q54:	|+....... ........ ........ ........| ok p=1
Q55:	|-....... ........ ........ ........| ok p=1
Q56:	|+....... ........ ........ ........| ok p=1
Q57:	|-....... ........ ........ ........| ok p=1
Q58:	|+....... ........ ........ ........| ok p=1
Q59:	|-....... ........ ........ ........| ok p=1
Q60:	|+....... ........ ........ ........| ok p=1
Q61:	|-....... 0....... ........ ........| ok p=1
Q62:	|+....... ........ ........ ........| ok p=1
Q63:	|-....... +....... ........ ........| ok p=1
Q64:	|+....... +....... ........ ........|
Best path: totcompl=-8 tottunnel=41, totcond=451, p=0.0137334
Q-3:	|+1100111 10001111 11111100 10010101|
Q-2:	|+0110001 01010010 10100101 10101101|
Q-1:	|-1010000 -1001100 11001111 00011110|
Q0:	|+1101011 -0000000 01111011 11100101| ok p=0.348633
Q1:	|0+.....0 -....1.. ........ +-..0...| ok p=1
Q2:	|0+.....- +...0+.. ........ 0+..-...| ok p=1
Q3:	|1+....0+ 1...1+.. .0...... 1+..0...| ok p=1
Q4:	|+-00..0+ 1.!.--.. .0...... .+..1...| ok p=1
Q5:	|10010.-+ ...1--.. .+...... .+..0...| ok p=1
Q6:	|1+011.-+ ...0.-.. .-..!... .+..+...| ok p=1
Q7:	|0+1..... ...-1-.. .-...... .+..-...| ok p=1
Q8:	|-1-1^.10 ..!+0-.. .-...... .+..-...| ok p=1
Q9:	|-0-1-... ...1++.. .1...1.. ..^^+...| ok p=1
Q10:	|--1+01.^ 0.0+1+.0 11.100.. 0010-...| ok p=1
Q11:	|-+1+000+ 1^011+.1 0-1011^^ 1101101.| ok p=1
Q12:	|.1-1-+10 +++++0^+ ++0+--++ ++++010.| ok p=1
Q13:	|00++-++- 110+-++- ---10111 01000+-.| ok p=1
Q14:	|.111..10 000.0110 01101111 1111100.| ok p=1
Q15:	|0.-01010 ...00110 000..... ....+0-.| ok p=0.922852
Q16:	|..-....- .....-.. ........ ......0.| ok p=0.581055
Q17:	|+.0..... ......0. ...0.... ....^.+.| ok p=0.998047
Q18:	|+.1....^ .....^1. ...1.... .0......| ok p=0.749023
Q19:	|-....... ......+. ...+.... .1....^.| ok p=0.869141
Q20:	|-....... ........ ........ .-......| ok p=1
Q21:	|-....0.. ......^. ...^.... ........| ok p=1
Q22:	|-....1.. ........ ........ .^......| ok p=0.475586
Q23:	|1....+.. ........ ........ ........| ok p=1
Q24:	|0....... ........ .......0 ........| ok p=1
Q25:	|.....^.. ........ .......1 ........| ok p=0.507812
Q26:	|........ ........ .......- ........| ok p=0.978516
Q27:	|........ ........ ........ ........| ok p=1
Q28:	|........ ........ .......^ ........| ok p=1
Q29:	|........ ........ ........ ........| ok p=1
Q30:	|........ ........ ........ ........| ok p=1
Q31:	|........ ........ ........ ........| ok p=1
Q32:	|........ ........ ........ ........| ok p=1
Q33:	|........ ........ ........ ........| ok p=1
Q34:	|........ ........ ........ ........| ok p=1
Q35:	|........ ........ ........ ........| ok p=1
Q36:	|........ ........ ........ ........| ok p=1
Q37:	|........ ........ ........ ........| ok p=1
Q38:	|........ ........ ........ ........| ok p=1
Q39:	|........ ........ ........ ........| ok p=1
Q40:	|........ ........ ........ ........| ok p=1
Q41:	|........ ........ ........ ........| ok p=1
Q42:	|........ ........ ........ ........| ok p=1
Q43:	|........ ........ ........ ........| ok p=1
Q44:	|........ ........ ........ ........| ok p=1
Q45:	|........ ........ ........ ........| ok p=1
Q46:	|0....... ........ ........ ........| ok p=1
Q47:	|1....... ........ ........ ........| ok p=0.523438
Q48:	|+....... ........ ........ ........| ok p=1
Q49:	|-....... ........ ........ ........| ok p=1
Q50:	|-....... ........ ........ ........| ok p=1
Q51:	|-....... ........ ........ ........| ok p=1
Q52:	|-....... ........ ........ ........| ok p=1
Q53:	|-....... ........ ........ ........| ok p=1
Q54:	|-....... ........ ........ ........| ok p=1
Q55:	|-....... ........ ........ ........| ok p=1
Q56:	|-....... ........ ........ ........| ok p=1
Q57:	|-....... ........ ........ ........| ok p=1
Q58:	|-....... ........ ........ ........| ok p=1
Q59:	|-....... ........ ........ ........| ok p=1
Q60:	|-....... ........ ........ ........| ok p=1
Q61:	|-....... 0....... ........ ........| ok p=1
Q62:	|-....... ........ ........ ........| ok p=0.994141
Q63:	|-....... +....... ........ ........| ok p=1
Q64:	|+....... +....... ........ ........|
Best path: totcompl=-7 tottunnel=42, totcond=451, p=0.0142133
Best paths: 2
Q-3:	|+1100111 10001111 11111100 10010101|
Q-2:	|+0110001 01010010 10100101 10101101|
Q-1:	|-1010000 -1001100 11001111 00011110|
Q0:	|+1101011 -0000000 01111011 11100101| ok p=0.350586
Q1:	|0+.....0 -....1.. ........ +-..0...| ok p=1
Q2:	|0+.....- +...0+.. ........ 0+..-...| ok p=1
Q3:	|1+....0+ 1...1+.. .0...... 1+..0...| ok p=1
Q4:	|+-00..0+ 1.!.--.. .0...... .+..1...| ok p=1
Q5:	|10010.-+ ...1--.. .+...... .+..0...| ok p=1
Q6:	|1+011.-+ ...0.-.. .-.....! .+..+...| ok p=0.999023
Q7:	|0+1..... ...-1-.. .-...... .+..-...| ok p=1
Q8:	|+1-0^.10 ..!+1-.. .-...... .+..-...| ok p=1
Q9:	|+0-0-... ...1++.. .1...... ..^^+...| ok p=1
Q10:	|0-0+00.^ 1.0+1+.. 01.10.!. 0010-...| ok p=1
Q11:	|0+0+111+ 0^011+^^ 1-101^^^ 1101101.| ok p=1
Q12:	|+0-1-+00 +++++-++ ++0+--++ ++++010.| ok p=1
Q13:	|---+-++- 1101++01 01+10111 01000+-.| ok p=1
Q14:	|+101..10 0000.100 10101111 1111100.| ok p=1
Q15:	|11-01010 ....01.. ..0..... ....+0-.| ok p=0.922852
Q16:	|1.-....- .....-.. ........ ......0.| ok p=0.68457
Q17:	|-.0..... ......0. ...0.... ....^.+.| ok p=0.99707
Q18:	|-.1....^ .....^1. ...1.... .0......| ok p=0.74707
Q19:	|+....... ......+. ...+.... .1....^.| ok p=0.87207
Q20:	|+....... ........ ........ .-......| ok p=1
Q21:	|+....0.. ......^. ...^.... ........| ok p=1
Q22:	|+....1.. ........ ........ .^......| ok p=0.493164
Q23:	|1....+.. ........ ........ ........| ok p=1
Q24:	|0....... ........ .......0 ........| ok p=1
Q25:	|.....^.. ........ .......1 ........| ok p=0.467773
Q26:	|........ ........ .......- ........| ok p=0.987305
Q27:	|........ ........ ........ ........| ok p=1
Q28:	|........ ........ .......^ ........| ok p=1
Q29:	|........ ........ ........ ........| ok p=1
Q30:	|........ ........ ........ ........| ok p=1
Q31:	|........ ........ ........ ........| ok p=1
Q32:	|........ ........ ........ ........| ok p=1
Q33:	|........ ........ ........ ........| ok p=1
Q34:	|........ ........ ........ ........| ok p=1
Q35:	|........ ........ ........ ........| ok p=1
Q36:	|........ ........ ........ ........| ok p=1
Q37:	|........ ........ ........ ........| ok p=1
Q38:	|........ ........ ........ ........| ok p=1
Q39:	|........ ........ ........ ........| ok p=1
Q40:	|........ ........ ........ ........| ok p=1
Q41:	|........ ........ ........ ........| ok p=1
Q42:	|........ ........ ........ ........| ok p=1
Q43:	|........ ........ ........ ........| ok p=1
Q44:	|........ ........ ........ ........| ok p=1
Q45:	|........ ........ ........ ........| ok p=1
Q46:	|0....... ........ ........ ........| ok p=1
Q47:	|1....... ........ ........ ........| ok p=0.479492
Q48:	|-....... ........ ........ ........| ok p=1
Q49:	|-....... ........ ........ ........| ok p=1
Q50:	|+....... ........ ........ ........| ok p=1
Q51:	|-....... ........ ........ ........| ok p=1
Q52:	|+....... ........ ........ ........| ok p=1
Q53:	|-....... ........ ........ ........| ok p=1
Q54:	|+....... ........ ........ ........| ok p=1
Q55:	|-....... ........ ........ ........| ok p=1
Q56:	|+....... ........ ........ ........| ok p=1
Q57:	|-....... ........ ........ ........| ok p=1
Q58:	|+....... ........ ........ ........| ok p=1
Q59:	|-....... ........ ........ ........| ok p=1
Q60:	|+....... ........ ........ ........| ok p=1
Q61:	|-....... 0....... ........ ........| ok p=1
Q62:	|+....... ........ ........ ........| ok p=1
Q63:	|-....... +....... ........ ........| ok p=1
Q64:	|+....... +....... ........ ........|
Best path: totcompl=-7 tottunnel=42, totcond=449, p=0.0170778
Best paths: 2
Q-3:	|+1100111 10001111 11111100 10010101|
Q-2:	|+0110001 01010010 10100101 10101101|
Q-1:	|-1010000 -1001100 11001111 00011110|
Q0:	|+1101011 -0000000 01111011 11100101| ok p=0.338867
Q1:	|0+.....0 -....1.. ........ +-..0...| ok p=1
Q2:	|0+.....- +...0+.. ........ 0+..-...| ok p=1
Q3:	|1+....0+ 1...1+.. .0...... 1+..0...| ok p=1
Q4:	|+-00..0+ 1..!--.. .0...... .+..1...| ok p=1
Q5:	|10010.-+ ...1--.. .+...... .+..0...| ok p=1
Q6:	|1+011.-+ ...0.-.. .-...!.. .+..+...| ok p=0.999023
Q7:	|0+1..... ...-1-.. .-...... .+..-...| ok p=1
Q8:	|+1-0^.10 ..!+1-.. .-...... .+..-...| ok p=1
Q9:	|+0-0-... ...1++.. .1...... ..^^+...| ok p=1
Q10:	|0-0+00.^ 1.0+1+.. 01.10!.. 0010-...| ok p=1
Q11:	|0+0+111+ 0^011+^^ 1-101.^^ 1101101.| ok p=1
Q12:	|+0-1-+00 +++++-++ ++0+-.-+ ++++010.| ok p=1
Q13:	|---+-++- 1101++01 01+10.11 01000+-.| ok p=1
Q14:	|+101..10 0000.100 10101.11 1111100.| ok p=1
Q15:	|11-01010 ....01.. ..0..... ....+0-.| ok p=0.919922
Q16:	|1.-....- .....-.. ........ ......0.| ok p=0.710938
Q17:	|-.0..... ......0. ...0.... ....^.+.| ok p=0.993164
Q18:	|-.1....^ .....^1. ...1.... .0......| ok p=0.72168
Q19:	|+....... ......+. ...+.... .1....^.| ok p=0.874023
Q20:	|+....... ........ ........ .-......| ok p=1
Q21:	|+....0.. ......^. ...^.... ........| ok p=1
Q22:	|+....1.. ........ ........ .^......| ok p=0.495117
Q23:	|1....+.. ........ ........ ........| ok p=1
Q24:	|0....... ........ .......0 ........| ok p=1
Q25:	|.....^.. ........ .......1 ........| ok p=0.467773
Q26:	|........ ........ .......- ........| ok p=0.980469
Q27:	|........ ........ ........ ........| ok p=1
Q28:	|........ ........ .......^ ........| ok p=1
Q29:	|........ ........ ........ ........| ok p=1
Q30:	|........ ........ ........ ........| ok p=1
Q31:	|........ ........ ........ ........| ok p=1
Q32:	|........ ........ ........ ........| ok p=1
Q33:	|........ ........ ........ ........| ok p=1
Q34:	|........ ........ ........ ........| ok p=1
Q35:	|........ ........ ........ ........| ok p=1
Q36:	|........ ........ ........ ........| ok p=1
Q37:	|........ ........ ........ ........| ok p=1
Q38:	|........ ........ ........ ........| ok p=1
Q39:	|........ ........ ........ ........| ok p=1
Q40:	|........ ........ ........ ........| ok p=1
Q41:	|........ ........ ........ ........| ok p=1
Q42:	|........ ........ ........ ........| ok p=1
Q43:	|........ ........ ........ ........| ok p=1
Q44:	|........ ........ ........ ........| ok p=1
Q45:	|........ ........ ........ ........| ok p=1
Q46:	|0....... ........ ........ ........| ok p=1
Q47:	|1....... ........ ........ ........| ok p=0.491211
Q48:	|-....... ........ ........ ........| ok p=1
Q49:	|-....... ........ ........ ........| ok p=1
Q50:	|+....... ........ ........ ........| ok p=1
Q51:	|-....... ........ ........ ........| ok p=1
Q52:	|+....... ........ ........ ........| ok p=1
Q53:	|-....... ........ ........ ........| ok p=1
Q54:	|+....... ........ ........ ........| ok p=1
Q55:	|-....... ........ ........ ........| ok p=1
Q56:	|+....... ........ ........ ........| ok p=1
Q57:	|-....... ........ ........ ........| ok p=1
Q58:	|+....... ........ ........ ........| ok p=1
Q59:	|-....... ........ ........ ........| ok p=1
Q60:	|+....... ........ ........ ........| ok p=1
Q61:	|-....... 0....... ........ ........| ok p=1
Q62:	|+....... ........ ........ ........| ok p=1
Q63:	|-....... +....... ........ ........| ok p=1
Q64:	|+....... +....... ........ ........|
Best path: totcompl=-7 tottunnel=42, totcond=445, p=0.0174331
Q-3:	|+1100111 10001111 11111100 10010101|
Q-2:	|+0110001 01010010 10100101 10101101|
Q-1:	|-1010000 -1001100 11001111 00011110|
Q0:	|+1101011 -0000000 01111011 11100101| ok p=0.359375
Q1:	|0+.....0 -....1.. ........ +-..0...| ok p=1
Q2:	|0+.....- +...0+.. ........ 0+..-...| ok p=1
Q3:	|1+....0+ 1...1+.. .0...... 1+..0...| ok p=1
Q4:	|+-00..0+ 1.!.--.. .0...... .+..1...| ok p=1
Q5:	|10010.-+ ...1--.. .+...... .+..0...| ok p=1
Q6:	|1+011.-+ ...0.-.. .-..!... .+..+...| ok p=1
Q7:	|0+1..... ...-1-.. .-...... .+..-...| ok p=1
Q8:	|+1-0^.10 ..!+1-.. .-...... .+..-...| ok p=1
Q9:	|+0-0-... ...1++.. .1..1... ..^^+...| ok p=1
Q10:	|0-0+00.^ 1.0+1+.. 01.10... 00.1-...| ok p=1
Q11:	|0+0+111+ 0^011+^^ 1-101.^^ 11^0101.| ok p=1
Q12:	|+0-1-+00 +++++-++ ++0+-.-+ ++++010.| ok p=1
Q13:	|---+-++- 1101++01 01+10.11 01000+-.| ok p=1
Q14:	|+101..10 0000.100 10101.11 1111100.| ok p=1
Q15:	|11-01010 ....01.. ..0..... ....+0-.| ok p=0.914062
Q16:	|1.-....- .....-.. ........ ......0.| ok p=0.739258
Q17:	|-.0..... ......0. ...0.... ....^.+.| ok p=0.998047
Q18:	|-.1....^ .....^1. ...1.... .0......| ok p=0.768555
Q19:	|+....... ......+. ...+.... .1....^.| ok p=0.87207
Q20:	|+....... ........ ........ .-......| ok p=1
Q21:	|+....0.. ......^. ...^.... ........| ok p=1
Q22:	|+....1.. ........ ........ .^......| ok p=0.50293
Q23:	|1....+.. ........ ........ ........| ok p=1
Q24:	|0....... ........ .......0 ........| ok p=1
Q25:	|.....^.. ........ .......1 ........| ok p=0.493164
Q26:	|........ ........ .......- ........| ok p=0.981445
Q27:	|........ ........ ........ ........| ok p=1
Q28:	|........ ........ .......^ ........| ok p=1
Q29:	|........ ........ ........ ........| ok p=1
Q30:	|........ ........ ........ ........| ok p=1
Q31:	|........ ........ ........ ........| ok p=1
Q32:	|........ ........ ........ ........| ok p=1
Q33:	|........ ........ ........ ........| ok p=1
Q34:	|........ ........ ........ ........| ok p=1
Q35:	|........ ........ ........ ........| ok p=1
Q36:	|........ ........ ........ ........| ok p=1
Q37:	|........ ........ ........ ........| ok p=1
Q38:	|........ ........ ........ ........| ok p=1
Q39:	|........ ........ ........ ........| ok p=1
Q40:	|........ ........ ........ ........| ok p=1
Q41:	|........ ........ ........ ........| ok p=1
Q42:	|........ ........ ........ ........| ok p=1
Q43:	|........ ........ ........ ........| ok p=1
Q44:	|........ ........ ........ ........| ok p=1
Q45:	|........ ........ ........ ........| ok p=1
Q46:	|0....... ........ ........ ........| ok p=1
Q47:	|1....... ........ ........ ........| ok p=0.476562
Q48:	|-....... ........ ........ ........| ok p=1
Q49:	|-....... ........ ........ ........| ok p=1
Q50:	|+....... ........ ........ ........| ok p=1
Q51:	|-....... ........ ........ ........| ok p=1
Q52:	|+....... ........ ........ ........| ok p=1
Q53:	|-....... ........ ........ ........| ok p=1
Q54:	|+....... ........ ........ ........| ok p=1
Q55:	|-....... ........ ........ ........| ok p=1
Q56:	|+....... ........ ........ ........| ok p=1
Q57:	|-....... ........ ........ ........| ok p=1
Q58:	|+....... ........ ........ ........| ok p=1
Q59:	|-....... ........ ........ ........| ok p=1
Q60:	|+....... ........ ........ ........| ok p=1
Q61:	|-....... 0....... ........ ........| ok p=1
Q62:	|+....... ........ ........ ........| ok p=1
Q63:	|-....... +....... ........ ........| ok p=1
Q64:	|+....... +....... ........ ........|
Best path: totcompl=-6 tottunnel=43, totcond=444, p=0.0163344
