MD5 differential path toolbox
Copyright (C) 2009 Marc Stevens
http://homepages.cwi.nl/~stevens/

delta_m[2] = [!8!]
In-block prefix words: 6
WARNING!: truncating by 1 bytes!

Parsed path:
Q-3:	|11101011 01001110 00111010 01111000|
Q-2:	|10001011 11001011 10001000 00100110|
Q-1:	|11001000 00000001 01000100 10010001|
Q0:	|11111011 10110010 00000111 10011010| ok p=1
Q1:	|00110110 01110111 11101111 10011010| ok p=1
Q2:	|00111101 10000000 00110111 00101010| ok p=1
Q3:	|0011+--1 11001100 00111100 00010001| ok p=1
Q4:	|000110+0 1110+--0 +1100010 00011101| ok p=1
Q5:	|0000+-01 0011+-1- -1011001 0110+-01| ok p=1
Q6:	|00-11+11 11110+-0 ++100101 1+++--00| ok p=1
Q7:	|..-..+.+ .-.-.+.- .-.+.+.. +.-.+...|
Saving data/path_prefix.bin...done.
Extend MD5 differential paths forward
Copyright (C) 2009 Marc Stevens
http://homepages.cwi.nl/~stevens/

delta_m[2] = [!8!]
Loading data/path_prefix.bin...done: 1.
Estimating maxcond for upper bound 640000 (=160000 * 4)...
t=7:  0%   10   20   30   40   50   60   70   80   90   100%
      |----|----|----|----|----|----|----|----|----|----|
e     ***************************************************
