MD5 differential path toolbox
Copyright (C) 2009 Marc Stevens
http://homepages.cwi.nl/~stevens/

delta_m[2] = [!8!]
In-block prefix words: 0

Parsed path:
Q-3:	|+1100111 10001111 11111100 10010101|
Q-2:	|+0110001 01010010 10100101 10101101|
Q-1:	|-1010000 -1001100 11001111 00011110|
Q0:	|+1101011 -0000000 01111011 11100101| ok p=0.394531
Q1:	|.+...... -....... ........ .+......|
Saving data/path_2nc.bin...done.
Extend MD5 differential paths forward
Copyright (C) 2009 Marc Stevens
http://homepages.cwi.nl/~stevens/

delta_m[2] = [!8!]
Loading data/path_2nc.bin...done: 1.
Estimating maxcond for upper bound 1280000 (=320000 * 4)...
t=1:  0%   10   20   30   40   50   60   70   80   90   100%
      |----|----|----|----|----|----|----|----|----|----|
e     ***************************************************
Found maxcond = 2176
t=1:  0%   10   20   30   40   50   60   70   80   90   100%
      |----|----|----|----|----|----|----|----|----|----|
      ***************************************************
Q-3:	|+1100111 10001111 11111100 10010101|
Q-2:	|+0110001 01010010 10100101 10101101|
Q-1:	|-1010000 -1001100 11001111 00011110|
Q0:	|+1101011 -0000000 01111011 11100101| ok p=0.203125
Q1:	|1+...... -....... ........ .+......| ok p=0.99707
Q2:	|.+...... -....+.. ........ .+..-...|
Saving 8 paths...done.
Autobalance parameters: maxcond=2176
Verified: 0 bad out of 8
Estimating maxcond for upper bound 1280000 (=320000 * 4)...
t=2:  0%   10   20   30   40   50   60   70   80   90   100%
      |----|----|----|----|----|----|----|----|----|----|
e     ***************************************************
Found maxcond = 2176
t=2:  0%   10   20   30   40   50   60   70   80   90   100%
      |----|----|----|----|----|----|----|----|----|----|
      ***************************************************
Q-3:	|+1100111 10001111 11111100 10010101|
Q-2:	|+0110001 01010010 10100101 10101101|
Q-1:	|-1010000 -1001100 11001111 00011110|
Q0:	|+1101011 -0000000 01111011 11100101| ok p=0.209961
Q1:	|1+...... -....0.. ........ .+..0...| ok p=0.99707
Q2:	|1+...... -....+.. ........ .+..-...| ok p=0.499023
Q3:	|.+....+. -....+.+ ......-. .+..-...|
Saving 1760 paths...done.
Autobalance parameters: maxcond=2176
Verified: 504 bad out of 2264
Estimating maxcond for upper bound 1280000 (=320000 * 4)...
t=3:  0%   10   20   30   40   50   60   70   80   90   100%
      |----|----|----|----|----|----|----|----|----|----|
e     **************************************************Found maxcond = 158
t=3:  0%   10   20   30   40   50   60   70   80   90   100%
      |----|----|----|----|----|----|----|----|----|----|
      **************************************************Q-3:	|+1100111 10001111 11111100 10010101|
Q-2:	|+0110001 01010010 10100101 10101101|
Q-1:	|-1010000 -1001100 11001111 00011110|
Q0:	|+1101011 -0000000 01111011 11100101| ok p=0.662109
Q1:	|0+.....0 -....0.. ........ .+..0...| ok p=0.999023
Q2:	|0+.....- +....+.. ........ .+..-...| ok p=0.984375
Q3:	|.+.....+ +....+.. ........ .+..-...| ok p=0.668945
Q4:	|.+.+.... -..-.+.. ..-....+ .+..-...|
Saving 320000 paths...done.
Autobalance parameters: maxcond=157
Verified: 6286 bad out of 473490
Estimating maxcond for upper bound 1280000 (=320000 * 4)...
t=4:  0%   10   20   30   40   50   60   70   80   90   100%
      |----|----|----|----|----|----|----|----|----|----|
e     ***************************************************
Found maxcond = 166
t=4:  0%   10   20   30   40   50   60   70   80   90   100%
      |----|----|----|----|----|----|----|----|----|----|
      ***************************************************
Q-3:	|+1100111 10001111 11111100 10010101|
Q-2:	|+0110001 01010010 10100101 10101101|
Q-1:	|-1010000 -1001100 11001111 00011110|
Q0:	|+1101011 -0000000 01111011 11100101| ok p=0.118164
Q1:	|1+.....0 -....1.. ........ +-..0...| ok p=1
Q2:	|0+.....- +...V+.. ........ 0+..-...| ok p=0.981445
Q3:	|.+.....+ 1....+.. ........ 1+..1...| ok p=0.774414
Q4:	|.+.....- 1...--.. ........ .+..1...| ok p=0.360352
Q5:	|.......+ ...-.+.. .+...... +.......|
Saving 320000 paths...done.
Autobalance parameters: maxcond=165
Verified: 2656 bad out of 417079
Estimating maxcond for upper bound 1280000 (=320000 * 4)...
t=5:  0%   10   20   30   40   50   60   70   80   90   100%
      |----|----|----|----|----|----|----|----|----|----|
e     ***************************************************
Found maxcond = 174
t=5:  0%   10   20   30   40   50   60   70   80   90   100%
      |----|----|----|----|----|----|----|----|----|----|
      ***************************************************
Q-3:	|+1100111 10001111 11111100 10010101|
Q-2:	|+0110001 01010010 10100101 10101101|
Q-1:	|-1010000 -1001100 11001111 00011110|
Q0:	|+1101011 -0000000 01111011 11100101| ok p=0.09375
Q1:	|1+.....0 -...11.. ........ +-..0...| ok p=1
Q2:	|0+.....- +...0+.. ........ 0+..-...| ok p=0.979492
Q3:	|.+.....+ 1...+-.. ........ 1+..0...| ok p=0.742188
Q4:	|.+.....+ 1...--.. ........ --..1...| ok p=0.442383
Q5:	|.......+ ....--.. ........ -0......| ok p=0.491211
Q6:	|.......+ .....-.. -...-... -...+...|
Saving 320000 paths...done.
Autobalance parameters: maxcond=173
Verified: 3284 bad out of 404325
Estimating maxcond for upper bound 1280000 (=320000 * 4)...
t=6:  0%   10   20   30   40   50   60   70   80   90   100%
      |----|----|----|----|----|----|----|----|----|----|
e     ***************************************************
Found maxcond = 184
t=6:  0%   10   20   30   40   50   60   70   80   90   100%
      |----|----|----|----|----|----|----|----|----|----|
      ***************************************************
Q-3:	|+1100111 10001111 11111100 10010101|
Q-2:	|+0110001 01010010 10100101 10101101|
Q-1:	|-1010000 -1001100 11001111 00011110|
Q0:	|+1101011 -0000000 01111011 11100101| ok p=0.104492
Q1:	|1+.....0 -....1.. ........ +-..0...| ok p=1
Q2:	|0+.....- +...V+.. ........ 0+..-...| ok p=0.979492
Q3:	|.+.....+ 1...0+.. .V...... 1+..1...| ok p=0.725586
Q4:	|.+.....- 0...--.. .0..V... 1+..1...| ok p=0.479492
Q5:	|.+.....+ ....--.. .+...... +...1...| ok p=0.37793
Q6:	|.......+ .....-.. .-..+... +1..-...| ok p=0.503906
Q7:	|......+. -....-.- .-..+.+. +.-.+...|
Saving 320000 paths...done.
Autobalance parameters: maxcond=183
Verified: 14359 bad out of 550532
Estimating maxcond for upper bound 1280000 (=320000 * 4)...
t=7:  0%   10   20   30   40   50   60   70   80   90   100%
      |----|----|----|----|----|----|----|----|----|----|
e     ***************************************************
Found maxcond = 193
t=7:  0%   10   20   30   40   50   60   70   80   90   100%
      |----|----|----|----|----|----|----|----|----|----|
      ***************************************************
Q-3:	|+1100111 10001111 11111100 10010101|
Q-2:	|+0110001 01010010 10100101 10101101|
Q-1:	|-1010000 -1001100 11001111 00011110|
Q0:	|+1101011 -0000000 01111011 11100101| ok p=0.354492
Q1:	|0+.....0 -...11.. ........ +-..0...| ok p=1
Q2:	|0+.....- +...0+.. ........ 0+..-...| ok p=0.984375
Q3:	|.+.....+ 1...+-.. ........ 1+..0...| ok p=0.761719
Q4:	|.+.....+ 1...--.. V...V... --..1...| ok p=0.363281
Q5:	|.......+ ....--.. .....V.. -0..1...| ok p=0.516602
Q6:	|.1.....+ .....-.. -...-... -0..+...| ok p=0.754883
Q7:	|........ ....1-.. 0...0-.. -...-...| ok p=0.514648
Q8:	|.-.-..+. ...+.-.. +...-... -...-...|
Saving 320000 paths...done.
Autobalance parameters: maxcond=192
Verified: 6617 bad out of 391256
Estimating maxcond for upper bound 1280000 (=320000 * 4)...
t=8:  0%   10   20   30   40   50   60   70   80   90   100%
      |----|----|----|----|----|----|----|----|----|----|
e     ***************************************************
Found maxcond = 204
t=8:  0%   10   20   30   40   50   60   70   80   90   100%
      |----|----|----|----|----|----|----|----|----|----|
      ***************************************************
Q-3:	|+1100111 10001111 11111100 10010101|
Q-2:	|+0110001 01010010 10100101 10101101|
Q-1:	|-1010000 -1001100 11001111 00011110|
Q0:	|+1101011 -0000000 01111011 11100101| ok p=0.333008
Q1:	|0+.....0 -....1.. ........ +-..0...| ok p=1
Q2:	|0+.....- +...0+.. ........ 0+..-...| ok p=1
Q3:	|1+.....+ 1...1+.. .V...... 1+..0...| ok p=0.768555
Q4:	|+-.....+ 1...--.. .0...... .+..1...| ok p=0.46582
Q5:	|10.....- ....--.. .+....1. .+..1...| ok p=1
Q6:	|--V...V- .....-.. .-....0. .+..+...| ok p=0.716797
Q7:	|--...... ....1-.. .+....+. .+..-...| ok p=0.606445
Q8:	|..-...+1 .....-.. .+....-. .+..-...| ok p=0.415039
Q9:	|+.-.-.+. ..+..-.. +.....-. +.-.-..-|
Saving 320000 paths...done.
Autobalance parameters: maxcond=203
Verified: 4650 bad out of 429399
Estimating maxcond for upper bound 1280000 (=320000 * 4)...
t=9:  0%   10   20   30   40   50   60   70   80   90   100%
      |----|----|----|----|----|----|----|----|----|----|
e     ***************************************************
Found maxcond = 215
t=9:  0%   10   20   30   40   50   60   70   80   90   100%
      |----|----|----|----|----|----|----|----|----|----|
      ***************************************************
Q-3:	|+1100111 10001111 11111100 10010101|
Q-2:	|+0110001 01010010 10100101 10101101|
Q-1:	|-1010000 -1001100 11001111 00011110|
Q0:	|+1101011 -0000000 01111011 11100101| ok p=0.113281
Q1:	|1+.....0 -....1.. ........ +-..0...| ok p=1
Q2:	|0+.....- +...0+.. ........ 0+..-...| ok p=1
Q3:	|1+.....+ 1...1+.. .V...... 1+..0...| ok p=0.730469
Q4:	|+-.....+ 1...--.. .0...... .+..1...| ok p=0.484375
Q5:	|01.....- ....--.. .+....V. .+..1...| ok p=0.242188
Q6:	|+-0...0- .....-.. .-....0. .+..+...| ok p=0.990234
Q7:	|0+1..V1. ....1-.. .-....+. .+..-...| ok p=0.460938
Q8:	|0++...+1 .....-.. .-....-. .+..-...| ok p=0.316406
Q9:	|..-..--. .....-.. ......-. ....+...| ok p=0.339844
Q10:	|.+.+..+. .....+.. ....-... ..+.-..-|
Saving 320000 paths...done.
Autobalance parameters: maxcond=214
Verified: 22344 bad out of 393635
Estimating maxcond for upper bound 1280000 (=320000 * 4)...
t=10: 0%   10   20   30   40   50   60   70   80   90   100%
      |----|----|----|----|----|----|----|----|----|----|
e     ***************************************************
Found maxcond = 227
t=10: 0%   10   20   30   40   50   60   70   80   90   100%
      |----|----|----|----|----|----|----|----|----|----|
      ***************************************************
Q-3:	|+1100111 10001111 11111100 10010101|
Q-2:	|+0110001 01010010 10100101 10101101|
Q-1:	|-1010000 -1001100 11001111 00011110|
Q0:	|+1101011 -0000000 01111011 11100101| ok p=0.328125
Q1:	|0+.....0 -...11.. ........ +-..0...| ok p=1
Q2:	|0+.....- +...0+.. ........ 0+..-...| ok p=0.969727
Q3:	|0+.....+ 1...+-.. ........ 1+..0...| ok p=0.737305
Q4:	|+-.....+ 1...--.. V....... --..1...| ok p=0.290039
Q5:	|10.....+ ...V--.. .....V.. -0..0...| ok p=0.987305
Q6:	|11.V...+ .....-.. -....... -0..+...| ok p=0.737305
Q7:	|.1V..... .V.-1-.. 0....+.. -...-...| ok p=0.401367
Q8:	|.-0-...1 ...1.-.. +....0.. -...-...| ok p=0.49707
Q9:	|.0+0.... .-.1.-.. 1....0.. -...-...| ok p=0.503906
Q10:	|.--1.... .0.-.-.. 1....... -...+...| ok p=0.998047
Q11:	|+.+.+.-. .-.+.-.. ........ -.-.-...|
Saving 320000 paths...done.
Autobalance parameters: maxcond=226
Verified: 50492 bad out of 527719
Estimating maxcond for upper bound 1280000 (=320000 * 4)...
t=11: 0%   10   20   30   40   50   60   70   80   90   100%
      |----|----|----|----|----|----|----|----|----|----|
e     ***************************************************
Found maxcond = 240
t=11: 0%   10   20   30   40   50   60   70   80   90   100%
      |----|----|----|----|----|----|----|----|----|----|
      ***************************************************
Q-3:	|+1100111 10001111 11111100 10010101|
Q-2:	|+0110001 01010010 10100101 10101101|
Q-1:	|-1010000 -1001100 11001111 00011110|
Q0:	|+1101011 -0000000 01111011 11100101| ok p=0.107422
Q1:	|1+.....0 -....1.. ........ +-..0...| ok p=1
Q2:	|0+.....- +...0+.. ........ 0+..-...| ok p=1
Q3:	|1+.....+ 1..V1+.. .V...... 1+..0...| ok p=0.493164
Q4:	|--.....+ 1...--.. .0...... .+..1...| ok p=1
Q5:	|01.....- ...-1+.. .+....V. .+..1...| ok p=0.992188
Q6:	|1-1....- ...0-+.. .-...... .+..+...| ok p=0.992188
Q7:	|1-0..... ...1-+.. .-....+. .+.V0...| ok p=0.767578
Q8:	|0-+.V..1 ...+.-.. V-....0. .+..1...| ok p=0.314453
Q9:	|+.-..V.. V..+1-.. ......1. ...+....| ok p=0.53125
Q10:	|01+.-... ...+.+.. +1...... .1.0....| ok p=0.770508
Q11:	|+.+.0-.. +..+.+.. 0....... ...+....| ok p=0.678711
Q12:	|.-.-.-.. +..+.-.. ....+..- ........|
Saving 320000 paths...done.
Autobalance parameters: maxcond=239
Verified: 54046 bad out of 494775
Runtime: 20.6578
