Connect MD5 differential paths
Copyright (C) 2009 Marc Stevens
http://homepages.cwi.nl/~stevens/

delta_m[11] = [!-1!]
Loading workdir0/paths16_0of1.bin.gz...done: 500000.
Loading workdir0/paths11_0of1.bin.gz...done: 500000.
t=12: 0%   10   20   30   40   50   60   70   80   90   100%
      |----|----|----|----|----|----|----|----|----|----|
      *Q-3:	|00101110 01100110 11001101 11111010|
Q-2:	|01+0--0+ -1101000 +1---0+- -001-+00|
Q-1:	|111+1+00 +1100101 0++--100 +1100-10|
Q0:	|+--+-1-- -11-++-1 011+-001 ++--++01| ok p=1
Q1:	|+0+.1+1- 1.-010-+ .0+0.-.0 .++00+.-| ok p=0.46875
Q2:	|.100++00 1.+1++.+ 0.--1-.1 00++0+.-| ok p=1
Q3:	|1.1.-..- -.+.-+01 1.--...- .0.0.1.0| ok p=1
Q4:	|0...-01- -.-.+1.0 ..0-.0.0 .+11.-.+| ok p=1
Q5:	|.1!.-.1. +.-.-+.. ..+....+ .11+^1.1| ok p=1
Q6:	|.0....+1 1.+.--.. ..+0...+ .+.0.-.-| ok p=1
Q7:	|!-.^0.+. +.10++.. !^1....- .+.1.-.-| ok p=1
Q8:	|!0.+..+. 0.-.-0.. ^-0..^.- .+...0.-| ok p=1
Q9:	|!+.0..-. 1.1.-0.. +0-.0+.+ .-...-..| ok p=1
Q10:	|!-.1..+. 01111000 010110^+ 11001-.0| ok p=1
Q11:	|1-.00111 00-0++11 -1100++. 00010+.1| ok p=1
Q12:	|0-^010-0 +-1-00+- -0-+++10 +---+-^0| ok p=1
Q13:	|-++-+-0- -11+1-0- ---+0.-0 +---0+-+| ok p=1
Q14:	|010+1010 01-10-1. .0-0001- ..1.101-| ok p=1
Q15:	|100+10.0 0.00-.01 010-..11 01-1+0++| ok p=0.943359
Q16:	|.1.-.0.. ..0..^-. .0+..0.+ ..-.+.-1| ok p=0.530273
Q17:	|.+.1.1.. ....^.+. .1.^.1.. ..1.0.10| ok p=0.620117
Q18:	|...-.+.. .0....1. .-^..-.^ ..+.0.1.| ok p=0.863281
Q19:	|.^.-.... 00....+. ........ ..+.0.-.| ok p=0.808594
Q20:	|0..0.^.. 1+..0... 0^...^.. ..001...| ok p=1
Q21:	|1..0.... +0..1.^. 1....0.. ..11+.^.| ok p=0.539062
Q22:	|-....... .1..-... +....1.. ...-....| ok p=0.487305
Q23:	|...0.... ^....... .....-.0 ....^...| ok p=0.993164
Q24:	|^..1...0 ....^... ^.0....1 ...^....| ok p=0.944336
Q25:	|...+...1 ........ .....^.+ ........| ok p=0.459961
Q26:	|.......+ ........ .0-..... ......0.| ok p=0.988281
Q27:	|...^.... ........ .1-....^ ......1.| ok p=1
Q28:	|.......^ ........ .-+..... ......-.| ok p=0.911133
Q29:	|........ ........ ..0..... ......0.| ok p=0.998047
Q30:	|........ ........ .^1..... ......+.| ok p=1
Q31:	|........ ........ ........ ......+.| ok p=1
Q32:	|........ ........ ........ ........| ok p=1
Q33:	|........ ........ ........ ......!.| ok p=1
Q34:	|........ ........ ........ ........| ok p=1
Q35:	|........ ........ ........ ........| ok p=1
Q36:	|........ ........ ........ ........| ok p=1
Q37:	|........ ........ ........ ........| ok p=1
Q38:	|........ ........ ........ ........| ok p=1
Q39:	|........ ........ ........ ........| ok p=1
Q40:	|........ ........ ........ ........| ok p=1
Q41:	|........ ........ ........ ........| ok p=1
Q42:	|........ ........ ........ ........| ok p=1
Q43:	|........ ........ ........ ........| ok p=1
Q44:	|........ ........ ........ ........| ok p=1
Q45:	|........ ........ ........ ........| ok p=1
Q46:	|........ ........ ........ ........| ok p=1
Q47:	|........ ........ ........ ........| ok p=1
Q48:	|........ ........ ........ ........| ok p=1
Q49:	|........ ........ ........ ........| ok p=1
Q50:	|........ ........ ........ ........| ok p=1
Q51:	|........ ........ ........ ........| ok p=1
Q52:	|........ ........ ........ ........| ok p=1
Q53:	|........ ........ ........ ........| ok p=1
Q54:	|........ ........ ........ ........| ok p=1
Q55:	|........ ........ ........ ........| ok p=1
Q56:	|........ ........ ........ ........| ok p=1
Q57:	|........ ........ ........ ........| ok p=1
Q58:	|........ ........ ........ ........| ok p=1
Q59:	|........ ........ ........ ........| ok p=1
Q60:	|........ ........ ....0... ........| ok p=1
Q61:	|........ ........ ....1... ........| ok p=1
Q62:	|........ ........ ....-... ........| ok p=1
Q63:	|........ ........ ....-... ........| ok p=1
Q64:	|........ ........ ....-... ........|
Best path: totcompl=-34 tottunnel=25, totcond=586, p=0.0108687
Q-3:	|00101110 01100110 11001101 11111010|
Q-2:	|01+0--0+ -1101000 +1---0+- -001-+00|
Q-1:	|111+1+00 +1100101 0++--100 +1100-10|
Q0:	|+--+-1-- -11-++-1 011+-001 ++--++01| ok p=1
Q1:	|+0+.1+1- 1.-010-+ .0+0.-.0 .++00+.-| ok p=0.472656
Q2:	|.100++00 1.+1++.+ 0.--1-.1 00++0+.-| ok p=1
Q3:	|1.1.-..- -.+.-+01 1.--...- .0.0.1.0| ok p=1
Q4:	|00..-01- -.-.+1.0 ..0-.0.0 .+110-.+| ok p=1
Q5:	|.1..-.1. +.-.-+.. ..+....+ .11+.1.1| ok p=1
Q6:	|.0....+1 1.+.--.. ..+0...+ .+.0.-.-| ok p=1
Q7:	|!-.^0.+. +.10++.. !^1....- .+.1.-.-| ok p=1
Q8:	|!0.+..+. 0.-.-0.. ^-0..^.- .+...0.-| ok p=1
Q9:	|!+.0..-. 1.1.-0.. +0-.0+.+ .-...-..| ok p=1
Q10:	|!-.1..+1 11111000 010110^+ 11001-.0| ok p=1
Q11:	|1-.00111 10-0++11 -1100++. 00010+.1| ok p=1
Q12:	|0-^010-+ --1-00+- -0-+++10 +---+-^0| ok p=1
Q13:	|-++-+-0- -11+1-0- ---+0.-0 +---0+-+| ok p=1
Q14:	|010+1010 .1-10-1. .0-0001- ..1.101-| ok p=1
Q15:	|100+10.0 0.00-.01 010-..11 01-1+0++| ok p=0.939453
Q16:	|.1.-.0.. ..0..^-. .0+..0.+ ..-.+.-1| ok p=0.556641
Q17:	|.+.1.1.. ....^.+. .1.^.1.. ..1.0.10| ok p=0.630859
Q18:	|...-.+.. .0....1. .-^..-.^ ..+.0.1.| ok p=0.90332
Q19:	|.^.-.... 00....+. ........ ..+.0.-.| ok p=0.799805
Q20:	|0..0.^.. 1+..0... 0^...^.. ..001...| ok p=1
Q21:	|1..0.... +0..1.^. 1....0.. ..11+.^.| ok p=0.56543
Q22:	|-....... .1..-... +....1.. ...-....| ok p=0.469727
Q23:	|...0.... ^....... .....-.0 ....^...| ok p=0.99707
Q24:	|^..1...0 ....^... ^.0....1 ...^....| ok p=0.939453
Q25:	|...+...1 ........ .....^.+ ........| ok p=0.499023
Q26:	|.......+ ........ .0-..... ......0.| ok p=0.992188
Q27:	|...^.... ........ .1-....^ ......1.| ok p=1
Q28:	|.......^ ........ .-+..... ......-.| ok p=0.904297
Q29:	|........ ........ ..0..... ......0.| ok p=1
Q30:	|........ ........ .^1..... ......+.| ok p=1
Q31:	|........ ........ ........ ......+.| ok p=1
Q32:	|........ ........ ........ ........| ok p=1
Q33:	|........ ........ ........ ......!.| ok p=1
Q34:	|........ ........ ........ ........| ok p=1
Q35:	|........ ........ ........ ........| ok p=1
Q36:	|........ ........ ........ ........| ok p=1
Q37:	|........ ........ ........ ........| ok p=1
Q38:	|........ ........ ........ ........| ok p=1
Q39:	|........ ........ ........ ........| ok p=1
Q40:	|........ ........ ........ ........| ok p=1
Q41:	|........ ........ ........ ........| ok p=1
Q42:	|........ ........ ........ ........| ok p=1
Q43:	|........ ........ ........ ........| ok p=1
Q44:	|........ ........ ........ ........| ok p=1
Q45:	|........ ........ ........ ........| ok p=1
Q46:	|........ ........ ........ ........| ok p=1
Q47:	|........ ........ ........ ........| ok p=1
Q48:	|........ ........ ........ ........| ok p=1
Q49:	|........ ........ ........ ........| ok p=1
Q50:	|........ ........ ........ ........| ok p=1
Q51:	|........ ........ ........ ........| ok p=1
Q52:	|........ ........ ........ ........| ok p=1
Q53:	|........ ........ ........ ........| ok p=1
Q54:	|........ ........ ........ ........| ok p=1
Q55:	|........ ........ ........ ........| ok p=1
Q56:	|........ ........ ........ ........| ok p=1
Q57:	|........ ........ ........ ........| ok p=1
Q58:	|........ ........ ........ ........| ok p=1
Q59:	|........ ........ ........ ........| ok p=1
Q60:	|........ ........ ....0... ........| ok p=1
Q61:	|........ ........ ....1... ........| ok p=1
Q62:	|........ ........ ....-... ........| ok p=1
Q63:	|........ ........ ....-... ........| ok p=1
Q64:	|........ ........ ....-... ........|
Best path: totcompl=-32 tottunnel=27, totcond=586, p=0.012634
Q-3:	|00101110 01100110 11001101 11111010|
Q-2:	|01+0--0+ -1101000 +1---0+- -001-+00|
Q-1:	|111+1+00 +1100101 0++--100 +1100-10|
Q0:	|+--+-1-- -11-++-1 011+-001 ++--++01| ok p=1
Q1:	|+0+.1+1- 1.-010-+ .0+0.-.0 .++00+.-| ok p=0.486328
Q2:	|.100++00 1.+1++.+ 1.--1-.1 00++0+.-| ok p=1
Q3:	|1.1.-..- -.+.-+00 0.--...- .0.0.1.0| ok p=1
Q4:	|.00.-01- -.-.+1.0 ..0-.0.0 .+110-.+| ok p=1
Q5:	|.1..-.1. +.-.-+.. ..+....+ .11+.1.1| ok p=1
Q6:	|.0....+1 1.+.--.. ..+0...+ .+.0.-.-| ok p=1
Q7:	|!-.^0.+. +.10++.! .^1....- .+.1.-.-| ok p=1
Q8:	|!0.+..+. 0.-.-0.. ^-0..^.- .+...0.-| ok p=1
Q9:	|!+.0..-. 1.1.-0.. +0-.0+.+ .-...-..| ok p=1
Q10:	|!-.1..+1 .1101000 010110^+ 11001-.0| ok p=1
Q11:	|1-.00111 ^0-1++11 -1100++. 00010+.1| ok p=1
Q12:	|0-^010-+ --0-00+- -0-+++10 +---+-^0| ok p=1
Q13:	|-++-+-0- 0---1-0- ---+0.-0 +---0+-+| ok p=1
Q14:	|010+1010 1.-.0-1. .0-0001- ..1.101-| ok p=1
Q15:	|100+10.0 .0.0-.01 010-..11 01-1+0++| ok p=0.930664
Q16:	|.1.-.0.. ..^..^-. .0+..0.+ ..-.+.-1| ok p=0.550781
Q17:	|.+.1.1.. ....^.+. .1.^.1.. ..1.0.10| ok p=0.625977
Q18:	|...-.+.. .0....1. .-^..-.^ ..+.0.1.| ok p=0.867188
Q19:	|.^.-.... 00....+. ........ ..+.0.-.| ok p=0.817383
Q20:	|0..0.^.. 1+..0... 0^...^.. ..001...| ok p=1
Q21:	|1..0.... +0..1.^. 1....0.. ..11+.^.| ok p=0.510742
Q22:	|-....... .1..-... +....1.. ...-....| ok p=0.477539
Q23:	|...0.... ^....... .....-.0 ....^...| ok p=0.99707
Q24:	|^..1...0 ....^... ^.0....1 ...^....| ok p=0.9375
Q25:	|...+...1 ........ .....^.+ ........| ok p=0.458984
Q26:	|.......+ ........ .0-..... ......0.| ok p=0.994141
Q27:	|...^.... ........ .1-....^ ......1.| ok p=1
Q28:	|.......^ ........ .-+..... ......-.| ok p=0.916016
Q29:	|........ ........ ..0..... ......0.| ok p=1
Q30:	|........ ........ .^1..... ......+.| ok p=1
Q31:	|........ ........ ........ ......+.| ok p=1
Q32:	|........ ........ ........ ........| ok p=1
Q33:	|........ ........ ........ ......!.| ok p=1
Q34:	|........ ........ ........ ........| ok p=1
Q35:	|........ ........ ........ ........| ok p=1
Q36:	|........ ........ ........ ........| ok p=1
Q37:	|........ ........ ........ ........| ok p=1
Q38:	|........ ........ ........ ........| ok p=1
Q39:	|........ ........ ........ ........| ok p=1
Q40:	|........ ........ ........ ........| ok p=1
Q41:	|........ ........ ........ ........| ok p=1
Q42:	|........ ........ ........ ........| ok p=1
Q43:	|........ ........ ........ ........| ok p=1
Q44:	|........ ........ ........ ........| ok p=1
Q45:	|........ ........ ........ ........| ok p=1
Q46:	|........ ........ ........ ........| ok p=1
Q47:	|........ ........ ........ ........| ok p=1
Q48:	|........ ........ ........ ........| ok p=1
Q49:	|........ ........ ........ ........| ok p=1
Q50:	|........ ........ ........ ........| ok p=1
Q51:	|........ ........ ........ ........| ok p=1
Q52:	|........ ........ ........ ........| ok p=1
Q53:	|........ ........ ........ ........| ok p=1
Q54:	|........ ........ ........ ........| ok p=1
Q55:	|........ ........ ........ ........| ok p=1
Q56:	|........ ........ ........ ........| ok p=1
Q57:	|........ ........ ........ ........| ok p=1
Q58:	|........ ........ ........ ........| ok p=1
Q59:	|........ ........ ........ ........| ok p=1
Q60:	|........ ........ ....0... ........| ok p=1
Q61:	|........ ........ ....1... ........| ok p=1
Q62:	|........ ........ ....-... ........| ok p=1
Q63:	|........ ........ ....-... ........| ok p=1
Q64:	|........ ........ ....-... ........|
Best path: totcompl=-31 tottunnel=28, totcond=583, p=0.0105278
Q-3:	|00101110 01100110 11001101 11111010|
Q-2:	|01+0--0+ -1101000 +1---0+- -001-+00|
Q-1:	|111+1+00 +1100101 0++--100 +1100-10|
Q0:	|+--+-1-- -11-++-1 011+-001 ++--++01| ok p=1
Q1:	|+0+.1+1- 1.-010-+ .0+0.-.. .++10+.-| ok p=0.757812
Q2:	|.001++1. 0.+1++.0 ..--1-^. 0.++1+.-| ok p=1
Q3:	|110.-.-0 +.+.++01 ..++..+^ .0.1.0.0| ok p=1
Q4:	|0+..-0+. +.0^.1.. ..1-.00+ ..11.1.+| ok p=1
Q5:	|10..1.0. ..+.1-.. ^.+0..+0 0!1-.+.1| ok p=1
Q6:	|0-.10.1. 0.-..1.. -.+0..+1 1.+0.0.-| ok p=1
Q7:	|1100+... ..-..10! 0.1..... +.1-.1.-| ok p=1
Q8:	|.11-1.^. ..+..-0. +.+..^1. +.0-.+..| ok p=1
Q9:	|..1-0.-. ..1..-+. -.+..+.. 0!...0.0| ok p=1
Q10:	|.1-0+.11 .0+00++. +.0.!0.0 -.0101..| ok p=1
Q11:	|.0+1+.+0 11111+0! +^-^0-01 -.0.1-1^| ok p=1
Q12:	|.+1--^-- 0++++1+^ 0+++1-1- 0^+^++1+| ok p=1
Q13:	|!1-00+-1 +0+--+-- +1+1+++- +---10+1| ok p=1
Q14:	|.11+10.0 10-0-0+0 01111010 011111-0| ok p=1
Q15:	|.00+.01. 0.10-110 011-0111 01-0.+++| ok p=0.672852
Q16:	|.1.-.0.. ..1.1.-. .++..0.+ ..-..+0.| ok p=0.479492
Q17:	|.+.1.1.. ....1.0. .0.^.1.. ..1..00^| ok p=0.602539
Q18:	|...-.+.. .0....0. .-^..-.^ ..+..11.| ok p=0.876953
Q19:	|.^.-.... 00....+. ........ ..+.0.-.| ok p=0.805664
Q20:	|0..0.^.. 0+..0... 0^...^.. ..001...| ok p=1
Q21:	|1..0.... +1..1.^. 1....0.. ..11+.^.| ok p=0.549805
Q22:	|-....... .0..-... +....1.. ...-....| ok p=0.472656
Q23:	|...0.... ^....... .....-.0 ....^...| ok p=0.994141
Q24:	|^..1...0 ....^... ^.0....1 ...^....| ok p=0.923828
Q25:	|...+...1 ........ .....^.+ ........| ok p=0.473633
Q26:	|.......+ ........ .0-..... ......0.| ok p=0.992188
Q27:	|...^.... ........ .1-....^ ......1.| ok p=1
Q28:	|.......^ ........ .-+..... ......-.| ok p=0.890625
Q29:	|........ ........ ..0..... ......0.| ok p=0.998047
Q30:	|........ ........ .^1..... ......+.| ok p=1
Q31:	|........ ........ ........ ......+.| ok p=1
Q32:	|........ ........ ........ ........| ok p=1
Q33:	|........ ........ ........ ......!.| ok p=1
Q34:	|........ ........ ........ ........| ok p=1
Q35:	|........ ........ ........ ........| ok p=1
Q36:	|........ ........ ........ ........| ok p=1
Q37:	|........ ........ ........ ........| ok p=1
Q38:	|........ ........ ........ ........| ok p=1
Q39:	|........ ........ ........ ........| ok p=1
Q40:	|........ ........ ........ ........| ok p=1
Q41:	|........ ........ ........ ........| ok p=1
Q42:	|........ ........ ........ ........| ok p=1
Q43:	|........ ........ ........ ........| ok p=1
Q44:	|........ ........ ........ ........| ok p=1
Q45:	|........ ........ ........ ........| ok p=1
Q46:	|........ ........ ........ ........| ok p=1
Q47:	|........ ........ ........ ........| ok p=1
Q48:	|........ ........ ........ ........| ok p=1
Q49:	|........ ........ ........ ........| ok p=1
Q50:	|........ ........ ........ ........| ok p=1
Q51:	|........ ........ ........ ........| ok p=1
Q52:	|........ ........ ........ ........| ok p=1
Q53:	|........ ........ ........ ........| ok p=1
Q54:	|........ ........ ........ ........| ok p=1
Q55:	|........ ........ ........ ........| ok p=1
Q56:	|........ ........ ........ ........| ok p=1
Q57:	|........ ........ ........ ........| ok p=1
Q58:	|........ ........ ........ ........| ok p=1
Q59:	|........ ........ ........ ........| ok p=1
Q60:	|........ ........ ....0... ........| ok p=1
Q61:	|........ ........ ....1... ........| ok p=1
Q62:	|........ ........ ....-... ........| ok p=1
Q63:	|........ ........ ....-... ........| ok p=1
Q64:	|........ ........ ....-... ........|
Best path: totcompl=-26 tottunnel=33, totcond=581, p=0.0114364
Q-3:	|00101110 01100110 11001101 11111010|
Q-2:	|01+0--0+ -1101000 +1---0+- -001-+00|
Q-1:	|111+1+00 +1100101 0++--100 +1100-10|
Q0:	|+--+-1-- -11-++-1 011+-001 ++--++01| ok p=1
Q1:	|+0+.1+1- 1.-010-+ .0+0.-.. .++10+.-| ok p=0.725586
Q2:	|.001++1. 0.+1++.0 ..--1-^. 0.++1+.-| ok p=1
Q3:	|110.-.-0 +.+0++01 ..++..+^ .0.1.0.0| ok p=1
Q4:	|0+..-0+. +.0..1.. ..1-.00+ ..11.1.+| ok p=1
Q5:	|10..1.0. ..+.1-.. ^.+0..+0 0!1-.+.1| ok p=1
Q6:	|0-.10.1. 0.-..1.. -.+0..+1 1.+0.0.-| ok p=1
Q7:	|11.0+... ..-..10! 0.1..... +.1-.1.-| ok p=1
Q8:	|011-1.^. ..+..-0. +.+..^1. +.0-.+..| ok p=1
Q9:	|..1-0.-. ..1..-+. -.+..+.. 0.1..0.0| ok p=1
Q10:	|.1-0+.11 .0+00++. +.0.!0.0 -.0101..| ok p=1
Q11:	|.0+1+.+0 11111+0! +^-^0-01 -.0.1-1^| ok p=1
Q12:	|.+1--^-- 0++++1+. 1+++1-1- 0^+^++1+| ok p=1
Q13:	|!1-00+-1 +0+--+-. -1+1+++- +---10+1| ok p=1
Q14:	|.11+10.0 10-0-0+. 01110110 011111-0| ok p=1
Q15:	|.00+.01. 0.10-11! 011-0111 01-0.+++| ok p=0.647461
Q16:	|.1.-.0.. ..1.1.-. .++..0.+ ..-..+0.| ok p=0.479492
Q17:	|.+.1.1.. ....1.0. .0.^.1.. ..1..00^| ok p=0.564453
Q18:	|...-.+.. .0....0. .-^..-.^ ..+..11.| ok p=0.876953
Q19:	|.^.-.... 00....+. ........ ..+.0.-.| ok p=0.819336
Q20:	|0..0.^.. 0+..0... 0^...^.. ..001...| ok p=1
Q21:	|1..0.... +1..1.^. 1....0.. ..11+.^.| ok p=0.547852
Q22:	|-....... .0..-... +....1.. ...-....| ok p=0.46875
Q23:	|...0.... ^....... .....-.0 ....^...| ok p=0.99707
Q24:	|^..1...0 ....^... ^.0....1 ...^....| ok p=0.938477
Q25:	|...+...1 ........ .....^.+ ........| ok p=0.498047
Q26:	|.......+ ........ .0-..... ......0.| ok p=0.992188
Q27:	|...^.... ........ .1-....^ ......1.| ok p=1
Q28:	|.......^ ........ .-+..... ......-.| ok p=0.891602
Q29:	|........ ........ ..0..... ......0.| ok p=1
Q30:	|........ ........ .^1..... ......+.| ok p=1
Q31:	|........ ........ ........ ......+.| ok p=1
Q32:	|........ ........ ........ ........| ok p=1
Q33:	|........ ........ ........ ......!.| ok p=1
Q34:	|........ ........ ........ ........| ok p=1
Q35:	|........ ........ ........ ........| ok p=1
Q36:	|........ ........ ........ ........| ok p=1
Q37:	|........ ........ ........ ........| ok p=1
Q38:	|........ ........ ........ ........| ok p=1
Q39:	|........ ........ ........ ........| ok p=1
Q40:	|........ ........ ........ ........| ok p=1
Q41:	|........ ........ ........ ........| ok p=1
Q42:	|........ ........ ........ ........| ok p=1
Q43:	|........ ........ ........ ........| ok p=1
Q44:	|........ ........ ........ ........| ok p=1
Q45:	|........ ........ ........ ........| ok p=1
Q46:	|........ ........ ........ ........| ok p=1
Q47:	|........ ........ ........ ........| ok p=1
Q48:	|........ ........ ........ ........| ok p=1
Q49:	|........ ........ ........ ........| ok p=1
Q50:	|........ ........ ........ ........| ok p=1
Q51:	|........ ........ ........ ........| ok p=1
Q52:	|........ ........ ........ ........| ok p=1
Q53:	|........ ........ ........ ........| ok p=1
Q54:	|........ ........ ........ ........| ok p=1
Q55:	|........ ........ ........ ........| ok p=1
Q56:	|........ ........ ........ ........| ok p=1
Q57:	|........ ........ ........ ........| ok p=1
Q58:	|........ ........ ........ ........| ok p=1
Q59:	|........ ........ ........ ........| ok p=1
Q60:	|........ ........ ....0... ........| ok p=1
Q61:	|........ ........ ....1... ........| ok p=1
Q62:	|........ ........ ....-... ........| ok p=1
Q63:	|........ ........ ....-... ........| ok p=1
Q64:	|........ ........ ....-... ........|
Best path: totcompl=-26 tottunnel=33, totcond=578, p=0.0107548
Q-3:	|00101110 01100110 11001101 11111010|
Q-2:	|01+0--0+ -1101000 +1---0+- -001-+00|
Q-1:	|111+1+00 +1100101 0++--100 +1100-10|
Q0:	|+--+-1-- -11-++-1 011+-001 ++--++01| ok p=1
Q1:	|+0+.1+1- 1.-010-+ .0+0.-.. .++10+.-| ok p=0.757812
Q2:	|.001++1. 0.+1++.0 ..--1-^. 0.++1+.-| ok p=1
Q3:	|110.-.-0 +.+.++01 ..++..+^ .0.1.0.0| ok p=1
Q4:	|0+..-0+. +.0^.1.. ..1-.00+ ..1111.+| ok p=1
Q5:	|10..1.0. ..+.1-.. ^.+0..+0 0.1-.+.1| ok p=1
Q6:	|0-.10.1. 0.-..1.. -.+0..+1 1.+0.0.-| ok p=1
Q7:	|11.0+... ..-..11! 0.1..... +.1-.1.-| ok p=1
Q8:	|.1!-1.^. ..+..-1. +.+..^1. +.0-.+..| ok p=1
Q9:	|..1-0.-. ..1..0-. -.+..+.. 0.1..0.0| ok p=1
Q10:	|.!1--101 0.+00++. +..1!0.. -010^1..| ok p=1
Q11:	|!.+.+1+0 11-11+1. +00010.. -11.--1^| ok p=1
Q12:	|..+10++- +0--++1^ 011+00^. 0+-.0+1+| ok p=1
Q13:	|.!-1+--0 +-++--0+ +++0+++^ +--.-+-1| ok p=1
Q14:	|.!1+1001 .0-1-1+0 0001000- 101.1-+0| ok p=1
Q15:	|.01+100. 0110-101 11++1011 01-.0-1-| ok p=1
Q16:	|.1.-.0.. ..0.1.1. .1+..0.+ ..-..+1.| ok p=0.46875
Q17:	|.+.1.1.. ....1.+. .10^.1.. ..1..10^| ok p=0.669922
Q18:	|.0.-.+.. .0....1. .-0..-.^ ..+..11.| ok p=0.94043
Q19:	|.1.-.... 00....-. ........ ..+.0.-.| ok p=0.829102
Q20:	|0..0.^.. 0+..0... 0^...^.. ..001...| ok p=1
Q21:	|1..0.... +1..1.^. 1....0.. ..11+.^.| ok p=0.421875
Q22:	|+....... .0..-... +....1.. ...-....| ok p=0.479492
Q23:	|...0.... ^....... .....-.0 ....^...| ok p=0.996094
Q24:	|^..1...0 ....^... ^.0....1 ...^....| ok p=0.927734
Q25:	|...+...1 ........ .....^.+ ........| ok p=0.476562
Q26:	|.......+ ........ .0-..... ......0.| ok p=0.991211
Q27:	|...^.... ........ .1-....^ ......1.| ok p=1
Q28:	|.......^ ........ .-+..... ......-.| ok p=0.900391
Q29:	|........ ........ ..0..... ......0.| ok p=1
Q30:	|........ ........ .^1..... ......+.| ok p=1
Q31:	|........ ........ ........ ......+.| ok p=1
Q32:	|........ ........ ........ ........| ok p=1
Q33:	|........ ........ ........ ......!.| ok p=1
Q34:	|........ ........ ........ ........| ok p=1
Q35:	|........ ........ ........ ........| ok p=1
Q36:	|........ ........ ........ ........| ok p=1
Q37:	|........ ........ ........ ........| ok p=1
Q38:	|........ ........ ........ ........| ok p=1
Q39:	|........ ........ ........ ........| ok p=1
Q40:	|........ ........ ........ ........| ok p=1
Q41:	|........ ........ ........ ........| ok p=1
Q42:	|........ ........ ........ ........| ok p=1
Q43:	|........ ........ ........ ........| ok p=1
Q44:	|........ ........ ........ ........| ok p=1
Q45:	|........ ........ ........ ........| ok p=1
Q46:	|........ ........ ........ ........| ok p=1
Q47:	|........ ........ ........ ........| ok p=1
Q48:	|........ ........ ........ ........| ok p=1
Q49:	|........ ........ ........ ........| ok p=1
Q50:	|........ ........ ........ ........| ok p=1
Q51:	|........ ........ ........ ........| ok p=1
Q52:	|........ ........ ........ ........| ok p=1
Q53:	|........ ........ ........ ........| ok p=1
Q54:	|........ ........ ........ ........| ok p=1
Q55:	|........ ........ ........ ........| ok p=1
Q56:	|........ ........ ........ ........| ok p=1
Q57:	|........ ........ ........ ........| ok p=1
Q58:	|........ ........ ........ ........| ok p=1
Q59:	|........ ........ ........ ........| ok p=1
Q60:	|........ ........ ....0... ........| ok p=1
Q61:	|........ ........ ....1... ........| ok p=1
Q62:	|........ ........ ....-... ........| ok p=1
Q63:	|........ ........ ....-... ........| ok p=1
Q64:	|........ ........ ....-... ........|
Best path: totcompl=-26 tottunnel=33, totcond=577, p=0.0144136
Best paths: 2
Q-3:	|00101110 01100110 11001101 11111010|
Q-2:	|01+0--0+ -1101000 +1---0+- -001-+00|
Q-1:	|111+1+00 +1100101 0++--100 +1100-10|
Q0:	|+--+-1-- -11-++-1 011+-001 ++--++01| ok p=1
Q1:	|+0+.1+1- 1.-010-+ .0+0.-.. .++10+.-| ok p=0.724609
Q2:	|.001++1. 0.+1++.0 ..--1-^. 0.++1+.-| ok p=1
Q3:	|110.-.-0 +.+.++01 ..++..+^ .0.1.0.0| ok p=1
Q4:	|0+..-0+. +.0^.1.. ..1-.00+ ..1111.+| ok p=1
Q5:	|10..0.0. ..+.1-.. ^.+0..+0 0.1-.+.1| ok p=1
Q6:	|0-.10.1. 0.-..1.. -.+0..+1 1.+0.0.-| ok p=1
Q7:	|11.1+... ..-..1^! 0.1..... +.1-.1.-| ok p=1
Q8:	|01.-0.^. ..+...-. +.+..^1. +.0-.+..| ok p=1
Q9:	|.11-1.-. ..10^.1. -.+..+.. ...-.+.0| ok p=1
Q10:	|.-.1+.00 0.+0+10. +..1!1.. 011-0+..| ok p=1
Q11:	|!10+11+1 1.1-01-. +.1010.. .00-100^| ok p=1
Q12:	|.+0--0++ +^--++1^ 1^0+00^. ^+-1-10+| ok p=1
Q13:	|.1-01+-0 +-+.+-0+ +++0+++^ +---++-1| ok p=1
Q14:	|.01+0011 .0-101+0 0001000- 11111--0| ok p=1
Q15:	|.00+.01. 011.-101 11++1011 01-10-.-| ok p=1
Q16:	|.1.-.0.. ..0.0.1. .1+..0.+ ..-..+^.| ok p=0.545898
Q17:	|.+.1.1.. ....1.+. .10^.1.. ..1..00^| ok p=0.691406
Q18:	|.0.-.+.. .0....1. .-0..-.^ ..+..01.| ok p=0.931641
Q19:	|.1.-.... 00....-. ........ ..+.0.-.| ok p=0.78125
Q20:	|0..0.^.. 0+..0... 0^...^.. ..001...| ok p=1
Q21:	|1..0.... +1..1.^. 1....0.. ..11+.^.| ok p=0.418945
Q22:	|+....... .0..-... +....1.. ...-....| ok p=0.477539
Q23:	|...0.... ^....... .....-.0 ....^...| ok p=0.99707
Q24:	|^..1...0 ....^... ^.0....1 ...^....| ok p=0.923828
Q25:	|...+...1 ........ .....^.+ ........| ok p=0.456055
Q26:	|.......+ ........ .0-..... ......0.| ok p=0.991211
Q27:	|...^.... ........ .1-....^ ......1.| ok p=1
Q28:	|.......^ ........ .-+..... ......-.| ok p=0.912109
Q29:	|........ ........ ..0..... ......0.| ok p=0.999023
Q30:	|........ ........ .^1..... ......+.| ok p=1
Q31:	|........ ........ ........ ......+.| ok p=1
Q32:	|........ ........ ........ ........| ok p=1
Q33:	|........ ........ ........ ......!.| ok p=1
Q34:	|........ ........ ........ ........| ok p=1
Q35:	|........ ........ ........ ........| ok p=1
Q36:	|........ ........ ........ ........| ok p=1
Q37:	|........ ........ ........ ........| ok p=1
Q38:	|........ ........ ........ ........| ok p=1
Q39:	|........ ........ ........ ........| ok p=1
Q40:	|........ ........ ........ ........| ok p=1
Q41:	|........ ........ ........ ........| ok p=1
Q42:	|........ ........ ........ ........| ok p=1
Q43:	|........ ........ ........ ........| ok p=1
Q44:	|........ ........ ........ ........| ok p=1
Q45:	|........ ........ ........ ........| ok p=1
Q46:	|........ ........ ........ ........| ok p=1
Q47:	|........ ........ ........ ........| ok p=1
Q48:	|........ ........ ........ ........| ok p=1
Q49:	|........ ........ ........ ........| ok p=1
Q50:	|........ ........ ........ ........| ok p=1
Q51:	|........ ........ ........ ........| ok p=1
Q52:	|........ ........ ........ ........| ok p=1
Q53:	|........ ........ ........ ........| ok p=1
Q54:	|........ ........ ........ ........| ok p=1
Q55:	|........ ........ ........ ........| ok p=1
Q56:	|........ ........ ........ ........| ok p=1
Q57:	|........ ........ ........ ........| ok p=1
Q58:	|........ ........ ........ ........| ok p=1
Q59:	|........ ........ ........ ........| ok p=1
Q60:	|........ ........ ....0... ........| ok p=1
Q61:	|........ ........ ....1... ........| ok p=1
Q62:	|........ ........ ....-... ........| ok p=1
Q63:	|........ ........ ....-... ........| ok p=1
Q64:	|........ ........ ....-... ........|
Best path: totcompl=-26 tottunnel=33, totcond=576, p=0.0167994
Best paths: 2
Best paths: 4
Q-3:	|00101110 01100110 11001101 11111010|
Q-2:	|01+0--0+ -1101000 +1---0+- -001-+00|
Q-1:	|111+1+00 +1100101 0++--100 +1100-10|
Q0:	|+--+-1-- -11-++-1 011+-001 ++--++01| ok p=1
Q1:	|+0+.1+1- 1.-010-+ .0+0.-.. .++10+.-| ok p=0.734375
Q2:	|.001++1. 0.+1++.0 ..--1-^. 0.++1+.-| ok p=1
Q3:	|110.-.-0 +.+.++01 ..++..+^ .0.1.0.0| ok p=1
Q4:	|0+..-0+. +.0^.1.. ..1-.00+ ..11.1.+| ok p=1
Q5:	|10..1.0. ..+.1-.. ^.+0..+0 0!1-.+.1| ok p=1
Q6:	|0-.10.1. 0.-..1.. -.+0..+1 1.+0.0.-| ok p=1
Q7:	|11.0+... ..-..10! 0.1..... +.1-.1.-| ok p=1
Q8:	|01.-1.^. ..+..-0. +.+..^1. +.0-.+..| ok p=1
Q9:	|.1.-0.-. ..1..-+. -.+..+.. 1!...0.0| ok p=1
Q10:	|.1.--11^ .0+10++. +011!010 -10111.0| ok p=1
Q11:	|.+^--00+ 11001+0. +111^-11 -0100-10| ok p=1
Q12:	|!+^1+-11 0+++++-. .+-----+ 0+-+--0+| ok p=1
Q13:	|!-+00+-0 ++0--.+. 01+-1.-+ +---+--+| ok p=1
Q14:	|.11+1+1. 1.-0-1+. .00100.0 011110-1| ok p=1
Q15:	|.01+.01. 0110-.1. ..1-..11 01-01+++| ok p=0.724609
Q16:	|.1.-.-.. ..1.1.-. .0+..0.+ ..-..+0.| ok p=0.478516
Q17:	|.+.1.0.. ....1.0. .1.^.1.. ..1..00^| ok p=0.567383
Q18:	|...-.+.. .0....0. .-^..-.^ ..+..11.| ok p=0.860352
Q19:	|.^.-.... 00....+. ........ ..+.0.-.| ok p=0.81543
Q20:	|0..0.^.. 1+..0... 0^...^.. ..001...| ok p=1
Q21:	|1..0.... +0..1.^. 1....0.. ..11+.^.| ok p=0.541016
Q22:	|-....... .1..-... +....1.. ...-....| ok p=0.490234
Q23:	|...0.... ^....... .....-.0 ....^...| ok p=0.996094
Q24:	|^..1...0 ....^... ^.0....1 ...^....| ok p=0.924805
Q25:	|...+...1 ........ .....^.+ ........| ok p=0.46875
Q26:	|.......+ ........ .0-..... ......0.| ok p=0.991211
Q27:	|...^.... ........ .1-....^ ......1.| ok p=1
Q28:	|.......^ ........ .-+..... ......-.| ok p=0.913086
Q29:	|........ ........ ..0..... ......0.| ok p=0.996094
Q30:	|........ ........ .^1..... ......+.| ok p=1
Q31:	|........ ........ ........ ......+.| ok p=1
Q32:	|........ ........ ........ ........| ok p=1
Q33:	|........ ........ ........ ......!.| ok p=1
Q34:	|........ ........ ........ ........| ok p=1
Q35:	|........ ........ ........ ........| ok p=1
Q36:	|........ ........ ........ ........| ok p=1
Q37:	|........ ........ ........ ........| ok p=1
Q38:	|........ ........ ........ ........| ok p=1
Q39:	|........ ........ ........ ........| ok p=1
Q40:	|........ ........ ........ ........| ok p=1
Q41:	|........ ........ ........ ........| ok p=1
Q42:	|........ ........ ........ ........| ok p=1
Q43:	|........ ........ ........ ........| ok p=1
Q44:	|........ ........ ........ ........| ok p=1
Q45:	|........ ........ ........ ........| ok p=1
Q46:	|........ ........ ........ ........| ok p=1
Q47:	|........ ........ ........ ........| ok p=1
Q48:	|........ ........ ........ ........| ok p=1
Q49:	|........ ........ ........ ........| ok p=1
Q50:	|........ ........ ........ ........| ok p=1
Q51:	|........ ........ ........ ........| ok p=1
Q52:	|........ ........ ........ ........| ok p=1
Q53:	|........ ........ ........ ........| ok p=1
Q54:	|........ ........ ........ ........| ok p=1
Q55:	|........ ........ ........ ........| ok p=1
Q56:	|........ ........ ........ ........| ok p=1
Q57:	|........ ........ ........ ........| ok p=1
Q58:	|........ ........ ........ ........| ok p=1
Q59:	|........ ........ ........ ........| ok p=1
Q60:	|........ ........ ....0... ........| ok p=1
Q61:	|........ ........ ....1... ........| ok p=1
Q62:	|........ ........ ....-... ........| ok p=1
Q63:	|........ ........ ....-... ........| ok p=1
Q64:	|........ ........ ....-... ........|
Best path: totcompl=-26 tottunnel=33, totcond=575, p=0.0119431
Best paths: 2
Best paths: 4
Q-3:	|00101110 01100110 11001101 11111010|
Q-2:	|01+0--0+ -1101000 +1---0+- -001-+00|
Q-1:	|111+1+00 +1100101 0++--100 +1100-10|
Q0:	|+--+-1-- -11-++-1 011+-001 ++--++01| ok p=1
Q1:	|+0+.1+1- 1.-010-+ .0+0.-.0 .++00+.-| ok p=0.511719
Q2:	|.100++00 1.+1++.+ 0.--1-.1 00++0+.-| ok p=1
Q3:	|1.1.-..- -.+.-+01 1.--...- .0.0.1.0| ok p=1
Q4:	|.!1.-00- -1-.+1.1 ..0-.0.0 .+11.-.+| ok p=1
Q5:	|.10.-.0. .0-.-+.. ..+....+ .11+^1.1| ok p=1
Q6:	|.11...+1 1--.--.. ..+0...+ .+.0^-.-| ok p=1
Q7:	|.-0.0.+. .11.++.! .......- .-.1-+.-| ok p=1
Q8:	|!1+...0. .+0.+1.. ^.0....- .-..10.-| ok p=1
Q9:	|!10...1. .++.+01. +.0.1..0 ..^^++..| ok p=1
Q10:	|..0!10+1 .++.+01. 0.+.1..1 .1+.+-.1| ok p=1
Q11:	|.0..0101 0-+.11-. 11-.+^1+ 111^++..| ok p=1
Q12:	|.1^0-+-- 11+^0++^ 00+.--0+ 001+0-.^| ok p=1
Q13:	|.0+10+-+ --++1-1- ---011-+ +--1--0-| ok p=1
Q14:	|.00+0..0 10-0-1+0 10-0011- 00001001| ok p=1
Q15:	|.-0+.111 1011-011 110-..00 01-.0+++| ok p=0.768555
Q16:	|.0.-.0.. ..0.1.-. .0+..0.+ ..-..+1.| ok p=0.804688
Q17:	|.+.1.1.. ....1.0. .1.^.1.. ..1..00^| ok p=0.615234
Q18:	|...-.+.. .0....0. .-^..-.^ ..+..11.| ok p=0.900391
Q19:	|.^.-.... 00....+. ........ ..+.0.-.| ok p=0.818359
Q20:	|0..0.^.. 0+..0... 0^...^.. ..001...| ok p=1
Q21:	|1..0.... +1..1.^. 1....0.. ..11+.^.| ok p=0.519531
Q22:	|-....... .0..-... +....1.. ...-....| ok p=0.491211
Q23:	|...0.... ^....... .....-.0 ....^...| ok p=0.994141
Q24:	|^..1...0 ....^... ^.0....1 ...^....| ok p=0.921875
Q25:	|...+...1 ........ .....^.+ ........| ok p=0.486328
Q26:	|.......+ ........ .0-..... ......0.| ok p=0.992188
Q27:	|...^.... ........ .1-....^ ......1.| ok p=1
Q28:	|.......^ ........ .-+..... ......-.| ok p=0.901367
Q29:	|........ ........ ..0..... ......0.| ok p=0.998047
Q30:	|........ ........ .^1..... ......+.| ok p=1
Q31:	|........ ........ ........ ......+.| ok p=1
Q32:	|........ ........ ........ ........| ok p=1
Q33:	|........ ........ ........ ......!.| ok p=1
Q34:	|........ ........ ........ ........| ok p=1
Q35:	|........ ........ ........ ........| ok p=1
Q36:	|........ ........ ........ ........| ok p=1
Q37:	|........ ........ ........ ........| ok p=1
Q38:	|........ ........ ........ ........| ok p=1
Q39:	|........ ........ ........ ........| ok p=1
Q40:	|........ ........ ........ ........| ok p=1
Q41:	|........ ........ ........ ........| ok p=1
Q42:	|........ ........ ........ ........| ok p=1
Q43:	|........ ........ ........ ........| ok p=1
Q44:	|........ ........ ........ ........| ok p=1
Q45:	|........ ........ ........ ........| ok p=1
Q46:	|........ ........ ........ ........| ok p=1
Q47:	|........ ........ ........ ........| ok p=1
Q48:	|........ ........ ........ ........| ok p=1
Q49:	|........ ........ ........ ........| ok p=1
Q50:	|........ ........ ........ ........| ok p=1
Q51:	|........ ........ ........ ........| ok p=1
Q52:	|........ ........ ........ ........| ok p=1
Q53:	|........ ........ ........ ........| ok p=1
Q54:	|........ ........ ........ ........| ok p=1
Q55:	|........ ........ ........ ........| ok p=1
Q56:	|........ ........ ........ ........| ok p=1
Q57:	|........ ........ ........ ........| ok p=1
Q58:	|........ ........ ........ ........| ok p=1
Q59:	|........ ........ ........ ........| ok p=1
Q60:	|........ ........ ....0... ........| ok p=1
Q61:	|........ ........ ....1... ........| ok p=1
Q62:	|........ ........ ....-... ........| ok p=1
Q63:	|........ ........ ....-... ........| ok p=1
Q64:	|........ ........ ....-... ........|
Best path: totcompl=-26 tottunnel=33, totcond=574, p=0.0127415
Q-3:	|00101110 01100110 11001101 11111010|
Q-2:	|01+0--0+ -1101000 +1---0+- -001-+00|
Q-1:	|111+1+00 +1100101 0++--100 +1100-10|
Q0:	|+--+-1-- -11-++-1 011+-001 ++--++01| ok p=1
Q1:	|+0+.1+1- 1.-010-+ .0+0.-.0 .++00+.-| ok p=0.507812
Q2:	|.100++00 1.+1++.+ 1.--1-.1 00++0+.-| ok p=1
Q3:	|1.1.-..- -.+.-+00 0.--...- .0.0.1.0| ok p=1
Q4:	|.!..-00- -1-.+1.1 ..0-.0.0 .+11.-.+| ok p=1
Q5:	|.!0.-.0. .0-.-+.. ..+....+ .11+^1.1| ok p=1
Q6:	|.^1...+1 1--.--.. ..+0...+ .+.0^-.-| ok p=1
Q7:	|!-0.0.+. .11.++.! .......- .-.1-+.-| ok p=1
Q8:	|!1+...0. .+0.+1.. ^.0....- .-..10.-| ok p=1
Q9:	|!10...1. .++.+01. +.0.1..0 ..^^++..| ok p=1
Q10:	|..0!10+1 .++.+01. 0.+.1..1 .1+.+-.1| ok p=1
Q11:	|....0101 0-+.11-. 11-.+^0+ 111^++..| ok p=1
Q12:	|!1^0-+-- 11+^0++^ 00+.--1+ 001+0-.^| ok p=1
Q13:	|.0+10+-+ --++1-1- ---010-+ +--1--0-| ok p=1
Q14:	|.00+0..0 10-0-1+0 10-0011- 00001001| ok p=1
Q15:	|.-0+.111 1011-011 110-..00 01-.0+++| ok p=0.769531
Q16:	|.0.-.0.. ..0.1.-. .0+..0.+ ..-..+1.| ok p=0.835938
Q17:	|.+.1.1.. ....1.0. .1.^.1.. ..1..00^| ok p=0.629883
Q18:	|...-.+.. .0....0. .-^..-.^ ..+..11.| ok p=0.880859
Q19:	|.^.-.... 00....+. ........ ..+.0.-.| ok p=0.819336
Q20:	|0..0.^.. 0+..0... 0^...^.. ..001...| ok p=1
Q21:	|1..0.... +1..1.^. 1....0.. ..11+.^.| ok p=0.525391
Q22:	|-....... .0..-... +....1.. ...-....| ok p=0.46582
Q23:	|...0.... ^....... .....-.0 ....^...| ok p=0.996094
Q24:	|^..1...0 ....^... ^.0....1 ...^....| ok p=0.930664
Q25:	|...+...1 ........ .....^.+ ........| ok p=0.452148
Q26:	|.......+ ........ .0-..... ......0.| ok p=0.994141
Q27:	|...^.... ........ .1-....^ ......1.| ok p=1
Q28:	|.......^ ........ .-+..... ......-.| ok p=0.919922
Q29:	|........ ........ ..0..... ......0.| ok p=0.99707
Q30:	|........ ........ .^1..... ......+.| ok p=1
Q31:	|........ ........ ........ ......+.| ok p=1
Q32:	|........ ........ ........ ........| ok p=1
Q33:	|........ ........ ........ ......!.| ok p=1
Q34:	|........ ........ ........ ........| ok p=1
Q35:	|........ ........ ........ ........| ok p=1
Q36:	|........ ........ ........ ........| ok p=1
Q37:	|........ ........ ........ ........| ok p=1
Q38:	|........ ........ ........ ........| ok p=1
Q39:	|........ ........ ........ ........| ok p=1
Q40:	|........ ........ ........ ........| ok p=1
Q41:	|........ ........ ........ ........| ok p=1
Q42:	|........ ........ ........ ........| ok p=1
Q43:	|........ ........ ........ ........| ok p=1
Q44:	|........ ........ ........ ........| ok p=1
Q45:	|........ ........ ........ ........| ok p=1
Q46:	|........ ........ ........ ........| ok p=1
Q47:	|........ ........ ........ ........| ok p=1
Q48:	|........ ........ ........ ........| ok p=1
Q49:	|........ ........ ........ ........| ok p=1
Q50:	|........ ........ ........ ........| ok p=1
Q51:	|........ ........ ........ ........| ok p=1
Q52:	|........ ........ ........ ........| ok p=1
Q53:	|........ ........ ........ ........| ok p=1
Q54:	|........ ........ ........ ........| ok p=1
Q55:	|........ ........ ........ ........| ok p=1
Q56:	|........ ........ ........ ........| ok p=1
Q57:	|........ ........ ........ ........| ok p=1
Q58:	|........ ........ ........ ........| ok p=1
Q59:	|........ ........ ........ ........| ok p=1
Q60:	|........ ........ ....0... ........| ok p=1
Q61:	|........ ........ ....1... ........| ok p=1
Q62:	|........ ........ ....-... ........| ok p=1
Q63:	|........ ........ ....-... ........| ok p=1
Q64:	|........ ........ ....-... ........|
Best path: totcompl=-25 tottunnel=34, totcond=574, p=0.0136509
****