Extend MD5 differential paths forward
Copyright (C) 2009 Marc Stevens
http://homepages.cwi.nl/~stevens/

delta_m[11] = [!-1!]
Loading workdir0/lowerpath.bin.gz...done: 1.
Estimating maxcond for upper bound 8000000 (=2000000 * 4)...
t=1:  0%   10   20   30   40   50   60   70   80   90   100%
      |----|----|----|----|----|----|----|----|----|----|
e     ***************************************************
Found maxcond = 2176
t=1:  0%   10   20   30   40   50   60   70   80   90   100%
      |----|----|----|----|----|----|----|----|----|----|
      ***************************************************
Q-3:	|00101110 01100110 11001101 11111010|
Q-2:	|01+0--0+ -1101000 +1---0+- -001-+00|
Q-1:	|111+1+00 +1100101 0++--100 +1100-10|
Q0:	|+--+-1-- -11-++-1 011+-001 ++--++01| ok p=1
Q1:	|+0+.01++ 0.-0000- .1+1.-.. .++00+.-| ok p=0.797852
Q2:	|+.+.+.+. .+.-.-.+ .-.+.-.+ .-.-.+.-|
Saving 904032 paths...done.
Autobalance parameters: maxcond=2176
Verified: 1148064 bad out of 2052096
Estimating maxcond for upper bound 8000000 (=2000000 * 4)...
t=2:  0%   10   20   30   40   50   60   70   80   90   100%
      |----|----|----|----|----|----|----|----|----|----|
e     ***************************************************
Found maxcond = 174
t=2:  0%   10   20   30   40   50   60   70   80   90   100%
      |----|----|----|----|----|----|----|----|----|----|
      ***************************************************
Q-3:	|00101110 01100110 11001101 11111010|
Q-2:	|01+0--0+ -1101000 +1---0+- -001-+00|
Q-1:	|111+1+00 +1100101 0++--100 +1100-10|
Q0:	|+--+-1-- -11-++-1 011+-001 ++--++01| ok p=1
Q1:	|+0+.11++ 1.-010-+ .1+0.-.. .++10+.-| ok p=0.482422
Q2:	|.111+.11 1.+1++.0 ..--1-.. 1.+11+.-| ok p=0.652344
Q3:	|...-..+. .-.-.-.- .+...-.- ...-....|
Saving 281088 paths...done.
Autobalance parameters: maxcond=174
Verified: 0 bad out of 281088
Estimating maxcond for upper bound 8000000 (=2000000 * 4)...
t=3:  0%   10   20   30   40   50   60   70   80   90   100%
      |----|----|----|----|----|----|----|----|----|----|
e     **************************************************Found maxcond = 192
t=3:  0%   10   20   30   40   50   60   70   80   90   100%
      |----|----|----|----|----|----|----|----|----|----|
      **************************************************Q-3:	|00101110 01100110 11001101 11111010|
Q-2:	|01+0--0+ -1101000 +1---0+- -001-+00|
Q-1:	|111+1+00 +1100101 0++--100 +1100-10|
Q0:	|+--+-1-- -11-++-1 011+-001 ++--++01| ok p=1
Q1:	|+0+.11++ 1.-010-+ .1+0.-V. .++00+.-| ok p=0.946289
Q2:	|.010+.01 0.+1++.+ ..--0-.. 1.+01+.-| ok p=0.420898
Q3:	|1.-.0.1+ +.1.++1. ..--..+. .1.-....| ok p=0.665039
Q4:	|...+...+ .+.+.+.+ ..+.-.+. .-.-.-.+|
Saving 2000000 paths...done.
Autobalance parameters: maxcond=191
Verified: 5276 bad out of 2256330
Estimating maxcond for upper bound 8000000 (=2000000 * 4)...
t=4:  0%   10   20   30   40   50   60   70   80   90   100%
      |----|----|----|----|----|----|----|----|----|----|
e     ***************************************************
Found maxcond = 209
t=4:  0%   10   20   30   40   50   60   70   80   90   100%
      |----|----|----|----|----|----|----|----|----|----|
      ***************************************************
Q-3:	|00101110 01100110 11001101 11111010|
Q-2:	|01+0--0+ -1101000 +1---0+- -001-+00|
Q-1:	|111+1+00 +1100101 0++--100 +1100-10|
Q0:	|+--+-1-- -11-++-1 011+-001 ++--++01| ok p=1
Q1:	|+0+.11++ 1.-010-+ .1+0.-.V .++00+.-| ok p=0.466797
Q2:	|.100+.00 1.++0-.+ ..--0-.. 1.+11+.-| ok p=0.55957
Q3:	|1.-.1.+1 -.++.-01 ..--...- .0-.-1.1| ok p=0.529297
Q4:	|..+.1.0. -......- ...-.1.0 ..+.--.+| ok p=0.271484
Q5:	|+.+..+.+ ...-.+.+ ..+...+. -.-.+..-|
Saving 2000000 paths...done.
Autobalance parameters: maxcond=208
Verified: 15088 bad out of 2232533
Estimating maxcond for upper bound 8000000 (=2000000 * 4)...
t=5:  0%   10   20   30   40   50   60   70   80   90   100%
      |----|----|----|----|----|----|----|----|----|----|
e     ***************************************************
Found maxcond = 224
t=5:  0%   10   20   30   40   50   60   70   80   90   100%
      |----|----|----|----|----|----|----|----|----|----|
      ***************************************************
Q-3:	|00101110 01100110 11001101 11111010|
Q-2:	|01+0--0+ -1101000 +1---0+- -001-+00|
Q-1:	|111+1+00 +1100101 0++--100 +1100-10|
Q0:	|+--+-1-- -11-++-1 011+-001 ++--++01| ok p=1
Q1:	|+0+.11++ 1.-111-+ .1+0.-.V .++10+.-| ok p=0.700195
Q2:	|.+01+.00 1.+1++.0 ..--0-.. 1.+00+.-| ok p=1
Q3:	|11+.1.0+ +.+.1-01 ..++...- .0..-..0| ok p=0.585938
Q4:	|.++.0..+ +...-1.. ..--.0.0 ..1.-0.+| ok p=0.938477
Q5:	|.++....- ..1.0+.. ..00...- .......-| ok p=0.429688
Q6:	|..+....- .-..+.-. .-..-.-. -.+.-.+.|
Saving 2000000 paths...done.
Autobalance parameters: maxcond=223
Verified: 18996 bad out of 2492128
Estimating maxcond for upper bound 8000000 (=2000000 * 4)...
t=6:  0%   10   20   30   40   50   60   70   80   90   100%
      |----|----|----|----|----|----|----|----|----|----|
e     ***************************************************
Found maxcond = 240
t=6:  0%   10   20   30   40   50   60   70   80   90   100%
      |----|----|----|----|----|----|----|----|----|----|
      ***************************************************
Q-3:	|00101110 01100110 11001101 11111010|
Q-2:	|01+0--0+ -1101000 +1---0+- -001-+00|
Q-1:	|111+1+00 +1100101 0++--100 +1100-10|
Q0:	|+--+-1-- -11-++-1 011+-001 ++--++01| ok p=1
Q1:	|+0+.1+1- 1.-010-+ .0+0.-.0 .++00+.-| ok p=0.494141
Q2:	|.100++00 1.+1++.+ ..--1-.1 01++0+.-| ok p=0.519531
Q3:	|1.1.-..- -.+.-+0. ..--...- .0.0.1.0| ok p=0.986328
Q4:	|....-0.- -.-.+1.1 ...-.0.0 .+11.-.+| ok p=0.351562
Q5:	|....-..1 1.-.-+.. ..0....+ .1.+.1.1| ok p=0.938477
Q6:	|.......+ +.+.--.. ...1...+ .+.0.-.-| ok p=0.583984
Q7:	|+.+...+. ...+.-.. ..-...-. .+...-.-|
Saving 2000000 paths...done.
Autobalance parameters: maxcond=239
Verified: 56626 bad out of 2482718
Estimating maxcond for upper bound 8000000 (=2000000 * 4)...
t=7:  0%   10   20   30   40   50   60   70   80   90   100%
      |----|----|----|----|----|----|----|----|----|----|
e     ***************************************************
Found maxcond = 254
t=7:  0%   10   20   30   40   50   60   70   80   90   100%
      |----|----|----|----|----|----|----|----|----|----|
      ***************************************************
Q-3:	|00101110 01100110 11001101 11111010|
Q-2:	|01+0--0+ -1101000 +1---0+- -001-+00|
Q-1:	|111+1+00 +1100101 0++--100 +1100-10|
Q0:	|+--+-1-- -11-++-1 011+-001 ++--++01| ok p=1
Q1:	|+0+.1+1- 1.-010-+ .0+0.-.0 .++00+.-| ok p=0.481445
Q2:	|.100++00 1.+1++.+ ..--1-.1 01++0+.-| ok p=0.505859
Q3:	|1.1.-..- -.+.-+0. ..--...- .0.0.1.0| ok p=0.994141
Q4:	|V...-0.- -.-.+0.0 ...-.0.0 .+11.-.+| ok p=0.34375
Q5:	|....-0.. +.-.1-.. ..1....+ .1.+.1.1| ok p=0.526367
Q6:	|+....+.1 1.+.--.. ..10...+ .+.0.-.1| ok p=0.422852
Q7:	|0...1+.. +.1.++.. ..-....- .+.-.-..| ok p=0.62793
Q8:	|+.-.-... .-..+.+. +.+...-. ..+.+...|
Saving 2000000 paths...done.
Autobalance parameters: maxcond=253
Verified: 8790 bad out of 3001196
Estimating maxcond for upper bound 8000000 (=2000000 * 4)...
t=8:  0%   10   20   30   40   50   60   70   80   90   100%
      |----|----|----|----|----|----|----|----|----|----|
e     ***************************************************
Found maxcond = 269
t=8:  0%   10   20   30   40   50   60   70   80   90   100%
      |----|----|----|----|----|----|----|----|----|----|
      ***************************************************
Q-3:	|00101110 01100110 11001101 11111010|
Q-2:	|01+0--0+ -1101000 +1---0+- -001-+00|
Q-1:	|111+1+00 +1100101 0++--100 +1100-10|
Q0:	|+--+-1-- -11-++-1 011+-001 ++--++01| ok p=1
Q1:	|+0+.1+1- 1.-010-+ .0+0.-.0 .++00+.-| ok p=0.506836
Q2:	|.100++00 1.+1++.+ ..--1-.1 00++0+.-| ok p=0.526367
Q3:	|1.1.-..- -.+.-+0. ..--...- .0.0.1.0| ok p=0.992188
Q4:	|....-00- -V-.+1.1 ..0-.0.0 .+11.-.+| ok p=0.404297
Q5:	|.V..-.1. ..-.-+.. ..+....+ .1.+.1.1| ok p=0.914062
Q6:	|...V..+0 1--.--.. V.+0...+ .+.0.-.-| ok p=0.658203
Q7:	|.-..0.+0 .1..++.. ........ .+.1.-.-| ok p=0.568359
Q8:	|.0.+...+ .+1.+1.. -.1....1 .+.....-| ok p=0.931641
Q9:	|......+. -.-.-... ..+.+.-. .-...-..|
Saving 2000000 paths...done.
Autobalance parameters: maxcond=268
Verified: 70272 bad out of 3205521
Estimating maxcond for upper bound 8000000 (=2000000 * 4)...
t=9:  0%   10   20   30   40   50   60   70   80   90   100%
      |----|----|----|----|----|----|----|----|----|----|
e     ***************************************************
Found maxcond = 283
t=9:  0%   10   20   30   40   50   60   70   80   90   100%
      |----|----|----|----|----|----|----|----|----|----|
      ***************************************************
Q-3:	|00101110 01100110 11001101 11111010|
Q-2:	|01+0--0+ -1101000 +1---0+- -001-+00|
Q-1:	|111+1+00 +1100101 0++--100 +1100-10|
Q0:	|+--+-1-- -11-++-1 011+-001 ++--++01| ok p=1
Q1:	|+0+.1+1- 1.-010-+ .0+0.-.0 .++00+.-| ok p=0.489258
Q2:	|.100++00 1.+1++.+ ..--1-.1 00++0+.-| ok p=0.500977
Q3:	|1.1.-..- -.+.-+0. ..--...- .0.0.1.0| ok p=0.996094
Q4:	|....-0V- -1-.+1.1 ..0-.0.0 .+11.-.+| ok p=0.382812
Q5:	|.V..-.0. .0-.-+.. ..+....+ .1.+V1.1| ok p=0.925781
Q6:	|..1...+1 1--.--.. ..+0...+ .+.0.-.-| ok p=0.677734
Q7:	|.-0.0.+. .1.V++.. V......- .-.1-+.-| ok p=0.619141
Q8:	|.1+..... .+0.+1.. ..1....- .-..10.-| ok p=0.441406
Q9:	|.10...1. .+.++1.. +....... ....++..| ok p=0.649414
Q10:	|.-....+. +.-.-... ..+..... ..+.+.-.|
Saving 2000000 paths...done.
Autobalance parameters: maxcond=282
Verified: 10108 bad out of 2170724
Estimating maxcond for upper bound 8000000 (=2000000 * 4)...
t=10: 0%   10   20   30   40   50   60   70   80   90   100%
      |----|----|----|----|----|----|----|----|----|----|
e     ***************************************************
Found maxcond = 297
t=10: 0%   10   20   30   40   50   60   70   80   90   100%
      |----|----|----|----|----|----|----|----|----|----|
      ***************************************************
Q-3:	|00101110 01100110 11001101 11111010|
Q-2:	|01+0--0+ -1101000 +1---0+- -001-+00|
Q-1:	|111+1+00 +1100101 0++--100 +1100-10|
Q0:	|+--+-1-- -11-++-1 011+-001 ++--++01| ok p=1
Q1:	|+0+.1+1- 1.-010-+ .0+0.-.0 .++00+.-| ok p=0.491211
Q2:	|.100++00 1.+1++.+ ..--1-.1 01++0+.-| ok p=0.521484
Q3:	|1.1.-..- -.+.-+0. ..--...- .0.0.1.0| ok p=0.991211
Q4:	|V...-0.- -.-.+0.0 ...-.0.0 .+11.-.+| ok p=0.338867
Q5:	|....-0.. +.-.0-.. ..1....+ 01.+.1.1| ok p=0.541992
Q6:	|-....+.1 1.+.--.. V.00V..+ 1+.1.-.-| ok p=0.506836
Q7:	|1...0+.. +.+.++.. 1.-...0- +-.1.-.-| ok p=0.316406
Q8:	|-....+.. 1...+0.. +.+.-.11 +-...1.-| ok p=0.254883
Q9:	|1....... 1.1.+0.. +.+.0.-1 0....-.+| ok p=1
Q10:	|1....1.. ........ ....1.-. +1...0.-| ok p=0.978516
Q11:	|......-. +...-.-. ....+... ..-.+...|
Saving 2000000 paths...done.
Autobalance parameters: maxcond=296
Verified: 24340 bad out of 3116158
Runtime: 254.676
Extend MD5 differential paths forward
Copyright (C) 2009 Marc Stevens
http://homepages.cwi.nl/~stevens/

delta_m[11] = [!-1!]
Loading workdir0/paths10_0of1...done: 2000000 (work:2000000).
Estimating maxcond for upper bound 2000000 (=500000 * 4)...
t=11: 0%   10   20   30   40   50   60   70   80   90   100%
      |----|----|----|----|----|----|----|----|----|----|
e     ***************************************************
Found maxcond = 310
t=11: 0%   10   20   30   40   50   60   70   80   90   100%
      |----|----|----|----|----|----|----|----|----|----|
      ***************************************************
Q-3:	|00101110 01100110 11001101 11111010|
Q-2:	|01+0--0+ -1101000 +1---0+- -001-+00|
Q-1:	|111+1+00 +1100101 0++--100 +1100-10|
Q0:	|+--+-1-- -11-++-1 011+-001 ++--++01| ok p=1
Q1:	|+0+.1+1- 1.-010-+ .0+0.-V. .++10+.-| ok p=0.75293
Q2:	|.001++1. 0.+1++.0 ..--1-.0 0.++1+.-| ok p=1
Q3:	|110.-.-1 +.+V++01 ..++.1+1 .0.1.1.0| ok p=0.543945
Q4:	|.+..-0+. +....1.. ..++.11+ ..00.0.+| ok p=0.708008
Q5:	|.1....0. ..1+10.. ...1.-01 V.0-.+.1| ok p=0.754883
Q6:	|.1..1.1. 0..0.+V. ..00.1.0 1.+1.1.-| ok p=0.75293
Q7:	|.-....-. ...-V-.. V..-.1.- -.1-.1.1| ok p=0.419922
Q8:	|.+....+. ..V1.--. 0..+.+.- -.10...+| ok p=0.726562
Q9:	|.+....+V ...1-.0. -..+.-.. +.-0...0| ok p=0.996094
Q10:	|.+....+. ..+.101. +....-.1 +.-....1| ok p=0.977539
Q11:	|.+.....- ..0.1... +..1.-.. ..+.....| ok p=0.44043
Q12:	|....-.-. +.+...+. -...-.+. +.+..+..|
Saving 500000 paths...done.
Autobalance parameters: maxcond=308
Verified: 1695 bad out of 904721
Runtime: 26.5642
