MD5 differential path toolbox
Copyright (C) 2009 Marc Stevens
http://homepages.cwi.nl/~stevens/

IHV1   = {778489338,1878223153,3898940518,1290303896}
IHV1   = facd662e3169f36f661c65e89879e84c

IHV2   = {778489338,2490200525,4242892002,1634255380}
IHV2   = facd662ecd716d94e264e5fc14c26861

dIHV   = {0,611977372,343951484,343951484}
NC0: delta c = delta d = [!2!]
NC0: delta b           = [!2!]
NC1: delta c = delta d = [!-7!]
NC1: delta b           = [!-7,-28!]
NC2: delta c = delta d = [!-11!]
NC2: delta b           = [!-11!]
NC3: delta c = delta d = [!-14!]
NC3: delta b           = [!-5,-14!]
NC4: delta c = delta d = [!-23!]
NC4: delta b           = [!14,-23!]
NC5: delta c = delta d = [!-26!]
NC5: delta b           = [!-26!]
NC6: delta c = delta d = [!-28!]
NC6: delta b           = [!-17,19,-28!]
NC0: prob=-3.49997
NC1: prob=-6.10651
NC2: prob=-3.49205
NC3: prob=-7.9393
NC4: prob=-7.66513
NC5: prob=-3.5123
NC6: prob=-6.47874
delta m_11 = [!-1!]
Q-3:	|00101110 01100110 11001101 11111010|
Q-2:	|01+0--0+ -1101000 +1---0+- -001-+00|
Q-1:	|111+1+00 +1100101 0++--100 +1100-10|
Q0:	|+--+-1-- -11-++-1 011+-001 ++--++01| ok p=0.53418
Q1:	|+.+..+.- ..-....- ..+..-.. +.-..+.-|
Saved lower diff. path to 'workdir0/lowerpath.bin.gz'.

Q32:	|........ ........ ........ ........|
Q33:	|........ ........ ........ ........|
Q34:	|........ ........ ........ ........|
Q35:	|........ ........ ........ ........| ok p=1
Q36:	|........ ........ ........ ........| ok p=1
Q37:	|........ ........ ........ ........| ok p=1
Q38:	|........ ........ ........ ........| ok p=1
Q39:	|........ ........ ........ ........| ok p=1
Q40:	|........ ........ ........ ........| ok p=1
Q41:	|........ ........ ........ ........| ok p=1
Q42:	|........ ........ ........ ........| ok p=1
Q43:	|........ ........ ........ ........| ok p=1
Q44:	|........ ........ ........ ........| ok p=1
Q45:	|........ ........ ........ ........| ok p=1
Q46:	|........ ........ ........ ........| ok p=1
Q47:	|........ ........ ........ ........| ok p=1
Q48:	|........ ........ ........ ........| ok p=1
Q49:	|........ ........ ........ ........| ok p=1
Q50:	|........ ........ ........ ........| ok p=1
Q51:	|........ ........ ........ ........| ok p=1
Q52:	|........ ........ ........ ........| ok p=1
Q53:	|........ ........ ........ ........| ok p=1
Q54:	|........ ........ ........ ........| ok p=1
Q55:	|........ ........ ........ ........| ok p=1
Q56:	|........ ........ ........ ........| ok p=1
Q57:	|........ ........ ........ ........| ok p=1
Q58:	|........ ........ ........ ........| ok p=1
Q59:	|........ ........ ........ ........| ok p=1
Q60:	|........ ........ ....0... ........| ok p=1
Q61:	|........ ........ ....1... ........| ok p=1
Q62:	|........ ........ ....-... ........| ok p=1
Q63:	|........ ........ ....-... ........| ok p=1
Q64:	|........ ........ ....-... ........|
Saved upper diff. path to 'workdir0/upperpath.bin.gz'.
Saved 'md5diffpathforward.cfg'.
Saved 'md5diffpathbackward.cfg'.
Saved 'md5diffpathconnect.cfg'.
Saved 'md5diffpathhelper.cfg'.
