Extend MD5 differential paths backward
Copyright (C) 2009 Marc Stevens
http://homepages.cwi.nl/~stevens/

delta_m[11] = [!-29!]
Loading workdir3/upperpath.bin.gz...done: 1.
Estimating maxcond for upper bound 262144 (=65536 * 4)...
t=34: 0%   10   20   30   40   50   60   70   80   90   100%
      |----|----|----|----|----|----|----|----|----|----|
e     ***************************************************
Found maxcond = 2176
t=34: 0%   10   20   30   40   50   60   70   80   90   100%
      |----|----|----|----|----|----|----|----|----|----|
      ***************************************************
Q31:	|..+..... ........ ........ ........|
Q32:	|........ ........ ........ ........|
Q33:	|........ ........ ........ ........|
Q34:	|........ ........ ........ ........| ok p=1
Q35:	|........ ........ ........ ........| ok p=1
Q36:	|........ ........ ........ ........| ok p=1
Q37:	|........ ........ ........ ........| ok p=1
Q38:	|........ ........ ........ ........| ok p=1
Q39:	|........ ........ ........ ........| ok p=1
Q40:	|........ ........ ........ ........| ok p=1
Q41:	|........ ........ ........ ........| ok p=1
Q42:	|........ ........ ........ ........| ok p=1
Q43:	|........ ........ ........ ........| ok p=1
Q44:	|........ ........ ........ ........| ok p=1
Q45:	|........ ........ ........ ........| ok p=1
Q46:	|........ ........ ........ ........| ok p=1
Q47:	|........ ........ ........ ........| ok p=1
Q48:	|........ ........ ........ ........| ok p=1
Q49:	|........ ........ ........ ........| ok p=1
Q50:	|........ ........ ........ ........| ok p=1
Q51:	|........ ........ ........ ........| ok p=1
Q52:	|........ ........ ........ ........| ok p=1
Q53:	|........ ........ ........ ........| ok p=1
Q54:	|........ ........ ........ ........| ok p=1
Q55:	|........ ........ ........ ........| ok p=1
Q56:	|........ ........ ........ ........| ok p=1
Q57:	|........ ........ ........ ........| ok p=1
Q58:	|........ ........ ........ ........| ok p=1
Q59:	|........ ........ ........ ........| ok p=1
Q60:	|........ ........ ........ 0.......| ok p=1
Q61:	|........ ........ .......1 0.......| ok p=1
Q62:	|........ ........ .......0 -.......| ok p=1
Q63:	|........ ........ .......- +.......| ok p=0.941406
Q64:	|...-.... ........ ........ -.......|
Saving 1 paths...done.
Autobalance parameters: maxcond=2176
Verified: 0 bad out of 1
Estimating maxcond for upper bound 262144 (=65536 * 4)...
t=33: 0%   10   20   30   40   50   60   70   80   90   100%
      |----|----|----|----|----|----|----|----|----|----|
e     ***************************************************
Found maxcond = 2176
t=33: 0%   10   20   30   40   50   60   70   80   90   100%
      |----|----|----|----|----|----|----|----|----|----|
      ***************************************************
Q30:	|..-..... ........ ........ ........|
Q31:	|..+..... ........ ........ ........|
Q32:	|........ ........ ........ ........|
Q33:	|..^..... ........ ........ ........| ok p=1
Q34:	|........ ........ ........ ........| ok p=1
Q35:	|........ ........ ........ ........| ok p=1
Q36:	|........ ........ ........ ........| ok p=1
Q37:	|........ ........ ........ ........| ok p=1
Q38:	|........ ........ ........ ........| ok p=1
Q39:	|........ ........ ........ ........| ok p=1
Q40:	|........ ........ ........ ........| ok p=1
Q41:	|........ ........ ........ ........| ok p=1
Q42:	|........ ........ ........ ........| ok p=1
Q43:	|........ ........ ........ ........| ok p=1
Q44:	|........ ........ ........ ........| ok p=1
Q45:	|........ ........ ........ ........| ok p=1
Q46:	|........ ........ ........ ........| ok p=1
Q47:	|........ ........ ........ ........| ok p=1
Q48:	|........ ........ ........ ........| ok p=1
Q49:	|........ ........ ........ ........| ok p=1
Q50:	|........ ........ ........ ........| ok p=1
Q51:	|........ ........ ........ ........| ok p=1
Q52:	|........ ........ ........ ........| ok p=1
Q53:	|........ ........ ........ ........| ok p=1
Q54:	|........ ........ ........ ........| ok p=1
Q55:	|........ ........ ........ ........| ok p=1
Q56:	|........ ........ ........ ........| ok p=1
Q57:	|........ ........ ........ ........| ok p=1
Q58:	|........ ........ ........ ........| ok p=1
Q59:	|........ ........ ........ ........| ok p=1
Q60:	|........ ........ ........ 0.......| ok p=1
Q61:	|........ ........ .......1 0.......| ok p=1
Q62:	|........ ........ .......0 -.......| ok p=1
Q63:	|........ ........ .......- +.......| ok p=0.935547
Q64:	|...-.... ........ ........ -.......|
Saving 22 paths...done.
Autobalance parameters: maxcond=2176
Verified: 0 bad out of 22
Estimating maxcond for upper bound 262144 (=65536 * 4)...
t=32: 0%   10   20   30   40   50   60   70   80   90   100%
      |----|----|----|----|----|----|----|----|----|----|
e     ***************************************************
Found maxcond = 2176
t=32: 0%   10   20   30   40   50   60   70   80   90   100%
      |----|----|----|----|----|----|----|----|----|----|
      ***************************************************
Q29:	|........ ........ ........ ........|
Q30:	|..+..... ........ ........ ........|
Q31:	|..+..... ........ ........ ........|
Q32:	|........ ........ ........ ........| ok p=1
Q33:	|..!..... ........ ........ ........| ok p=1
Q34:	|........ ........ ........ ........| ok p=1
Q35:	|........ ........ ........ ........| ok p=1
Q36:	|........ ........ ........ ........| ok p=1
Q37:	|........ ........ ........ ........| ok p=1
Q38:	|........ ........ ........ ........| ok p=1
Q39:	|........ ........ ........ ........| ok p=1
Q40:	|........ ........ ........ ........| ok p=1
Q41:	|........ ........ ........ ........| ok p=1
Q42:	|........ ........ ........ ........| ok p=1
Q43:	|........ ........ ........ ........| ok p=1
Q44:	|........ ........ ........ ........| ok p=1
Q45:	|........ ........ ........ ........| ok p=1
Q46:	|........ ........ ........ ........| ok p=1
Q47:	|........ ........ ........ ........| ok p=1
Q48:	|........ ........ ........ ........| ok p=1
Q49:	|........ ........ ........ ........| ok p=1
Q50:	|........ ........ ........ ........| ok p=1
Q51:	|........ ........ ........ ........| ok p=1
Q52:	|........ ........ ........ ........| ok p=1
Q53:	|........ ........ ........ ........| ok p=1
Q54:	|........ ........ ........ ........| ok p=1
Q55:	|........ ........ ........ ........| ok p=1
Q56:	|........ ........ ........ ........| ok p=1
Q57:	|........ ........ ........ ........| ok p=1
Q58:	|........ ........ ........ ........| ok p=1
Q59:	|........ ........ ........ ........| ok p=1
Q60:	|........ ........ ........ 0.......| ok p=1
Q61:	|........ ........ .......1 0.......| ok p=1
Q62:	|........ ........ .......0 -.......| ok p=1
Q63:	|........ ........ .......- +.......| ok p=0.951172
Q64:	|...-.... ........ ........ -.......|
Saving 190 paths...done.
Autobalance parameters: maxcond=2176
Verified: 0 bad out of 190
Estimating maxcond for upper bound 262144 (=65536 * 4)...
t=31: 0%   10   20   30   40   50   60   70   80   90   100%
      |----|----|----|----|----|----|----|----|----|----|
e     ***************************************************
Found maxcond = 2176
t=31: 0%   10   20   30   40   50   60   70   80   90   100%
      |----|----|----|----|----|----|----|----|----|----|
      ***************************************************
Q28:	|..-..... ........ ......-. ........|
Q29:	|........ ........ ........ ........|
Q30:	|..+..... ........ ........ ........|
Q31:	|..+..... ........ ........ ........| ok p=0.863281
Q32:	|........ ........ ........ ........| ok p=1
Q33:	|..!..... ........ ........ ........| ok p=1
Q34:	|........ ........ ........ ........| ok p=1
Q35:	|........ ........ ........ ........| ok p=1
Q36:	|........ ........ ........ ........| ok p=1
Q37:	|........ ........ ........ ........| ok p=1
Q38:	|........ ........ ........ ........| ok p=1
Q39:	|........ ........ ........ ........| ok p=1
Q40:	|........ ........ ........ ........| ok p=1
Q41:	|........ ........ ........ ........| ok p=1
Q42:	|........ ........ ........ ........| ok p=1
Q43:	|........ ........ ........ ........| ok p=1
Q44:	|........ ........ ........ ........| ok p=1
Q45:	|........ ........ ........ ........| ok p=1
Q46:	|........ ........ ........ ........| ok p=1
Q47:	|........ ........ ........ ........| ok p=1
Q48:	|........ ........ ........ ........| ok p=1
Q49:	|........ ........ ........ ........| ok p=1
Q50:	|........ ........ ........ ........| ok p=1
Q51:	|........ ........ ........ ........| ok p=1
Q52:	|........ ........ ........ ........| ok p=1
Q53:	|........ ........ ........ ........| ok p=1
Q54:	|........ ........ ........ ........| ok p=1
Q55:	|........ ........ ........ ........| ok p=1
Q56:	|........ ........ ........ ........| ok p=1
Q57:	|........ ........ ........ ........| ok p=1
Q58:	|........ ........ ........ ........| ok p=1
Q59:	|........ ........ ........ ........| ok p=1
Q60:	|........ ........ ........ 0.......| ok p=1
Q61:	|........ ........ .......1 0.......| ok p=1
Q62:	|........ ........ .......0 -.......| ok p=1
Q63:	|........ ........ .......- +.......| ok p=0.930664
Q64:	|...-.... ........ ........ -.......|
Saving 2208 paths...done.
Autobalance parameters: maxcond=2176
Verified: 0 bad out of 2208
Estimating maxcond for upper bound 262144 (=65536 * 4)...
t=30: 0%   10   20   30   40   50   60   70   80   90   100%
      |----|----|----|----|----|----|----|----|----|----|
e     ***************************************************
Found maxcond = 20
t=30: 0%   10   20   30   40   50   60   70   80   90   100%
      |----|----|----|----|----|----|----|----|----|----|
      ***************************************************
Q27:	|........ .......+ ........ ........|
Q28:	|..+..... ........ ......-. ........|
Q29:	|..0..... ........ ........ ........|
Q30:	|..-..... ........ ......^. ........| ok p=0.759766
Q31:	|..+..... ........ ........ ........| ok p=0.881836
Q32:	|........ ........ ........ ........| ok p=1
Q33:	|..^..... ........ ........ ........| ok p=1
Q34:	|........ ........ ........ ........| ok p=1
Q35:	|........ ........ ........ ........| ok p=1
Q36:	|........ ........ ........ ........| ok p=1
Q37:	|........ ........ ........ ........| ok p=1
Q38:	|........ ........ ........ ........| ok p=1
Q39:	|........ ........ ........ ........| ok p=1
Q40:	|........ ........ ........ ........| ok p=1
Q41:	|........ ........ ........ ........| ok p=1
Q42:	|........ ........ ........ ........| ok p=1
Q43:	|........ ........ ........ ........| ok p=1
Q44:	|........ ........ ........ ........| ok p=1
Q45:	|........ ........ ........ ........| ok p=1
Q46:	|........ ........ ........ ........| ok p=1
Q47:	|........ ........ ........ ........| ok p=1
Q48:	|........ ........ ........ ........| ok p=1
Q49:	|........ ........ ........ ........| ok p=1
Q50:	|........ ........ ........ ........| ok p=1
Q51:	|........ ........ ........ ........| ok p=1
Q52:	|........ ........ ........ ........| ok p=1
Q53:	|........ ........ ........ ........| ok p=1
Q54:	|........ ........ ........ ........| ok p=1
Q55:	|........ ........ ........ ........| ok p=1
Q56:	|........ ........ ........ ........| ok p=1
Q57:	|........ ........ ........ ........| ok p=1
Q58:	|........ ........ ........ ........| ok p=1
Q59:	|........ ........ ........ ........| ok p=1
Q60:	|........ ........ ........ 0.......| ok p=1
Q61:	|........ ........ .......1 0.......| ok p=1
Q62:	|........ ........ .......0 -.......| ok p=1
Q63:	|........ ........ .......- +.......| ok p=0.932617
Q64:	|...-.... ........ ........ -.......|
Saving 65536 paths...done.
Autobalance parameters: maxcond=18
Verified: 12250 bad out of 126545
Runtime: 1.97947
Extend MD5 differential paths backward
Copyright (C) 2009 Marc Stevens
http://homepages.cwi.nl/~stevens/

delta_m[11] = [!-29!]
Loading workdir3/paths30_0of1...done: 65536 (work:65536).
Estimating maxcond for upper bound 400000 (=100000 * 4)...
t=29: 0%   10   20   30   40   50   60   70   80   90   100%
      |----|----|----|----|----|----|----|----|----|----|
e     ***************************************************
Found maxcond = 22
t=29: 0%   10   20   30   40   50   60   70   80   90   100%
      |----|----|----|----|----|----|----|----|----|----|
      ***************************************************
Q26:	|........ ...+.... ........ ........|
Q27:	|..1..... ........ ......1. ........|
Q28:	|..-..... ........ ......-. ........|
Q29:	|..0..... ........ ........ ........| ok p=0.873047
Q30:	|..+..... ........ ......^. ........| ok p=1
Q31:	|..+..... ........ ........ ........| ok p=0.87793
Q32:	|........ ........ ........ ........| ok p=1
Q33:	|..!..... ........ ........ ........| ok p=1
Q34:	|........ ........ ........ ........| ok p=1
Q35:	|........ ........ ........ ........| ok p=1
Q36:	|........ ........ ........ ........| ok p=1
Q37:	|........ ........ ........ ........| ok p=1
Q38:	|........ ........ ........ ........| ok p=1
Q39:	|........ ........ ........ ........| ok p=1
Q40:	|........ ........ ........ ........| ok p=1
Q41:	|........ ........ ........ ........| ok p=1
Q42:	|........ ........ ........ ........| ok p=1
Q43:	|........ ........ ........ ........| ok p=1
Q44:	|........ ........ ........ ........| ok p=1
Q45:	|........ ........ ........ ........| ok p=1
Q46:	|........ ........ ........ ........| ok p=1
Q47:	|........ ........ ........ ........| ok p=1
Q48:	|........ ........ ........ ........| ok p=1
Q49:	|........ ........ ........ ........| ok p=1
Q50:	|........ ........ ........ ........| ok p=1
Q51:	|........ ........ ........ ........| ok p=1
Q52:	|........ ........ ........ ........| ok p=1
Q53:	|........ ........ ........ ........| ok p=1
Q54:	|........ ........ ........ ........| ok p=1
Q55:	|........ ........ ........ ........| ok p=1
Q56:	|........ ........ ........ ........| ok p=1
Q57:	|........ ........ ........ ........| ok p=1
Q58:	|........ ........ ........ ........| ok p=1
Q59:	|........ ........ ........ ........| ok p=1
Q60:	|........ ........ ........ 0.......| ok p=1
Q61:	|........ ........ .......1 0.......| ok p=1
Q62:	|........ ........ .......0 -.......| ok p=1
Q63:	|........ ........ .......- +.......| ok p=0.94043
Q64:	|...-.... ........ ........ -.......|
Saving 100000 paths...done.
Autobalance parameters: maxcond=20
Verified: 12130 bad out of 177867
Estimating maxcond for upper bound 400000 (=100000 * 4)...
t=28: 0%   10   20   30   40   50   60   70   80   90   100%
      |----|----|----|----|----|----|----|----|----|----|
e     ***************************************************
Found maxcond = 25
t=28: 0%   10   20   30   40   50   60   70   80   90   100%
      |----|----|----|----|----|----|----|----|----|----|
      ***************************************************
Q25:	|.......+ ........ ........ ...+....|
Q26:	|..0..... ...+.... ......+. ........|
Q27:	|..1..... ........ ......0. ........|
Q28:	|..-..... ...^.... ......-. ........| ok p=0.878906
Q29:	|..0..... ........ ........ ........| ok p=0.881836
Q30:	|..+..... ........ ......^. ........| ok p=1
Q31:	|..+..... ........ ........ ........| ok p=0.874023
Q32:	|........ ........ ........ ........| ok p=1
Q33:	|..!..... ........ ........ ........| ok p=1
Q34:	|........ ........ ........ ........| ok p=1
Q35:	|........ ........ ........ ........| ok p=1
Q36:	|........ ........ ........ ........| ok p=1
Q37:	|........ ........ ........ ........| ok p=1
Q38:	|........ ........ ........ ........| ok p=1
Q39:	|........ ........ ........ ........| ok p=1
Q40:	|........ ........ ........ ........| ok p=1
Q41:	|........ ........ ........ ........| ok p=1
Q42:	|........ ........ ........ ........| ok p=1
Q43:	|........ ........ ........ ........| ok p=1
Q44:	|........ ........ ........ ........| ok p=1
Q45:	|........ ........ ........ ........| ok p=1
Q46:	|........ ........ ........ ........| ok p=1
Q47:	|........ ........ ........ ........| ok p=1
Q48:	|........ ........ ........ ........| ok p=1
Q49:	|........ ........ ........ ........| ok p=1
Q50:	|........ ........ ........ ........| ok p=1
Q51:	|........ ........ ........ ........| ok p=1
Q52:	|........ ........ ........ ........| ok p=1
Q53:	|........ ........ ........ ........| ok p=1
Q54:	|........ ........ ........ ........| ok p=1
Q55:	|........ ........ ........ ........| ok p=1
Q56:	|........ ........ ........ ........| ok p=1
Q57:	|........ ........ ........ ........| ok p=1
Q58:	|........ ........ ........ ........| ok p=1
Q59:	|........ ........ ........ ........| ok p=1
Q60:	|........ ........ ........ 0.......| ok p=1
Q61:	|........ ........ .......1 0.......| ok p=1
Q62:	|........ ........ .......0 -.......| ok p=1
Q63:	|........ ........ .......- +.......| ok p=0.93457
Q64:	|...-.... ........ ........ -.......|
Saving 100000 paths...done.
Autobalance parameters: maxcond=23
Verified: 2581 bad out of 196484
Estimating maxcond for upper bound 400000 (=100000 * 4)...
t=27: 0%   10   20   30   40   50   60   70   80   90   100%
      |----|----|----|----|----|----|----|----|----|----|
e     ***************************************************
Found maxcond = 28
t=27: 0%   10   20   30   40   50   60   70   80   90   100%
      |----|----|----|----|----|----|----|----|----|----|
      ***************************************************
Q24:	|........ ..-..... ......-. ........|
Q25:	|.......+ ...1.... ........ ...+....|
Q26:	|..0..... ...+.... ......0. ........|
Q27:	|..1....^ ........ ......1. ...^....| ok p=0.883789
Q28:	|..-..... ...^.... ......-. ........| ok p=0.879883
Q29:	|..0..... ........ ........ ........| ok p=0.889648
Q30:	|..+..... ........ ......^. ........| ok p=1
Q31:	|..+..... ........ ........ ........| ok p=0.858398
Q32:	|........ ........ ........ ........| ok p=1
Q33:	|..!..... ........ ........ ........| ok p=1
Q34:	|........ ........ ........ ........| ok p=1
Q35:	|........ ........ ........ ........| ok p=1
Q36:	|........ ........ ........ ........| ok p=1
Q37:	|........ ........ ........ ........| ok p=1
Q38:	|........ ........ ........ ........| ok p=1
Q39:	|........ ........ ........ ........| ok p=1
Q40:	|........ ........ ........ ........| ok p=1
Q41:	|........ ........ ........ ........| ok p=1
Q42:	|........ ........ ........ ........| ok p=1
Q43:	|........ ........ ........ ........| ok p=1
Q44:	|........ ........ ........ ........| ok p=1
Q45:	|........ ........ ........ ........| ok p=1
Q46:	|........ ........ ........ ........| ok p=1
Q47:	|........ ........ ........ ........| ok p=1
Q48:	|........ ........ ........ ........| ok p=1
Q49:	|........ ........ ........ ........| ok p=1
Q50:	|........ ........ ........ ........| ok p=1
Q51:	|........ ........ ........ ........| ok p=1
Q52:	|........ ........ ........ ........| ok p=1
Q53:	|........ ........ ........ ........| ok p=1
Q54:	|........ ........ ........ ........| ok p=1
Q55:	|........ ........ ........ ........| ok p=1
Q56:	|........ ........ ........ ........| ok p=1
Q57:	|........ ........ ........ ........| ok p=1
Q58:	|........ ........ ........ ........| ok p=1
Q59:	|........ ........ ........ ........| ok p=1
Q60:	|........ ........ ........ 0.......| ok p=1
Q61:	|........ ........ .......1 0.......| ok p=1
Q62:	|........ ........ .......0 -.......| ok p=1
Q63:	|........ ........ .......- +.......| ok p=0.939453
Q64:	|...-.... ........ ........ -.......|
Saving 100000 paths...done.
Autobalance parameters: maxcond=26
Verified: 104 bad out of 174948
Estimating maxcond for upper bound 400000 (=100000 * 4)...
t=26: 0%   10   20   30   40   50   60   70   80   90   100%
      |----|----|----|----|----|----|----|----|----|----|
e     ***************************************************
Found maxcond = 31
t=26: 0%   10   20   30   40   50   60   70   80   90   100%
      |----|----|----|----|----|----|----|----|----|----|
      ***************************************************
Q23:	|...-.... ........ ......-. .-......|
Q24:	|.......1 ...0.... ......-. ...1....|
Q25:	|.......+ ...1.... ......+. ...+....|
Q26:	|..0..... ...+.... ......+. ........| ok p=0.938477
Q27:	|..1....^ ........ ......-. ...^....| ok p=0.867188
Q28:	|..-..... ...^.... ......-. ........| ok p=0.880859
Q29:	|..0..... ........ ......1. ........| ok p=0.870117
Q30:	|..+..... ........ ......0. ........| ok p=1
Q31:	|..+..... ........ ........ ........| ok p=0.880859
Q32:	|........ ........ ........ ........| ok p=1
Q33:	|..!..... ........ ........ ........| ok p=1
Q34:	|........ ........ ........ ........| ok p=1
Q35:	|........ ........ ........ ........| ok p=1
Q36:	|........ ........ ........ ........| ok p=1
Q37:	|........ ........ ........ ........| ok p=1
Q38:	|........ ........ ........ ........| ok p=1
Q39:	|........ ........ ........ ........| ok p=1
Q40:	|........ ........ ........ ........| ok p=1
Q41:	|........ ........ ........ ........| ok p=1
Q42:	|........ ........ ........ ........| ok p=1
Q43:	|........ ........ ........ ........| ok p=1
Q44:	|........ ........ ........ ........| ok p=1
Q45:	|........ ........ ........ ........| ok p=1
Q46:	|........ ........ ........ ........| ok p=1
Q47:	|........ ........ ........ ........| ok p=1
Q48:	|........ ........ ........ ........| ok p=1
Q49:	|........ ........ ........ ........| ok p=1
Q50:	|........ ........ ........ ........| ok p=1
Q51:	|........ ........ ........ ........| ok p=1
Q52:	|........ ........ ........ ........| ok p=1
Q53:	|........ ........ ........ ........| ok p=1
Q54:	|........ ........ ........ ........| ok p=1
Q55:	|........ ........ ........ ........| ok p=1
Q56:	|........ ........ ........ ........| ok p=1
Q57:	|........ ........ ........ ........| ok p=1
Q58:	|........ ........ ........ ........| ok p=1
Q59:	|........ ........ ........ ........| ok p=1
Q60:	|........ ........ ........ 0.......| ok p=1
Q61:	|........ ........ .......1 0.......| ok p=1
Q62:	|........ ........ .......0 -.......| ok p=1
Q63:	|........ ........ .......- +.......| ok p=0.93457
Q64:	|...-.... ........ ........ -.......|
Saving 100000 paths...done.
Autobalance parameters: maxcond=29
Verified: 0 bad out of 163338
Estimating maxcond for upper bound 400000 (=100000 * 4)...
t=25: 0%   10   20   30   40   50   60   70   80   90   100%
      |----|----|----|----|----|----|----|----|----|----|
e     ***************************************************
Found maxcond = 36
t=25: 0%   10   20   30   40   50   60   70   80   90   100%
      |----|----|----|----|----|----|----|----|----|----|
      ***************************************************
Q22:	|....-... ........ -...+... ........|
Q23:	|...-...0 ........ ......-. .-.-....|
Q24:	|.......1 ...0.... ......-. ...0....|
Q25:	|...^...+ ...1.... ......+. .^.+....| ok p=0.977539
Q26:	|..0..... ...+.... ......+. ........| ok p=0.924805
Q27:	|..1....^ ........ ......-. ...^....| ok p=0.889648
Q28:	|..-..... ...^.... ......-. ........| ok p=0.87793
Q29:	|..0..... ........ ......1. ........| ok p=0.869141
Q30:	|..+..... ........ ......0. ........| ok p=1
Q31:	|..+..... ........ ........ ........| ok p=0.888672
Q32:	|........ ........ ........ ........| ok p=1
Q33:	|..!..... ........ ........ ........| ok p=1
Q34:	|........ ........ ........ ........| ok p=1
Q35:	|........ ........ ........ ........| ok p=1
Q36:	|........ ........ ........ ........| ok p=1
Q37:	|........ ........ ........ ........| ok p=1
Q38:	|........ ........ ........ ........| ok p=1
Q39:	|........ ........ ........ ........| ok p=1
Q40:	|........ ........ ........ ........| ok p=1
Q41:	|........ ........ ........ ........| ok p=1
Q42:	|........ ........ ........ ........| ok p=1
Q43:	|........ ........ ........ ........| ok p=1
Q44:	|........ ........ ........ ........| ok p=1
Q45:	|........ ........ ........ ........| ok p=1
Q46:	|........ ........ ........ ........| ok p=1
Q47:	|........ ........ ........ ........| ok p=1
Q48:	|........ ........ ........ ........| ok p=1
Q49:	|........ ........ ........ ........| ok p=1
Q50:	|........ ........ ........ ........| ok p=1
Q51:	|........ ........ ........ ........| ok p=1
Q52:	|........ ........ ........ ........| ok p=1
Q53:	|........ ........ ........ ........| ok p=1
Q54:	|........ ........ ........ ........| ok p=1
Q55:	|........ ........ ........ ........| ok p=1
Q56:	|........ ........ ........ ........| ok p=1
Q57:	|........ ........ ........ ........| ok p=1
Q58:	|........ ........ ........ ........| ok p=1
Q59:	|........ ........ ........ ........| ok p=1
Q60:	|........ ........ ........ 0.......| ok p=1
Q61:	|........ ........ .......1 0.......| ok p=1
Q62:	|........ ........ .......0 -.......| ok p=1
Q63:	|........ ........ .......- +.......| ok p=0.927734
Q64:	|...-.... ........ ........ -.......|
Saving 100000 paths...done.
Autobalance parameters: maxcond=35
Verified: 0 bad out of 134144
Estimating maxcond for upper bound 400000 (=100000 * 4)...
t=24: 0%   10   20   30   40   50   60   70   80   90   100%
      |----|----|----|----|----|----|----|----|----|----|
e     ***************************************************
Found maxcond = 44
t=24: 0%   10   20   30   40   50   60   70   80   90   100%
      |----|----|----|----|----|----|----|----|----|----|
      ***************************************************
Q21:	|+....... ..+.-..+ ......+. ..+.....|
Q22:	|...1-... ........ -....... .1......|
Q23:	|...-...0 ...-.... ......-. .-.0....|
Q24:	|....^..1 ...-.... ^.....-. ...1....| ok p=0.459961
Q25:	|...^...+ ...+.... ......+. .^.+....| ok p=0.963867
Q26:	|..0..... ...+.... ......+. ........| ok p=0.945312
Q27:	|..1....^ ...1.... ......-. ...^....| ok p=0.876953
Q28:	|..-..... ...0.... ......-. ........| ok p=0.881836
Q29:	|..0..... ........ ......1. ........| ok p=0.879883
Q30:	|..+..... ........ ......0. ........| ok p=1
Q31:	|..+..... ........ ........ ........| ok p=0.864258
Q32:	|........ ........ ........ ........| ok p=1
Q33:	|..!..... ........ ........ ........| ok p=1
Q34:	|........ ........ ........ ........| ok p=1
Q35:	|........ ........ ........ ........| ok p=1
Q36:	|........ ........ ........ ........| ok p=1
Q37:	|........ ........ ........ ........| ok p=1
Q38:	|........ ........ ........ ........| ok p=1
Q39:	|........ ........ ........ ........| ok p=1
Q40:	|........ ........ ........ ........| ok p=1
Q41:	|........ ........ ........ ........| ok p=1
Q42:	|........ ........ ........ ........| ok p=1
Q43:	|........ ........ ........ ........| ok p=1
Q44:	|........ ........ ........ ........| ok p=1
Q45:	|........ ........ ........ ........| ok p=1
Q46:	|........ ........ ........ ........| ok p=1
Q47:	|........ ........ ........ ........| ok p=1
Q48:	|........ ........ ........ ........| ok p=1
Q49:	|........ ........ ........ ........| ok p=1
Q50:	|........ ........ ........ ........| ok p=1
Q51:	|........ ........ ........ ........| ok p=1
Q52:	|........ ........ ........ ........| ok p=1
Q53:	|........ ........ ........ ........| ok p=1
Q54:	|........ ........ ........ ........| ok p=1
Q55:	|........ ........ ........ ........| ok p=1
Q56:	|........ ........ ........ ........| ok p=1
Q57:	|........ ........ ........ ........| ok p=1
Q58:	|........ ........ ........ ........| ok p=1
Q59:	|........ ........ ........ ........| ok p=1
Q60:	|........ ........ ........ 0.......| ok p=1
Q61:	|........ ........ .......1 0.......| ok p=1
Q62:	|........ ........ .......0 -.......| ok p=1
Q63:	|........ ........ .......- +.......| ok p=0.928711
Q64:	|...-.... ........ ........ -.......|
Saving 100000 paths...done.
Autobalance parameters: maxcond=42
Verified: 0 bad out of 176274
Estimating maxcond for upper bound 400000 (=100000 * 4)...
t=23: 0%   10   20   30   40   50   60   70   80   90   100%
      |----|----|----|----|----|----|----|----|----|----|
e     ***************************************************
Found maxcond = 53
t=23: 0%   10   20   30   40   50   60   70   80   90   100%
      |----|----|----|----|----|----|----|----|----|----|
      ***************************************************
Q20:	|........ .....+.. ........ ........|
Q21:	|+...1... ....+... 1...1... .+.....1|
Q22:	|....-... ........ -...+... .0.....-|
Q23:	|^......0 ....^... ........ .-.0....| ok p=0.999023
Q24:	|....^..1 ...0.... ^...^.0. ...1...^| ok p=0.466797
Q25:	|.......+ ...1.... ........ .^.+....| ok p=0.96875
Q26:	|..0..... ...+.... .....0-. ........| ok p=1
Q27:	|..1....^ ........ .....1-. ...^....| ok p=0.889648
Q28:	|..-..... ...^.... .....-+. ........| ok p=0.879883
Q29:	|..0..... ........ ......0. ........| ok p=0.873047
Q30:	|..+..... ........ .....^1. ........| ok p=1
Q31:	|..+..... ........ ........ ........| ok p=0.864258
Q32:	|........ ........ ........ ........| ok p=1
Q33:	|..!..... ........ ........ ........| ok p=1
Q34:	|........ ........ ........ ........| ok p=1
Q35:	|........ ........ ........ ........| ok p=1
Q36:	|........ ........ ........ ........| ok p=1
Q37:	|........ ........ ........ ........| ok p=1
Q38:	|........ ........ ........ ........| ok p=1
Q39:	|........ ........ ........ ........| ok p=1
Q40:	|........ ........ ........ ........| ok p=1
Q41:	|........ ........ ........ ........| ok p=1
Q42:	|........ ........ ........ ........| ok p=1
Q43:	|........ ........ ........ ........| ok p=1
Q44:	|........ ........ ........ ........| ok p=1
Q45:	|........ ........ ........ ........| ok p=1
Q46:	|........ ........ ........ ........| ok p=1
Q47:	|........ ........ ........ ........| ok p=1
Q48:	|........ ........ ........ ........| ok p=1
Q49:	|........ ........ ........ ........| ok p=1
Q50:	|........ ........ ........ ........| ok p=1
Q51:	|........ ........ ........ ........| ok p=1
Q52:	|........ ........ ........ ........| ok p=1
Q53:	|........ ........ ........ ........| ok p=1
Q54:	|........ ........ ........ ........| ok p=1
Q55:	|........ ........ ........ ........| ok p=1
Q56:	|........ ........ ........ ........| ok p=1
Q57:	|........ ........ ........ ........| ok p=1
Q58:	|........ ........ ........ ........| ok p=1
Q59:	|........ ........ ........ ........| ok p=1
Q60:	|........ ........ ........ 0.......| ok p=1
Q61:	|........ ........ .......1 0.......| ok p=1
Q62:	|........ ........ .......0 -.......| ok p=1
Q63:	|........ ........ .......- +.......| ok p=0.932617
Q64:	|...-.... ........ ........ -.......|
Saving 100000 paths...done.
Autobalance parameters: maxcond=52
Verified: 0 bad out of 125985
Estimating maxcond for upper bound 400000 (=100000 * 4)...
t=22: 0%   10   20   30   40   50   60   70   80   90   100%
      |----|----|----|----|----|----|----|----|----|----|
e     ***************************************************
Found maxcond = 60
t=22: 0%   10   20   30   40   50   60   70   80   90   100%
      |----|----|----|----|----|----|----|----|----|----|
      ***************************************************
Q19:	|..-....- .....+.. ..+..... ......+.|
Q20:	|1...+... ....1+.. +...0... .......+|
Q21:	|-...0... ....+... 0...1... .0.....0|
Q22:	|....-... .....^.. -...+... .1.....-| ok p=0.824219
Q23:	|^......0 ....^... ........ .-.0....| ok p=0.998047
Q24:	|....^..1 ...0.... ^...^.0. ...1...^| ok p=0.46875
Q25:	|.......+ ...1.... ........ .^.+....| ok p=0.963867
Q26:	|..0..... ...+.... .....0-. ........| ok p=1
Q27:	|..1....^ ........ .....1-. ...^....| ok p=0.874023
Q28:	|..-..... ...^.... .....-+. ........| ok p=0.882812
Q29:	|..0..... ........ ......0. ........| ok p=0.876953
Q30:	|..+..... ........ .....^1. ........| ok p=1
Q31:	|..+..... ........ ........ ........| ok p=0.870117
Q32:	|........ ........ ........ ........| ok p=1
Q33:	|..!..... ........ ........ ........| ok p=1
Q34:	|........ ........ ........ ........| ok p=1
Q35:	|........ ........ ........ ........| ok p=1
Q36:	|........ ........ ........ ........| ok p=1
Q37:	|........ ........ ........ ........| ok p=1
Q38:	|........ ........ ........ ........| ok p=1
Q39:	|........ ........ ........ ........| ok p=1
Q40:	|........ ........ ........ ........| ok p=1
Q41:	|........ ........ ........ ........| ok p=1
Q42:	|........ ........ ........ ........| ok p=1
Q43:	|........ ........ ........ ........| ok p=1
Q44:	|........ ........ ........ ........| ok p=1
Q45:	|........ ........ ........ ........| ok p=1
Q46:	|........ ........ ........ ........| ok p=1
Q47:	|........ ........ ........ ........| ok p=1
Q48:	|........ ........ ........ ........| ok p=1
Q49:	|........ ........ ........ ........| ok p=1
Q50:	|........ ........ ........ ........| ok p=1
Q51:	|........ ........ ........ ........| ok p=1
Q52:	|........ ........ ........ ........| ok p=1
Q53:	|........ ........ ........ ........| ok p=1
Q54:	|........ ........ ........ ........| ok p=1
Q55:	|........ ........ ........ ........| ok p=1
Q56:	|........ ........ ........ ........| ok p=1
Q57:	|........ ........ ........ ........| ok p=1
Q58:	|........ ........ ........ ........| ok p=1
Q59:	|........ ........ ........ ........| ok p=1
Q60:	|........ ........ ........ 0.......| ok p=1
Q61:	|........ ........ .......1 0.......| ok p=1
Q62:	|........ ........ .......0 -.......| ok p=1
Q63:	|........ ........ .......- +.......| ok p=0.948242
Q64:	|...-.... ........ ........ -.......|
Saving 100000 paths...done.
Autobalance parameters: maxcond=59
Verified: 0 bad out of 159832
Estimating maxcond for upper bound 400000 (=100000 * 4)...
t=21: 0%   10   20   30   40   50   60   70   80   90   100%
      |----|----|----|----|----|----|----|----|----|----|
e     ***************************************************
Found maxcond = 71
t=21: 0%   10   20   30   40   50   60   70   80   90   100%
      |----|----|----|----|----|----|----|----|----|----|
      ***************************************************
Q18:	|+......- .-...-.. .....-.. .-...+.-|
Q19:	|..-....- ....0+.. ..+..... .......+|
Q20:	|+...0... ....1+.. 0...0... .......0|
Q21:	|+.^.1..^ ....+0.. 1.^.1... .0.....+| ok p=0.5
Q22:	|0...-... .....^.. -...+... .1.....-| ok p=0.873047
Q23:	|1......0 ....^... ........ .-.0...1| ok p=1
Q24:	|....^..1 ...0.... ^...^.0. ...1...^| ok p=0.526367
Q25:	|.......+ ...1.... ........ .^.+....| ok p=0.966797
Q26:	|..0..... ...+.... .....0-. ........| ok p=1
Q27:	|..1....^ ........ .....1-. ...^....| ok p=0.870117
Q28:	|..-..... ...^.... .....-+. ........| ok p=0.875
Q29:	|..0..... ........ ......0. ........| ok p=0.858398
Q30:	|..+..... ........ .....^1. ........| ok p=1
Q31:	|..+..... ........ ........ ........| ok p=0.866211
Q32:	|........ ........ ........ ........| ok p=1
Q33:	|..!..... ........ ........ ........| ok p=1
Q34:	|........ ........ ........ ........| ok p=1
Q35:	|........ ........ ........ ........| ok p=1
Q36:	|........ ........ ........ ........| ok p=1
Q37:	|........ ........ ........ ........| ok p=1
Q38:	|........ ........ ........ ........| ok p=1
Q39:	|........ ........ ........ ........| ok p=1
Q40:	|........ ........ ........ ........| ok p=1
Q41:	|........ ........ ........ ........| ok p=1
Q42:	|........ ........ ........ ........| ok p=1
Q43:	|........ ........ ........ ........| ok p=1
Q44:	|........ ........ ........ ........| ok p=1
Q45:	|........ ........ ........ ........| ok p=1
Q46:	|........ ........ ........ ........| ok p=1
Q47:	|........ ........ ........ ........| ok p=1
Q48:	|........ ........ ........ ........| ok p=1
Q49:	|........ ........ ........ ........| ok p=1
Q50:	|........ ........ ........ ........| ok p=1
Q51:	|........ ........ ........ ........| ok p=1
Q52:	|........ ........ ........ ........| ok p=1
Q53:	|........ ........ ........ ........| ok p=1
Q54:	|........ ........ ........ ........| ok p=1
Q55:	|........ ........ ........ ........| ok p=1
Q56:	|........ ........ ........ ........| ok p=1
Q57:	|........ ........ ........ ........| ok p=1
Q58:	|........ ........ ........ ........| ok p=1
Q59:	|........ ........ ........ ........| ok p=1
Q60:	|........ ........ ........ 0.......| ok p=1
Q61:	|........ ........ .......1 0.......| ok p=1
Q62:	|........ ........ .......0 -.......| ok p=1
Q63:	|........ ........ .......- +.......| ok p=0.926758
Q64:	|...-.... ........ ........ -.......|
Saving 100000 paths...done.
Autobalance parameters: maxcond=70
Verified: 0 bad out of 130344
Runtime: 12.0319
Extend MD5 differential paths backward
Copyright (C) 2009 Marc Stevens
http://homepages.cwi.nl/~stevens/

delta_m[11] = [!-29!]
Loading workdir3/paths21_0of1...done: 100000 (work:100000).
Estimating maxcond for upper bound 65536 (=16384 * 4)...
t=20: 0%   10   20   30   40   50   60   70   80   90   100%
      |----|----|----|----|----|----|----|----|----|----|
e     ***************************************************
Found maxcond = 83
t=20: 0%   10   20   30   40   50   60   70   80   90   100%
      |----|----|----|----|----|----|----|----|----|----|
      ***************************************************
Q17:	|.....-.. .....-.. ..+..... ........|
Q18:	|..1....1 .-...-.. ..1..-.. .-....+.|
Q19:	|0.-....- ....01.. ..+..... ......+.|
Q20:	|1...0... .^..0+.. 0...0^.. .^....00| ok p=0.610352
Q21:	|+.^.1..^ ....+1.. 1.^.1... .0....11| ok p=0.549805
Q22:	|....-... .....0.. -...+... .1.....-| ok p=0.808594
Q23:	|^......0 ....^... ........ .-.0....| ok p=1
Q24:	|....^..1 ...0.... ^...^.0. ...1...^| ok p=0.469727
Q25:	|.......+ ...1.... ........ .^.+....| ok p=0.954102
Q26:	|..0..... ...+.... .....0-. ........| ok p=1
Q27:	|..1....^ ........ .....1-. ...^....| ok p=0.900391
Q28:	|..-..... ...^.... .....-+. ........| ok p=0.893555
Q29:	|..0..... ........ ......0. ........| ok p=0.892578
Q30:	|..+..... ........ .....^1. ........| ok p=1
Q31:	|..+..... ........ ........ ........| ok p=0.888672
Q32:	|........ ........ ........ ........| ok p=1
Q33:	|..!..... ........ ........ ........| ok p=1
Q34:	|........ ........ ........ ........| ok p=1
Q35:	|........ ........ ........ ........| ok p=1
Q36:	|........ ........ ........ ........| ok p=1
Q37:	|........ ........ ........ ........| ok p=1
Q38:	|........ ........ ........ ........| ok p=1
Q39:	|........ ........ ........ ........| ok p=1
Q40:	|........ ........ ........ ........| ok p=1
Q41:	|........ ........ ........ ........| ok p=1
Q42:	|........ ........ ........ ........| ok p=1
Q43:	|........ ........ ........ ........| ok p=1
Q44:	|........ ........ ........ ........| ok p=1
Q45:	|........ ........ ........ ........| ok p=1
Q46:	|........ ........ ........ ........| ok p=1
Q47:	|........ ........ ........ ........| ok p=1
Q48:	|........ ........ ........ ........| ok p=1
Q49:	|........ ........ ........ ........| ok p=1
Q50:	|........ ........ ........ ........| ok p=1
Q51:	|........ ........ ........ ........| ok p=1
Q52:	|........ ........ ........ ........| ok p=1
Q53:	|........ ........ ........ ........| ok p=1
Q54:	|........ ........ ........ ........| ok p=1
Q55:	|........ ........ ........ ........| ok p=1
Q56:	|........ ........ ........ ........| ok p=1
Q57:	|........ ........ ........ ........| ok p=1
Q58:	|........ ........ ........ ........| ok p=1
Q59:	|........ ........ ........ ........| ok p=1
Q60:	|........ ........ ........ 0.......| ok p=1
Q61:	|........ ........ .......1 0.......| ok p=1
Q62:	|........ ........ .......0 -.......| ok p=1
Q63:	|........ ........ .......- +.......| ok p=0.942383
Q64:	|...-.... ........ ........ -.......|
Saving 16384 paths...done.
Autobalance parameters: maxcond=82
Verified: 0 bad out of 19607
Runtime: 2.47781
Extend MD5 differential paths backward
Copyright (C) 2009 Marc Stevens
http://homepages.cwi.nl/~stevens/

delta_m[11] = [!-29!]
Loading workdir3/paths20_0of1...done: 16384 (work:16384).
Estimating maxcond for upper bound 2000000 (=500000 * 4)...
t=19: 0%   10   20   30   40   50   60   70   80   90   100%
      |----|----|----|----|----|----|----|----|----|----|
e     ***************************************************
Found maxcond = 93
t=19: 0%   10   20   30   40   50   60   70   80   90   100%
      |----|----|----|----|----|----|----|----|----|----|
      ***************************************************
Q16:	|+.....-. .....+.. ..-...+. ...+...-|
Q17:	|..0..+.+ .1...... ..+..1.. .1......|
Q18:	|..1....0 .-...-.. ..1..-.. .-....+.|
Q19:	|0.-..^.- ....0-.. ..+..... ......+.| ok p=1
Q20:	|1...0... .^..0+.. 0...0^.. .^....00| ok p=0.639648
Q21:	|-.^.1..^ ....+1.. 1.^.1... .0....11| ok p=0.527344
Q22:	|....-... .....^.. -...+... .1.....-| ok p=0.806641
Q23:	|^......0 ....^... ........ .-.0....| ok p=1
Q24:	|....^..1 ...0.... ^...^.0. ...1...^| ok p=0.491211
Q25:	|.......+ ...1.... ........ .^.+....| ok p=0.974609
Q26:	|..0..... ...+.... .....0-. ........| ok p=1
Q27:	|..1....^ ........ .....1-. ...^....| ok p=0.87207
Q28:	|..-..... ...^.... .....-+. ........| ok p=0.871094
Q29:	|..0..... ........ ......0. ........| ok p=0.870117
Q30:	|..+..... ........ .....^1. ........| ok p=1
Q31:	|..+..... ........ ........ ........| ok p=0.873047
Q32:	|........ ........ ........ ........| ok p=1
Q33:	|..!..... ........ ........ ........| ok p=1
Q34:	|........ ........ ........ ........| ok p=1
Q35:	|........ ........ ........ ........| ok p=1
Q36:	|........ ........ ........ ........| ok p=1
Q37:	|........ ........ ........ ........| ok p=1
Q38:	|........ ........ ........ ........| ok p=1
Q39:	|........ ........ ........ ........| ok p=1
Q40:	|........ ........ ........ ........| ok p=1
Q41:	|........ ........ ........ ........| ok p=1
Q42:	|........ ........ ........ ........| ok p=1
Q43:	|........ ........ ........ ........| ok p=1
Q44:	|........ ........ ........ ........| ok p=1
Q45:	|........ ........ ........ ........| ok p=1
Q46:	|........ ........ ........ ........| ok p=1
Q47:	|........ ........ ........ ........| ok p=1
Q48:	|........ ........ ........ ........| ok p=1
Q49:	|........ ........ ........ ........| ok p=1
Q50:	|........ ........ ........ ........| ok p=1
Q51:	|........ ........ ........ ........| ok p=1
Q52:	|........ ........ ........ ........| ok p=1
Q53:	|........ ........ ........ ........| ok p=1
Q54:	|........ ........ ........ ........| ok p=1
Q55:	|........ ........ ........ ........| ok p=1
Q56:	|........ ........ ........ ........| ok p=1
Q57:	|........ ........ ........ ........| ok p=1
Q58:	|........ ........ ........ ........| ok p=1
Q59:	|........ ........ ........ ........| ok p=1
Q60:	|........ ........ ........ 0.......| ok p=1
Q61:	|........ ........ .......1 0.......| ok p=1
Q62:	|........ ........ .......0 -.......| ok p=1
Q63:	|........ ........ .......- +.......| ok p=0.941406
Q64:	|...-.... ........ ........ -.......|
Saving 500000 paths...done.
Autobalance parameters: maxcond=92
Verified: 221560 bad out of 1012245
Estimating maxcond for upper bound 2000000 (=500000 * 4)...
t=18: 0%   10   20   30   40   50   60   70   80   90   100%
      |----|----|----|----|----|----|----|----|----|----|
e     ***************************************************
Found maxcond = 105
t=18: 0%   10   20   30   40   50   60   70   80   90   100%
      |----|----|----|----|----|----|----|----|----|----|
      ***************************************************
Q15:	|.-.-...+ .....+.. -....-.+ ..+.....|
Q16:	|.....1.- .0...... ..-..++. .0.+..-.|
Q17:	|..0..-.1 .1...-.. ..0..0.. .1....0.|
Q18:	|..1....1 .-...-.. ..0..-^. .-.^..+.| ok p=0.393555
Q19:	|0.-..^.- ....0+.. ..+..... ......+.| ok p=1
Q20:	|1...0... .^..1+.. 0...0^.. .^....00| ok p=0.62793
Q21:	|+.^.1..^ ....+0.. 1.^.1... .0....11| ok p=0.547852
Q22:	|....-... .....^.. -...+... .1.....-| ok p=0.826172
Q23:	|^......0 ....^... ........ .-.0....| ok p=1
Q24:	|....^..1 ...0.... ^...^.0. ...1...^| ok p=0.466797
Q25:	|.......+ ...1.... ........ .^.+....| ok p=0.963867
Q26:	|..0..... ...+.... .....0-. ........| ok p=1
Q27:	|..1....^ ........ .....1-. ...^....| ok p=0.863281
Q28:	|..-..... ...^.... .....-+. ........| ok p=0.878906
Q29:	|..0..... ........ ......0. ........| ok p=0.880859
Q30:	|..+..... ........ .....^1. ........| ok p=1
Q31:	|..+..... ........ ........ ........| ok p=0.875977
Q32:	|........ ........ ........ ........| ok p=1
Q33:	|..!..... ........ ........ ........| ok p=1
Q34:	|........ ........ ........ ........| ok p=1
Q35:	|........ ........ ........ ........| ok p=1
Q36:	|........ ........ ........ ........| ok p=1
Q37:	|........ ........ ........ ........| ok p=1
Q38:	|........ ........ ........ ........| ok p=1
Q39:	|........ ........ ........ ........| ok p=1
Q40:	|........ ........ ........ ........| ok p=1
Q41:	|........ ........ ........ ........| ok p=1
Q42:	|........ ........ ........ ........| ok p=1
Q43:	|........ ........ ........ ........| ok p=1
Q44:	|........ ........ ........ ........| ok p=1
Q45:	|........ ........ ........ ........| ok p=1
Q46:	|........ ........ ........ ........| ok p=1
Q47:	|........ ........ ........ ........| ok p=1
Q48:	|........ ........ ........ ........| ok p=1
Q49:	|........ ........ ........ ........| ok p=1
Q50:	|........ ........ ........ ........| ok p=1
Q51:	|........ ........ ........ ........| ok p=1
Q52:	|........ ........ ........ ........| ok p=1
Q53:	|........ ........ ........ ........| ok p=1
Q54:	|........ ........ ........ ........| ok p=1
Q55:	|........ ........ ........ ........| ok p=1
Q56:	|........ ........ ........ ........| ok p=1
Q57:	|........ ........ ........ ........| ok p=1
Q58:	|........ ........ ........ ........| ok p=1
Q59:	|........ ........ ........ ........| ok p=1
Q60:	|........ ........ ........ 0.......| ok p=1
Q61:	|........ ........ .......1 0.......| ok p=1
Q62:	|........ ........ .......0 -.......| ok p=1
Q63:	|........ ........ .......- +.......| ok p=0.944336
Q64:	|...-.... ........ ........ -.......|
Saving 500000 paths...done.
Autobalance parameters: maxcond=104
Verified: 0 bad out of 770272
Estimating maxcond for upper bound 2000000 (=500000 * 4)...
t=17: 0%   10   20   30   40   50   60   70   80   90   100%
      |----|----|----|----|----|----|----|----|----|----|
e     ***************************************************
Found maxcond = 121
t=17: 0%   10   20   30   40   50   60   70   80   90   100%
      |----|----|----|----|----|----|----|----|----|----|
      ***************************************************
Q14:	|..-....+ .-...... .-...... ...-....|
Q15:	|..++...+ .....+.. -.1...1+ ...+..-.|
Q16:	|1.-....- .0...+.. ..-..1+. .0.+..-.|
Q17:	|..1^...1 .1...-.. ^.+..1.^ .1.0..1.| ok p=0.420898
Q18:	|+.1....1 .-...-.. ..1..-^. .-.^..+.| ok p=0.318359
Q19:	|+.-....- ....01.. ..+..... ......+.| ok p=0.577148
Q20:	|-...0... .^..0+.. 0...0^.. .^....00| ok p=1
Q21:	|-.^.1..^ ....+1.. 1.^.1... .0....11| ok p=0.518555
Q22:	|1...-... .....0.. -...+... .1.....-| ok p=0.871094
Q23:	|0......0 ....^... ........ .-.0....| ok p=1
Q24:	|....^..1 ...0.... ^...^.0. ...1...^| ok p=0.443359
Q25:	|.......+ ...1.... ........ .^.+....| ok p=0.972656
Q26:	|..0..... ...+.... .....0-. ........| ok p=1
Q27:	|..1....^ ........ .....1-. ...^....| ok p=0.866211
Q28:	|..-..... ...^.... .....-+. ........| ok p=0.878906
Q29:	|..0..... ........ ......0. ........| ok p=0.871094
Q30:	|..+..... ........ .....^1. ........| ok p=1
Q31:	|..+..... ........ ........ ........| ok p=0.880859
Q32:	|........ ........ ........ ........| ok p=1
Q33:	|..!..... ........ ........ ........| ok p=1
Q34:	|........ ........ ........ ........| ok p=1
Q35:	|........ ........ ........ ........| ok p=1
Q36:	|........ ........ ........ ........| ok p=1
Q37:	|........ ........ ........ ........| ok p=1
Q38:	|........ ........ ........ ........| ok p=1
Q39:	|........ ........ ........ ........| ok p=1
Q40:	|........ ........ ........ ........| ok p=1
Q41:	|........ ........ ........ ........| ok p=1
Q42:	|........ ........ ........ ........| ok p=1
Q43:	|........ ........ ........ ........| ok p=1
Q44:	|........ ........ ........ ........| ok p=1
Q45:	|........ ........ ........ ........| ok p=1
Q46:	|........ ........ ........ ........| ok p=1
Q47:	|........ ........ ........ ........| ok p=1
Q48:	|........ ........ ........ ........| ok p=1
Q49:	|........ ........ ........ ........| ok p=1
Q50:	|........ ........ ........ ........| ok p=1
Q51:	|........ ........ ........ ........| ok p=1
Q52:	|........ ........ ........ ........| ok p=1
Q53:	|........ ........ ........ ........| ok p=1
Q54:	|........ ........ ........ ........| ok p=1
Q55:	|........ ........ ........ ........| ok p=1
Q56:	|........ ........ ........ ........| ok p=1
Q57:	|........ ........ ........ ........| ok p=1
Q58:	|........ ........ ........ ........| ok p=1
Q59:	|........ ........ ........ ........| ok p=1
Q60:	|........ ........ ........ 0.......| ok p=1
Q61:	|........ ........ .......1 0.......| ok p=1
Q62:	|........ ........ .......0 -.......| ok p=1
Q63:	|........ ........ .......- +.......| ok p=0.928711
Q64:	|...-.... ........ ........ -.......|
Saving 500000 paths...done.
Autobalance parameters: maxcond=120
Verified: 0 bad out of 532770
Estimating maxcond for upper bound 2000000 (=500000 * 4)...
t=16: 0%   10   20   30   40   50   60   70   80   90   100%
      |----|----|----|----|----|----|----|----|----|----|
e     ***************************************************
Found maxcond = 130
t=16: 0%   10   20   30   40   50   60   70   80   90   100%
      |----|----|----|----|----|----|----|----|----|----|
      ***************************************************
Q13:	|+..+...+ ......+. .-.....- ..-....+|
Q14:	|..-1...+ .0...... 1.-....1 ........|
Q15:	|..++...+ .0...+.. -.1...+- ...+..-.|
Q16:	|1.-....- .+...+.. ..-..1+. .0.+..-.| ok p=0.478516
Q17:	|..1^...1 .0...-.. ^.0..10^ .1.0..1.| ok p=0.466797
Q18:	|+.1....1 .-...-.. ..0..-^. .-.^..+.| ok p=0.310547
Q19:	|+.-....- ....01.. ..+..... ......+.| ok p=0.59375
Q20:	|-...0... .^..0+.. 0...0^.. .^....00| ok p=1
Q21:	|-.^.1..^ ....+1.. 1.^.1... .0....11| ok p=0.464844
Q22:	|1...-... .....0.. -...+... .1.....-| ok p=0.875
Q23:	|0......0 ....^... ........ .-.0....| ok p=1
Q24:	|....^..1 ...0.... ^...^.0. ...1...^| ok p=0.444336
Q25:	|.......+ ...1.... ........ .^.+....| ok p=0.961914
Q26:	|..0..... ...+.... .....0-. ........| ok p=1
Q27:	|..1....^ ........ .....1-. ...^....| ok p=0.875
Q28:	|..-..... ...^.... .....-+. ........| ok p=0.874023
Q29:	|..0..... ........ ......0. ........| ok p=0.876953
Q30:	|..+..... ........ .....^1. ........| ok p=1
Q31:	|..+..... ........ ........ ........| ok p=0.870117
Q32:	|........ ........ ........ ........| ok p=1
Q33:	|..!..... ........ ........ ........| ok p=1
Q34:	|........ ........ ........ ........| ok p=1
Q35:	|........ ........ ........ ........| ok p=1
Q36:	|........ ........ ........ ........| ok p=1
Q37:	|........ ........ ........ ........| ok p=1
Q38:	|........ ........ ........ ........| ok p=1
Q39:	|........ ........ ........ ........| ok p=1
Q40:	|........ ........ ........ ........| ok p=1
Q41:	|........ ........ ........ ........| ok p=1
Q42:	|........ ........ ........ ........| ok p=1
Q43:	|........ ........ ........ ........| ok p=1
Q44:	|........ ........ ........ ........| ok p=1
Q45:	|........ ........ ........ ........| ok p=1
Q46:	|........ ........ ........ ........| ok p=1
Q47:	|........ ........ ........ ........| ok p=1
Q48:	|........ ........ ........ ........| ok p=1
Q49:	|........ ........ ........ ........| ok p=1
Q50:	|........ ........ ........ ........| ok p=1
Q51:	|........ ........ ........ ........| ok p=1
Q52:	|........ ........ ........ ........| ok p=1
Q53:	|........ ........ ........ ........| ok p=1
Q54:	|........ ........ ........ ........| ok p=1
Q55:	|........ ........ ........ ........| ok p=1
Q56:	|........ ........ ........ ........| ok p=1
Q57:	|........ ........ ........ ........| ok p=1
Q58:	|........ ........ ........ ........| ok p=1
Q59:	|........ ........ ........ ........| ok p=1
Q60:	|........ ........ ........ 0.......| ok p=1
Q61:	|........ ........ .......1 0.......| ok p=1
Q62:	|........ ........ .......0 -.......| ok p=1
Q63:	|........ ........ .......- +.......| ok p=0.924805
Q64:	|...-.... ........ ........ -.......|
Saving 500000 paths...done.
Autobalance parameters: maxcond=129
Verified: 0 bad out of 589328
Runtime: 35.8904
