Connect MD5 differential paths
Copyright (C) 2009 Marc Stevens
http://homepages.cwi.nl/~stevens/

delta_m[11] = [!-29!]
Loading workdir3/paths16_0of1.bin.gz...done: 500000.
Loading workdir3/paths11_0of1.bin.gz...done: 500000.
t=12: 0%   10   20   30   40   50   60   70   80   90   100%
      |----|----|----|----|----|----|----|----|----|----|
      *Q-3:	|00100010 10001010 10010011 10001000|
Q-2:	|000+0000 +1010111 0+000100 +0100110|
Q-1:	|1+--10+- -1010111 0+1110+- -0011110|
Q0:	|00+1010+ -10-++-0 0000110+ 0--00100| ok p=0.731445
Q1:	|.1+0.101 +1.++1+0 .+1+..0+ 1--.-...| ok p=0.47168
Q2:	|.-1..+01 0-.1.-+- .0--...+ .-..+...| ok p=1
Q3:	|!10.^++. 00.11-0+ .-1-...+ ..0.-.0.| ok p=1
Q4:	|!++.-1-. .1..0-0+ .11-.... .1..0.0.| ok p=1
Q5:	|^--.1+-. ....11-. .-.....1 ...^1.+1| ok p=1
Q6:	|^+1.-1+. ....++-1 .+.0!... ......-1| ok p=1
Q7:	|!01.-+0. ....0--. !0...... .^0^..++| ok p=1
Q8:	|10...-0. ....10.. .0...1.. .-0-..0-| ok p=1
Q9:	|10001-.. .....10. .....1.. .0+0.00-| ok p=1
Q10:	|+0010..0 1.11100. ...1^+00 0-011010| ok p=1
Q11:	|+11.0111 01001+1^ ...0--11 0--+0+11| ok p=1
Q12:	|0++.+00- +0++++-+ .^.-10++ -1+++-+-| ok p=1
Q13:	|-+-1---- -+10+--1 0+.+++0+ ++-11+-0| ok p=0.499023
Q14:	|0.-1011+ 1-01.1.0 01100110 00110101| ok p=0.232422
Q15:	|00++100+ 11..0+1. -101001+ 1+1+.0-.| ok p=0.987305
Q16:	|1.-....- .+...+.. ..-..1+. .1.+..-.| ok p=0.40625
Q17:	|..1^...1 .0...-.. ^.0..1.^ .1.0..1.| ok p=0.454102
Q18:	|+.1....1 .-...-.. ..0..-^. .-.0..+.| ok p=0.298828
Q19:	|+.-....- ....01.. ..+..... ......+.| ok p=0.581055
Q20:	|-...0... .^..0+.. 0...0^.. .^....00| ok p=1
Q21:	|-.^.1..^ ....+1.. 1.^.1... .0....11| ok p=0.496094
Q22:	|1...-... .....0.. -...+... .1.....-| ok p=0.87207
Q23:	|0......0 ....^... ........ .-.0....| ok p=0.999023
Q24:	|....^..1 ...0.... ^...^.0. ...1...^| ok p=0.477539
Q25:	|.......+ ...1.... ........ .^.+....| ok p=0.960938
Q26:	|..0..... ...+.... .....0-. ........| ok p=1
Q27:	|..1....^ ........ .....1-. ...^....| ok p=0.859375
Q28:	|..-..... ...^.... .....-+. ........| ok p=0.87207
Q29:	|..0..... ........ ......0. ........| ok p=0.876953
Q30:	|..+..... ........ .....^1. ........| ok p=1
Q31:	|..+..... ........ ........ ........| ok p=0.884766
Q32:	|........ ........ ........ ........| ok p=1
Q33:	|..!..... ........ ........ ........| ok p=1
Q34:	|........ ........ ........ ........| ok p=1
Q35:	|........ ........ ........ ........| ok p=1
Q36:	|........ ........ ........ ........| ok p=1
Q37:	|........ ........ ........ ........| ok p=1
Q38:	|........ ........ ........ ........| ok p=1
Q39:	|........ ........ ........ ........| ok p=1
Q40:	|........ ........ ........ ........| ok p=1
Q41:	|........ ........ ........ ........| ok p=1
Q42:	|........ ........ ........ ........| ok p=1
Q43:	|........ ........ ........ ........| ok p=1
Q44:	|........ ........ ........ ........| ok p=1
Q45:	|........ ........ ........ ........| ok p=1
Q46:	|........ ........ ........ ........| ok p=1
Q47:	|........ ........ ........ ........| ok p=1
Q48:	|........ ........ ........ ........| ok p=1
Q49:	|........ ........ ........ ........| ok p=1
Q50:	|........ ........ ........ ........| ok p=1
Q51:	|........ ........ ........ ........| ok p=1
Q52:	|........ ........ ........ ........| ok p=1
Q53:	|........ ........ ........ ........| ok p=1
Q54:	|........ ........ ........ ........| ok p=1
Q55:	|........ ........ ........ ........| ok p=1
Q56:	|........ ........ ........ ........| ok p=1
Q57:	|........ ........ ........ ........| ok p=1
Q58:	|........ ........ ........ ........| ok p=1
Q59:	|........ ........ ........ ........| ok p=1
Q60:	|........ ........ ........ 0.......| ok p=1
Q61:	|........ ........ .......1 0.......| ok p=1
Q62:	|........ ........ .......0 -.......| ok p=1
Q63:	|........ ........ .......- +.......| ok p=0.943359
Q64:	|...-.... ........ ........ -.......|
Best path: totcompl=-30 tottunnel=33, totcond=564, p=0.000147337
Best paths: 2
Best paths: 4
Q-3:	|00100010 10001010 10010011 10001000|
Q-2:	|000+0000 +1010111 0+000100 +0100110|
Q-1:	|1+--10+- -1010111 0+1110+- -0011110|
Q0:	|00+1010+ -10-++-0 0000110+ 0--00100| ok p=0.728516
Q1:	|.1+0.101 +1.++1+0 .+1+..0+ 1--.-...| ok p=0.479492
Q2:	|.-1..+01 0-.1.-+- .0--...+ .-..+...| ok p=1
Q3:	|!10.^++. 00.11-0+ .-1-...+ ..0.-.0.| ok p=1
Q4:	|!++.-1-. .1..0-0+ .11-.... .1..0.0.| ok p=1
Q5:	|^--.1+-. ....11-. .-.....1 ...^1.+1| ok p=1
Q6:	|^+1.-1+. ....++-1 .+.0.... ......-1| ok p=1
Q7:	|!01.-+0. ....0--. !0...... .^0^..++| ok p=1
Q8:	|10...-0. ....10.. .0...1.. .-0-..0-| ok p=1
Q9:	|10001-.. .....10. ....01.1 .0+0.00-| ok p=1
Q10:	|+0010..0 1.11100. ...10+^0 1-011010| ok p=1
Q11:	|+11.0111 01001+1^ ...0--.1 1--+0+11| ok p=1
Q12:	|0++.+00- +0++++-+ .^.-+-^- -1+++-+-| ok p=1
Q13:	|-+-1---- -+10+--1 0+.++++0 -+-11+-0| ok p=0.478516
Q14:	|0.-1011+ 1-01.1.0 0110.010 .0110101| ok p=0.263672
Q15:	|00++100+ 11..0+1. -101001+ 1+1+.0-.| ok p=0.989258
Q16:	|1.-....- .+...+.. ..-..1+. .1.+..-.| ok p=0.371094
Q17:	|..1^...1 .0...-.. ^.0..1.^ .1.0..1.| ok p=0.429688
Q18:	|+.1....1 .-...-.. ..0..-^. .-.0..+.| ok p=0.289062
Q19:	|+.-....- ....01.. ..+..... ......+.| ok p=0.5625
Q20:	|-...0... .^..0+.. 0...0^.. .^....00| ok p=1
Q21:	|-.^.1..^ ....+1.. 1.^.1... .0....11| ok p=0.495117
Q22:	|1...-... .....0.. -...+... .1.....-| ok p=0.875
Q23:	|0......0 ....^... ........ .-.0....| ok p=0.999023
Q24:	|....^..1 ...0.... ^...^.0. ...1...^| ok p=0.447266
Q25:	|.......+ ...1.... ........ .^.+....| ok p=0.966797
Q26:	|..0..... ...+.... .....0-. ........| ok p=1
Q27:	|..1....^ ........ .....1-. ...^....| ok p=0.886719
Q28:	|..-..... ...^.... .....-+. ........| ok p=0.888672
Q29:	|..0..... ........ ......0. ........| ok p=0.866211
Q30:	|..+..... ........ .....^1. ........| ok p=1
Q31:	|..+..... ........ ........ ........| ok p=0.875
Q32:	|........ ........ ........ ........| ok p=1
Q33:	|..!..... ........ ........ ........| ok p=1
Q34:	|........ ........ ........ ........| ok p=1
Q35:	|........ ........ ........ ........| ok p=1
Q36:	|........ ........ ........ ........| ok p=1
Q37:	|........ ........ ........ ........| ok p=1
Q38:	|........ ........ ........ ........| ok p=1
Q39:	|........ ........ ........ ........| ok p=1
Q40:	|........ ........ ........ ........| ok p=1
Q41:	|........ ........ ........ ........| ok p=1
Q42:	|........ ........ ........ ........| ok p=1
Q43:	|........ ........ ........ ........| ok p=1
Q44:	|........ ........ ........ ........| ok p=1
Q45:	|........ ........ ........ ........| ok p=1
Q46:	|........ ........ ........ ........| ok p=1
Q47:	|........ ........ ........ ........| ok p=1
Q48:	|........ ........ ........ ........| ok p=1
Q49:	|........ ........ ........ ........| ok p=1
Q50:	|........ ........ ........ ........| ok p=1
Q51:	|........ ........ ........ ........| ok p=1
Q52:	|........ ........ ........ ........| ok p=1
Q53:	|........ ........ ........ ........| ok p=1
Q54:	|........ ........ ........ ........| ok p=1
Q55:	|........ ........ ........ ........| ok p=1
Q56:	|........ ........ ........ ........| ok p=1
Q57:	|........ ........ ........ ........| ok p=1
Q58:	|........ ........ ........ ........| ok p=1
Q59:	|........ ........ ........ ........| ok p=1
Q60:	|........ ........ ........ 0.......| ok p=1
Q61:	|........ ........ .......1 0.......| ok p=1
Q62:	|........ ........ .......0 -.......| ok p=1
Q63:	|........ ........ .......- +.......| ok p=0.938477
Q64:	|...-.... ........ ........ -.......|
Best path: totcompl=-30 tottunnel=33, totcond=562, p=0.000166261
Best paths: 2
Best paths: 4
Q-3:	|00100010 10001010 10010011 10001000|
Q-2:	|000+0000 +1010111 0+000100 +0100110|
Q-1:	|1+--10+- -1010111 0+1110+- -0011110|
Q0:	|00+1010+ -10-++-0 0000110+ 0--00100| ok p=0.757812
Q1:	|.1+0.101 +1.++1+0 .+1+..0+ 1--.-...| ok p=0.485352
Q2:	|.-1..+01 0-.1.1-- .0--...+ .-..+...| ok p=1
Q3:	|!10.^++. 00.11-0+ .-1-...+ ..0.-.0.| ok p=1
Q4:	|!++.-1-. .1..0-0+ .11-.... .1..0.0.| ok p=1
Q5:	|^--.1+-. ....11-. .-.....1 ...^1.+1| ok p=0.99707
Q6:	|^+1.-1+. ....++-1 .+.0.... ......-1| ok p=1
Q7:	|!01.-+0. ....0--. !0...... .^.^..++| ok p=1
Q8:	|00...-0. ....10.. .0...1.. .-^-0.0-| ok p=1
Q9:	|0.1.1-.. .....10. ....01.. .0+0.10-| ok p=1
Q10:	|+00.1..0 10010000 ...10+^0 ^-01.101| ok p=1
Q11:	|-11.1101 01100+11 ...0--.1 1--+^+10| ok p=1
Q12:	|1++.+11- +-++++-+ .^.-+-^- 0-1-+-+-| ok p=1
Q13:	|-+-1---- 0+-----1 0+.++++0 -+-11+-0| ok p=0.53418
Q14:	|0.-1011+ 101011.0 0110.010 10010101| ok p=0.24707
Q15:	|00++100+ .0000+1. -101001+ 1+1+.0-.| ok p=0.987305
Q16:	|1.-....- .+...+.. ..-..1+. .1.+..-.| ok p=0.389648
Q17:	|..1^...1 .0...-.. ^.0..1.^ .1.0..1.| ok p=0.444336
Q18:	|+.1....1 .-...-.. ..0..-^. .-.0..+.| ok p=0.328125
Q19:	|+.-....- ....01.. ..+..... ......+.| ok p=0.605469
Q20:	|-...0... .^..0+.. 0...0^.. .^....00| ok p=1
Q21:	|-.^.1..^ ....+1.. 1.^.1... .0....11| ok p=0.488281
Q22:	|1...-... .....0.. -...+... .1.....-| ok p=0.873047
Q23:	|0......0 ....^... ........ .-.0....| ok p=1
Q24:	|....^..1 ...0.... ^...^.0. ...1...^| ok p=0.455078
Q25:	|.......+ ...1.... ........ .^.+....| ok p=0.96582
Q26:	|..0..... ...+.... .....0-. ........| ok p=1
Q27:	|..1....^ ........ .....1-. ...^....| ok p=0.878906
Q28:	|..-..... ...^.... .....-+. ........| ok p=0.863281
Q29:	|..0..... ........ ......0. ........| ok p=0.884766
Q30:	|..+..... ........ .....^1. ........| ok p=1
Q31:	|..+..... ........ ........ ........| ok p=0.873047
Q32:	|........ ........ ........ ........| ok p=1
Q33:	|..!..... ........ ........ ........| ok p=1
Q34:	|........ ........ ........ ........| ok p=1
Q35:	|........ ........ ........ ........| ok p=1
Q36:	|........ ........ ........ ........| ok p=1
Q37:	|........ ........ ........ ........| ok p=1
Q38:	|........ ........ ........ ........| ok p=1
Q39:	|........ ........ ........ ........| ok p=1
Q40:	|........ ........ ........ ........| ok p=1
Q41:	|........ ........ ........ ........| ok p=1
Q42:	|........ ........ ........ ........| ok p=1
Q43:	|........ ........ ........ ........| ok p=1
Q44:	|........ ........ ........ ........| ok p=1
Q45:	|........ ........ ........ ........| ok p=1
Q46:	|........ ........ ........ ........| ok p=1
Q47:	|........ ........ ........ ........| ok p=1
Q48:	|........ ........ ........ ........| ok p=1
Q49:	|........ ........ ........ ........| ok p=1
Q50:	|........ ........ ........ ........| ok p=1
Q51:	|........ ........ ........ ........| ok p=1
Q52:	|........ ........ ........ ........| ok p=1
Q53:	|........ ........ ........ ........| ok p=1
Q54:	|........ ........ ........ ........| ok p=1
Q55:	|........ ........ ........ ........| ok p=1
Q56:	|........ ........ ........ ........| ok p=1
Q57:	|........ ........ ........ ........| ok p=1
Q58:	|........ ........ ........ ........| ok p=1
Q59:	|........ ........ ........ ........| ok p=1
Q60:	|........ ........ ........ 0.......| ok p=1
Q61:	|........ ........ .......1 0.......| ok p=1
Q62:	|........ ........ .......0 -.......| ok p=1
Q63:	|........ ........ .......- +.......| ok p=0.947266
Q64:	|...-.... ........ ........ -.......|
Best path: totcompl=-28 tottunnel=35, totcond=562, p=0.000154224
Best paths: 2
Q-3:	|00100010 10001010 10010011 10001000|
Q-2:	|000+0000 +1010111 0+000100 +0100110|
Q-1:	|1+--10+- -1010111 0+1110+- -0011110|
Q0:	|00+1010+ -10-++-0 0000110+ 0--00100| ok p=0.749023
Q1:	|.1+0.101 +1.++1+0 .+1+..0+ 1--.-...| ok p=0.46875
Q2:	|.-1..+01 0-.1.1-- .0--...+ .-..+...| ok p=1
Q3:	|!10.^++. 00.11-0+ .-1-...+ ..0.-.0.| ok p=1
Q4:	|!++.-1-. .1..0-0+ .11-.... .1..0.0.| ok p=1
Q5:	|^--.1+-. ....11-. .-.....1 ...^1.+1| ok p=0.999023
Q6:	|^+1.-1+. ....++-1 .+.0.... ......-1| ok p=1
Q7:	|.01^-+0. ....0--0 .0...... .^0^..++| ok p=1
Q8:	|00...-0. ..!.01.. .0...1.. .-0-..0-| ok p=1
Q9:	|01..1-.. .....10. .....1.. .0+0.00-| ok p=1
Q10:	|+00.0..0 1.11100. ...1^+00 0-011010| ok p=1
Q11:	|-11.0111 01001+1^ ...0--11 0--+0+11| ok p=1
Q12:	|1++.+00- +0++++-+ .^.-10++ -1+++-+-| ok p=1
Q13:	|-+-1---- -+10+--1 0+.+++0+ ++-01+-0| ok p=0.501953
Q14:	|0.-1011+ 1-01.1.0 01100110 00101001| ok p=0.253906
Q15:	|00++100+ 11..0+1. -101001+ 1+1+.0-.| ok p=0.992188
Q16:	|1.-....- .+...+.. ..-..1+. .1.+..-.| ok p=0.37207
Q17:	|..1^...1 .0...-.. ^.0..1.^ .1.0..1.| ok p=0.47168
Q18:	|+.1....1 .-...-.. ..0..-^. .-.0..+.| ok p=0.310547
Q19:	|+.-....- ....01.. ..+..... ......+.| ok p=0.566406
Q20:	|-...0... .^..0+.. 0...0^.. .^....00| ok p=1
Q21:	|-.^.1..^ ....+1.. 1.^.1... .0....11| ok p=0.475586
Q22:	|1...-... .....0.. -...+... .1.....-| ok p=0.867188
Q23:	|0......0 ....^... ........ .-.0....| ok p=1
Q24:	|....^..1 ...0.... ^...^.0. ...1...^| ok p=0.451172
Q25:	|.......+ ...1.... ........ .^.+....| ok p=0.955078
Q26:	|..0..... ...+.... .....0-. ........| ok p=1
Q27:	|..1....^ ........ .....1-. ...^....| ok p=0.873047
Q28:	|..-..... ...^.... .....-+. ........| ok p=0.871094
Q29:	|..0..... ........ ......0. ........| ok p=0.869141
Q30:	|..+..... ........ .....^1. ........| ok p=1
Q31:	|..+..... ........ ........ ........| ok p=0.856445
Q32:	|........ ........ ........ ........| ok p=1
Q33:	|..!..... ........ ........ ........| ok p=1
Q34:	|........ ........ ........ ........| ok p=1
Q35:	|........ ........ ........ ........| ok p=1
Q36:	|........ ........ ........ ........| ok p=1
Q37:	|........ ........ ........ ........| ok p=1
Q38:	|........ ........ ........ ........| ok p=1
Q39:	|........ ........ ........ ........| ok p=1
Q40:	|........ ........ ........ ........| ok p=1
Q41:	|........ ........ ........ ........| ok p=1
Q42:	|........ ........ ........ ........| ok p=1
Q43:	|........ ........ ........ ........| ok p=1
Q44:	|........ ........ ........ ........| ok p=1
Q45:	|........ ........ ........ ........| ok p=1
Q46:	|........ ........ ........ ........| ok p=1
Q47:	|........ ........ ........ ........| ok p=1
Q48:	|........ ........ ........ ........| ok p=1
Q49:	|........ ........ ........ ........| ok p=1
Q50:	|........ ........ ........ ........| ok p=1
Q51:	|........ ........ ........ ........| ok p=1
Q52:	|........ ........ ........ ........| ok p=1
Q53:	|........ ........ ........ ........| ok p=1
Q54:	|........ ........ ........ ........| ok p=1
Q55:	|........ ........ ........ ........| ok p=1
Q56:	|........ ........ ........ ........| ok p=1
Q57:	|........ ........ ........ ........| ok p=1
Q58:	|........ ........ ........ ........| ok p=1
Q59:	|........ ........ ........ ........| ok p=1
Q60:	|........ ........ ........ 0.......| ok p=1
Q61:	|........ ........ .......1 0.......| ok p=1
Q62:	|........ ........ .......0 -.......| ok p=1
Q63:	|........ ........ .......- +.......| ok p=0.947266
Q64:	|...-.... ........ ........ -.......|
Best path: totcompl=-28 tottunnel=35, totcond=561, p=0.000152174
Best paths: 2
Q-3:	|00100010 10001010 10010011 10001000|
Q-2:	|000+0000 +1010111 0+000100 +0100110|
Q-1:	|1+--10+- -1010111 0+1110+- -0011110|
Q0:	|00+1010+ -10-++-0 0000110+ 0--00100| ok p=0.766602
Q1:	|.1+0.101 +1.++1+0 .+1+..0+ 1--.-...| ok p=0.474609
Q2:	|.-1..+01 0-.1.1-- .0--...+ .-..+...| ok p=1
Q3:	|!10.^++. 00.11-0+ .-1-...+ ..0.-.0.| ok p=1
Q4:	|!++.-1-. .1..0-0+ .11-.... .1..0.0.| ok p=1
Q5:	|^--.1+-. ....11-. .-.....1 ...^1.+1| ok p=1
Q6:	|^+1.-1+. ....++-1 .+.0.... ......-1| ok p=1
Q7:	|.01^-+0. ....0--0 .0...... .^0^..++| ok p=1
Q8:	|00...-0. ..!.01.. .0...1.. .-0-..0-| ok p=1
Q9:	|0.1.1-.. .....10. ....01.1 .0+0.00-| ok p=1
Q10:	|+00.0..0 1.11100. ...10+^0 1-011010| ok p=1
Q11:	|-11.0111 01001+1^ ...0--.1 1--+0+11| ok p=1
Q12:	|1++.+00- +0++++-+ .^.-+-^- -1+++-+-| ok p=1
Q13:	|-+-1---- -+10+--1 0+.++++0 -+-01+-0| ok p=0.472656
Q14:	|0.-1011+ 1-01.1.0 0110.010 .0101001| ok p=0.232422
Q15:	|00++100+ 11..0+1. -101001+ 1+1+.0-.| ok p=0.989258
Q16:	|1.-....- .+...+.. ..-..1+. .1.+..-.| ok p=0.368164
Q17:	|..1^...1 .0...-.. ^.0..1.^ .1.0..1.| ok p=0.456055
Q18:	|+.1....1 .-...-.. ..0..-^. .-.0..+.| ok p=0.335938
Q19:	|+.-....- ....01.. ..+..... ......+.| ok p=0.588867
Q20:	|-...0... .^..0+.. 0...0^.. .^....00| ok p=1
Q21:	|-.^.1..^ ....+1.. 1.^.1... .0....11| ok p=0.477539
Q22:	|1...-... .....0.. -...+... .1.....-| ok p=0.876953
Q23:	|0......0 ....^... ........ .-.0....| ok p=0.999023
Q24:	|....^..1 ...0.... ^...^.0. ...1...^| ok p=0.462891
Q25:	|.......+ ...1.... ........ .^.+....| ok p=0.967773
Q26:	|..0..... ...+.... .....0-. ........| ok p=1
Q27:	|..1....^ ........ .....1-. ...^....| ok p=0.886719
Q28:	|..-..... ...^.... .....-+. ........| ok p=0.876953
Q29:	|..0..... ........ ......0. ........| ok p=0.883789
Q30:	|..+..... ........ .....^1. ........| ok p=1
Q31:	|..+..... ........ ........ ........| ok p=0.864258
Q32:	|........ ........ ........ ........| ok p=1
Q33:	|..!..... ........ ........ ........| ok p=1
Q34:	|........ ........ ........ ........| ok p=1
Q35:	|........ ........ ........ ........| ok p=1
Q36:	|........ ........ ........ ........| ok p=1
Q37:	|........ ........ ........ ........| ok p=1
Q38:	|........ ........ ........ ........| ok p=1
Q39:	|........ ........ ........ ........| ok p=1
Q40:	|........ ........ ........ ........| ok p=1
Q41:	|........ ........ ........ ........| ok p=1
Q42:	|........ ........ ........ ........| ok p=1
Q43:	|........ ........ ........ ........| ok p=1
Q44:	|........ ........ ........ ........| ok p=1
Q45:	|........ ........ ........ ........| ok p=1
Q46:	|........ ........ ........ ........| ok p=1
Q47:	|........ ........ ........ ........| ok p=1
Q48:	|........ ........ ........ ........| ok p=1
Q49:	|........ ........ ........ ........| ok p=1
Q50:	|........ ........ ........ ........| ok p=1
Q51:	|........ ........ ........ ........| ok p=1
Q52:	|........ ........ ........ ........| ok p=1
Q53:	|........ ........ ........ ........| ok p=1
Q54:	|........ ........ ........ ........| ok p=1
Q55:	|........ ........ ........ ........| ok p=1
Q56:	|........ ........ ........ ........| ok p=1
Q57:	|........ ........ ........ ........| ok p=1
Q58:	|........ ........ ........ ........| ok p=1
Q59:	|........ ........ ........ ........| ok p=1
Q60:	|........ ........ ........ 0.......| ok p=1
Q61:	|........ ........ .......1 0.......| ok p=1
Q62:	|........ ........ .......0 -.......| ok p=1
Q63:	|........ ........ .......- +.......| ok p=0.929688
Q64:	|...-.... ........ ........ -.......|
Best path: totcompl=-28 tottunnel=35, totcond=560, p=0.000151857
Q-3:	|00100010 10001010 10010011 10001000|
Q-2:	|000+0000 +1010111 0+000100 +0100110|
Q-1:	|1+--10+- -1010111 0+1110+- -0011110|
Q0:	|00+1010+ -10-++-0 0000110+ 0--00100| ok p=0.756836
Q1:	|.1+0.101 +1.++1+0 .+1+..0+ 1--.-...| ok p=0.495117
Q2:	|.-1..+01 0-.1.1-- .0--...+ .-..+...| ok p=1
Q3:	|!10.^++. 00.11-0+ .-1-...+ ..0.-.0.| ok p=1
Q4:	|!++.-1-. .1..0-0+ .11-.... .1..0.0.| ok p=1
Q5:	|^--.1+-. ....11-. .-.....1 ...^1.+1| ok p=0.999023
Q6:	|^+1.-1+. ....++-1 .+.0.... ......-1| ok p=1
Q7:	|!01.-+0. ....0--0 .0...... .^0^..++| ok p=1
Q8:	|00...-0. ...!01.. .0...1.. .-0-..0-| ok p=1
Q9:	|01..1-.. .....10. ....0111 .0+0.00-| ok p=1
Q10:	|+00.1..0 1.11100. ...10+.0 1-011010| ok p=1
Q11:	|-11.1101 01001+1^ ...0--.1 1--+0+11| ok p=1
Q12:	|1++.+11- +0++++-+ .^.-+-^- -1+++-+-| ok p=1
Q13:	|-+-1---- -+10+--1 0+.++++0 -+-11+-0| ok p=0.49707
Q14:	|0.-1011+ 1-01.1.0 0110.010 .0110101| ok p=0.237305
Q15:	|00++100+ 11..0+1. -101001+ 1+1+.0-.| ok p=0.981445
Q16:	|1.-....- .+...+.. ..-..1+. .1.+..-.| ok p=0.390625
Q17:	|..1^...1 .0...-.. ^.0..1.^ .1.0..1.| ok p=0.447266
Q18:	|+.1....1 .-...-.. ..0..-^. .-.0..+.| ok p=0.318359
Q19:	|+.-....- ....01.. ..+..... ......+.| ok p=0.564453
Q20:	|-...0... .^..0+.. 0...0^.. .^....00| ok p=1
Q21:	|-.^.1..^ ....+1.. 1.^.1... .0....11| ok p=0.53418
Q22:	|1...-... .....0.. -...+... .1.....-| ok p=0.880859
Q23:	|0......0 ....^... ........ .-.0....| ok p=1
Q24:	|....^..1 ...0.... ^...^.0. ...1...^| ok p=0.457031
Q25:	|.......+ ...1.... ........ .^.+....| ok p=0.96582
Q26:	|..0..... ...+.... .....0-. ........| ok p=1
Q27:	|..1....^ ........ .....1-. ...^....| ok p=0.875977
Q28:	|..-..... ...^.... .....-+. ........| ok p=0.841797
Q29:	|..0..... ........ ......0. ........| ok p=0.884766
Q30:	|..+..... ........ .....^1. ........| ok p=1
Q31:	|..+..... ........ ........ ........| ok p=0.878906
Q32:	|........ ........ ........ ........| ok p=1
Q33:	|..!..... ........ ........ ........| ok p=1
Q34:	|........ ........ ........ ........| ok p=1
Q35:	|........ ........ ........ ........| ok p=1
Q36:	|........ ........ ........ ........| ok p=1
Q37:	|........ ........ ........ ........| ok p=1
Q38:	|........ ........ ........ ........| ok p=1
Q39:	|........ ........ ........ ........| ok p=1
Q40:	|........ ........ ........ ........| ok p=1
Q41:	|........ ........ ........ ........| ok p=1
Q42:	|........ ........ ........ ........| ok p=1
Q43:	|........ ........ ........ ........| ok p=1
Q44:	|........ ........ ........ ........| ok p=1
Q45:	|........ ........ ........ ........| ok p=1
Q46:	|........ ........ ........ ........| ok p=1
Q47:	|........ ........ ........ ........| ok p=1
Q48:	|........ ........ ........ ........| ok p=1
Q49:	|........ ........ ........ ........| ok p=1
Q50:	|........ ........ ........ ........| ok p=1
Q51:	|........ ........ ........ ........| ok p=1
Q52:	|........ ........ ........ ........| ok p=1
Q53:	|........ ........ ........ ........| ok p=1
Q54:	|........ ........ ........ ........| ok p=1
Q55:	|........ ........ ........ ........| ok p=1
Q56:	|........ ........ ........ ........| ok p=1
Q57:	|........ ........ ........ ........| ok p=1
Q58:	|........ ........ ........ ........| ok p=1
Q59:	|........ ........ ........ ........| ok p=1
Q60:	|........ ........ ........ 0.......| ok p=1
Q61:	|........ ........ .......1 0.......| ok p=1
Q62:	|........ ........ .......0 -.......| ok p=1
Q63:	|........ ........ .......- +.......| ok p=0.932617
Q64:	|...-.... ........ ........ -.......|
Best path: totcompl=-27 tottunnel=36, totcond=560, p=0.000173577
Best paths: 2
Q-3:	|00100010 10001010 10010011 10001000|
Q-2:	|000+0000 +1010111 0+000100 +0100110|
Q-1:	|1+--10+- -1010111 0+1110+- -0011110|
Q0:	|00+1010+ -10-++-0 0000110+ 0--00100| ok p=0.733398
Q1:	|.1+0.101 +1.++1+0 .+1+..0+ 1--.-...| ok p=0.482422
Q2:	|.-1..+01 0-.1.1-- .0--...+ .-..+...| ok p=1
Q3:	|!10.^++. 00.11-0+ .-1-...+ ..0.-.0.| ok p=1
Q4:	|!++.-1-. .1..0-0+ .11-.... .1..0.0.| ok p=1
Q5:	|^--.1+-. ....11-. .-.....1 ...^1.+1| ok p=0.999023
Q6:	|^+1.-1+. ....++-1 .+.0.... ......-1| ok p=1
Q7:	|!01.-+0. ....0--. !0...... .^0^..++| ok p=1
Q8:	|00...-0. ...!01.. .0...1.. .-0-..0-| ok p=1
Q9:	|01..1-.. .....10. .....11. 10+0..0-| ok p=1
Q10:	|+01..111 1.01.000 ...1^+10 1-010^01| ok p=1
Q11:	|-00..110 0.10^+11 ...0--01 1--+1+10| ok p=1
Q12:	|--+.^+++ +1-+++-+ .^.-0+-+ -+1-+0--| ok p=1
Q13:	|++-1---- 00100+01 0+.++++0 -+-010+0| ok p=1
Q14:	|10-1001+ 0-011000 01100.-0 .0101.01| ok p=1
Q15:	|00++100+ .+...+.1 -10100++ 1+1+..-.| ok p=0.989258
Q16:	|1.-....- .1...+.. ..-..1+. .1.+..-.| ok p=0.40332
Q17:	|..1^...1 .1...-.. ^.0..11^ .1.0..1.| ok p=0.447266
Q18:	|+.1....1 .-...-.. ..0..-0. .-.0..+.| ok p=0.299805
Q19:	|+.-....- ....01.. ..+..... ......+.| ok p=0.569336
Q20:	|-...0... .^..0+.. 0...0^.. .^....00| ok p=1
Q21:	|-.^.1..^ ....+1.. 1.^.1... .0....11| ok p=0.489258
Q22:	|1...-... .....0.. -...+... .1.....-| ok p=0.87207
Q23:	|0......0 ....^... ........ .-.0....| ok p=1
Q24:	|....^..1 ...0.... ^...^.0. ...1...^| ok p=0.461914
Q25:	|.......+ ...1.... ........ .^.+....| ok p=0.962891
Q26:	|..0..... ...+.... .....0-. ........| ok p=1
Q27:	|..1....^ ........ .....1-. ...^....| ok p=0.90625
Q28:	|..-..... ...^.... .....-+. ........| ok p=0.869141
Q29:	|..0..... ........ ......0. ........| ok p=0.864258
Q30:	|..+..... ........ .....^1. ........| ok p=1
Q31:	|..+..... ........ ........ ........| ok p=0.869141
Q32:	|........ ........ ........ ........| ok p=1
Q33:	|..!..... ........ ........ ........| ok p=1
Q34:	|........ ........ ........ ........| ok p=1
Q35:	|........ ........ ........ ........| ok p=1
Q36:	|........ ........ ........ ........| ok p=1
Q37:	|........ ........ ........ ........| ok p=1
Q38:	|........ ........ ........ ........| ok p=1
Q39:	|........ ........ ........ ........| ok p=1
Q40:	|........ ........ ........ ........| ok p=1
Q41:	|........ ........ ........ ........| ok p=1
Q42:	|........ ........ ........ ........| ok p=1
Q43:	|........ ........ ........ ........| ok p=1
Q44:	|........ ........ ........ ........| ok p=1
Q45:	|........ ........ ........ ........| ok p=1
Q46:	|........ ........ ........ ........| ok p=1
Q47:	|........ ........ ........ ........| ok p=1
Q48:	|........ ........ ........ ........| ok p=1
Q49:	|........ ........ ........ ........| ok p=1
Q50:	|........ ........ ........ ........| ok p=1
Q51:	|........ ........ ........ ........| ok p=1
Q52:	|........ ........ ........ ........| ok p=1
Q53:	|........ ........ ........ ........| ok p=1
Q54:	|........ ........ ........ ........| ok p=1
Q55:	|........ ........ ........ ........| ok p=1
Q56:	|........ ........ ........ ........| ok p=1
Q57:	|........ ........ ........ ........| ok p=1
Q58:	|........ ........ ........ ........| ok p=1
Q59:	|........ ........ ........ ........| ok p=1
Q60:	|........ ........ ........ 0.......| ok p=1
Q61:	|........ ........ .......1 0.......| ok p=1
Q62:	|........ ........ .......0 -.......| ok p=1
Q63:	|........ ........ .......- +.......| ok p=0.924805
Q64:	|...-.... ........ ........ -.......|
Best path: totcompl=-27 tottunnel=36, totcond=559, p=0.0011861
Best paths: 2
Best paths: 4
Best paths: 8
Q-3:	|00100010 10001010 10010011 10001000|
Q-2:	|000+0000 +1010111 0+000100 +0100110|
Q-1:	|1+--10+- -1010111 0+1110+- -0011110|
Q0:	|00+1010+ -10-++-0 0000110+ 0--00100| ok p=0.754883
Q1:	|.1+0.101 +1.++1+0 .+1+..0+ 1--.-...| ok p=0.451172
Q2:	|.-1..+01 0-.1.1-- .0--...+ .-..+...| ok p=1
Q3:	|!10.^++. 00.11-0+ .-1-...+ ..0.-.0.| ok p=1
Q4:	|!++.-1-. .1..0-0+ .11-.... .1..0.0.| ok p=1
Q5:	|^--.1+-. ....11-. .-.....1 ...^1.+1| ok p=0.998047
Q6:	|^+1.-1+. ....++-1 .+.0.... ......-1| ok p=1
Q7:	|.01^-+0. ....0--0 .0...... .^0^..++| ok p=1
Q8:	|00...-0. ....10.. .0...1.. .-0-..0-| ok p=1
Q9:	|0.0.1-.. .....10. .....11. 10+0..0-| ok p=1
Q10:	|-11..111 1.011010 ...1^+10 1-010^01| ok p=1
Q11:	|+10..110 0.101+01 ...0--01 1--+1+10| ok p=1
Q12:	|--+.^+++ +1-++1++ .^.-0+-+ -+1-+0--| ok p=1
Q13:	|1--1---- 00100+01 0+.++++0 -+-010+0| ok p=1
Q14:	|01-1001+ 0-011000 01100.-0 .0101.01| ok p=1
Q15:	|.0++100+ .+...+.1 -10100++ 1+1+..-.| ok p=0.723633
Q16:	|1.-....- .1...+.. ..-..1+. .1.+..-.| ok p=0.391602
Q17:	|..1^...1 .1...-.. ^.0..11^ .1.0..1.| ok p=0.433594
Q18:	|+.1....1 .-...-.. ..0..-0. .-.0..+.| ok p=0.352539
Q19:	|+.-....- ....01.. ..+..... ......+.| ok p=0.606445
Q20:	|-...0... .^..0+.. 0...0^.. .^....00| ok p=1
Q21:	|-.^.1..^ ....+1.. 1.^.1... .0....11| ok p=0.518555
Q22:	|1...-... .....0.. -...+... .1.....-| ok p=0.874023
Q23:	|0......0 ....^... ........ .-.0....| ok p=1
Q24:	|....^..1 ...0.... ^...^.0. ...1...^| ok p=0.460938
Q25:	|.......+ ...1.... ........ .^.+....| ok p=0.969727
Q26:	|..0..... ...+.... .....0-. ........| ok p=1
Q27:	|..1....^ ........ .....1-. ...^....| ok p=0.882812
Q28:	|..-..... ...^.... .....-+. ........| ok p=0.868164
Q29:	|..0..... ........ ......0. ........| ok p=0.897461
Q30:	|..+..... ........ .....^1. ........| ok p=1
Q31:	|..+..... ........ ........ ........| ok p=0.885742
Q32:	|........ ........ ........ ........| ok p=1
Q33:	|..!..... ........ ........ ........| ok p=1
Q34:	|........ ........ ........ ........| ok p=1
Q35:	|........ ........ ........ ........| ok p=1
Q36:	|........ ........ ........ ........| ok p=1
Q37:	|........ ........ ........ ........| ok p=1
Q38:	|........ ........ ........ ........| ok p=1
Q39:	|........ ........ ........ ........| ok p=1
Q40:	|........ ........ ........ ........| ok p=1
Q41:	|........ ........ ........ ........| ok p=1
Q42:	|........ ........ ........ ........| ok p=1
Q43:	|........ ........ ........ ........| ok p=1
Q44:	|........ ........ ........ ........| ok p=1
Q45:	|........ ........ ........ ........| ok p=1
Q46:	|........ ........ ........ ........| ok p=1
Q47:	|........ ........ ........ ........| ok p=1
Q48:	|........ ........ ........ ........| ok p=1
Q49:	|........ ........ ........ ........| ok p=1
Q50:	|........ ........ ........ ........| ok p=1
Q51:	|........ ........ ........ ........| ok p=1
Q52:	|........ ........ ........ ........| ok p=1
Q53:	|........ ........ ........ ........| ok p=1
Q54:	|........ ........ ........ ........| ok p=1
Q55:	|........ ........ ........ ........| ok p=1
Q56:	|........ ........ ........ ........| ok p=1
Q57:	|........ ........ ........ ........| ok p=1
Q58:	|........ ........ ........ ........| ok p=1
Q59:	|........ ........ ........ ........| ok p=1
Q60:	|........ ........ ........ 0.......| ok p=1
Q61:	|........ ........ .......1 0.......| ok p=1
Q62:	|........ ........ .......0 -.......| ok p=1
Q63:	|........ ........ .......- +.......| ok p=0.941406
Q64:	|...-.... ........ ........ -.......|
Best path: totcompl=-26 tottunnel=37, totcond=558, p=0.000975218
Best paths: 2
Best paths: 4
