Extend MD5 differential paths forward
Copyright (C) 2009 Marc Stevens
http://homepages.cwi.nl/~stevens/

delta_m[11] = [!-29!]
Loading workdir3/lowerpath.bin.gz...done: 1.
Estimating maxcond for upper bound 8000000 (=2000000 * 4)...
t=1:  0%   10   20   30   40   50   60   70   80   90   100%
      |----|----|----|----|----|----|----|----|----|----|
e     ***************************************************
Found maxcond = 2176
t=1:  0%   10   20   30   40   50   60   70   80   90   100%
      |----|----|----|----|----|----|----|----|----|----|
      ***************************************************
Q-3:	|00100010 10001010 10010011 10001000|
Q-2:	|000+0000 +1010111 0+000100 +0100110|
Q-1:	|1+--10+- -1010111 0+1110+- -0011110|
Q0:	|00+1010+ -10-++-0 0000110+ 0--00100| ok p=1
Q1:	|.1+1..11 +..++0+. .+.+..11 +0+.-...| ok p=0.600586
Q2:	|+....+.. .-.-.-.- .-.+..+. -.+.+..-|
Saving 43264 paths...done.
Autobalance parameters: maxcond=2176
Verified: 0 bad out of 43264
Estimating maxcond for upper bound 8000000 (=2000000 * 4)...
t=2:  0%   10   20   30   40   50   60   70   80   90   100%
      |----|----|----|----|----|----|----|----|----|----|
e     ***************************************************
Found maxcond = 165
t=2:  0%   10   20   30   40   50   60   70   80   90   100%
      |----|----|----|----|----|----|----|----|----|----|
      ***************************************************
Q-3:	|00100010 10001010 10010011 10001000|
Q-2:	|000+0000 +1010111 0+000100 +0100110|
Q-1:	|1+--10+- -1010111 0+1110+- -0011110|
Q0:	|00+1010+ -10-++-0 0000110+ 0--00100| ok p=0.742188
Q1:	|.1+0..10 +..++1+. 0+.+..1+ 0--.-...| ok p=0.575195
Q2:	|.-....++ +..+.+1. ++.+.... +...+...| ok p=0.858398
Q3:	|..-.+.-. .-.+.+.+ .-..-.-. -.+..+.+|
Saving 2000000 paths...done.
Autobalance parameters: maxcond=164
Verified: 1536 bad out of 2016967
Estimating maxcond for upper bound 8000000 (=2000000 * 4)...
t=3:  0%   10   20   30   40   50   60   70   80   90   100%
      |----|----|----|----|----|----|----|----|----|----|
e     ***************************************************
Found maxcond = 183
t=3:  0%   10   20   30   40   50   60   70   80   90   100%
      |----|----|----|----|----|----|----|----|----|----|
      ***************************************************
Q-3:	|00100010 10001010 10010011 10001000|
Q-2:	|000+0000 +1010111 0+000100 +0100110|
Q-1:	|1+--10+- -1010111 0+1110+- -0011110|
Q0:	|00+1010+ -10-++-0 0000110+ 0--00100| ok p=0.760742
Q1:	|.1+0.V01 +.+11--. 1+.+.V1+ 1--.-.V.| ok p=0.689453
Q2:	|..-...++ +.+00-0. ++.+...+ .-..+...| ok p=0.422852
Q3:	|..0..++0 ..-...-. --.-.+.. ..1.-.-.| ok p=0.504883
Q4:	|+.-...-. ...-..-. ....-.+. -.+.+.+.|
Saving 2000000 paths...done.
Autobalance parameters: maxcond=182
Verified: 30224 bad out of 2631222
Estimating maxcond for upper bound 8000000 (=2000000 * 4)...
t=4:  0%   10   20   30   40   50   60   70   80   90   100%
      |----|----|----|----|----|----|----|----|----|----|
e     ***************************************************
Found maxcond = 198
t=4:  0%   10   20   30   40   50   60   70   80   90   100%
      |----|----|----|----|----|----|----|----|----|----|
      ***************************************************
Q-3:	|00100010 10001010 10010011 10001000|
Q-2:	|000+0000 +1010111 0+000100 +0100110|
Q-1:	|1+--10+- -1010111 0+1110+- -0011110|
Q0:	|00+1010+ -10-++-0 0000110+ 0--00100| ok p=0.711914
Q1:	|.1+0.101 +1.++1+0 .+1+..0+ 1--.-...| ok p=0.647461
Q2:	|.-0..+11 0-.0.1-- .0--...+ .-..+...| ok p=0.689453
Q3:	|.10..++. 11.11.-- .--+...+ .-1.-...| ok p=0.452148
Q4:	|.++...-. .1....-- .+.1...- ....+...| ok p=0.56543
Q5:	|+.+.+.+. -.+...-. ...-.-.- ..+..-.-|
Saving 2000000 paths...done.
Autobalance parameters: maxcond=197
Verified: 114112 bad out of 2299887
Estimating maxcond for upper bound 8000000 (=2000000 * 4)...
t=5:  0%   10   20   30   40   50   60   70   80   90   100%
      |----|----|----|----|----|----|----|----|----|----|
e     ***************************************************
Found maxcond = 213
t=5:  0%   10   20   30   40   50   60   70   80   90   100%
      |----|----|----|----|----|----|----|----|----|----|
      ***************************************************
Q-3:	|00100010 10001010 10010011 10001000|
Q-2:	|000+0000 +1010111 0+000100 +0100110|
Q-1:	|1+--10+- -1010111 0+1110+- -0011110|
Q0:	|00+1010+ -10-++-0 0000110+ 0--00100| ok p=1
Q1:	|.1+01.11 +..++1+. +-.+..10 +1+.-.0.| ok p=0.749023
Q2:	|.-0.+..1 -..1+0-. ++.+..01 +0+.+.1.| ok p=0.455078
Q3:	|.++.+..+ 1..1+.-. ++....+. 0.-.0.+.| ok p=0.563477
Q4:	|.+0.-..0 -...0.-. ++.1..+. +.1.+.-.| ok p=0.876953
Q5:	|.+1.+..1 0...+... ........ -.+.-.+.| ok p=0.636719
Q6:	|+.+....+ .+.-..+. +....... ...+..+.|
Saving 2000000 paths...done.
Autobalance parameters: maxcond=212
Verified: 272416 bad out of 2471043
Estimating maxcond for upper bound 8000000 (=2000000 * 4)...
t=6:  0%   10   20   30   40   50   60   70   80   90   100%
      |----|----|----|----|----|----|----|----|----|----|
e     ***************************************************
Found maxcond = 227
t=6:  0%   10   20   30   40   50   60   70   80   90   100%
      |----|----|----|----|----|----|----|----|----|----|
      ***************************************************
Q-3:	|00100010 10001010 10010011 10001000|
Q-2:	|000+0000 +1010111 0+000100 +0100110|
Q-1:	|1+--10+- -1010111 0+1110+- -0011110|
Q0:	|00+1010+ -10-++-0 0000110+ 0--00100| ok p=1
Q1:	|.0+0..11 +..+++-1 .+.+.010 +1+.-.VV| ok p=0.256836
Q2:	|.--V..++ +..1+..- .-.+.+.0 +0+.+..0| ok p=0.256836
Q3:	|.+1...0- .V.1+10- .+...-.. ..-.-.++| ok p=0.506836
Q4:	|.---..1- 11..+... .-.0.-.. 1.-.1.0-| ok p=0.499023
Q5:	|.-+0...1 .-..-..1 .0...+.. ..-.0.1-| ok p=0.505859
Q6:	|..--...+ .-..0... .1...-.. ....+...| ok p=0.546875
Q7:	|.+..+... ..+..+.. ....-.+. ..+.+.-.|
Saving 2000000 paths...done.
Autobalance parameters: maxcond=225
Verified: 73665 bad out of 3651160
Estimating maxcond for upper bound 8000000 (=2000000 * 4)...
t=7:  0%   10   20   30   40   50   60   70   80   90   100%
      |----|----|----|----|----|----|----|----|----|----|
e     ***************************************************
Found maxcond = 239
t=7:  0%   10   20   30   40   50   60   70   80   90   100%
      |----|----|----|----|----|----|----|----|----|----|
      ***************************************************
Q-3:	|00100010 10001010 10010011 10001000|
Q-2:	|000+0000 +1010111 0+000100 +0100110|
Q-1:	|1+--10+- -1010111 0+1110+- -0011110|
Q0:	|00+1010+ -10-++-0 0000110+ 0--00100| ok p=1
Q1:	|.0+0..11 +..+++-1 .+.+.010 +1+.-.VV| ok p=0.258789
Q2:	|.--V..++ +..1+..- .-.+.+.0 +0+.+..0| ok p=0.271484
Q3:	|.+1...0- .V.1+10- .+...-.. ..-.-.++| ok p=0.513672
Q4:	|.---..0- 01..+... .-.0.-.. 1.-.1.0-| ok p=0.506836
Q5:	|.0+0...0 .-V.-..1 .0...+.. ..-.0.+-| ok p=0.615234
Q6:	|.0+-...+ .-..1... .0...1.. ....+.+.| ok p=0.998047
Q7:	|...+...0 ..+.+... .....-.. ..1.+..1| ok p=0.688477
Q8:	|....+.+. .+.+.+.. .-.-..-. ....-..-|
Saving 2000000 paths...done.
Autobalance parameters: maxcond=237
Verified: 122924 bad out of 3684646
Estimating maxcond for upper bound 8000000 (=2000000 * 4)...
t=8:  0%   10   20   30   40   50   60   70   80   90   100%
      |----|----|----|----|----|----|----|----|----|----|
e     ***************************************************
Found maxcond = 252
t=8:  0%   10   20   30   40   50   60   70   80   90   100%
      |----|----|----|----|----|----|----|----|----|----|
      ***************************************************
Q-3:	|00100010 10001010 10010011 10001000|
Q-2:	|000+0000 +1010111 0+000100 +0100110|
Q-1:	|1+--10+- -1010111 0+1110+- -0011110|
Q0:	|00+1010+ -10-++-0 0000110+ 0--00100| ok p=0.736328
Q1:	|.1+0.101 +1.++1+0 .+1+..0+ 1--.-...| ok p=0.463867
Q2:	|.-1.V+01 0-.1.-+- .0--...+ .-..+...| ok p=0.510742
Q3:	|.10..++. 10.11-1+ V-1-...+ ..0.-.V.| ok p=0.478516
Q4:	|.++.-1-. .1..V-0+ .-1+.... .0..0.1.| ok p=0.476562
Q5:	|.--.1+-. ......-. -..1...1 ....1.+.| ok p=0.484375
Q6:	|.++.0-1. ....+1+1 11.1...V ....1.-.| ok p=0.477539
Q7:	|.-0..1-. ....0.-. 0....... ....-.-.| ok p=0.805664
Q8:	|.-1..1-. ....+.+. .......- ....+.+.| ok p=0.655273
Q9:	|.-...-.+ .-..+.+. .....-.- ..-..-.-|
Saving 2000000 paths...done.
Autobalance parameters: maxcond=250
Verified: 26775 bad out of 3624586
Estimating maxcond for upper bound 8000000 (=2000000 * 4)...
t=9:  0%   10   20   30   40   50   60   70   80   90   100%
      |----|----|----|----|----|----|----|----|----|----|
e     ***************************************************
Found maxcond = 262
t=9:  0%   10   20   30   40   50   60   70   80   90   100%
      |----|----|----|----|----|----|----|----|----|----|
      ***************************************************
Q-3:	|00100010 10001010 10010011 10001000|
Q-2:	|000+0000 +1010111 0+000100 +0100110|
Q-1:	|1+--10+- -1010111 0+1110+- -0011110|
Q0:	|00+1010+ -10-++-0 0000110+ 0--00100| ok p=0.742188
Q1:	|.1+0.101 +1.++1+0 .+1+..0+ 1--.-...| ok p=0.472656
Q2:	|.-1.V+01 0-.1.1-- .0--...+ .-..+...| ok p=0.514648
Q3:	|.10..++. 00.11-0+ V-1-...+ ..0.-.V.| ok p=0.500977
Q4:	|.++.-.-. .1..V-0+ .11-.... .1..0.0.| ok p=0.483398
Q5:	|.--.10+. ....0.-. -+...V.1 ....0.+.| ok p=0.483398
Q6:	|.+0.0.-. ....+1+0 0-.0.1.V ....0.-.| ok p=0.576172
Q7:	|.00...0. .V..-.+. 01...-.. ....-.+.| ok p=0.949219
Q8:	|.0....0. ....-... .0...-.- ....+.-.| ok p=0.883789
Q9:	|........ .-..-.1. .....-.0 ....-.-.| ok p=0.675781
Q10:	|..+..-.. -...-... ..-..... ..-.-.-.|
Saving 2000000 paths...done.
Autobalance parameters: maxcond=261
Verified: 12164 bad out of 2549757
Estimating maxcond for upper bound 8000000 (=2000000 * 4)...
t=10: 0%   10   20   30   40   50   60   70   80   90   100%
      |----|----|----|----|----|----|----|----|----|----|
e     ***************************************************
Found maxcond = 274
t=10: 0%   10   20   30   40   50   60   70   80   90   100%
      |----|----|----|----|----|----|----|----|----|----|
      ***************************************************
Q-3:	|00100010 10001010 10010011 10001000|
Q-2:	|000+0000 +1010111 0+000100 +0100110|
Q-1:	|1+--10+- -1010111 0+1110+- -0011110|
Q0:	|00+1010+ -10-++-0 0000110+ 0--00100| ok p=0.74707
Q1:	|.1+0.101 +1.++1+0 .+1+..0+ 1--.-...| ok p=0.460938
Q2:	|.-1.V+01 0-.1.1-- .0--...+ .-..+...| ok p=0.488281
Q3:	|.10..++. 00.11-0+ .-1-...+ ..0.-.V.| ok p=0.53418
Q4:	|.++.-1-. .1..0-0+ .11-.... .1..0.1.| ok p=0.484375
Q5:	|.--.1+-. ....11-. .-.....1 ....1.+V| ok p=0.498047
Q6:	|.+1.-1+. ....++-1 .+.0.... .V.V..-1| ok p=0.734375
Q7:	|.01.-+0. ....01-. .0...... ......++| ok p=1
Q8:	|V1...-0. ....1+.. .0...V.. .-V-..0-| ok p=1
Q9:	|....1-.. .....+0. ........ .1.0..0-| ok p=0.405273
Q10:	|+....... ........ .....+.. .--1....| ok p=0.960938
Q11:	|+....... -....+.. ...-.+.. -.+..+..|
Saving 2000000 paths...done.
Autobalance parameters: maxcond=272
Verified: 218941 bad out of 3761889
Runtime: 282.249
Extend MD5 differential paths forward
Copyright (C) 2009 Marc Stevens
http://homepages.cwi.nl/~stevens/

delta_m[11] = [!-29!]
Loading workdir3/paths10_0of1...done: 2000000 (work:2000000).
Estimating maxcond for upper bound 2000000 (=500000 * 4)...
t=11: 0%   10   20   30   40   50   60   70   80   90   100%
      |----|----|----|----|----|----|----|----|----|----|
e     ***************************************************
Found maxcond = 284
t=11: 0%   10   20   30   40   50   60   70   80   90   100%
      |----|----|----|----|----|----|----|----|----|----|
      ***************************************************
Q-3:	|00100010 10001010 10010011 10001000|
Q-2:	|000+0000 +1010111 0+000100 +0100110|
Q-1:	|1+--10+- -1010111 0+1110+- -0011110|
Q0:	|00+1010+ -10-++-0 0000110+ 0--00100| ok p=0.760742
Q1:	|.1+0.101 +1.++1+0 .+1+..0+ 1--.-...| ok p=0.488281
Q2:	|.-1.V+01 0-.1.-+- .0--...+ .-..+...| ok p=0.506836
Q3:	|.10..++. 00.11-0+ .-1-...+ ..0.-.V.| ok p=0.484375
Q4:	|.++.-1-. .1..V-0+ .11-.... .1..0.0.| ok p=0.5
Q5:	|.--.1+-. .....1-. .-.....1 ...11.+V| ok p=0.511719
Q6:	|.+1.0--. ....++-1 .+.0.... .V.0..-1| ok p=0.567383
Q7:	|.01..-.. ....0--1 .1...... ..V-..++| ok p=0.763672
Q8:	|11...00. ....01.- .0...V.. .-.0..0-| ok p=0.820312
Q9:	|0....1.. .....10- .....1.. .0+-..--| ok p=0.40332
Q10:	|-....+.. .......- .....+.. .-1-..-.| ok p=0.499023
Q11:	|+....+.. ........ .....+.. .--....1| ok p=0.631836
Q12:	|+.-....- .+..-... .....+.- ..+.....|
Saving 500000 paths...done.
Autobalance parameters: maxcond=283
Verified: 0 bad out of 777803
Runtime: 14.3709
