MD5 differential path toolbox
Copyright (C) 2009 Marc Stevens
http://homepages.cwi.nl/~stevens/

IHV1   = {579507080,349310052,3117889950,5702694}
IHV1   = 88938a22640cd2149e39d7b926045700

IHV2   = {579507080,894176516,3394730526,282543270}
IHV2   = 88938a22040d4c351e7a57caa644d710

dIHV   = {0,544866464,276840576,276840576}
NC0: delta c = delta d = [!-7!]
NC0: delta b           = [!-7,-28!]
NC1: delta c = delta d = [!-14!]
NC1: delta b           = [!-5,-14!]
NC2: delta c = delta d = [!-23!]
NC2: delta b           = [!14,-23!]
NC3: delta c = delta d = [!-28!]
NC3: delta b           = [!-17,19,-28!]
NC0: prob=-6.10953
NC1: prob=-7.95288
NC2: prob=-7.66109
NC3: prob=-6.48328
delta m_11 = [!-29!]
Q-3:	|00100010 10001010 10010011 10001000|
Q-2:	|000+0000 +1010111 0+000100 +0100110|
Q-1:	|1+--10+- -1010111 0+1110+- -0011110|
Q0:	|00+1010+ -10-++-0 0000110+ 0--00100| ok p=1
Q1:	|..+..... +.+.-.+. .+.+.... +.+.-...|
Saved lower diff. path to 'workdir3/lowerpath.bin.gz'.

Q32:	|........ ........ ........ ........|
Q33:	|........ ........ ........ ........|
Q34:	|........ ........ ........ ........|
Q35:	|........ ........ ........ ........| ok p=1
Q36:	|........ ........ ........ ........| ok p=1
Q37:	|........ ........ ........ ........| ok p=1
Q38:	|........ ........ ........ ........| ok p=1
Q39:	|........ ........ ........ ........| ok p=1
Q40:	|........ ........ ........ ........| ok p=1
Q41:	|........ ........ ........ ........| ok p=1
Q42:	|........ ........ ........ ........| ok p=1
Q43:	|........ ........ ........ ........| ok p=1
Q44:	|........ ........ ........ ........| ok p=1
Q45:	|........ ........ ........ ........| ok p=1
Q46:	|........ ........ ........ ........| ok p=1
Q47:	|........ ........ ........ ........| ok p=1
Q48:	|........ ........ ........ ........| ok p=1
Q49:	|........ ........ ........ ........| ok p=1
Q50:	|........ ........ ........ ........| ok p=1
Q51:	|........ ........ ........ ........| ok p=1
Q52:	|........ ........ ........ ........| ok p=1
Q53:	|........ ........ ........ ........| ok p=1
Q54:	|........ ........ ........ ........| ok p=1
Q55:	|........ ........ ........ ........| ok p=1
Q56:	|........ ........ ........ ........| ok p=1
Q57:	|........ ........ ........ ........| ok p=1
Q58:	|........ ........ ........ ........| ok p=1
Q59:	|........ ........ ........ ........| ok p=1
Q60:	|........ ........ ........ 0.......| ok p=1
Q61:	|........ ........ .......1 0.......| ok p=1
Q62:	|........ ........ .......0 -.......| ok p=1
Q63:	|........ ........ .......- +.......| ok p=0.933594
Q64:	|...-.... ........ ........ -.......|
Saved upper diff. path to 'workdir3/upperpath.bin.gz'.
Saved 'md5diffpathforward.cfg'.
Saved 'md5diffpathbackward.cfg'.
Saved 'md5diffpathconnect.cfg'.
Saved 'md5diffpathhelper.cfg'.
