Extend MD5 differential paths backward
Copyright (C) 2009 Marc Stevens
http://homepages.cwi.nl/~stevens/

delta_m[11] = [!24!]
Loading workdir1/upperpath.bin.gz...done: 1.
Estimating maxcond for upper bound 262144 (=65536 * 4)...
t=34: 0%   10   20   30   40   50   60   70   80   90   100%
      |----|----|----|----|----|----|----|----|----|----|
e     ***************************************************
Found maxcond = 2176
t=34: 0%   10   20   30   40   50   60   70   80   90   100%
      |----|----|----|----|----|----|----|----|----|----|
      ***************************************************
Q31:	|.......- ........ ........ ........|
Q32:	|........ ........ ........ ........|
Q33:	|........ ........ ........ ........|
Q34:	|........ ........ ........ ........| ok p=1
Q35:	|........ ........ ........ ........| ok p=1
Q36:	|........ ........ ........ ........| ok p=1
Q37:	|........ ........ ........ ........| ok p=1
Q38:	|........ ........ ........ ........| ok p=1
Q39:	|........ ........ ........ ........| ok p=1
Q40:	|........ ........ ........ ........| ok p=1
Q41:	|........ ........ ........ ........| ok p=1
Q42:	|........ ........ ........ ........| ok p=1
Q43:	|........ ........ ........ ........| ok p=1
Q44:	|........ ........ ........ ........| ok p=1
Q45:	|........ ........ ........ ........| ok p=1
Q46:	|........ ........ ........ ........| ok p=1
Q47:	|........ ........ ........ ........| ok p=1
Q48:	|........ ........ ........ ........| ok p=1
Q49:	|........ ........ ........ ........| ok p=1
Q50:	|........ ........ ........ ........| ok p=1
Q51:	|........ ........ ........ ........| ok p=1
Q52:	|........ ........ ........ ........| ok p=1
Q53:	|........ ........ ........ ........| ok p=1
Q54:	|........ ........ ........ ........| ok p=1
Q55:	|........ ........ ........ ........| ok p=1
Q56:	|........ ........ ........ ........| ok p=1
Q57:	|........ ........ ........ ........| ok p=1
Q58:	|........ ........ ........ ........| ok p=1
Q59:	|........ ........ ........ ........| ok p=1
Q60:	|........ ........ ........ .....0..| ok p=1
Q61:	|........ ........ ........ .....1..| ok p=0.995117
Q62:	|........ ........ ........ .....+..| ok p=1
Q63:	|........ ........ ........ .....+..| ok p=1
Q64:	|........ ........ ........ .....+..|
Saving 1 paths...done.
Autobalance parameters: maxcond=2176
Verified: 0 bad out of 1
Estimating maxcond for upper bound 262144 (=65536 * 4)...
t=33: 0%   10   20   30   40   50   60   70   80   90   100%
      |----|----|----|----|----|----|----|----|----|----|
e     ***************************************************
Found maxcond = 2176
t=33: 0%   10   20   30   40   50   60   70   80   90   100%
      |----|----|----|----|----|----|----|----|----|----|
      ***************************************************
Q30:	|.......- ........ ........ ........|
Q31:	|.......- ........ ........ ........|
Q32:	|........ ........ ........ ........|
Q33:	|.......! ........ ........ ........| ok p=1
Q34:	|........ ........ ........ ........| ok p=1
Q35:	|........ ........ ........ ........| ok p=1
Q36:	|........ ........ ........ ........| ok p=1
Q37:	|........ ........ ........ ........| ok p=1
Q38:	|........ ........ ........ ........| ok p=1
Q39:	|........ ........ ........ ........| ok p=1
Q40:	|........ ........ ........ ........| ok p=1
Q41:	|........ ........ ........ ........| ok p=1
Q42:	|........ ........ ........ ........| ok p=1
Q43:	|........ ........ ........ ........| ok p=1
Q44:	|........ ........ ........ ........| ok p=1
Q45:	|........ ........ ........ ........| ok p=1
Q46:	|........ ........ ........ ........| ok p=1
Q47:	|........ ........ ........ ........| ok p=1
Q48:	|........ ........ ........ ........| ok p=1
Q49:	|........ ........ ........ ........| ok p=1
Q50:	|........ ........ ........ ........| ok p=1
Q51:	|........ ........ ........ ........| ok p=1
Q52:	|........ ........ ........ ........| ok p=1
Q53:	|........ ........ ........ ........| ok p=1
Q54:	|........ ........ ........ ........| ok p=1
Q55:	|........ ........ ........ ........| ok p=1
Q56:	|........ ........ ........ ........| ok p=1
Q57:	|........ ........ ........ ........| ok p=1
Q58:	|........ ........ ........ ........| ok p=1
Q59:	|........ ........ ........ ........| ok p=1
Q60:	|........ ........ ........ .....0..| ok p=1
Q61:	|........ ........ ........ .....1..| ok p=0.991211
Q62:	|........ ........ ........ .....+..| ok p=1
Q63:	|........ ........ ........ .....+..| ok p=1
Q64:	|........ ........ ........ .....+..|
Saving 766 paths...done.
Autobalance parameters: maxcond=2176
Verified: 0 bad out of 766
Estimating maxcond for upper bound 262144 (=65536 * 4)...
t=32: 0%   10   20   30   40   50   60   70   80   90   100%
      |----|----|----|----|----|----|----|----|----|----|
e     ***************************************************
Found maxcond = 2176
t=32: 0%   10   20   30   40   50   60   70   80   90   100%
      |----|----|----|----|----|----|----|----|----|----|
      ***************************************************
Q29:	|........ ........ ........ ........|
Q30:	|.......- ........ ........ ........|
Q31:	|.......- ........ ........ ........|
Q32:	|........ ........ ........ ........| ok p=1
Q33:	|.......! ........ ........ ........| ok p=1
Q34:	|........ ........ ........ ........| ok p=1
Q35:	|........ ........ ........ ........| ok p=1
Q36:	|........ ........ ........ ........| ok p=1
Q37:	|........ ........ ........ ........| ok p=1
Q38:	|........ ........ ........ ........| ok p=1
Q39:	|........ ........ ........ ........| ok p=1
Q40:	|........ ........ ........ ........| ok p=1
Q41:	|........ ........ ........ ........| ok p=1
Q42:	|........ ........ ........ ........| ok p=1
Q43:	|........ ........ ........ ........| ok p=1
Q44:	|........ ........ ........ ........| ok p=1
Q45:	|........ ........ ........ ........| ok p=1
Q46:	|........ ........ ........ ........| ok p=1
Q47:	|........ ........ ........ ........| ok p=1
Q48:	|........ ........ ........ ........| ok p=1
Q49:	|........ ........ ........ ........| ok p=1
Q50:	|........ ........ ........ ........| ok p=1
Q51:	|........ ........ ........ ........| ok p=1
Q52:	|........ ........ ........ ........| ok p=1
Q53:	|........ ........ ........ ........| ok p=1
Q54:	|........ ........ ........ ........| ok p=1
Q55:	|........ ........ ........ ........| ok p=1
Q56:	|........ ........ ........ ........| ok p=1
Q57:	|........ ........ ........ ........| ok p=1
Q58:	|........ ........ ........ ........| ok p=1
Q59:	|........ ........ ........ ........| ok p=1
Q60:	|........ ........ ........ .....0..| ok p=1
Q61:	|........ ........ ........ .....1..| ok p=0.991211
Q62:	|........ ........ ........ .....+..| ok p=1
Q63:	|........ ........ ........ .....+..| ok p=1
Q64:	|........ ........ ........ .....+..|
Saving 65536 paths...done.
Autobalance parameters: maxcond=22
Verified: 0 bad out of 115028
Estimating maxcond for upper bound 262144 (=65536 * 4)...
t=31: 0%   10   20   30   40   50   60   70   80   90   100%
      |----|----|----|----|----|----|----|----|----|----|
e     ***************************************************
Found maxcond = 22
t=31: 0%   10   20   30   40   50   60   70   80   90   100%
      |----|----|----|----|----|----|----|----|----|----|
      ***************************************************
Q28:	|.......+ ........ ........ ...+....|
Q29:	|........ ........ ........ ........|
Q30:	|.......- ........ ........ ........|
Q31:	|.......- ........ ........ ........| ok p=0.993164
Q32:	|........ ........ ........ ........| ok p=1
Q33:	|.......! ........ ........ ........| ok p=1
Q34:	|........ ........ ........ ........| ok p=1
Q35:	|........ ........ ........ ........| ok p=1
Q36:	|........ ........ ........ ........| ok p=1
Q37:	|........ ........ ........ ........| ok p=1
Q38:	|........ ........ ........ ........| ok p=1
Q39:	|........ ........ ........ ........| ok p=1
Q40:	|........ ........ ........ ........| ok p=1
Q41:	|........ ........ ........ ........| ok p=1
Q42:	|........ ........ ........ ........| ok p=1
Q43:	|........ ........ ........ ........| ok p=1
Q44:	|........ ........ ........ ........| ok p=1
Q45:	|........ ........ ........ ........| ok p=1
Q46:	|........ ........ ........ ........| ok p=1
Q47:	|........ ........ ........ ........| ok p=1
Q48:	|........ ........ ........ ........| ok p=1
Q49:	|........ ........ ........ ........| ok p=1
Q50:	|........ ........ ........ ........| ok p=1
Q51:	|........ ........ ........ ........| ok p=1
Q52:	|........ ........ ........ ........| ok p=1
Q53:	|........ ........ ........ ........| ok p=1
Q54:	|........ ........ ........ ........| ok p=1
Q55:	|........ ........ ........ ........| ok p=1
Q56:	|........ ........ ........ ........| ok p=1
Q57:	|........ ........ ........ ........| ok p=1
Q58:	|........ ........ ........ ........| ok p=1
Q59:	|........ ........ ........ ........| ok p=1
Q60:	|........ ........ ........ .....0..| ok p=1
Q61:	|........ ........ ........ .....1..| ok p=0.994141
Q62:	|........ ........ ........ .....+..| ok p=1
Q63:	|........ ........ ........ .....+..| ok p=1
Q64:	|........ ........ ........ .....+..|
Saving 65536 paths...done.
Autobalance parameters: maxcond=20
Verified: 0 bad out of 115785
Estimating maxcond for upper bound 262144 (=65536 * 4)...
t=30: 0%   10   20   30   40   50   60   70   80   90   100%
      |----|----|----|----|----|----|----|----|----|----|
e     ***************************************************
Found maxcond = 22
t=30: 0%   10   20   30   40   50   60   70   80   90   100%
      |----|----|----|----|----|----|----|----|----|----|
      ***************************************************
Q27:	|........ ........ ....-... ........|
Q28:	|.......- ........ ........ ...+....|
Q29:	|.......0 ........ ........ ........|
Q30:	|.......+ ........ ........ ...^....| ok p=0.990234
Q31:	|.......- ........ ........ ........| ok p=0.991211
Q32:	|........ ........ ........ ........| ok p=1
Q33:	|.......^ ........ ........ ........| ok p=1
Q34:	|........ ........ ........ ........| ok p=1
Q35:	|........ ........ ........ ........| ok p=1
Q36:	|........ ........ ........ ........| ok p=1
Q37:	|........ ........ ........ ........| ok p=1
Q38:	|........ ........ ........ ........| ok p=1
Q39:	|........ ........ ........ ........| ok p=1
Q40:	|........ ........ ........ ........| ok p=1
Q41:	|........ ........ ........ ........| ok p=1
Q42:	|........ ........ ........ ........| ok p=1
Q43:	|........ ........ ........ ........| ok p=1
Q44:	|........ ........ ........ ........| ok p=1
Q45:	|........ ........ ........ ........| ok p=1
Q46:	|........ ........ ........ ........| ok p=1
Q47:	|........ ........ ........ ........| ok p=1
Q48:	|........ ........ ........ ........| ok p=1
Q49:	|........ ........ ........ ........| ok p=1
Q50:	|........ ........ ........ ........| ok p=1
Q51:	|........ ........ ........ ........| ok p=1
Q52:	|........ ........ ........ ........| ok p=1
Q53:	|........ ........ ........ ........| ok p=1
Q54:	|........ ........ ........ ........| ok p=1
Q55:	|........ ........ ........ ........| ok p=1
Q56:	|........ ........ ........ ........| ok p=1
Q57:	|........ ........ ........ ........| ok p=1
Q58:	|........ ........ ........ ........| ok p=1
Q59:	|........ ........ ........ ........| ok p=1
Q60:	|........ ........ ........ .....0..| ok p=1
Q61:	|........ ........ ........ .....1..| ok p=0.991211
Q62:	|........ ........ ........ .....+..| ok p=1
Q63:	|........ ........ ........ .....+..| ok p=1
Q64:	|........ ........ ........ .....+..|
Saving 65536 paths...done.
Autobalance parameters: maxcond=19
Verified: 0 bad out of 133782
Runtime: 3.44351
Extend MD5 differential paths backward
Copyright (C) 2009 Marc Stevens
http://homepages.cwi.nl/~stevens/

delta_m[11] = [!24!]
Loading workdir1/paths30_0of1...done: 65536 (work:65536).
Estimating maxcond for upper bound 400000 (=100000 * 4)...
t=29: 0%   10   20   30   40   50   60   70   80   90   100%
      |----|----|----|----|----|----|----|----|----|----|
e     ***************************************************
Found maxcond = 23
t=29: 0%   10   20   30   40   50   60   70   80   90   100%
      |----|----|----|----|----|----|----|----|----|----|
      ***************************************************
Q26:	|.......- ........ -....... ........|
Q27:	|.......+ ........ ........ ...1....|
Q28:	|.......+ ........ ........ ...+....|
Q29:	|.......1 ........ ........ ........| ok p=0.996094
Q30:	|.......- ........ ........ ...^....| ok p=1
Q31:	|.......- ........ ........ ........| ok p=0.99707
Q32:	|........ ........ ........ ........| ok p=1
Q33:	|.......! ........ ........ ........| ok p=1
Q34:	|........ ........ ........ ........| ok p=1
Q35:	|........ ........ ........ ........| ok p=1
Q36:	|........ ........ ........ ........| ok p=1
Q37:	|........ ........ ........ ........| ok p=1
Q38:	|........ ........ ........ ........| ok p=1
Q39:	|........ ........ ........ ........| ok p=1
Q40:	|........ ........ ........ ........| ok p=1
Q41:	|........ ........ ........ ........| ok p=1
Q42:	|........ ........ ........ ........| ok p=1
Q43:	|........ ........ ........ ........| ok p=1
Q44:	|........ ........ ........ ........| ok p=1
Q45:	|........ ........ ........ ........| ok p=1
Q46:	|........ ........ ........ ........| ok p=1
Q47:	|........ ........ ........ ........| ok p=1
Q48:	|........ ........ ........ ........| ok p=1
Q49:	|........ ........ ........ ........| ok p=1
Q50:	|........ ........ ........ ........| ok p=1
Q51:	|........ ........ ........ ........| ok p=1
Q52:	|........ ........ ........ ........| ok p=1
Q53:	|........ ........ ........ ........| ok p=1
Q54:	|........ ........ ........ ........| ok p=1
Q55:	|........ ........ ........ ........| ok p=1
Q56:	|........ ........ ........ ........| ok p=1
Q57:	|........ ........ ........ ........| ok p=1
Q58:	|........ ........ ........ ........| ok p=1
Q59:	|........ ........ ........ ........| ok p=1
Q60:	|........ ........ ........ .....0..| ok p=1
Q61:	|........ ........ ........ .....1..| ok p=0.991211
Q62:	|........ ........ ........ .....+..| ok p=1
Q63:	|........ ........ ........ .....+..| ok p=1
Q64:	|........ ........ ........ .....+..|
Saving 100000 paths...done.
Autobalance parameters: maxcond=21
Verified: 0 bad out of 158299
Estimating maxcond for upper bound 400000 (=100000 * 4)...
t=28: 0%   10   20   30   40   50   60   70   80   90   100%
      |----|----|----|----|----|----|----|----|----|----|
e     ***************************************************
Found maxcond = 24
t=28: 0%   10   20   30   40   50   60   70   80   90   100%
      |----|----|----|----|----|----|----|----|----|----|
      ***************************************************
Q25:	|+......- ....-... ........ .......-|
Q26:	|.......- ........ -....... ...-....|
Q27:	|.......+ ........ ........ ...0....|
Q28:	|.......+ ........ ^....... ...+....| ok p=0.487305
Q29:	|.......1 ........ ........ ........| ok p=0.99707
Q30:	|.......- ........ ........ ...^....| ok p=1
Q31:	|.......- ........ ........ ........| ok p=0.998047
Q32:	|........ ........ ........ ........| ok p=1
Q33:	|.......! ........ ........ ........| ok p=1
Q34:	|........ ........ ........ ........| ok p=1
Q35:	|........ ........ ........ ........| ok p=1
Q36:	|........ ........ ........ ........| ok p=1
Q37:	|........ ........ ........ ........| ok p=1
Q38:	|........ ........ ........ ........| ok p=1
Q39:	|........ ........ ........ ........| ok p=1
Q40:	|........ ........ ........ ........| ok p=1
Q41:	|........ ........ ........ ........| ok p=1
Q42:	|........ ........ ........ ........| ok p=1
Q43:	|........ ........ ........ ........| ok p=1
Q44:	|........ ........ ........ ........| ok p=1
Q45:	|........ ........ ........ ........| ok p=1
Q46:	|........ ........ ........ ........| ok p=1
Q47:	|........ ........ ........ ........| ok p=1
Q48:	|........ ........ ........ ........| ok p=1
Q49:	|........ ........ ........ ........| ok p=1
Q50:	|........ ........ ........ ........| ok p=1
Q51:	|........ ........ ........ ........| ok p=1
Q52:	|........ ........ ........ ........| ok p=1
Q53:	|........ ........ ........ ........| ok p=1
Q54:	|........ ........ ........ ........| ok p=1
Q55:	|........ ........ ........ ........| ok p=1
Q56:	|........ ........ ........ ........| ok p=1
Q57:	|........ ........ ........ ........| ok p=1
Q58:	|........ ........ ........ ........| ok p=1
Q59:	|........ ........ ........ ........| ok p=1
Q60:	|........ ........ ........ .....0..| ok p=1
Q61:	|........ ........ ........ .....1..| ok p=0.991211
Q62:	|........ ........ ........ .....+..| ok p=1
Q63:	|........ ........ ........ .....+..| ok p=1
Q64:	|........ ........ ........ .....+..|
Saving 100000 paths...done.
Autobalance parameters: maxcond=22
Verified: 0 bad out of 166192
Estimating maxcond for upper bound 400000 (=100000 * 4)...
t=27: 0%   10   20   30   40   50   60   70   80   90   100%
      |----|----|----|----|----|----|----|----|----|----|
e     ***************************************************
Found maxcond = 27
t=27: 0%   10   20   30   40   50   60   70   80   90   100%
      |----|----|----|----|----|----|----|----|----|----|
      ***************************************************
Q24:	|........ .......+ ........ ...+....|
Q25:	|+....... ....-... 1....... ........|
Q26:	|.......0 ........ -....... ...0....|
Q27:	|^......1 ....^... ........ ...1....| ok p=0.996094
Q28:	|.......+ ........ ^....... ...+....| ok p=0.50293
Q29:	|.......0 ........ ........ ........| ok p=0.993164
Q30:	|.......- ........ ........ ...^....| ok p=1
Q31:	|.......- ........ ........ ........| ok p=0.996094
Q32:	|........ ........ ........ ........| ok p=1
Q33:	|.......! ........ ........ ........| ok p=1
Q34:	|........ ........ ........ ........| ok p=1
Q35:	|........ ........ ........ ........| ok p=1
Q36:	|........ ........ ........ ........| ok p=1
Q37:	|........ ........ ........ ........| ok p=1
Q38:	|........ ........ ........ ........| ok p=1
Q39:	|........ ........ ........ ........| ok p=1
Q40:	|........ ........ ........ ........| ok p=1
Q41:	|........ ........ ........ ........| ok p=1
Q42:	|........ ........ ........ ........| ok p=1
Q43:	|........ ........ ........ ........| ok p=1
Q44:	|........ ........ ........ ........| ok p=1
Q45:	|........ ........ ........ ........| ok p=1
Q46:	|........ ........ ........ ........| ok p=1
Q47:	|........ ........ ........ ........| ok p=1
Q48:	|........ ........ ........ ........| ok p=1
Q49:	|........ ........ ........ ........| ok p=1
Q50:	|........ ........ ........ ........| ok p=1
Q51:	|........ ........ ........ ........| ok p=1
Q52:	|........ ........ ........ ........| ok p=1
Q53:	|........ ........ ........ ........| ok p=1
Q54:	|........ ........ ........ ........| ok p=1
Q55:	|........ ........ ........ ........| ok p=1
Q56:	|........ ........ ........ ........| ok p=1
Q57:	|........ ........ ........ ........| ok p=1
Q58:	|........ ........ ........ ........| ok p=1
Q59:	|........ ........ ........ ........| ok p=1
Q60:	|........ ........ ........ .....0..| ok p=1
Q61:	|........ ........ ........ .....1..| ok p=0.992188
Q62:	|........ ........ ........ .....+..| ok p=1
Q63:	|........ ........ ........ .....+..| ok p=1
Q64:	|........ ........ ........ .....+..|
Saving 100000 paths...done.
Autobalance parameters: maxcond=25
Verified: 0 bad out of 175215
Estimating maxcond for upper bound 400000 (=100000 * 4)...
t=26: 0%   10   20   30   40   50   60   70   80   90   100%
      |----|----|----|----|----|----|----|----|----|----|
e     ***************************************************
Found maxcond = 30
t=26: 0%   10   20   30   40   50   60   70   80   90   100%
      |----|----|----|----|----|----|----|----|----|----|
      ***************************************************
Q23:	|........ +....... ........ ...+..+.|
Q24:	|1....... ....1... +....... ...+....|
Q25:	|+....... ....-... 0....... ...-....|
Q26:	|.......0 ........ -....... ...-....| ok p=0.998047
Q27:	|^......1 ....^... ........ ...+....| ok p=0.99707
Q28:	|.......+ ........ ^....... ...+....| ok p=0.524414
Q29:	|.......0 ........ ........ ...1....| ok p=0.99707
Q30:	|.......- ........ ........ ...0....| ok p=1
Q31:	|.......- ........ ........ ........| ok p=0.996094
Q32:	|........ ........ ........ ........| ok p=1
Q33:	|.......! ........ ........ ........| ok p=1
Q34:	|........ ........ ........ ........| ok p=1
Q35:	|........ ........ ........ ........| ok p=1
Q36:	|........ ........ ........ ........| ok p=1
Q37:	|........ ........ ........ ........| ok p=1
Q38:	|........ ........ ........ ........| ok p=1
Q39:	|........ ........ ........ ........| ok p=1
Q40:	|........ ........ ........ ........| ok p=1
Q41:	|........ ........ ........ ........| ok p=1
Q42:	|........ ........ ........ ........| ok p=1
Q43:	|........ ........ ........ ........| ok p=1
Q44:	|........ ........ ........ ........| ok p=1
Q45:	|........ ........ ........ ........| ok p=1
Q46:	|........ ........ ........ ........| ok p=1
Q47:	|........ ........ ........ ........| ok p=1
Q48:	|........ ........ ........ ........| ok p=1
Q49:	|........ ........ ........ ........| ok p=1
Q50:	|........ ........ ........ ........| ok p=1
Q51:	|........ ........ ........ ........| ok p=1
Q52:	|........ ........ ........ ........| ok p=1
Q53:	|........ ........ ........ ........| ok p=1
Q54:	|........ ........ ........ ........| ok p=1
Q55:	|........ ........ ........ ........| ok p=1
Q56:	|........ ........ ........ ........| ok p=1
Q57:	|........ ........ ........ ........| ok p=1
Q58:	|........ ........ ........ ........| ok p=1
Q59:	|........ ........ ........ ........| ok p=1
Q60:	|........ ........ ........ .....0..| ok p=1
Q61:	|........ ........ ........ .....1..| ok p=0.999023
Q62:	|........ ........ ........ .....+..| ok p=1
Q63:	|........ ........ ........ .....+..| ok p=1
Q64:	|........ ........ ........ .....+..|
Saving 100000 paths...done.
Autobalance parameters: maxcond=29
Verified: 0 bad out of 153807
Estimating maxcond for upper bound 400000 (=100000 * 4)...
t=25: 0%   10   20   30   40   50   60   70   80   90   100%
      |----|----|----|----|----|----|----|----|----|----|
e     ***************************************************
Found maxcond = 35
t=25: 0%   10   20   30   40   50   60   70   80   90   100%
      |----|----|----|----|----|----|----|----|----|----|
      ***************************************************
Q22:	|....+... .-...... .....+.. .-......|
Q23:	|0....... ....+... ........ ......+.|
Q24:	|1....... ....0... 0....... ...0....|
Q25:	|-....... ....-... 1....... ......^.| ok p=0.453125
Q26:	|.......0 ........ -....... ..0+....| ok p=1
Q27:	|^......1 ....^... ........ ..1+....| ok p=0.999023
Q28:	|.......+ ........ ^....... ..+-....| ok p=0.515625
Q29:	|.......0 ........ ........ ...0....| ok p=0.994141
Q30:	|.......- ........ ........ ..^1....| ok p=1
Q31:	|.......- ........ ........ ........| ok p=0.999023
Q32:	|........ ........ ........ ........| ok p=1
Q33:	|.......! ........ ........ ........| ok p=1
Q34:	|........ ........ ........ ........| ok p=1
Q35:	|........ ........ ........ ........| ok p=1
Q36:	|........ ........ ........ ........| ok p=1
Q37:	|........ ........ ........ ........| ok p=1
Q38:	|........ ........ ........ ........| ok p=1
Q39:	|........ ........ ........ ........| ok p=1
Q40:	|........ ........ ........ ........| ok p=1
Q41:	|........ ........ ........ ........| ok p=1
Q42:	|........ ........ ........ ........| ok p=1
Q43:	|........ ........ ........ ........| ok p=1
Q44:	|........ ........ ........ ........| ok p=1
Q45:	|........ ........ ........ ........| ok p=1
Q46:	|........ ........ ........ ........| ok p=1
Q47:	|........ ........ ........ ........| ok p=1
Q48:	|........ ........ ........ ........| ok p=1
Q49:	|........ ........ ........ ........| ok p=1
Q50:	|........ ........ ........ ........| ok p=1
Q51:	|........ ........ ........ ........| ok p=1
Q52:	|........ ........ ........ ........| ok p=1
Q53:	|........ ........ ........ ........| ok p=1
Q54:	|........ ........ ........ ........| ok p=1
Q55:	|........ ........ ........ ........| ok p=1
Q56:	|........ ........ ........ ........| ok p=1
Q57:	|........ ........ ........ ........| ok p=1
Q58:	|........ ........ ........ ........| ok p=1
Q59:	|........ ........ ........ ........| ok p=1
Q60:	|........ ........ ........ .....0..| ok p=1
Q61:	|........ ........ ........ .....1..| ok p=0.998047
Q62:	|........ ........ ........ .....+..| ok p=1
Q63:	|........ ........ ........ .....+..| ok p=1
Q64:	|........ ........ ........ .....+..|
Saving 100000 paths...done.
Autobalance parameters: maxcond=33
Verified: 0 bad out of 177395
Estimating maxcond for upper bound 400000 (=100000 * 4)...
t=24: 0%   10   20   30   40   50   60   70   80   90   100%
      |----|----|----|----|----|----|----|----|----|----|
e     ***************************************************
Found maxcond = 42
t=24: 0%   10   20   30   40   50   60   70   80   90   100%
      |----|----|----|----|----|----|----|----|----|----|
      ***************************************************
Q21:	|.....-.. .......- .+..-... ...-...-|
Q22:	|........ 1+...... .....+.. ......1.|
Q23:	|0....... +...0... +....... ...+..+.|
Q24:	|1....... .^..1... +....^.. ...+....| ok p=0.5
Q25:	|+....... ^...-... -....... ...-..^.| ok p=0.487305
Q26:	|.......0 ........ -....... ...-....| ok p=0.999023
Q27:	|^......1 ....^... 1....... ...+....| ok p=0.995117
Q28:	|.......+ ........ 0....... ...+....| ok p=0.510742
Q29:	|.......0 ........ ........ ...1....| ok p=0.996094
Q30:	|.......- ........ ........ ...0....| ok p=1
Q31:	|.......- ........ ........ ........| ok p=0.999023
Q32:	|........ ........ ........ ........| ok p=1
Q33:	|.......! ........ ........ ........| ok p=1
Q34:	|........ ........ ........ ........| ok p=1
Q35:	|........ ........ ........ ........| ok p=1
Q36:	|........ ........ ........ ........| ok p=1
Q37:	|........ ........ ........ ........| ok p=1
Q38:	|........ ........ ........ ........| ok p=1
Q39:	|........ ........ ........ ........| ok p=1
Q40:	|........ ........ ........ ........| ok p=1
Q41:	|........ ........ ........ ........| ok p=1
Q42:	|........ ........ ........ ........| ok p=1
Q43:	|........ ........ ........ ........| ok p=1
Q44:	|........ ........ ........ ........| ok p=1
Q45:	|........ ........ ........ ........| ok p=1
Q46:	|........ ........ ........ ........| ok p=1
Q47:	|........ ........ ........ ........| ok p=1
Q48:	|........ ........ ........ ........| ok p=1
Q49:	|........ ........ ........ ........| ok p=1
Q50:	|........ ........ ........ ........| ok p=1
Q51:	|........ ........ ........ ........| ok p=1
Q52:	|........ ........ ........ ........| ok p=1
Q53:	|........ ........ ........ ........| ok p=1
Q54:	|........ ........ ........ ........| ok p=1
Q55:	|........ ........ ........ ........| ok p=1
Q56:	|........ ........ ........ ........| ok p=1
Q57:	|........ ........ ........ ........| ok p=1
Q58:	|........ ........ ........ ........| ok p=1
Q59:	|........ ........ ........ ........| ok p=1
Q60:	|........ ........ ........ .....0..| ok p=1
Q61:	|........ ........ ........ .....1..| ok p=0.998047
Q62:	|........ ........ ........ .....+..| ok p=1
Q63:	|........ ........ ........ .....+..| ok p=1
Q64:	|........ ........ ........ .....+..|
Saving 100000 paths...done.
Autobalance parameters: maxcond=41
Verified: 0 bad out of 112368
Estimating maxcond for upper bound 400000 (=100000 * 4)...
t=23: 0%   10   20   30   40   50   60   70   80   90   100%
      |----|----|----|----|----|----|----|----|----|----|
e     ***************************************************
Found maxcond = 52
t=23: 0%   10   20   30   40   50   60   70   80   90   100%
      |----|----|----|----|----|----|----|----|----|----|
      ***************************************************
Q20:	|+....... ........ ..-..... ........|
Q21:	|....1... .1...... .-...1.. .1....0.|
Q22:	|+...+... .+...... .....+.. .-....1.|
Q23:	|+....... ....0... .^...... ......+.| ok p=1
Q24:	|-...^... .^..1... 0....^.. .^.0....| ok p=1
Q25:	|-....... ....-... 1....... ......^.| ok p=0.474609
Q26:	|1......0 ........ -....... ..0+....| ok p=1
Q27:	|0......1 ....^... ........ ..1+....| ok p=0.996094
Q28:	|.......+ ........ ^....... ..+-....| ok p=0.558594
Q29:	|.......0 ........ ........ ...0....| ok p=0.998047
Q30:	|.......- ........ ........ ..^1....| ok p=1
Q31:	|.......- ........ ........ ........| ok p=0.99707
Q32:	|........ ........ ........ ........| ok p=1
Q33:	|.......! ........ ........ ........| ok p=1
Q34:	|........ ........ ........ ........| ok p=1
Q35:	|........ ........ ........ ........| ok p=1
Q36:	|........ ........ ........ ........| ok p=1
Q37:	|........ ........ ........ ........| ok p=1
Q38:	|........ ........ ........ ........| ok p=1
Q39:	|........ ........ ........ ........| ok p=1
Q40:	|........ ........ ........ ........| ok p=1
Q41:	|........ ........ ........ ........| ok p=1
Q42:	|........ ........ ........ ........| ok p=1
Q43:	|........ ........ ........ ........| ok p=1
Q44:	|........ ........ ........ ........| ok p=1
Q45:	|........ ........ ........ ........| ok p=1
Q46:	|........ ........ ........ ........| ok p=1
Q47:	|........ ........ ........ ........| ok p=1
Q48:	|........ ........ ........ ........| ok p=1
Q49:	|........ ........ ........ ........| ok p=1
Q50:	|........ ........ ........ ........| ok p=1
Q51:	|........ ........ ........ ........| ok p=1
Q52:	|........ ........ ........ ........| ok p=1
Q53:	|........ ........ ........ ........| ok p=1
Q54:	|........ ........ ........ ........| ok p=1
Q55:	|........ ........ ........ ........| ok p=1
Q56:	|........ ........ ........ ........| ok p=1
Q57:	|........ ........ ........ ........| ok p=1
Q58:	|........ ........ ........ ........| ok p=1
Q59:	|........ ........ ........ ........| ok p=1
Q60:	|........ ........ ........ .....0..| ok p=1
Q61:	|........ ........ ........ .....1..| ok p=0.993164
Q62:	|........ ........ ........ .....+..| ok p=1
Q63:	|........ ........ ........ .....+..| ok p=1
Q64:	|........ ........ ........ .....+..|
Saving 100000 paths...done.
Autobalance parameters: maxcond=51
Verified: 0 bad out of 140988
Estimating maxcond for upper bound 400000 (=100000 * 4)...
t=22: 0%   10   20   30   40   50   60   70   80   90   100%
      |----|----|----|----|----|----|----|----|----|----|
e     ***************************************************
Found maxcond = 59
t=22: 0%   10   20   30   40   50   60   70   80   90   100%
      |----|----|----|----|----|----|----|----|----|----|
      ***************************************************
Q19:	|...-...+ ....+... ..-....- ........|
Q20:	|....-1.. .0...... .1-..-.. .+......|
Q21:	|....0+.. .1...... .-...0.. .0....0.|
Q22:	|....+... .+...... ..^..+.. .-....1.| ok p=0.916016
Q23:	|0....^.. ....0... .^...... ......+.| ok p=1
Q24:	|1...^... .^..1... 0....^.. .^.0....| ok p=0.505859
Q25:	|+....... ....-... 1....... ......^.| ok p=0.506836
Q26:	|.......0 ........ -....... ..0+....| ok p=1
Q27:	|^......1 ....^... ........ ..1+....| ok p=0.996094
Q28:	|.......+ ........ ^....... ..+-....| ok p=0.496094
Q29:	|.......0 ........ ........ ...0....| ok p=0.993164
Q30:	|.......- ........ ........ ..^1....| ok p=1
Q31:	|.......- ........ ........ ........| ok p=0.994141
Q32:	|........ ........ ........ ........| ok p=1
Q33:	|.......! ........ ........ ........| ok p=1
Q34:	|........ ........ ........ ........| ok p=1
Q35:	|........ ........ ........ ........| ok p=1
Q36:	|........ ........ ........ ........| ok p=1
Q37:	|........ ........ ........ ........| ok p=1
Q38:	|........ ........ ........ ........| ok p=1
Q39:	|........ ........ ........ ........| ok p=1
Q40:	|........ ........ ........ ........| ok p=1
Q41:	|........ ........ ........ ........| ok p=1
Q42:	|........ ........ ........ ........| ok p=1
Q43:	|........ ........ ........ ........| ok p=1
Q44:	|........ ........ ........ ........| ok p=1
Q45:	|........ ........ ........ ........| ok p=1
Q46:	|........ ........ ........ ........| ok p=1
Q47:	|........ ........ ........ ........| ok p=1
Q48:	|........ ........ ........ ........| ok p=1
Q49:	|........ ........ ........ ........| ok p=1
Q50:	|........ ........ ........ ........| ok p=1
Q51:	|........ ........ ........ ........| ok p=1
Q52:	|........ ........ ........ ........| ok p=1
Q53:	|........ ........ ........ ........| ok p=1
Q54:	|........ ........ ........ ........| ok p=1
Q55:	|........ ........ ........ ........| ok p=1
Q56:	|........ ........ ........ ........| ok p=1
Q57:	|........ ........ ........ ........| ok p=1
Q58:	|........ ........ ........ ........| ok p=1
Q59:	|........ ........ ........ ........| ok p=1
Q60:	|........ ........ ........ .....0..| ok p=1
Q61:	|........ ........ ........ .....1..| ok p=0.995117
Q62:	|........ ........ ........ .....+..| ok p=1
Q63:	|........ ........ ........ .....+..| ok p=1
Q64:	|........ ........ ........ .....+..|
Saving 100000 paths...done.
Autobalance parameters: maxcond=58
Verified: 0 bad out of 161534
Estimating maxcond for upper bound 400000 (=100000 * 4)...
t=21: 0%   10   20   30   40   50   60   70   80   90   100%
      |----|----|----|----|----|----|----|----|----|----|
e     ***************************************************
Found maxcond = 71
t=21: 0%   10   20   30   40   50   60   70   80   90   100%
      |----|----|----|----|----|----|----|----|----|----|
      ***************************************************
Q18:	|...-.-.. ....+.-. ..+..... ..+...+.|
Q19:	|....--.+ ....+... .0+....- ........|
Q20:	|....00.. .0...... .0-..0.. .0......|
Q21:	|....1-.^ .1..^... .-1..1.^ .1....0.| ok p=0.805664
Q22:	|....+... .+...... ..^..+.. .-....1.| ok p=0.911133
Q23:	|0....^.. ....0... .^...... ......+.| ok p=1
Q24:	|1...^... .^..1... 0....^.. .^.0....| ok p=0.523438
Q25:	|-....... ....-... 1....... ......^.| ok p=0.47168
Q26:	|.......0 ........ -....... ..0+....| ok p=1
Q27:	|^......1 ....^... ........ ..1+....| ok p=0.99707
Q28:	|.......+ ........ ^....... ..+-....| ok p=0.543945
Q29:	|.......0 ........ ........ ...0....| ok p=0.993164
Q30:	|.......- ........ ........ ..^1....| ok p=1
Q31:	|.......- ........ ........ ........| ok p=0.99707
Q32:	|........ ........ ........ ........| ok p=1
Q33:	|.......! ........ ........ ........| ok p=1
Q34:	|........ ........ ........ ........| ok p=1
Q35:	|........ ........ ........ ........| ok p=1
Q36:	|........ ........ ........ ........| ok p=1
Q37:	|........ ........ ........ ........| ok p=1
Q38:	|........ ........ ........ ........| ok p=1
Q39:	|........ ........ ........ ........| ok p=1
Q40:	|........ ........ ........ ........| ok p=1
Q41:	|........ ........ ........ ........| ok p=1
Q42:	|........ ........ ........ ........| ok p=1
Q43:	|........ ........ ........ ........| ok p=1
Q44:	|........ ........ ........ ........| ok p=1
Q45:	|........ ........ ........ ........| ok p=1
Q46:	|........ ........ ........ ........| ok p=1
Q47:	|........ ........ ........ ........| ok p=1
Q48:	|........ ........ ........ ........| ok p=1
Q49:	|........ ........ ........ ........| ok p=1
Q50:	|........ ........ ........ ........| ok p=1
Q51:	|........ ........ ........ ........| ok p=1
Q52:	|........ ........ ........ ........| ok p=1
Q53:	|........ ........ ........ ........| ok p=1
Q54:	|........ ........ ........ ........| ok p=1
Q55:	|........ ........ ........ ........| ok p=1
Q56:	|........ ........ ........ ........| ok p=1
Q57:	|........ ........ ........ ........| ok p=1
Q58:	|........ ........ ........ ........| ok p=1
Q59:	|........ ........ ........ ........| ok p=1
Q60:	|........ ........ ........ .....0..| ok p=1
Q61:	|........ ........ ........ .....1..| ok p=0.99707
Q62:	|........ ........ ........ .....+..| ok p=1
Q63:	|........ ........ ........ .....+..| ok p=1
Q64:	|........ ........ ........ .....+..|
Saving 100000 paths...done.
Autobalance parameters: maxcond=70
Verified: 0 bad out of 164212
Runtime: 12.7647
Extend MD5 differential paths backward
Copyright (C) 2009 Marc Stevens
http://homepages.cwi.nl/~stevens/

delta_m[11] = [!24!]
Loading workdir1/paths21_0of1...done: 100000 (work:100000).
Estimating maxcond for upper bound 65536 (=16384 * 4)...
t=20: 0%   10   20   30   40   50   60   70   80   90   100%
      |----|----|----|----|----|----|----|----|----|----|
e     ***************************************************
Found maxcond = 83
t=20: 0%   10   20   30   40   50   60   70   80   90   100%
      |----|----|----|----|----|----|----|----|----|----|
      ***************************************************
Q17:	|........ ..+..... ..+....- ........|
Q18:	|...-...1 ....1.+. .......1 ..+...+.|
Q19:	|...-.0.+ ....+... .0-....+ ........|
Q20:	|...001.. .0....^. .1-..0.. .0^...^.| ok p=1
Q21:	|...11+.^ .1..^... .-1..1.^ .1....0.| ok p=0.824219
Q22:	|....+... .-...... ..^..+.. .-....1.| ok p=0.912109
Q23:	|0....^.. ....0... .^...... ......+.| ok p=1
Q24:	|1...^... .^..1... 0....^.. .^.0....| ok p=0.496094
Q25:	|-....... ....-... 1....... ......^.| ok p=0.473633
Q26:	|.......0 ........ -....... ..0+....| ok p=1
Q27:	|^......1 ....^... ........ ..1+....| ok p=0.996094
Q28:	|.......+ ........ ^....... ..+-....| ok p=0.535156
Q29:	|.......0 ........ ........ ...0....| ok p=0.996094
Q30:	|.......- ........ ........ ..^1....| ok p=1
Q31:	|.......- ........ ........ ........| ok p=0.996094
Q32:	|........ ........ ........ ........| ok p=1
Q33:	|.......! ........ ........ ........| ok p=1
Q34:	|........ ........ ........ ........| ok p=1
Q35:	|........ ........ ........ ........| ok p=1
Q36:	|........ ........ ........ ........| ok p=1
Q37:	|........ ........ ........ ........| ok p=1
Q38:	|........ ........ ........ ........| ok p=1
Q39:	|........ ........ ........ ........| ok p=1
Q40:	|........ ........ ........ ........| ok p=1
Q41:	|........ ........ ........ ........| ok p=1
Q42:	|........ ........ ........ ........| ok p=1
Q43:	|........ ........ ........ ........| ok p=1
Q44:	|........ ........ ........ ........| ok p=1
Q45:	|........ ........ ........ ........| ok p=1
Q46:	|........ ........ ........ ........| ok p=1
Q47:	|........ ........ ........ ........| ok p=1
Q48:	|........ ........ ........ ........| ok p=1
Q49:	|........ ........ ........ ........| ok p=1
Q50:	|........ ........ ........ ........| ok p=1
Q51:	|........ ........ ........ ........| ok p=1
Q52:	|........ ........ ........ ........| ok p=1
Q53:	|........ ........ ........ ........| ok p=1
Q54:	|........ ........ ........ ........| ok p=1
Q55:	|........ ........ ........ ........| ok p=1
Q56:	|........ ........ ........ ........| ok p=1
Q57:	|........ ........ ........ ........| ok p=1
Q58:	|........ ........ ........ ........| ok p=1
Q59:	|........ ........ ........ ........| ok p=1
Q60:	|........ ........ ........ .....0..| ok p=1
Q61:	|........ ........ ........ .....1..| ok p=0.990234
Q62:	|........ ........ ........ .....+..| ok p=1
Q63:	|........ ........ ........ .....+..| ok p=1
Q64:	|........ ........ ........ .....+..|
Saving 16384 paths...done.
Autobalance parameters: maxcond=82
Verified: 0 bad out of 28805
Runtime: 2.37057
Extend MD5 differential paths backward
Copyright (C) 2009 Marc Stevens
http://homepages.cwi.nl/~stevens/

delta_m[11] = [!24!]
Loading workdir1/paths20_0of1...done: 16384 (work:16384).
Estimating maxcond for upper bound 2000000 (=500000 * 4)...
t=19: 0%   10   20   30   40   50   60   70   80   90   100%
      |----|----|----|----|----|----|----|----|----|----|
e     ***************************************************
Found maxcond = 93
t=19: 0%   10   20   30   40   50   60   70   80   90   100%
      |----|----|----|----|----|----|----|----|----|----|
      ***************************************************
Q16:	|+..+.-.. ....+... ..-....+ ...-...-|
Q17:	|.......- ..-...1. .......0 ..1...1.|
Q18:	|...-...0 ....+.-. ..+....0 ..+...+.|
Q19:	|...-.0.+ ..^.+... .0+....- ........| ok p=0.541992
Q20:	|...001.. .0..0.^. .0-..0.. .0^...^.| ok p=1
Q21:	|...11-.^ .1..^... .-1..1.^ .1....0.| ok p=0.832031
Q22:	|....+... .+...... ..^..+.. .-....1.| ok p=0.905273
Q23:	|0....^.. ....0... .^...... ......+.| ok p=1
Q24:	|1...^... .^..1... 0....^.. .^.0....| ok p=0.480469
Q25:	|+....... ....-... 1....... ......^.| ok p=0.493164
Q26:	|.......0 ........ -....... ..0+....| ok p=1
Q27:	|^......1 ....^... ........ ..1+....| ok p=0.994141
Q28:	|.......+ ........ ^....... ..+-....| ok p=0.537109
Q29:	|.......0 ........ ........ ...0....| ok p=0.99707
Q30:	|.......- ........ ........ ..^1....| ok p=1
Q31:	|.......- ........ ........ ........| ok p=0.996094
Q32:	|........ ........ ........ ........| ok p=1
Q33:	|.......! ........ ........ ........| ok p=1
Q34:	|........ ........ ........ ........| ok p=1
Q35:	|........ ........ ........ ........| ok p=1
Q36:	|........ ........ ........ ........| ok p=1
Q37:	|........ ........ ........ ........| ok p=1
Q38:	|........ ........ ........ ........| ok p=1
Q39:	|........ ........ ........ ........| ok p=1
Q40:	|........ ........ ........ ........| ok p=1
Q41:	|........ ........ ........ ........| ok p=1
Q42:	|........ ........ ........ ........| ok p=1
Q43:	|........ ........ ........ ........| ok p=1
Q44:	|........ ........ ........ ........| ok p=1
Q45:	|........ ........ ........ ........| ok p=1
Q46:	|........ ........ ........ ........| ok p=1
Q47:	|........ ........ ........ ........| ok p=1
Q48:	|........ ........ ........ ........| ok p=1
Q49:	|........ ........ ........ ........| ok p=1
Q50:	|........ ........ ........ ........| ok p=1
Q51:	|........ ........ ........ ........| ok p=1
Q52:	|........ ........ ........ ........| ok p=1
Q53:	|........ ........ ........ ........| ok p=1
Q54:	|........ ........ ........ ........| ok p=1
Q55:	|........ ........ ........ ........| ok p=1
Q56:	|........ ........ ........ ........| ok p=1
Q57:	|........ ........ ........ ........| ok p=1
Q58:	|........ ........ ........ ........| ok p=1
Q59:	|........ ........ ........ ........| ok p=1
Q60:	|........ ........ ........ .....0..| ok p=1
Q61:	|........ ........ ........ .....1..| ok p=0.99707
Q62:	|........ ........ ........ .....+..| ok p=1
Q63:	|........ ........ ........ .....+..| ok p=1
Q64:	|........ ........ ........ .....+..|
Saving 500000 paths...done.
Autobalance parameters: maxcond=91
Verified: 0 bad out of 878119
Estimating maxcond for upper bound 2000000 (=500000 * 4)...
t=18: 0%   10   20   30   40   50   60   70   80   90   100%
      |----|----|----|----|----|----|----|----|----|----|
e     ***************************************************
Found maxcond = 105
t=18: 0%   10   20   30   40   50   60   70   80   90   100%
      |----|----|----|----|----|----|----|----|----|----|
      ***************************************************
Q15:	|....-.+. +...-... ..-..+.. ..+.-..-|
Q16:	|+..+.... ...1+.-. .......+ ..--..-.|
Q17:	|...0...0 ...++.0. ..+....0 ..0...0.|
Q18:	|^..-...1 ....0.+. ..+....0 ..+^..+.| ok p=0.991211
Q19:	|...-.0.+ ...^+... .0-....- ........| ok p=0.472656
Q20:	|...001.. .0....^. .1-..0.. .0^...^.| ok p=1
Q21:	|...11+.^ .1..^... .-0..1.^ .1....0.| ok p=0.844727
Q22:	|....+... .+...... ..^..+.. .-....1.| ok p=0.929688
Q23:	|0....^.. ....0... .^...... ......+.| ok p=1
Q24:	|1...^... .^..1... 0....^.. .^.0....| ok p=0.5
Q25:	|+....... ....-... 1....... ......^.| ok p=0.478516
Q26:	|.......0 ........ -....... ..0+....| ok p=1
Q27:	|^......1 ....^... ........ ..1+....| ok p=0.996094
Q28:	|.......+ ........ ^....... ..+-....| ok p=0.519531
Q29:	|.......0 ........ ........ ...0....| ok p=0.99707
Q30:	|.......- ........ ........ ..^1....| ok p=1
Q31:	|.......- ........ ........ ........| ok p=0.99707
Q32:	|........ ........ ........ ........| ok p=1
Q33:	|.......! ........ ........ ........| ok p=1
Q34:	|........ ........ ........ ........| ok p=1
Q35:	|........ ........ ........ ........| ok p=1
Q36:	|........ ........ ........ ........| ok p=1
Q37:	|........ ........ ........ ........| ok p=1
Q38:	|........ ........ ........ ........| ok p=1
Q39:	|........ ........ ........ ........| ok p=1
Q40:	|........ ........ ........ ........| ok p=1
Q41:	|........ ........ ........ ........| ok p=1
Q42:	|........ ........ ........ ........| ok p=1
Q43:	|........ ........ ........ ........| ok p=1
Q44:	|........ ........ ........ ........| ok p=1
Q45:	|........ ........ ........ ........| ok p=1
Q46:	|........ ........ ........ ........| ok p=1
Q47:	|........ ........ ........ ........| ok p=1
Q48:	|........ ........ ........ ........| ok p=1
Q49:	|........ ........ ........ ........| ok p=1
Q50:	|........ ........ ........ ........| ok p=1
Q51:	|........ ........ ........ ........| ok p=1
Q52:	|........ ........ ........ ........| ok p=1
Q53:	|........ ........ ........ ........| ok p=1
Q54:	|........ ........ ........ ........| ok p=1
Q55:	|........ ........ ........ ........| ok p=1
Q56:	|........ ........ ........ ........| ok p=1
Q57:	|........ ........ ........ ........| ok p=1
Q58:	|........ ........ ........ ........| ok p=1
Q59:	|........ ........ ........ ........| ok p=1
Q60:	|........ ........ ........ .....0..| ok p=1
Q61:	|........ ........ ........ .....1..| ok p=0.996094
Q62:	|........ ........ ........ .....+..| ok p=1
Q63:	|........ ........ ........ .....+..| ok p=1
Q64:	|........ ........ ........ .....+..|
Saving 500000 paths...done.
Autobalance parameters: maxcond=104
Verified: 0 bad out of 781291
Estimating maxcond for upper bound 2000000 (=500000 * 4)...
t=17: 0%   10   20   30   40   50   60   70   80   90   100%
      |----|----|----|----|----|----|----|----|----|----|
e     ***************************************************
Found maxcond = 120
t=17: 0%   10   20   30   40   50   60   70   80   90   100%
      |----|----|----|----|----|----|----|----|----|----|
      ***************************************************
Q14:	|+..+...+ ....-... ...-...+ ........|
Q15:	|1..1..+. +.0.-... .....+.+ ...1-...|
Q16:	|+..+..-. ..1.+.0. .......0 ..1-..0.|
Q17:	|...0..10 ^.+.1.1. .....^.- ..1.^.1.| ok p=0.336914
Q18:	|^..-..^1 ..1.1.+. ..0....1 ..+^..+.| ok p=0.973633
Q19:	|...-.0.+ ..0.+... .00....+ ........| ok p=0.473633
Q20:	|...001.. .0....^. .1-..0.. .0^...^.| ok p=1
Q21:	|...11+.^ .1..^... .-0..1.^ .1....0.| ok p=0.849609
Q22:	|....+... .-...... ..1..+.. .-....1.| ok p=0.926758
Q23:	|0....^.. ....0... .^...... ......+.| ok p=1
Q24:	|1...^... .^..1... 0....^.. .^.0....| ok p=0.485352
Q25:	|-....... ....-... 1....... ......^.| ok p=0.493164
Q26:	|.......0 ........ -....... ..0+....| ok p=1
Q27:	|^......1 ....^... ........ ..1+....| ok p=0.993164
Q28:	|.......+ ........ ^....... ..+-....| ok p=0.498047
Q29:	|.......0 ........ ........ ...0....| ok p=0.994141
Q30:	|.......- ........ ........ ..^1....| ok p=1
Q31:	|.......- ........ ........ ........| ok p=0.999023
Q32:	|........ ........ ........ ........| ok p=1
Q33:	|.......! ........ ........ ........| ok p=1
Q34:	|........ ........ ........ ........| ok p=1
Q35:	|........ ........ ........ ........| ok p=1
Q36:	|........ ........ ........ ........| ok p=1
Q37:	|........ ........ ........ ........| ok p=1
Q38:	|........ ........ ........ ........| ok p=1
Q39:	|........ ........ ........ ........| ok p=1
Q40:	|........ ........ ........ ........| ok p=1
Q41:	|........ ........ ........ ........| ok p=1
Q42:	|........ ........ ........ ........| ok p=1
Q43:	|........ ........ ........ ........| ok p=1
Q44:	|........ ........ ........ ........| ok p=1
Q45:	|........ ........ ........ ........| ok p=1
Q46:	|........ ........ ........ ........| ok p=1
Q47:	|........ ........ ........ ........| ok p=1
Q48:	|........ ........ ........ ........| ok p=1
Q49:	|........ ........ ........ ........| ok p=1
Q50:	|........ ........ ........ ........| ok p=1
Q51:	|........ ........ ........ ........| ok p=1
Q52:	|........ ........ ........ ........| ok p=1
Q53:	|........ ........ ........ ........| ok p=1
Q54:	|........ ........ ........ ........| ok p=1
Q55:	|........ ........ ........ ........| ok p=1
Q56:	|........ ........ ........ ........| ok p=1
Q57:	|........ ........ ........ ........| ok p=1
Q58:	|........ ........ ........ ........| ok p=1
Q59:	|........ ........ ........ ........| ok p=1
Q60:	|........ ........ ........ .....0..| ok p=1
Q61:	|........ ........ ........ .....1..| ok p=0.996094
Q62:	|........ ........ ........ .....+..| ok p=1
Q63:	|........ ........ ........ .....+..| ok p=1
Q64:	|........ ........ ........ .....+..|
Saving 500000 paths...done.
Autobalance parameters: maxcond=119
Verified: 0 bad out of 898086
Estimating maxcond for upper bound 2000000 (=500000 * 4)...
t=16: 0%   10   20   30   40   50   60   70   80   90   100%
      |----|----|----|----|----|----|----|----|----|----|
e     ***************************************************
Found maxcond = 131
t=16: 0%   10   20   30   40   50   60   70   80   90   100%
      |----|----|----|----|----|----|----|----|----|----|
      ***************************************************
Q13:	|+.-.+.+. -..+...+ .-...... ....-...|
Q14:	|0.....0. +...-... ...-.1.+ ...01...|
Q15:	|0..+..+. +.0.-... .....+.+ ...1-...|
Q16:	|-..+..-. 0.1.+.0. ...^...0 ..1-..0.| ok p=0.233398
Q17:	|...1..10 1.+.1.1. .....^.- ..1.^.1.| ok p=0.323242
Q18:	|^..-..^1 ..1.1.+. ..0....1 ..+^..+.| ok p=0.978516
Q19:	|...-.0.+ ..0.+... .00....+ ........| ok p=0.479492
Q20:	|...001.. .0....^. .1-..0.. .0^...^.| ok p=1
Q21:	|...11+.^ .1..^... .-0..1.^ .1....0.| ok p=0.852539
Q22:	|....+... .-...... ..1..+.. .-....1.| ok p=0.916992
Q23:	|0....^.. ....0... .^...... ......+.| ok p=1
Q24:	|1...^... .^..1... 0....^.. .^.0....| ok p=0.501953
Q25:	|-....... ....-... 1....... ......^.| ok p=0.460938
Q26:	|.......0 ........ -....... ..0+....| ok p=1
Q27:	|^......1 ....^... ........ ..1+....| ok p=0.998047
Q28:	|.......+ ........ ^....... ..+-....| ok p=0.537109
Q29:	|.......0 ........ ........ ...0....| ok p=0.99707
Q30:	|.......- ........ ........ ..^1....| ok p=1
Q31:	|.......- ........ ........ ........| ok p=0.996094
Q32:	|........ ........ ........ ........| ok p=1
Q33:	|.......! ........ ........ ........| ok p=1
Q34:	|........ ........ ........ ........| ok p=1
Q35:	|........ ........ ........ ........| ok p=1
Q36:	|........ ........ ........ ........| ok p=1
Q37:	|........ ........ ........ ........| ok p=1
Q38:	|........ ........ ........ ........| ok p=1
Q39:	|........ ........ ........ ........| ok p=1
Q40:	|........ ........ ........ ........| ok p=1
Q41:	|........ ........ ........ ........| ok p=1
Q42:	|........ ........ ........ ........| ok p=1
Q43:	|........ ........ ........ ........| ok p=1
Q44:	|........ ........ ........ ........| ok p=1
Q45:	|........ ........ ........ ........| ok p=1
Q46:	|........ ........ ........ ........| ok p=1
Q47:	|........ ........ ........ ........| ok p=1
Q48:	|........ ........ ........ ........| ok p=1
Q49:	|........ ........ ........ ........| ok p=1
Q50:	|........ ........ ........ ........| ok p=1
Q51:	|........ ........ ........ ........| ok p=1
Q52:	|........ ........ ........ ........| ok p=1
Q53:	|........ ........ ........ ........| ok p=1
Q54:	|........ ........ ........ ........| ok p=1
Q55:	|........ ........ ........ ........| ok p=1
Q56:	|........ ........ ........ ........| ok p=1
Q57:	|........ ........ ........ ........| ok p=1
Q58:	|........ ........ ........ ........| ok p=1
Q59:	|........ ........ ........ ........| ok p=1
Q60:	|........ ........ ........ .....0..| ok p=1
Q61:	|........ ........ ........ .....1..| ok p=0.993164
Q62:	|........ ........ ........ .....+..| ok p=1
Q63:	|........ ........ ........ .....+..| ok p=1
Q64:	|........ ........ ........ .....+..|
Saving 500000 paths...done.
Autobalance parameters: maxcond=130
Verified: 0 bad out of 876038
Runtime: 49.8365
