Connect MD5 differential paths
Copyright (C) 2009 Marc Stevens
http://homepages.cwi.nl/~stevens/

delta_m[11] = [!24!]
Loading workdir1/paths16_0of1.bin.gz...done: 500000.
Loading workdir1/paths11_0of1.bin.gz...done: 500000.
t=12: 0%   10   20   30   40   50   60   70   80   90   100%
      |----|----|----|----|----|----|----|----|----|----|
      *Q-3:	|11010110 10101000 00101000 10101100|
Q-2:	|00+-1+00 +0001110 1+110110 +0000-10|
Q-1:	|00+1--00 +1000101 0+000110 +001-+00|
Q0:	|10+1+-0+ -011-1+1 0111+--- 0--1-+11| ok p=0.744141
Q1:	|.++1+..1 0--.-.+. .+..1-00 ++-.+.1.| ok p=0.738281
Q2:	|.0.+01.1 10+....1 .-..0.10 -+..+0+^| ok p=1
Q3:	|!00++1.- .0-01.00 .+..-0.. +10...0-| ok p=1
Q4:	|.+1.+1.0 .-01...+ .+..+... -01.0.11| ok p=1
Q5:	|!1+01+.1 .++....1 .-..10.. --0....0| ok p=1
Q6:	|.+0.--.+ .1-....1 0+.0+1.. .-......| ok p=1
Q7:	|^-1.--.0 .++0...- 00^.1... 10...^..| ok p=1
Q8:	|+100+-.1 .+11...+ 10..1... 1+.^.+..| ok p=1
Q9:	|0-..1+.. 1-0....0 +....... 1+!-.00.| ok p=1
Q10:	|1-0001.1 1+10...1 +0.1!... -+.0.+0.| ok p=1
Q11:	|.-1111.0 ++010..1 11.100^^ +0^1.1+.| ok p=1
Q12:	|.0----1- -++-1.^+ 1+.+11+- 1-+1^0+^| ok p=1
Q13:	|^+++0-01 ---+0.+- ++.+-+00 0010++--| ok p=1
Q14:	|+1101.++ 0111-.10 1..-101+ .1001100| ok p=1
Q15:	|111+.0+0 +0-1-.01 01.01+.+ ...-+011| ok p=0.459961
Q16:	|+..+..-0 ..-.+.0. ...1...0 ..1-..0.| ok p=0.326172
Q17:	|...1..00 ^.+.1.1. .....^.- ..10^.1.| ok p=0.336914
Q18:	|^..-..01 ..0.1.+. ..0....1 ..+0..+.| ok p=0.972656
Q19:	|...-.0.+ ..0.+... .00....+ ........| ok p=0.474609
Q20:	|...001.. .0....^. .1-..0.. .0^...^.| ok p=1
Q21:	|...11+.^ .1..^... .-0..1.^ .1....0.| ok p=0.854492
Q22:	|....+... .-...... ..1..+.. .-....1.| ok p=0.917969
Q23:	|0....^.. ....0... .^...... ......+.| ok p=1
Q24:	|1...^... .^..1... 0....^.. .^.0....| ok p=0.478516
Q25:	|-....... ....-... 1....... ......^.| ok p=0.46582
Q26:	|.......0 ........ -....... ..0+....| ok p=1
Q27:	|^......1 ....^... ........ ..1+....| ok p=0.994141
Q28:	|.......+ ........ ^....... ..+-....| ok p=0.525391
Q29:	|.......0 ........ ........ ...0....| ok p=0.996094
Q30:	|.......- ........ ........ ..^1....| ok p=1
Q31:	|.......- ........ ........ ........| ok p=0.998047
Q32:	|........ ........ ........ ........| ok p=1
Q33:	|.......! ........ ........ ........| ok p=1
Q34:	|........ ........ ........ ........| ok p=1
Q35:	|........ ........ ........ ........| ok p=1
Q36:	|........ ........ ........ ........| ok p=1
Q37:	|........ ........ ........ ........| ok p=1
Q38:	|........ ........ ........ ........| ok p=1
Q39:	|........ ........ ........ ........| ok p=1
Q40:	|........ ........ ........ ........| ok p=1
Q41:	|........ ........ ........ ........| ok p=1
Q42:	|........ ........ ........ ........| ok p=1
Q43:	|........ ........ ........ ........| ok p=1
Q44:	|........ ........ ........ ........| ok p=1
Q45:	|........ ........ ........ ........| ok p=1
Q46:	|........ ........ ........ ........| ok p=1
Q47:	|........ ........ ........ ........| ok p=1
Q48:	|........ ........ ........ ........| ok p=1
Q49:	|........ ........ ........ ........| ok p=1
Q50:	|........ ........ ........ ........| ok p=1
Q51:	|........ ........ ........ ........| ok p=1
Q52:	|........ ........ ........ ........| ok p=1
Q53:	|........ ........ ........ ........| ok p=1
Q54:	|........ ........ ........ ........| ok p=1
Q55:	|........ ........ ........ ........| ok p=1
Q56:	|........ ........ ........ ........| ok p=1
Q57:	|........ ........ ........ ........| ok p=1
Q58:	|........ ........ ........ ........| ok p=1
Q59:	|........ ........ ........ ........| ok p=1
Q60:	|........ ........ ........ .....0..| ok p=1
Q61:	|........ ........ ........ .....1..| ok p=0.998047
Q62:	|........ ........ ........ .....+..| ok p=1
Q63:	|........ ........ ........ .....+..| ok p=1
Q64:	|........ ........ ........ .....+..|
Best path: totcompl=-23 tottunnel=36, totcond=559, p=0.00138851
Best paths: 2
Q-3:	|11010110 10101000 00101000 10101100|
Q-2:	|00+-1+00 +0001110 1+110110 +0000-10|
Q-1:	|00+1--00 +1000101 0+000110 +001-+00|
Q0:	|10+1+-0+ -011-1+1 0111+--- 0--1-+11| ok p=0.750977
Q1:	|.++1+..1 0--.-.+. .+..1-00 ++-.+.1.| ok p=0.754883
Q2:	|.0.+01.1 10+....1 .-..0.10 -+..+0+^| ok p=1
Q3:	|!00++1.- .0-01.00 .+..-0.. +10...0-| ok p=1
Q4:	|.+1.+1.0 .-01...+ .+..+... -01.0.11| ok p=1
Q5:	|!1+01+.1 .++....1 .-..10.. --0....0| ok p=1
Q6:	|.+0.--.+ .1-....1 0+0.+1.. .-......| ok p=1
Q7:	|^-1.--.0 .++0...- 001.1... 10...^..| ok p=1
Q8:	|-10.+-.1 .+11...+ 10..1... 1+.^.+..| ok p=1
Q9:	|0-..1+.. 1-0....0 +....... 1+!-.00.| ok p=1
Q10:	|1-0001.1 1+10...1 +0.1.!.. -+.0.+0.| ok p=1
Q11:	|.-1111.0 ++010..1 11.100^^ +0^1.1+.| ok p=1
Q12:	|.0----1- -++-1.^+ 1+.+11+- 1-+1^0+^| ok p=1
Q13:	|^+++0-01 ---+0.+- ++.+-+00 0010++--| ok p=1
Q14:	|+1101.++ 0111-.10 1..-101+ .1001100| ok p=1
Q15:	|111+.0+0 +0-1-.01 01.01+.+ ...-+011| ok p=0.466797
Q16:	|+..+..-0 ..-.+.0. ...1...0 ..1-..0.| ok p=0.333008
Q17:	|...1..00 ^.+.1.1. .....^.- ..10^.1.| ok p=0.319336
Q18:	|^..-..01 ..0.1.+. ..0....1 ..+0..+.| ok p=0.957031
Q19:	|...-.0.+ ..0.+... .00....+ ........| ok p=0.469727
Q20:	|...001.. .0....^. .1-..0.. .0^...^.| ok p=1
Q21:	|...11+.^ .1..^... .-0..1.^ .1....0.| ok p=0.854492
Q22:	|....+... .-...... ..1..+.. .-....1.| ok p=0.916016
Q23:	|0....^.. ....0... .^...... ......+.| ok p=1
Q24:	|1...^... .^..1... 0....^.. .^.0....| ok p=0.511719
Q25:	|-....... ....-... 1....... ......^.| ok p=0.480469
Q26:	|.......0 ........ -....... ..0+....| ok p=1
Q27:	|^......1 ....^... ........ ..1+....| ok p=0.99707
Q28:	|.......+ ........ ^....... ..+-....| ok p=0.547852
Q29:	|.......0 ........ ........ ...0....| ok p=0.998047
Q30:	|.......- ........ ........ ..^1....| ok p=1
Q31:	|.......- ........ ........ ........| ok p=0.998047
Q32:	|........ ........ ........ ........| ok p=1
Q33:	|.......! ........ ........ ........| ok p=1
Q34:	|........ ........ ........ ........| ok p=1
Q35:	|........ ........ ........ ........| ok p=1
Q36:	|........ ........ ........ ........| ok p=1
Q37:	|........ ........ ........ ........| ok p=1
Q38:	|........ ........ ........ ........| ok p=1
Q39:	|........ ........ ........ ........| ok p=1
Q40:	|........ ........ ........ ........| ok p=1
Q41:	|........ ........ ........ ........| ok p=1
Q42:	|........ ........ ........ ........| ok p=1
Q43:	|........ ........ ........ ........| ok p=1
Q44:	|........ ........ ........ ........| ok p=1
Q45:	|........ ........ ........ ........| ok p=1
Q46:	|........ ........ ........ ........| ok p=1
Q47:	|........ ........ ........ ........| ok p=1
Q48:	|........ ........ ........ ........| ok p=1
Q49:	|........ ........ ........ ........| ok p=1
Q50:	|........ ........ ........ ........| ok p=1
Q51:	|........ ........ ........ ........| ok p=1
Q52:	|........ ........ ........ ........| ok p=1
Q53:	|........ ........ ........ ........| ok p=1
Q54:	|........ ........ ........ ........| ok p=1
Q55:	|........ ........ ........ ........| ok p=1
Q56:	|........ ........ ........ ........| ok p=1
Q57:	|........ ........ ........ ........| ok p=1
Q58:	|........ ........ ........ ........| ok p=1
Q59:	|........ ........ ........ ........| ok p=1
Q60:	|........ ........ ........ .....0..| ok p=1
Q61:	|........ ........ ........ .....1..| ok p=0.989258
Q62:	|........ ........ ........ .....+..| ok p=1
Q63:	|........ ........ ........ .....+..| ok p=1
Q64:	|........ ........ ........ .....+..|
Best path: totcompl=-23 tottunnel=36, totcond=558, p=0.0011517
Q-3:	|11010110 10101000 00101000 10101100|
Q-2:	|00+-1+00 +0001110 1+110110 +0000-10|
Q-1:	|00+1--00 +1000101 0+000110 +001-+00|
Q0:	|10+1+-0+ -011-1+1 0111+--- 0--1-+11| ok p=0.741211
Q1:	|.++1+..1 0--.-.+. .+..1-00 ++-.+.1.| ok p=0.736328
Q2:	|.0.+01.1 10+....1 .-..0.10 -+..+0+^| ok p=1
Q3:	|!00++1.- .0-01.00 .+..-0.. +10...0-| ok p=1
Q4:	|.+1.+1.0 .-01...+ .+..+... -01.0.11| ok p=1
Q5:	|!1+01+.1 .++....1 .-..10.. --0....0| ok p=1
Q6:	|.+0.--.+ .1-....1 0+0.+1.. .-......| ok p=1
Q7:	|^-1.--.0 .++0...- 001.1... 10...^..| ok p=1
Q8:	|-10.+-.1 .+11...+ 10..1... 1+.^.+..| ok p=1
Q9:	|0-..1+.. 1-0....0 +....... 1+!-.00.| ok p=1
Q10:	|1-0001.1 1+10...1 +0.1.!.. -+.0.+0.| ok p=1
Q11:	|.-1111.0 ++010..1 11.1.1^^ +0^1.1+.| ok p=1
Q12:	|.0----1- -++-1.^+ 1+.+^0+- 1-+1^0+^| ok p=1
Q13:	|^+++0-01 ---+0.+- ++.+-+00 0010++--| ok p=1
Q14:	|+1101.++ 0111-.10 1..-101+ .1001100| ok p=1
Q15:	|111+.0+0 +0-1-.01 01.01+.+ ...-+011| ok p=0.446289
Q16:	|+..+..-0 ..-.+.0. ...1...0 ..1-..0.| ok p=0.335938
Q17:	|...1..00 ^.+.1.1. .....^.- ..10^.1.| ok p=0.344727
Q18:	|^..-..01 ..0.1.+. ..0....1 ..+0..+.| ok p=0.963867
Q19:	|...-.0.+ ..0.+... .00....+ ........| ok p=0.477539
Q20:	|...001.. .0....^. .1-..0.. .0^...^.| ok p=1
Q21:	|...11+.^ .1..^... .-0..1.^ .1....0.| ok p=0.849609
Q22:	|....+... .-...... ..1..+.. .-....1.| ok p=0.922852
Q23:	|0....^.. ....0... .^...... ......+.| ok p=1
Q24:	|1...^... .^..1... 0....^.. .^.0....| ok p=0.492188
Q25:	|-....... ....-... 1....... ......^.| ok p=0.490234
Q26:	|.......0 ........ -....... ..0+....| ok p=1
Q27:	|^......1 ....^... ........ ..1+....| ok p=0.99707
Q28:	|.......+ ........ ^....... ..+-....| ok p=0.532227
Q29:	|.......0 ........ ........ ...0....| ok p=0.996094
Q30:	|.......- ........ ........ ..^1....| ok p=1
Q31:	|.......- ........ ........ ........| ok p=0.996094
Q32:	|........ ........ ........ ........| ok p=1
Q33:	|.......! ........ ........ ........| ok p=1
Q34:	|........ ........ ........ ........| ok p=1
Q35:	|........ ........ ........ ........| ok p=1
Q36:	|........ ........ ........ ........| ok p=1
Q37:	|........ ........ ........ ........| ok p=1
Q38:	|........ ........ ........ ........| ok p=1
Q39:	|........ ........ ........ ........| ok p=1
Q40:	|........ ........ ........ ........| ok p=1
Q41:	|........ ........ ........ ........| ok p=1
Q42:	|........ ........ ........ ........| ok p=1
Q43:	|........ ........ ........ ........| ok p=1
Q44:	|........ ........ ........ ........| ok p=1
Q45:	|........ ........ ........ ........| ok p=1
Q46:	|........ ........ ........ ........| ok p=1
Q47:	|........ ........ ........ ........| ok p=1
Q48:	|........ ........ ........ ........| ok p=1
Q49:	|........ ........ ........ ........| ok p=1
Q50:	|........ ........ ........ ........| ok p=1
Q51:	|........ ........ ........ ........| ok p=1
Q52:	|........ ........ ........ ........| ok p=1
Q53:	|........ ........ ........ ........| ok p=1
Q54:	|........ ........ ........ ........| ok p=1
Q55:	|........ ........ ........ ........| ok p=1
Q56:	|........ ........ ........ ........| ok p=1
Q57:	|........ ........ ........ ........| ok p=1
Q58:	|........ ........ ........ ........| ok p=1
Q59:	|........ ........ ........ ........| ok p=1
Q60:	|........ ........ ........ .....0..| ok p=1
Q61:	|........ ........ ........ .....1..| ok p=0.99707
Q62:	|........ ........ ........ .....+..| ok p=1
Q63:	|........ ........ ........ .....+..| ok p=1
Q64:	|........ ........ ........ .....+..|
Best path: totcompl=-23 tottunnel=36, totcond=557, p=0.00105765
Q-3:	|11010110 10101000 00101000 10101100|
Q-2:	|00+-1+00 +0001110 1+110110 +0000-10|
Q-1:	|00+1--00 +1000101 0+000110 +001-+00|
Q0:	|10+1+-0+ -011-1+1 0111+--- 0--1-+11| ok p=0.760742
Q1:	|.++1+..1 0--.-.+. .+..1-00 ++-.+.1.| ok p=0.757812
Q2:	|.0.+01.1 10+....1 .-..0.10 -+..+0+^| ok p=1
Q3:	|!00++1.- .0-01.00 .+..-0.. +10...0-| ok p=1
Q4:	|.+1.+1.0 .-01...+ .+..+... -01.0.11| ok p=1
Q5:	|!1+01+.1 .++....1 .-..10.. --0....0| ok p=1
Q6:	|.+0.--.+ .1-....1 0+.0+1.. .-......| ok p=1
Q7:	|^-1.--.0 .++0...- 00^.1... 10...^..| ok p=1
Q8:	|-1.^+-.1 .+11...+ 10..1... .+.^.+..| ok p=1
Q9:	|0-..1+.. 1-0....0 +....... 1+!-.00.| ok p=1
Q10:	|1-0001.1 1+10...1 +0.1...1 0-.0.+0.| ok p=1
Q11:	|.-1111.0 ++010..1 11.100^0 +0^1.1+.| ok p=1
Q12:	|.0----1- -++-1.^+ 1+.+11+- -++.^0+^| ok p=1
Q13:	|^+++0-01 ---+0.+- ++.+-+00 001.++--| ok p=1
Q14:	|+1101.++ 0111-.10 1..-101+ 110^1100| ok p=1
Q15:	|111+.0+0 +0-1-.01 01.01+.+ ...-+011| ok p=0.425781
Q16:	|+..+..-0 ..-.+.0. ...1...0 ..1-..0.| ok p=0.288086
Q17:	|...1..00 ^.+.1.1. .....^.- ..10^.1.| ok p=0.299805
Q18:	|^..-..01 ..0.1.+. ..0....1 ..+0..+.| ok p=0.964844
Q19:	|...-.0.+ ..0.+... .00....+ ........| ok p=0.462891
Q20:	|...001.. .0....^. .1-..0.. .0^...^.| ok p=1
Q21:	|...11+.^ .1..^... .-0..1.^ .1....0.| ok p=0.852539
Q22:	|....+... .-...... ..1..+.. .-....1.| ok p=0.908203
Q23:	|0....^.. ....0... .^...... ......+.| ok p=1
Q24:	|1...^... .^..1... 0....^.. .^.0....| ok p=0.509766
Q25:	|-....... ....-... 1....... ......^.| ok p=0.487305
Q26:	|.......0 ........ -....... ..0+....| ok p=1
Q27:	|^......1 ....^... ........ ..1+....| ok p=0.99707
Q28:	|.......+ ........ ^....... ..+-....| ok p=0.511719
Q29:	|.......0 ........ ........ ...0....| ok p=0.995117
Q30:	|.......- ........ ........ ..^1....| ok p=1
Q31:	|.......- ........ ........ ........| ok p=0.99707
Q32:	|........ ........ ........ ........| ok p=1
Q33:	|.......! ........ ........ ........| ok p=1
Q34:	|........ ........ ........ ........| ok p=1
Q35:	|........ ........ ........ ........| ok p=1
Q36:	|........ ........ ........ ........| ok p=1
Q37:	|........ ........ ........ ........| ok p=1
Q38:	|........ ........ ........ ........| ok p=1
Q39:	|........ ........ ........ ........| ok p=1
Q40:	|........ ........ ........ ........| ok p=1
Q41:	|........ ........ ........ ........| ok p=1
Q42:	|........ ........ ........ ........| ok p=1
Q43:	|........ ........ ........ ........| ok p=1
Q44:	|........ ........ ........ ........| ok p=1
Q45:	|........ ........ ........ ........| ok p=1
Q46:	|........ ........ ........ ........| ok p=1
Q47:	|........ ........ ........ ........| ok p=1
Q48:	|........ ........ ........ ........| ok p=1
Q49:	|........ ........ ........ ........| ok p=1
Q50:	|........ ........ ........ ........| ok p=1
Q51:	|........ ........ ........ ........| ok p=1
Q52:	|........ ........ ........ ........| ok p=1
Q53:	|........ ........ ........ ........| ok p=1
Q54:	|........ ........ ........ ........| ok p=1
Q55:	|........ ........ ........ ........| ok p=1
Q56:	|........ ........ ........ ........| ok p=1
Q57:	|........ ........ ........ ........| ok p=1
Q58:	|........ ........ ........ ........| ok p=1
Q59:	|........ ........ ........ ........| ok p=1
Q60:	|........ ........ ........ .....0..| ok p=1
Q61:	|........ ........ ........ .....1..| ok p=0.995117
Q62:	|........ ........ ........ .....+..| ok p=1
Q63:	|........ ........ ........ .....+..| ok p=1
Q64:	|........ ........ ........ .....+..|
Best path: totcompl=-23 tottunnel=36, totcond=556, p=0.00127428
Q-3:	|11010110 10101000 00101000 10101100|
Q-2:	|00+-1+00 +0001110 1+110110 +0000-10|
Q-1:	|00+1--00 +1000101 0+000110 +001-+00|
Q0:	|10+1+-0+ -011-1+1 0111+--- 0--1-+11| ok p=0.754883
Q1:	|.++1+..1 0--.-.+. .+..1-00 ++-.+.1.| ok p=0.734375
Q2:	|.0.+01.1 10+....1 .-..0.10 -+..+0+^| ok p=1
Q3:	|!00++1.- .0-01.00 .+..-0.. +10...0-| ok p=1
Q4:	|.+1.+1.0 .-01...+ .+..+... -01.0.11| ok p=1
Q5:	|!1+01+.1 .++....1 .-..10.. --0....0| ok p=1
Q6:	|.+0.--.+ .1-....1 0+.0+1.. .-......| ok p=1
Q7:	|^-1.--.0 .++0...- 00^.1... 10...^..| ok p=1
Q8:	|-1.^+-.1 .+11...+ 10..1... .+.^.+..| ok p=1
Q9:	|0-..1+.. 1-0....0 +....... 1+!-.00.| ok p=1
Q10:	|1-0001.1 1+10...1 +0.1...1 0-.0.+0.| ok p=1
Q11:	|.-1111.0 ++010..1 11.1.1^0 +0^1.1+.| ok p=1
Q12:	|.0----1- -++-1.^+ 1+.+^0+- -++.^0+^| ok p=1
Q13:	|^+++0-01 ---+0.+- ++.+-+00 001.++--| ok p=1
Q14:	|+1101.++ 0111-.10 1..-101+ 110^1100| ok p=1
Q15:	|111+.0+0 +0-1-.01 01.01+.+ ...-+011| ok p=0.419922
Q16:	|+..+..-0 ..-.+.0. ...1...0 ..1-..0.| ok p=0.319336
Q17:	|...1..00 ^.+.1.1. .....^.- ..10^.1.| ok p=0.326172
Q18:	|^..-..01 ..0.1.+. ..0....1 ..+0..+.| ok p=0.960938
Q19:	|...-.0.+ ..0.+... .00....+ ........| ok p=0.473633
Q20:	|...001.. .0....^. .1-..0.. .0^...^.| ok p=1
Q21:	|...11+.^ .1..^... .-0..1.^ .1....0.| ok p=0.842773
Q22:	|....+... .-...... ..1..+.. .-....1.| ok p=0.918945
Q23:	|0....^.. ....0... .^...... ......+.| ok p=1
Q24:	|1...^... .^..1... 0....^.. .^.0....| ok p=0.527344
Q25:	|-....... ....-... 1....... ......^.| ok p=0.499023
Q26:	|.......0 ........ -....... ..0+....| ok p=1
Q27:	|^......1 ....^... ........ ..1+....| ok p=0.99707
Q28:	|.......+ ........ ^....... ..+-....| ok p=0.532227
Q29:	|.......0 ........ ........ ...0....| ok p=0.994141
Q30:	|.......- ........ ........ ..^1....| ok p=1
Q31:	|.......- ........ ........ ........| ok p=0.994141
Q32:	|........ ........ ........ ........| ok p=1
Q33:	|.......! ........ ........ ........| ok p=1
Q34:	|........ ........ ........ ........| ok p=1
Q35:	|........ ........ ........ ........| ok p=1
Q36:	|........ ........ ........ ........| ok p=1
Q37:	|........ ........ ........ ........| ok p=1
Q38:	|........ ........ ........ ........| ok p=1
Q39:	|........ ........ ........ ........| ok p=1
Q40:	|........ ........ ........ ........| ok p=1
Q41:	|........ ........ ........ ........| ok p=1
Q42:	|........ ........ ........ ........| ok p=1
Q43:	|........ ........ ........ ........| ok p=1
Q44:	|........ ........ ........ ........| ok p=1
Q45:	|........ ........ ........ ........| ok p=1
Q46:	|........ ........ ........ ........| ok p=1
Q47:	|........ ........ ........ ........| ok p=1
Q48:	|........ ........ ........ ........| ok p=1
Q49:	|........ ........ ........ ........| ok p=1
Q50:	|........ ........ ........ ........| ok p=1
Q51:	|........ ........ ........ ........| ok p=1
Q52:	|........ ........ ........ ........| ok p=1
Q53:	|........ ........ ........ ........| ok p=1
Q54:	|........ ........ ........ ........| ok p=1
Q55:	|........ ........ ........ ........| ok p=1
Q56:	|........ ........ ........ ........| ok p=1
Q57:	|........ ........ ........ ........| ok p=1
Q58:	|........ ........ ........ ........| ok p=1
Q59:	|........ ........ ........ ........| ok p=1
Q60:	|........ ........ ........ .....0..| ok p=1
Q61:	|........ ........ ........ .....1..| ok p=0.995117
Q62:	|........ ........ ........ .....+..| ok p=1
Q63:	|........ ........ ........ .....+..| ok p=1
Q64:	|........ ........ ........ .....+..|
Best path: totcompl=-23 tottunnel=36, totcond=555, p=0.0012102
**Q-3:	|11010110 10101000 00101000 10101100|
Q-2:	|00+-1+00 +0001110 1+110110 +0000-10|
Q-1:	|00+1--00 +1000101 0+000110 +001-+00|
Q0:	|10+1+-0+ -011-1+1 0111+--- 0--1-+11| ok p=0.734375
Q1:	|.++1+..1 0--.-.+. .+..1-00 ++-.+.1.| ok p=0.736328
Q2:	|.0.+01.1 10+....1 .-..0.10 -+..+0+^| ok p=1
Q3:	|!00++1.- .0-01.00 .+..-0.. +10...0-| ok p=1
Q4:	|.+1.+1.0 .-01...+ .+..+... -01.0.11| ok p=1
Q5:	|!1+01+.1 .++....1 .-..10.. --0....0| ok p=1
Q6:	|0+0.--.+ .1-....1 0+..+1.. .-......| ok p=1
Q7:	|0-1.--.0 .++0...- 00^^1... 10...^..| ok p=1
Q8:	|-1..+-.1 0+11...+ 10..1... .+.^.+..| ok p=1
Q9:	|0-..1+.. 0-0....0 +....... 0+!-.00.| ok p=1
Q10:	|1-0001.1 +-00...1 +0...!.. 0-.0.+0.| ok p=1
Q11:	|.-1111.0 ++11...1 11^.00.. +1^1.1+1| ok p=1
Q12:	|.0----1- .-+-1.^+ +-+111.0 +++.^0+0| ok p=1
Q13:	|^+++0-0- 01++0.+- ++10-+00 .01.++--| ok p=1
Q14:	|+1101.+- 0101-.10 .11-10.+ 110^1100| ok p=1
Q15:	|111+.0+. +.-1-.01 01.01+.+ ...-+011| ok p=0.462891
Q16:	|+..+..-^ ..-.+.0. ...0...0 ..1-..0.| ok p=0.331055
Q17:	|...1..10 ^.+.1.1. .....^.- ..10^.1.| ok p=0.313477
Q18:	|^..-..11 ..0.1.+. ..0....1 ..+0..+.| ok p=0.950195
Q19:	|...-.0.+ ..0.+... .00....+ ........| ok p=0.451172
Q20:	|...001.. .0....^. .0-..0.. .0^...^.| ok p=1
Q21:	|...11+.^ .1..^... .-1..1.^ .1....0.| ok p=0.84668
Q22:	|....+... .-...... ..0..+.. .-....1.| ok p=0.922852
Q23:	|0....^.. ....0... .^...... ......+.| ok p=1
Q24:	|1...^... .^..1... 0....^.. .^.0....| ok p=0.474609
Q25:	|-....... ....-... 1....... ......^.| ok p=0.493164
Q26:	|.......0 ........ -....... ..0+....| ok p=1
Q27:	|^......1 ....^... ........ ..1+....| ok p=0.998047
Q28:	|.......+ ........ ^....... ..+-....| ok p=0.542969
Q29:	|.......0 ........ ........ ...0....| ok p=0.999023
Q30:	|.......- ........ ........ ..^1....| ok p=1
Q31:	|.......- ........ ........ ........| ok p=0.996094
Q32:	|........ ........ ........ ........| ok p=1
Q33:	|.......! ........ ........ ........| ok p=1
Q34:	|........ ........ ........ ........| ok p=1
Q35:	|........ ........ ........ ........| ok p=1
Q36:	|........ ........ ........ ........| ok p=1
Q37:	|........ ........ ........ ........| ok p=1
Q38:	|........ ........ ........ ........| ok p=1
Q39:	|........ ........ ........ ........| ok p=1
Q40:	|........ ........ ........ ........| ok p=1
Q41:	|........ ........ ........ ........| ok p=1
Q42:	|........ ........ ........ ........| ok p=1
Q43:	|........ ........ ........ ........| ok p=1
Q44:	|........ ........ ........ ........| ok p=1
Q45:	|........ ........ ........ ........| ok p=1
Q46:	|........ ........ ........ ........| ok p=1
Q47:	|........ ........ ........ ........| ok p=1
Q48:	|........ ........ ........ ........| ok p=1
Q49:	|........ ........ ........ ........| ok p=1
Q50:	|........ ........ ........ ........| ok p=1
Q51:	|........ ........ ........ ........| ok p=1
Q52:	|........ ........ ........ ........| ok p=1
Q53:	|........ ........ ........ ........| ok p=1
Q54:	|........ ........ ........ ........| ok p=1
Q55:	|........ ........ ........ ........| ok p=1
Q56:	|........ ........ ........ ........| ok p=1
Q57:	|........ ........ ........ ........| ok p=1
Q58:	|........ ........ ........ ........| ok p=1
Q59:	|........ ........ ........ ........| ok p=1
Q60:	|........ ........ ........ .....0..| ok p=1
Q61:	|........ ........ ........ .....1..| ok p=0.995117
Q62:	|........ ........ ........ .....+..| ok p=1
Q63:	|........ ........ ........ .....+..| ok p=1
Q64:	|........ ........ ........ .....+..|
Best path: totcompl=-23 tottunnel=36, totcond=551, p=0.000976484
Q-3:	|11010110 10101000 00101000 10101100|
Q-2:	|00+-1+00 +0001110 1+110110 +0000-10|
Q-1:	|00+1--00 +1000101 0+000110 +001-+00|
Q0:	|10+1+-0+ -011-1+1 0111+--- 0--1-+11| ok p=0.745117
Q1:	|.++1+..1 0--.-.+. .+..1-00 ++-.+.1.| ok p=0.741211
Q2:	|.0.+01.1 10+....1 .-..0.10 -+..+0+^| ok p=1
Q3:	|!00++1.- .0-01.00 .+..-0.. +10...0-| ok p=1
Q4:	|.+1.+1.0 .-01...+ .+..+... -01.0.11| ok p=1
Q5:	|!1+01+.1 .++....1 .-..10.. --0....0| ok p=1
Q6:	|0+0.--.+ .1-....1 0+.0+1.. .-......| ok p=1
Q7:	|0-1.--.0 .++0...- 00^.1... 10...^..| ok p=1
Q8:	|-1..+-.1 0+11...+ 10..1... .+.^.+..| ok p=1
Q9:	|0-..1+.. 0-0....0 +....... 0+!-.00.| ok p=1
Q10:	|1-0001.1 +-00...1 +0..!... 0-.0.+0.| ok p=1
Q11:	|.-1111.0 ++11...1 11^..1.. +1^1.1+1| ok p=1
Q12:	|.0----1- .-+-1.^+ +-+1^0.0 +++.^0+0| ok p=1
Q13:	|^+++0-0- 01++0.+- ++10-+.0 .01.++--| ok p=1
Q14:	|+1101.+- 0101-.10 .11-10^+ 110^1100| ok p=1
Q15:	|111+.0+. +.-1-.01 01.01+.+ ...-+011| ok p=0.413086
Q16:	|+..+..-^ ..-.+.0. ...0...0 ..1-..0.| ok p=0.327148
Q17:	|...1..10 ^.+.1.1. .....^.- ..10^.1.| ok p=0.297852
Q18:	|^..-..11 ..0.1.+. ..0....1 ..+0..+.| ok p=0.958008
Q19:	|...-.0.+ ..0.+... .00....+ ........| ok p=0.404297
Q20:	|...001.. .0....^. .0-..0.. .0^...^.| ok p=1
Q21:	|...11+.^ .1..^... .-1..1.^ .1....0.| ok p=0.848633
Q22:	|....+... .-...... ..0..+.. .-....1.| ok p=0.912109
Q23:	|0....^.. ....0... .^...... ......+.| ok p=1
Q24:	|1...^... .^..1... 0....^.. .^.0....| ok p=0.508789
Q25:	|-....... ....-... 1....... ......^.| ok p=0.490234
Q26:	|.......0 ........ -....... ..0+....| ok p=1
Q27:	|^......1 ....^... ........ ..1+....| ok p=0.994141
Q28:	|.......+ ........ ^....... ..+-....| ok p=0.52832
Q29:	|.......0 ........ ........ ...0....| ok p=0.994141
Q30:	|.......- ........ ........ ..^1....| ok p=1
Q31:	|.......- ........ ........ ........| ok p=0.996094
Q32:	|........ ........ ........ ........| ok p=1
Q33:	|.......! ........ ........ ........| ok p=1
Q34:	|........ ........ ........ ........| ok p=1
Q35:	|........ ........ ........ ........| ok p=1
Q36:	|........ ........ ........ ........| ok p=1
Q37:	|........ ........ ........ ........| ok p=1
Q38:	|........ ........ ........ ........| ok p=1
Q39:	|........ ........ ........ ........| ok p=1
Q40:	|........ ........ ........ ........| ok p=1
Q41:	|........ ........ ........ ........| ok p=1
Q42:	|........ ........ ........ ........| ok p=1
Q43:	|........ ........ ........ ........| ok p=1
Q44:	|........ ........ ........ ........| ok p=1
Q45:	|........ ........ ........ ........| ok p=1
Q46:	|........ ........ ........ ........| ok p=1
Q47:	|........ ........ ........ ........| ok p=1
Q48:	|........ ........ ........ ........| ok p=1
Q49:	|........ ........ ........ ........| ok p=1
Q50:	|........ ........ ........ ........| ok p=1
Q51:	|........ ........ ........ ........| ok p=1
Q52:	|........ ........ ........ ........| ok p=1
Q53:	|........ ........ ........ ........| ok p=1
Q54:	|........ ........ ........ ........| ok p=1
Q55:	|........ ........ ........ ........| ok p=1
Q56:	|........ ........ ........ ........| ok p=1
Q57:	|........ ........ ........ ........| ok p=1
Q58:	|........ ........ ........ ........| ok p=1
Q59:	|........ ........ ........ ........| ok p=1
Q60:	|........ ........ ........ .....0..| ok p=1
Q61:	|........ ........ ........ .....1..| ok p=0.996094
Q62:	|........ ........ ........ .....+..| ok p=1
Q63:	|........ ........ ........ .....+..| ok p=1
Q64:	|........ ........ ........ .....+..|
Best path: totcompl=-23 tottunnel=36, totcond=550, p=0.000985993
Best paths: 2
Q-3:	|11010110 10101000 00101000 10101100|
Q-2:	|00+-1+00 +0001110 1+110110 +0000-10|
Q-1:	|00+1--00 +1000101 0+000110 +001-+00|
Q0:	|10+1+-0+ -011-1+1 0111+--- 0--1-+11| ok p=0.728516
Q1:	|.++1+..1 0--.-.+. .+..1-00 ++-.+.1.| ok p=0.733398
Q2:	|.0.+01.1 10+....1 .-..0.10 -+..+0+^| ok p=1
Q3:	|!00++1.- .0-01.00 .+..-0.. +10...0-| ok p=1
Q4:	|.+1.+1.0 .-01...+ .+..+... -01.0.11| ok p=1
Q5:	|!1+01+.1 .++....1 .-..10.. --0....0| ok p=1
Q6:	|0+0.--.+ .1-....1 0+0.+1.. .-......| ok p=1
Q7:	|0-1.--.0 .++0...- 00.^1... 10...^..| ok p=1
Q8:	|-1..+-.1 0+11...+ 10..1... .+.^.+..| ok p=1
Q9:	|0-..1+.. 0-0....0 +....... 0+!-.00.| ok p=1
Q10:	|1-0001.1 +-00...1 +0..!... 0-00.+0.| ok p=1
Q11:	|.-1111.0 ++11...1 11^..1.. +111.1+.| ok p=1
Q12:	|.0----1- .-+-1.^+ 1++.^0.1 +++.^0+^| ok p=1
Q13:	|^+++0-0- 01++0.+- ++0^++.0 .01.++--| ok p=1
Q14:	|+1101.++ 0101-.10 1.1-10.+ 110^1100| ok p=1
Q15:	|111+.0+0 +.-1-.01 01.01+.+ ...-+011| ok p=0.456055
Q16:	|+..+..-0 ..-.+.0. ...1...0 ..1-..0.| ok p=0.325195
Q17:	|...1..00 ^.+.1.1. .....^.- ..10^.1.| ok p=0.318359
Q18:	|^..-..01 ..0.1.+. ..0....1 ..+0..+.| ok p=0.96875
Q19:	|...-.0.+ ..0.+... .00....+ ........| ok p=0.496094
Q20:	|...001.. .0....^. .1-..0.. .0^...^.| ok p=1
Q21:	|...11+.^ .1..^... .-0..1.^ .1....0.| ok p=0.862305
Q22:	|....+... .-...... ..1..+.. .-....1.| ok p=0.916992
Q23:	|0....^.. ....0... .^...... ......+.| ok p=1
Q24:	|1...^... .^..1... 0....^.. .^.0....| ok p=0.511719
Q25:	|-....... ....-... 1....... ......^.| ok p=0.508789
Q26:	|.......0 ........ -....... ..0+....| ok p=1
Q27:	|^......1 ....^... ........ ..1+....| ok p=0.996094
Q28:	|.......+ ........ ^....... ..+-....| ok p=0.532227
Q29:	|.......0 ........ ........ ...0....| ok p=0.99707
Q30:	|.......- ........ ........ ..^1....| ok p=1
Q31:	|.......- ........ ........ ........| ok p=0.996094
Q32:	|........ ........ ........ ........| ok p=1
Q33:	|.......! ........ ........ ........| ok p=1
Q34:	|........ ........ ........ ........| ok p=1
Q35:	|........ ........ ........ ........| ok p=1
Q36:	|........ ........ ........ ........| ok p=1
Q37:	|........ ........ ........ ........| ok p=1
Q38:	|........ ........ ........ ........| ok p=1
Q39:	|........ ........ ........ ........| ok p=1
Q40:	|........ ........ ........ ........| ok p=1
Q41:	|........ ........ ........ ........| ok p=1
Q42:	|........ ........ ........ ........| ok p=1
Q43:	|........ ........ ........ ........| ok p=1
Q44:	|........ ........ ........ ........| ok p=1
Q45:	|........ ........ ........ ........| ok p=1
Q46:	|........ ........ ........ ........| ok p=1
Q47:	|........ ........ ........ ........| ok p=1
Q48:	|........ ........ ........ ........| ok p=1
Q49:	|........ ........ ........ ........| ok p=1
Q50:	|........ ........ ........ ........| ok p=1
Q51:	|........ ........ ........ ........| ok p=1
Q52:	|........ ........ ........ ........| ok p=1
Q53:	|........ ........ ........ ........| ok p=1
Q54:	|........ ........ ........ ........| ok p=1
Q55:	|........ ........ ........ ........| ok p=1
Q56:	|........ ........ ........ ........| ok p=1
Q57:	|........ ........ ........ ........| ok p=1
Q58:	|........ ........ ........ ........| ok p=1
Q59:	|........ ........ ........ ........| ok p=1
Q60:	|........ ........ ........ .....0..| ok p=1
Q61:	|........ ........ ........ .....1..| ok p=0.99707
Q62:	|........ ........ ........ .....+..| ok p=1
Q63:	|........ ........ ........ .....+..| ok p=1
Q64:	|........ ........ ........ .....+..|
Best path: totcompl=-23 tottunnel=36, totcond=549, p=0.00111373
******