Extend MD5 differential paths forward
Copyright (C) 2009 Marc Stevens
http://homepages.cwi.nl/~stevens/

delta_m[11] = [!24!]
Loading workdir1/lowerpath.bin.gz...done: 1.
Estimating maxcond for upper bound 8000000 (=2000000 * 4)...
t=1:  0%   10   20   30   40   50   60   70   80   90   100%
      |----|----|----|----|----|----|----|----|----|----|
e     ***************************************************
Found maxcond = 2176
t=1:  0%   10   20   30   40   50   60   70   80   90   100%
      |----|----|----|----|----|----|----|----|----|----|
      ***************************************************
Q-3:	|11010110 10101000 00101000 10101100|
Q-2:	|00+-1+00 +0001110 1+110110 +0000-10|
Q-1:	|00+1--00 +1000101 0+000110 +001-+00|
Q0:	|10+1+-0+ -011-1+1 0111+--- 0--1-+11| ok p=0.638672
Q1:	|.++.+..0 -..++.+. .+..-+00 +0+.+...| ok p=0.679688
Q2:	|+..+.... -.-...+. .-...... .-.-...+|
Saving 19840 paths...done.
Autobalance parameters: maxcond=2176
Verified: 0 bad out of 19840
Estimating maxcond for upper bound 8000000 (=2000000 * 4)...
t=2:  0%   10   20   30   40   50   60   70   80   90   100%
      |----|----|----|----|----|----|----|----|----|----|
e     **************************************************Found maxcond = 164
t=2:  0%   10   20   30   40   50   60   70   80   90   100%
      |----|----|----|----|----|----|----|----|----|----|
      **************************************************Q-3:	|11010110 10101000 00101000 10101100|
Q-2:	|00+-1+00 +0001110 1+110110 +0000-10|
Q-1:	|00+1--00 +1000101 0+000110 +001-+00|
Q0:	|10+1+-0+ -011-1+1 0111+--- 0--1-+11| ok p=0.744141
Q1:	|.++1+..1 -.+.-.+. .+..1-10 ++-.+.1.| ok p=0.339844
Q2:	|.0.+.1.1 ..0..... .-..1.11 0-..11+.| ok p=0.726562
Q3:	|....+..+ .-..+... .+..-... .-..-..-|
Saving 2000000 paths...done.
Autobalance parameters: maxcond=163
Verified: 139520 bad out of 2459439
Estimating maxcond for upper bound 8000000 (=2000000 * 4)...
t=3:  0%   10   20   30   40   50   60   70   80   90   100%
      |----|----|----|----|----|----|----|----|----|----|
e     ***************************************************
Found maxcond = 182
t=3:  0%   10   20   30   40   50   60   70   80   90   100%
      |----|----|----|----|----|----|----|----|----|----|
      ***************************************************
Q-3:	|11010110 10101000 00101000 10101100|
Q-2:	|00+-1+00 +0001110 1+110110 +0000-10|
Q-1:	|00+1--00 +1000101 0+000110 +001-+00|
Q0:	|10+1+-0+ -011-1+1 0111+--- 0--1-+11| ok p=0.495117
Q1:	|+..--..1 -.+.-.+. .+..0-10 ++-.+.1V| ok p=0.754883
Q2:	|0.0+00.1 -.1.1... .-..-.11 -+..01+.| ok p=0.823242
Q3:	|1..++... ..+.+.1. .0..+1.. 0.1.-.0-| ok p=0.548828
Q4:	|+..-...+ .+.-...- ...+..-. +...+..-|
Saving 2000000 paths...done.
Autobalance parameters: maxcond=181
Verified: 5664 bad out of 2948932
Estimating maxcond for upper bound 8000000 (=2000000 * 4)...
t=4:  0%   10   20   30   40   50   60   70   80   90   100%
      |----|----|----|----|----|----|----|----|----|----|
e     ***************************************************
Found maxcond = 199
t=4:  0%   10   20   30   40   50   60   70   80   90   100%
      |----|----|----|----|----|----|----|----|----|----|
      ***************************************************
Q-3:	|11010110 10101000 00101000 10101100|
Q-2:	|00+-1+00 +0001110 1+110110 +0000-10|
Q-1:	|00+1--00 +1000101 0+000110 +001-+00|
Q0:	|10+1+-0+ -011-1+1 0111+--- 0--1-+11| ok p=1
Q1:	|-..--..1 -..++.+. .+..0-11 ++-.+.01| ok p=0.339844
Q2:	|-.1+00.1 -..-1..V .-..-.11 -+..011+| ok p=0.804688
Q3:	|-..++... 1..++.1. .-..+0.. 0.1.-.-0| ok p=0.316406
Q4:	|...-0... +..10..- .-..+... +1..-.--| ok p=0.791016
Q5:	|.-..+.-. -....-.+ ..-.-..+ ...-...+|
Saving 2000000 paths...done.
Autobalance parameters: maxcond=198
Verified: 43437 bad out of 3459331
Estimating maxcond for upper bound 8000000 (=2000000 * 4)...
t=5:  0%   10   20   30   40   50   60   70   80   90   100%
      |----|----|----|----|----|----|----|----|----|----|
e     ***************************************************
Found maxcond = 213
t=5:  0%   10   20   30   40   50   60   70   80   90   100%
      |----|----|----|----|----|----|----|----|----|----|
      ***************************************************
Q-3:	|11010110 10101000 00101000 10101100|
Q-2:	|00+-1+00 +0001110 1+110110 +0000-10|
Q-1:	|00+1--00 +1000101 0+000110 +001-+00|
Q0:	|10+1+-0+ -011-1+1 0111+--- 0--1-+11| ok p=0.734375
Q1:	|.++1+..1 0--.-.+. .+..1-00 ++-.+.1V| ok p=0.759766
Q2:	|.0.+01.1 10+.0..V .-..0.10 -+..+0+.| ok p=0.397461
Q3:	|.01++..- .0-.1.0. .+..-0.. +00...0-| ok p=0.362305
Q4:	|.+..+..0 ..1.-..+ .+..+... -0..0.10| ok p=0.264648
Q5:	|.0.1...+ ..+.-..0 .-..1... 0-.....1| ok p=0.902344
Q6:	|......+. -.+..-.. +.-....+ .+.-..+.|
Saving 2000000 paths...done.
Autobalance parameters: maxcond=212
Verified: 4480 bad out of 2127089
Estimating maxcond for upper bound 8000000 (=2000000 * 4)...
t=6:  0%   10   20   30   40   50   60   70   80   90   100%
      |----|----|----|----|----|----|----|----|----|----|
e     ***************************************************
Found maxcond = 228
t=6:  0%   10   20   30   40   50   60   70   80   90   100%
      |----|----|----|----|----|----|----|----|----|----|
      ***************************************************
Q-3:	|11010110 10101000 00101000 10101100|
Q-2:	|00+-1+00 +0001110 1+110110 +0000-10|
Q-1:	|00+1--00 +1000101 0+000110 +001-+00|
Q0:	|10+1+-0+ -011-1+1 0111+--- 0--1-+11| ok p=1
Q1:	|-..--..1 -..++.+. .+..0-11 ++-.+.V1| ok p=0.365234
Q2:	|-.1+00.1 -..-1.0V .-..-.11 -+..010+| ok p=0.848633
Q3:	|-..++..0 ...++.11 .-..+1.. 0.1.-.-0| ok p=0.3125
Q4:	|...-1..+ 0..01.-+ .-V.+... +0..-.-0| ok p=0.941406
Q5:	|0..1-..+ ...01.-- .1..-... 1...-.--| ok p=0.947266
Q6:	|...10..+ .......0 .++.+... 1.....--| ok p=0.316406
Q7:	|+..+...+ ..-.-.-. -.+.-.+. .+.-.-.-|
Saving 2000000 paths...done.
Autobalance parameters: maxcond=227
Verified: 14380 bad out of 2238658
Estimating maxcond for upper bound 8000000 (=2000000 * 4)...
t=7:  0%   10   20   30   40   50   60   70   80   90   100%
      |----|----|----|----|----|----|----|----|----|----|
e     ***************************************************
Found maxcond = 242
t=7:  0%   10   20   30   40   50   60   70   80   90   100%
      |----|----|----|----|----|----|----|----|----|----|
      ***************************************************
Q-3:	|11010110 10101000 00101000 10101100|
Q-2:	|00+-1+00 +0001110 1+110110 +0000-10|
Q-1:	|00+1--00 +1000101 0+000110 +001-+00|
Q0:	|10+1+-0+ -011-1+1 0111+--- 0--1-+11| ok p=0.733398
Q1:	|.++1+..1 0--.-.+. .+..1-00 ++-.+.1V| ok p=0.761719
Q2:	|.0.+01.1 10+....1 .-..0.10 -+..+0+.| ok p=0.803711
Q3:	|.00++V.- .0-.1.00 .+..-0.. +10...0-| ok p=0.454102
Q4:	|.+1.+1.0 .-0....+ .+..+... -0..0.11| ok p=0.286133
Q5:	|.1+0.+.1 .++....0 .-..1... --.....0| ok p=0.520508
Q6:	|.0+.0+.+ .1-....1 .+..+... .-......| ok p=0.373047
Q7:	|.--..+.0 .++....- .1..+... 1.......| ok p=0.530273
Q8:	|+..-.+.. .+..+.+. ....+... ..+...+.|
Saving 2000000 paths...done.
Autobalance parameters: maxcond=241
Verified: 60202 bad out of 3289341
Estimating maxcond for upper bound 8000000 (=2000000 * 4)...
t=8:  0%   10   20   30   40   50   60   70   80   90   100%
      |----|----|----|----|----|----|----|----|----|----|
e     ***************************************************
Found maxcond = 255
t=8:  0%   10   20   30   40   50   60   70   80   90   100%
      |----|----|----|----|----|----|----|----|----|----|
      ***************************************************
Q-3:	|11010110 10101000 00101000 10101100|
Q-2:	|00+-1+00 +0001110 1+110110 +0000-10|
Q-1:	|00+1--00 +1000101 0+000110 +001-+00|
Q0:	|10+1+-0+ -011-1+1 0111+--- 0--1-+11| ok p=0.737305
Q1:	|.++1+..1 0--.-.+. .+..1-00 ++-.+.1V| ok p=0.762695
Q2:	|.0.+01.1 10+....1 .-..0.10 -+..+0+.| ok p=0.795898
Q3:	|.00++V.- .0-.1.00 .+..-0.. +10...0-| ok p=0.46582
Q4:	|.+1.+0.0 .-0....+ .+..+... -0..0.11| ok p=0.260742
Q5:	|.1+00+.1 .++....1 .-..1... --.....0| ok p=0.5625
Q6:	|.+0.--.+ .-+....1 .+..+... .-....V.| ok p=0.243164
Q7:	|.-1.--.1 .++....- .0..+... 0-......| ok p=0.244141
Q8:	|.++..+.1 .+.....- .+...... ......+.| ok p=0.580078
Q9:	|+.+..+.. ..+..+.- .-...... ..+...-.|
Saving 2000000 paths...done.
Autobalance parameters: maxcond=254
Verified: 195099 bad out of 3589683
Estimating maxcond for upper bound 8000000 (=2000000 * 4)...
t=9:  0%   10   20   30   40   50   60   70   80   90   100%
      |----|----|----|----|----|----|----|----|----|----|
e     ***************************************************
Found maxcond = 267
t=9:  0%   10   20   30   40   50   60   70   80   90   100%
      |----|----|----|----|----|----|----|----|----|----|
      ***************************************************
Q-3:	|11010110 10101000 00101000 10101100|
Q-2:	|00+-1+00 +0001110 1+110110 +0000-10|
Q-1:	|00+1--00 +1000101 0+000110 +001-+00|
Q0:	|10+1+-0+ -011-1+1 0111+--- 0--1-+11| ok p=0.53418
Q1:	|-..--.V1 -.+.-0+. .+..11-- 0--.+.1V| ok p=0.744141
Q2:	|0.1+0001 1.-.--.V .-..-0.. .-..01+0| ok p=0.880859
Q3:	|1..01.+. 0.0..-00 .-..+011 .1011.1-| ok p=0.729492
Q4:	|...+0.+. -.0.0..+ .-.0++.. .0.0..--| ok p=0.412109
Q5:	|...0+... +....0.- ...1.0.. .-.-V.+0| ok p=1
Q6:	|...11.1. +....0.0 V0.-01.. .+.+0.-+| ok p=0.941406
Q7:	|V...1... +....-.0 1..1.+.. .+.+-V01| ok p=0.928711
Q8:	|........ +....0.. +..1.+.. .+..-.01| ok p=0.452148
Q9:	|+....... .....1.. +....... .+.1.-..| ok p=0.989258
Q10:	|+......- .+..+..+ ...-.... .+.+.-..|
Saving 2000000 paths...done.
Autobalance parameters: maxcond=265
Verified: 34810 bad out of 3656537
Estimating maxcond for upper bound 8000000 (=2000000 * 4)...
t=10: 0%   10   20   30   40   50   60   70   80   90   100%
      |----|----|----|----|----|----|----|----|----|----|
e     ***************************************************
Found maxcond = 279
t=10: 0%   10   20   30   40   50   60   70   80   90   100%
      |----|----|----|----|----|----|----|----|----|----|
      ***************************************************
Q-3:	|11010110 10101000 00101000 10101100|
Q-2:	|00+-1+00 +0001110 1+110110 +0000-10|
Q-1:	|00+1--00 +1000101 0+000110 +001-+00|
Q0:	|10+1+-0+ -011-1+1 0111+--- 0--1-+11| ok p=0.510742
Q1:	|-..--.V1 -.+.-0+. .+..11-- 0--.+.1V| ok p=0.735352
Q2:	|0.1+0001 1.-.--.V .-..-0.. .-..01+0| ok p=0.873047
Q3:	|1..01.+. 0.0..-00 .-..+011 .10V1.1-| ok p=0.735352
Q4:	|...+0.+. -.0.0..+ .-.0++.. .0.0..--| ok p=0.405273
Q5:	|...0+... +...V0.- ...1.0.. .-.-V.+0| ok p=0.916016
Q6:	|...00.1. +......- V0.-01.. .+.+0.0-| ok p=1
Q7:	|V...0... +...-..+ 1..+.+.. .+.+-.-1| ok p=0.905273
Q8:	|........ .V..0..1 -.V+.+.. .+..-.-0| ok p=0.492188
Q9:	|-....... 1...0..0 -..+.... .-.1-.+.| ok p=0.513672
Q10:	|0....... .+..+... ..-..1.. .-....+.| ok p=0.726562
Q11:	|.+..+..+ .-...+.. ..-....+ .-.-.+.-|
Saving 2000000 paths...done.
Autobalance parameters: maxcond=278
Verified: 3469 bad out of 2335311
Runtime: 244.013
Extend MD5 differential paths forward
Copyright (C) 2009 Marc Stevens
http://homepages.cwi.nl/~stevens/

delta_m[11] = [!24!]
Loading workdir1/paths10_0of1...done: 2000000 (work:2000000).
Estimating maxcond for upper bound 2000000 (=500000 * 4)...
t=11: 0%   10   20   30   40   50   60   70   80   90   100%
      |----|----|----|----|----|----|----|----|----|----|
e     ***************************************************
Found maxcond = 290
t=11: 0%   10   20   30   40   50   60   70   80   90   100%
      |----|----|----|----|----|----|----|----|----|----|
      ***************************************************
Q-3:	|11010110 10101000 00101000 10101100|
Q-2:	|00+-1+00 +0001110 1+110110 +0000-10|
Q-1:	|00+1--00 +1000101 0+000110 +001-+00|
Q0:	|10+1+-0+ -011-1+1 0111+--- 0--1-+11| ok p=0.748047
Q1:	|.++1+..1 0--.-.+. .+..1-00 ++-.+.1V| ok p=0.755859
Q2:	|.0.+01.1 10+....1 .-..0.10 -+..+0+.| ok p=0.817383
Q3:	|.00++V.- .0-.1.00 .+..-0.. +10...0-| ok p=0.44043
Q4:	|.+1.+1.0 .-0....+ .+..+... -0..0.11| ok p=0.313477
Q5:	|.1+01+.1 .++....1 .-..1... --.....0| ok p=0.527344
Q6:	|V+0.--.+ .1-....1 .+..+... .-...V..| ok p=0.321289
Q7:	|.-1.--.0 .++....- 00..1... 10.V....| ok p=0.515625
Q8:	|+1...+.1 .+1....+ 10..1... 0+...+..| ok p=0.379883
Q9:	|0-..1+.. .-0....+ -..V.... 1+.-.0..| ok p=0.991211
Q10:	|1-...... .+.....+ -....... -0.0.+..| ok p=0.708984
Q11:	|.-...1.. .-...... ...-.... 0+.1.+..| ok p=0.632812
Q12:	|.-.+..+. .-.+...+ .+...... +.+..+..|
Saving 500000 paths...done.
Autobalance parameters: maxcond=289
Verified: 1396 bad out of 658380
Runtime: 14.6414
