MD5 differential path toolbox
Copyright (C) 2009 Marc Stevens
http://homepages.cwi.nl/~stevens/

IHV1   = {3601344684,2495444859,474285592,403617286}
IHV1   = ac28a8d67b77bd941806451c06b60e18

IHV2   = {3601344684,3107420183,818235028,747566722}
IHV2   = ac28a8d6177837b99446c53082f68e2c

dIHV   = {0,611975324,343949436,343949436}
NC0: delta c = delta d = [!2!]
NC0: delta b           = [!2!]
NC1: delta c = delta d = [!-7!]
NC1: delta b           = [!-7,-28!]
NC2: delta c = delta d = [!-14!]
NC2: delta b           = [!-5,-14!]
NC3: delta c = delta d = [!-23!]
NC3: delta b           = [!14,-23!]
NC4: delta c = delta d = [!-26!]
NC4: delta b           = [!-26!]
NC5: delta c = delta d = [!-28!]
NC5: delta b           = [!-17,19,-28!]
NC0: prob=-3.49918
NC1: prob=-6.09235
NC2: prob=-7.95667
NC3: prob=-7.64592
NC4: prob=-3.51178
NC5: prob=-6.48207
delta m_11 = [!24!]
Q-3:	|11010110 10101000 00101000 10101100|
Q-2:	|00+-1+00 +0001110 1+110110 +0000-10|
Q-1:	|00+1--00 +1000101 0+000110 +001-+00|
Q0:	|10+1+-0+ -011-1+1 0111+--- 0--1-+11| ok p=0.493164
Q1:	|+.-.+... -.+.-.+. .+...-.. +.+.+...|
Saved lower diff. path to 'workdir1/lowerpath.bin.gz'.

Q32:	|........ ........ ........ ........|
Q33:	|........ ........ ........ ........|
Q34:	|........ ........ ........ ........|
Q35:	|........ ........ ........ ........| ok p=1
Q36:	|........ ........ ........ ........| ok p=1
Q37:	|........ ........ ........ ........| ok p=1
Q38:	|........ ........ ........ ........| ok p=1
Q39:	|........ ........ ........ ........| ok p=1
Q40:	|........ ........ ........ ........| ok p=1
Q41:	|........ ........ ........ ........| ok p=1
Q42:	|........ ........ ........ ........| ok p=1
Q43:	|........ ........ ........ ........| ok p=1
Q44:	|........ ........ ........ ........| ok p=1
Q45:	|........ ........ ........ ........| ok p=1
Q46:	|........ ........ ........ ........| ok p=1
Q47:	|........ ........ ........ ........| ok p=1
Q48:	|........ ........ ........ ........| ok p=1
Q49:	|........ ........ ........ ........| ok p=1
Q50:	|........ ........ ........ ........| ok p=1
Q51:	|........ ........ ........ ........| ok p=1
Q52:	|........ ........ ........ ........| ok p=1
Q53:	|........ ........ ........ ........| ok p=1
Q54:	|........ ........ ........ ........| ok p=1
Q55:	|........ ........ ........ ........| ok p=1
Q56:	|........ ........ ........ ........| ok p=1
Q57:	|........ ........ ........ ........| ok p=1
Q58:	|........ ........ ........ ........| ok p=1
Q59:	|........ ........ ........ ........| ok p=1
Q60:	|........ ........ ........ .....0..| ok p=1
Q61:	|........ ........ ........ .....1..| ok p=0.992188
Q62:	|........ ........ ........ .....+..| ok p=1
Q63:	|........ ........ ........ .....+..| ok p=1
Q64:	|........ ........ ........ .....+..|
Saved upper diff. path to 'workdir1/upperpath.bin.gz'.
Saved 'md5diffpathforward.cfg'.
Saved 'md5diffpathbackward.cfg'.
Saved 'md5diffpathconnect.cfg'.
Saved 'md5diffpathhelper.cfg'.
